Using mpirun from /opt/hpcx-v2.7.0-gcc-MLNX_OFED_LINUX-5.1-0.6.6.0-redhat7.7-x86_64/ompi/bin/mpirun
mpirun (Open MPI) 4.0.4rc3

Report bugs to http://www.open-mpi.org/community/help/
NUM. THETA             : 750
NUM. RHO               : 512
NUM. X PIXELS          : 512
NUM. Y PIXELS          : 512

NUM. OF PIXELS         : 262144
NUM. OF RAYS           : 384000

NUM. ITERATIONS        : 24

SPATIAL TILE SIZE      : 128
SPECTRAL TILE SIZE     : 128

NUMBER OF X TILES      : 4
NUMBER OF Y TILES      : 4
NUM. OF THETA TILES    : 6
NUM. OF RHO TILES      : 4

NUM. SPATIAL TILES     : 16
NUM. SPECTRAL TILES    : 24

NUM. OF X PIXELS (EXT) : 512
NUM. OF Y PIXELS (EXT) : 512
NUM. OF ANGLES (EXT)   : 768
NUM. OF RHOS (EXT)     : 512

NUM. OF PIXELS (EXT)   : 262144
NUM. OF RAYS (EXT)     : 393216

NUMBER OF PROCESSES    : 1
NUMBER OF THRD./PROC.  : 1

INTEGER: 4, FLOAT: 4, LONG: 8, SHORT: 2, POINTER: 8
APPROX. MEMORY     TOTAL: 4.394531e+00 GB
APPROX. MEMORY PER PROC.: 4.394531e+00 GB

X START       : -2.560000e+02
Y START       : -2.560000e+02
PIXEL SIZE    : 1.000000e+00
RHO START     : -2.560000e+02
RAY LENGTH    : 1.024000e+03

SPATIAL INDEXING       : 5
SPECTRAL INDEXING      : 5
 1: CARTESIAN, NATURAL
 2: CARTESIAN, TRANSPOSED
 3: MORTON, NATURAL
 4: MORTON, TRANSPOSED
PROJECTION BLOCK SIZE      : 512
BACKPROJECTION BLOCK SIZE  : 512
PROJECTION BUFFER SIZE      : 48 KB
BACKPROJECTION BUFFER SIZE  : 48 KB

SINOGRAM FILE : /shared/scratch/MemXCT/data/CDS1_sinogram.bin
   THETA FILE : /shared/scratch/MemXCT/data/CDS1_theta.bin
  OUTPUT FILE : /shared/scratch/MemXCT/recon_CDS1.bin


PLACE TILES
lspat 4 lspatdim 4
lspec 6 lspecdim 8
MPI PARTITIONING
proc: 0 numspats: 16 numpixs: 262144 numspecs: 24 numrays: 393216
maxnumpix: 262144 maxnumray: 393216
FILL PIXELS AND RAYS
INPUT THETA DATA
DOMAIN PARTITIONING
myid 0 raynuminc 384000/384000 raynumout 384000/384000

CONSTRUCT PROJECTION MATRIX
CSR STORAGE: 235011123 (1.750969 GB) rownzmax 1022
RAY-TRACING TIME: 1.243022e+01
CONSTRUCT BACKPROJECTION MATRIX
CSR STORAGE: 235011123 (1.750969 GB) rownzmax 1092
TRANSPOSITION TIME: 4.411049e+00

BLOCKING PROJECTION MATRIX
NUMBER OF BLOCKS: 750 BUFFSIZE: 12288
NUMBER OF BUFFERS: 1416 AVERAGE BUFF/BLOCK: 1.888000 MAX BUFF/BLOCK: 3
BUFF MAP: 17399808 (0.064819 GB)
ELLPACK STORAGE: 272871424 (1.524788 GB) buffnzmax: 693 STORAGE EFFICIENCY: 1.291878 DATA REUSE: 17.633121
BLOCKING TIME: 6.595655e+00
BLOCKING BACKPROJECTION MATRIX
NUMBER OF BLOCKS: 512 BUFFSIZE: 12288
NUMBER OF BUFFERS: 1020 AVERAGE BUFF/BLOCK: 1.992188 MAX BUFF/BLOCK: 2
BUFF MAP: 12533760 (0.046692 GB)
ELLPACK STORAGE: 260354048 (1.454842 GB) buffnzmax: 746 STORAGE EFFICIENCY: 1.353990 DATA REUSE: 21.340651
BLOCKING TIME: 6.603971e+00

FILL PROJECTION MATRIX
TIME: 1.008693e+01
FILL BACKPROJECTION MATRIX
TIME: 1.345415e+01
REDUCTION MAPPINGS
PREPROCESSING TIME: 5.358533e+01
myid: 0 device: 0

Device Count: 4
Device 0 name: -1329102400
Computational Capabilities: 7, 0
Maximum global memory size: 16945512448
Maximum constant memory size: 65536
Maximum shared memory size per block: 49152
Maximum block dimensions: 1024x1024x64
Maximum grid dimensions: 2147483647x65535x65535
Maximum threads per block: 1024
Warp size: 32

PROC 0 TOTAL GPU MEMORY: 4.385553 GB
INPUT MEASUREMENT DATA
INPUT ENDS
GRADIENT-DESCENT OPTIMIZATION
iter: 0 error: 4.955552e+04 gradnorm: 1.560963e+10
iter: 1 error: 5.316098e+03 gradnorm: 4.760747e+08
iter: 2 error: 5.074129e+02 gradnorm: 1.604564e+07
iter: 3 error: 2.939690e+02 gradnorm: 8.082793e+06
iter: 4 error: 1.716017e+02 gradnorm: 1.353965e+06
iter: 5 error: 1.154467e+02 gradnorm: 6.290542e+05
iter: 6 error: 9.089491e+01 gradnorm: 1.194500e+06
iter: 7 error: 8.424348e+01 gradnorm: 8.394778e+05
iter: 8 error: 7.159676e+01 gradnorm: 4.211541e+05
iter: 9 error: 5.777707e+01 gradnorm: 2.257144e+05
iter: 10 error: 4.874854e+01 gradnorm: 1.946263e+05
iter: 11 error: 4.212006e+01 gradnorm: 1.986530e+05
iter: 12 error: 4.080709e+01 gradnorm: 2.044697e+05
iter: 13 error: 3.766421e+01 gradnorm: 2.068029e+05
iter: 14 error: 3.425401e+01 gradnorm: 9.129819e+04
iter: 15 error: 3.112530e+01 gradnorm: 5.902137e+04
iter: 16 error: 2.842948e+01 gradnorm: 5.494370e+04
iter: 17 error: 2.683890e+01 gradnorm: 4.765204e+04
iter: 18 error: 2.575154e+01 gradnorm: 1.334153e+05
iter: 19 error: 2.508038e+01 gradnorm: 2.813899e+04
iter: 20 error: 2.379792e+01 gradnorm: 2.497149e+04
iter: 21 error: 2.280774e+01 gradnorm: 1.587612e+04
iter: 22 error: 2.215747e+01 gradnorm: 3.270765e+04
iter: 23 error: 2.170690e+01 gradnorm: 1.455551e+04
iter: 24 error: 2.148530e+01 gradnorm: 4.634271e+04
recon: 2.493819e-01 proj: 1.336446e-01 (1.017046e-01 1.936442e-02 7.139106e-03) backproj: 6.509784e-02 (3.831844e-03 1.010099e-02 4.859488e-02) ctime: 5.057624e-02 wtime: 2.880000e-05
numproj: 49 numback: 25
proj: 1.017046e-01 s (226.450731 GFLOPS) backproj: 4.859488e-02 s (241.806466 GFLOPS) avGFLOPS: 231.415551 totGFLOPS: 231.415551
proj: 822.327880 GB/s back: 829.438891 GB/s av: 824.627014 GB/s tot: 824.627014 GB/s
Total Time: 5.460990e+01
