Using mpirun from /opt/hpcx-v2.7.0-gcc-MLNX_OFED_LINUX-5.1-0.6.6.0-redhat7.7-x86_64/ompi/bin/mpirun
mpirun (Open MPI) 4.0.4rc3

Report bugs to http://www.open-mpi.org/community/help/
Using hosts: hpc-pg0-1:120
PKEY: 0x003d
NUM. THETA             : 375
NUM. RHO               : 1024
NUM. X PIXELS          : 1024
NUM. Y PIXELS          : 1024

NUM. OF PIXELS         : 1048576
NUM. OF RAYS           : 384000

NUM. ITERATIONS        : 24

SPATIAL TILE SIZE      : 32
SPECTRAL TILE SIZE     : 32

NUMBER OF X TILES      : 32
NUMBER OF Y TILES      : 32
NUM. OF THETA TILES    : 12
NUM. OF RHO TILES      : 32

NUM. SPATIAL TILES     : 1024
NUM. SPECTRAL TILES    : 384

NUM. OF X PIXELS (EXT) : 1024
NUM. OF Y PIXELS (EXT) : 1024
NUM. OF ANGLES (EXT)   : 384
NUM. OF RHOS (EXT)     : 1024

NUM. OF PIXELS (EXT)   : 1048576
NUM. OF RAYS (EXT)     : 393216

NUMBER OF PROCESSES    : 1
NUMBER OF THRD./PROC.  : 120

INTEGER: 4, FLOAT: 4, LONG: 8, SHORT: 2, POINTER: 8
APPROX. MEMORY     TOTAL: 8.789062e+00 GB
APPROX. MEMORY PER PROC.: 8.789062e+00 GB

X START       : -5.120000e+02
Y START       : -5.120000e+02
PIXEL SIZE    : 1.000000e+00
RHO START     : -5.120000e+02
RAY LENGTH    : 2.048000e+03

SPATIAL INDEXING       : 5
SPECTRAL INDEXING      : 5
 1: CARTESIAN, NATURAL
 2: CARTESIAN, TRANSPOSED
 3: MORTON, NATURAL
 4: MORTON, TRANSPOSED
 5: HILBERT
PROJECTION BLOCK SIZE      : 512
BACKPROJECTION BLOCK SIZE  : 512
PROJECTION BUFFER SIZE      : 8 KB
BACKPROJECTION BUFFER SIZE  : 8 KB

SINOGRAM FILE : /shared/scratch/MemXCT/data/CDS2_sinogram.bin
   THETA FILE : /shared/scratch/MemXCT/data/CDS2_theta.bin
  OUTPUT FILE : /shared/scratch/MemXCT/recon_CDS2-1.bin


PLACE TILES
lspat 32 lspatdim 32
lspec 32 lspecdim 32
MPI PARTITIONING
proc: 0 numspats: 1024 numpixs: 1048576 numspecs: 384 numrays: 393216
maxnumpix: 1048576 maxnumray: 393216
FILL PIXELS AND RAYS
INPUT THETA DATA
DOMAIN PARTITIONING

CONSTRUCT PROJECTION MATRIX
CSR STORAGE: 470024162 (3.501953 GB) rownzmax 2046
RAY-TRACING TIME: 4.486061e-01
CONSTRUCT BACKPROJECTION MATRIX
CSR STORAGE: 470024162 (3.501953 GB) rownzmax 607
TRANSPOSITION TIME: 4.291263e-01

BLOCKING PROJECTION MATRIX
NUMBER OF BLOCKS: 750 BUFFSIZE: 2048
NUMBER OF BUFFERS: 18280 AVERAGE BUFF/BLOCK: 24.373333 MAX BUFF/BLOCK: 42
BUFFER MAP: 36702739 (0.136728 GB)
CSR STORAGE: 470024162 (2.626465 GB) buffnzmax: 284 STORAGE EFFICIENCY: 1.500000 DATA REUSE: 12.806242
BLOCKING TIME: 2.834145e-01
BLOCKING BACKPROJECTION MATRIX
NUMBER OF BLOCKS: 2048 BUFFSIZE: 2048
NUMBER OF BUFFERS: 11604 AVERAGE BUFF/BLOCK: 5.666016 MAX BUFF/BLOCK: 6
BUFFER MAP: 22022777 (0.082041 GB)
CSR STORAGE: 470024162 (2.626465 GB) buffnzmax: 321 STORAGE EFFICIENCY: 1.500000 DATA REUSE: 21.342640
BLOCKING TIME: 1.634422e-01

FILL PROJECTION MATRIX
TIME: 3.103390e-01
FILL BACKPROJECTION MATRIX
TIME: 1.880089e-01
REDUCTION MAPPINGS
PREPROCESSING TIME: 1.856997e+00
INPUT MEASUREMENT DATA
INPUT ENDS
GRADIENT-DESCENT OPTIMIZATION
iter: 0 error: 5.498395e+04 gradnorm: 5.780559e+09
iter: 1 error: 2.713759e+04 gradnorm: 4.174670e+08
iter: 2 error: 2.306866e+04 gradnorm: 9.086842e+07
iter: 3 error: 2.127431e+04 gradnorm: 3.168980e+07
iter: 4 error: 2.032670e+04 gradnorm: 1.557751e+07
iter: 5 error: 1.975909e+04 gradnorm: 1.008936e+07
iter: 6 error: 1.938426e+04 gradnorm: 8.237638e+06
iter: 7 error: 1.911243e+04 gradnorm: 6.111367e+06
iter: 8 error: 1.886892e+04 gradnorm: 5.442485e+06
iter: 9 error: 1.868718e+04 gradnorm: 7.259238e+06
iter: 10 error: 1.861229e+04 gradnorm: 6.963841e+06
iter: 11 error: 1.844713e+04 gradnorm: 4.206493e+06
iter: 12 error: 1.828188e+04 gradnorm: 3.279511e+06
iter: 13 error: 1.811535e+04 gradnorm: 2.897364e+06
iter: 14 error: 1.798113e+04 gradnorm: 2.755388e+06
iter: 15 error: 1.784835e+04 gradnorm: 2.209134e+06
iter: 16 error: 1.774489e+04 gradnorm: 4.046577e+06
iter: 17 error: 1.767801e+04 gradnorm: 2.230526e+06
iter: 18 error: 1.761468e+04 gradnorm: 6.791216e+06
iter: 19 error: 1.754161e+04 gradnorm: 1.844724e+06
iter: 20 error: 1.745006e+04 gradnorm: 1.919245e+06
iter: 21 error: 1.736016e+04 gradnorm: 1.586935e+06
iter: 22 error: 1.726249e+04 gradnorm: 1.342184e+06
iter: 23 error: 1.716982e+04 gradnorm: 1.260906e+06
iter: 24 error: 1.708283e+04 gradnorm: 1.848393e+06
recon: 3.704764e+00 proj: 2.030462e+00 (1.680386e+00 1.932870e-02 3.306949e-01) backproj: 1.055841e+00 (9.301362e-02 4.528688e-03 9.582746e-01) ctime: 6.183001e-01 wtime: 8.020300e-05
numproj: 49 numback: 25
proj: 1.680386e+00 s (27.411773 GFLOPS) backproj: 9.582746e-01 s (24.524502 GFLOPS) avGFLOPS: 26.363212 totGFLOPS: 26.363212
proj: 86.516322 GB/s back: 75.871676 GB/s av: 82.650538 GB/s tot: 82.650538 GB/s
Total Time: 6.311439e+00
