Using mpirun from /opt/hpcx-v2.7.0-gcc-MLNX_OFED_LINUX-5.1-0.6.6.0-redhat7.7-x86_64/ompi/bin/mpirun
mpirun (Open MPI) 4.0.4rc3

Report bugs to http://www.open-mpi.org/community/help/
Using hosts: hpc-pg0-1:120,hpc-pg0-2:120,hpc-pg0-3:120,hpc-pg0-4:120
PKEY: 0x0054
NUM. THETA             : 750
NUM. RHO               : 512
NUM. X PIXELS          : 512
NUM. Y PIXELS          : 512

NUM. OF PIXELS         : 262144
NUM. OF RAYS           : 384000

NUM. ITERATIONS        : 24

SPATIAL TILE SIZE      : 32
SPECTRAL TILE SIZE     : 32

NUMBER OF X TILES      : 16
NUMBER OF Y TILES      : 16
NUM. OF THETA TILES    : 24
NUM. OF RHO TILES      : 16

NUM. SPATIAL TILES     : 256
NUM. SPECTRAL TILES    : 384

NUM. OF X PIXELS (EXT) : 512
NUM. OF Y PIXELS (EXT) : 512
NUM. OF ANGLES (EXT)   : 768
NUM. OF RHOS (EXT)     : 512

NUM. OF PIXELS (EXT)   : 262144
NUM. OF RAYS (EXT)     : 393216

NUMBER OF PROCESSES    : 4
NUMBER OF THRD./PROC.  : 120

INTEGER: 4, FLOAT: 4, LONG: 8, SHORT: 2, POINTER: 8
APPROX. MEMORY     TOTAL: 4.394531e+00 GB
APPROX. MEMORY PER PROC.: 1.098633e+00 GB

X START       : -2.560000e+02
Y START       : -2.560000e+02
PIXEL SIZE    : 1.000000e+00
RHO START     : -2.560000e+02
RAY LENGTH    : 1.024000e+03

SPATIAL INDEXING       : 5
SPECTRAL INDEXING      : 5
 1: CARTESIAN, NATURAL
 2: CARTESIAN, TRANSPOSED
 3: MORTON, NATURAL
 4: MORTON, TRANSPOSED
 5: HILBERT
PROJECTION BLOCK SIZE      : 512
BACKPROJECTION BLOCK SIZE  : 512
PROJECTION BUFFER SIZE      : 8 KB
BACKPROJECTION BUFFER SIZE  : 8 KB

SINOGRAM FILE : /shared/scratch/MemXCT/data/CDS1_sinogram.bin
   THETA FILE : /shared/scratch/MemXCT/data/CDS1_theta.bin
  OUTPUT FILE : /shared/scratch/MemXCT/recon_CDS1-4.bin


PLACE TILES
lspat 16 lspatdim 16
lspec 24 lspecdim 32
MPI PARTITIONING
proc: 0 numspats: 64 numpixs: 65536 numspecs: 96 numrays: 98304
proc: 1 numspats: 64 numpixs: 65536 numspecs: 96 numrays: 98304
proc: 2 numspats: 64 numpixs: 65536 numspecs: 96 numrays: 98304
proc: 3 numspats: 64 numpixs: 65536 numspecs: 96 numrays: 98304
maxnumpix: 65536 maxnumray: 98304
FILL PIXELS AND RAYS
INPUT THETA DATA
DOMAIN PARTITIONING

CONSTRUCT PROJECTION MATRIX
CSR STORAGE: 235011239 (1.750970 GB) rownzmax 511
RAY-TRACING TIME: 5.875295e-02
CONSTRUCT BACKPROJECTION MATRIX
CSR STORAGE: 235011239 (1.750970 GB) rownzmax 1092
TRANSPOSITION TIME: 2.466862e-01

BLOCKING PROJECTION MATRIX
NUMBER OF BLOCKS: 427 BUFFSIZE: 2048
NUMBER OF BUFFERS: 1762 AVERAGE BUFF/BLOCK: 4.126464 MAX BUFF/BLOCK: 9
BUFFER MAP: 13563317 (0.050527 GB)
CSR STORAGE: 235011239 (1.313228 GB) buffnzmax: 334 STORAGE EFFICIENCY: 0.374999 DATA REUSE: 18.369751
BLOCKING TIME: 1.396852e-01
BLOCKING BACKPROJECTION MATRIX
NUMBER OF BLOCKS: 128 BUFFSIZE: 2048
NUMBER OF BUFFERS: 1440 AVERAGE BUFF/BLOCK: 11.250000 MAX BUFF/BLOCK: 12
BUFFER MAP: 11012397 (0.041024 GB)
CSR STORAGE: 235011239 (1.313228 GB) buffnzmax: 286 STORAGE EFFICIENCY: 0.374999 DATA REUSE: 21.340940
BLOCKING TIME: 1.995612e-01

FILL PROJECTION MATRIX
TIME: 9.942435e-02
FILL BACKPROJECTION MATRIX
TIME: 8.334272e-01
REDUCTION MAPPINGS
PREPROCESSING TIME: 1.818113e+00
INPUT MEASUREMENT DATA
INPUT ENDS
GRADIENT-DESCENT OPTIMIZATION
iter: 0 error: 4.959038e+04 gradnorm: 1.560967e+10
iter: 1 error: 5.316521e+03 gradnorm: 4.760840e+08
iter: 2 error: 5.074597e+02 gradnorm: 1.604488e+07
iter: 3 error: 2.940097e+02 gradnorm: 8.082413e+06
iter: 4 error: 1.716274e+02 gradnorm: 1.353847e+06
iter: 5 error: 1.154532e+02 gradnorm: 6.254245e+05
iter: 6 error: 8.904301e+01 gradnorm: 6.560694e+05
iter: 7 error: 7.650006e+01 gradnorm: 9.953747e+05
iter: 8 error: 7.122096e+01 gradnorm: 5.342421e+05
iter: 9 error: 5.778364e+01 gradnorm: 2.259043e+05
iter: 10 error: 4.873891e+01 gradnorm: 1.924528e+05
iter: 11 error: 4.171450e+01 gradnorm: 1.086324e+05
iter: 12 error: 3.749628e+01 gradnorm: 1.864233e+05
iter: 13 error: 3.463478e+01 gradnorm: 1.061558e+05
iter: 14 error: 3.148923e+01 gradnorm: 6.763690e+04
iter: 15 error: 3.031804e+01 gradnorm: 2.287983e+05
iter: 16 error: 2.842047e+01 gradnorm: 5.613740e+04
iter: 17 error: 2.682881e+01 gradnorm: 4.563962e+04
iter: 18 error: 2.524191e+01 gradnorm: 2.666371e+04
iter: 19 error: 2.394850e+01 gradnorm: 2.563716e+04
iter: 20 error: 2.288819e+01 gradnorm: 1.503145e+04
iter: 21 error: 2.197324e+01 gradnorm: 1.741376e+04
iter: 22 error: 2.182592e+01 gradnorm: 3.066541e+04
iter: 23 error: 2.120687e+01 gradnorm: 9.490632e+03
iter: 24 error: 2.070193e+01 gradnorm: 1.066528e+04
recon: 1.091849e+01 proj: 4.303017e+00 (2.437599e+00 1.156987e-01 1.749612e+00) backproj: 2.234944e+00 (1.129299e+00 3.064238e-02 1.074940e+00) ctime: 4.335948e+00 wtime: 3.754268e-02
numproj: 49 numback: 25
proj: 9.749778e+00 s (2.362218 GFLOPS) backproj: 4.308447e+00 s (2.727331 GFLOPS) avGFLOPS: 2.474115 totGFLOPS: 9.896460
proj: 7.359318 GB/s back: 8.437594 GB/s av: 7.689779 GB/s tot: 30.759115 GB/s
Total Time: 1.374248e+01
