Using mpirun from /opt/hpcx-v2.7.0-gcc-MLNX_OFED_LINUX-5.1-0.6.6.0-redhat7.7-x86_64/ompi/bin/mpirun
mpirun (Open MPI) 4.0.4rc3

Report bugs to http://www.open-mpi.org/community/help/
Using hosts: hpc-pg0-4:120
PKEY: 0x001b
NUM. THETA             : 375
NUM. RHO               : 1024
NUM. X PIXELS          : 1024
NUM. Y PIXELS          : 1024

NUM. OF PIXELS         : 1048576
NUM. OF RAYS           : 384000

NUM. ITERATIONS        : 24

SPATIAL TILE SIZE      : 32
SPECTRAL TILE SIZE     : 32

NUMBER OF X TILES      : 32
NUMBER OF Y TILES      : 32
NUM. OF THETA TILES    : 12
NUM. OF RHO TILES      : 32

NUM. SPATIAL TILES     : 1024
NUM. SPECTRAL TILES    : 384

NUM. OF X PIXELS (EXT) : 1024
NUM. OF Y PIXELS (EXT) : 1024
NUM. OF ANGLES (EXT)   : 384
NUM. OF RHOS (EXT)     : 1024

NUM. OF PIXELS (EXT)   : 1048576
NUM. OF RAYS (EXT)     : 393216

NUMBER OF PROCESSES    : 2
NUMBER OF THRD./PROC.  : 60

INTEGER: 4, FLOAT: 4, LONG: 8, SHORT: 2, POINTER: 8
APPROX. MEMORY     TOTAL: 8.789062e+00 GB
APPROX. MEMORY PER PROC.: 4.394531e+00 GB

X START       : -5.120000e+02
Y START       : -5.120000e+02
PIXEL SIZE    : 1.000000e+00
RHO START     : -5.120000e+02
RAY LENGTH    : 2.048000e+03

SPATIAL INDEXING       : 5
SPECTRAL INDEXING      : 5
 1: CARTESIAN, NATURAL
 2: CARTESIAN, TRANSPOSED
 3: MORTON, NATURAL
 4: MORTON, TRANSPOSED
 5: HILBERT
PROJECTION BLOCK SIZE      : 32
BACKPROJECTION BLOCK SIZE  : 32
PROJECTION BUFFER SIZE      : 8 KB
BACKPROJECTION BUFFER SIZE  : 8 KB

SINOGRAM FILE : /shared/scratch/MemXCT/data/CDS2_sinogram.bin
   THETA FILE : /shared/scratch/MemXCT/data/CDS2_theta.bin
  OUTPUT FILE : /shared/scratch/MemXCT/recon_CDS2-1.bin


PLACE TILES
lspat 32 lspatdim 32
lspec 32 lspecdim 32
MPI PARTITIONING
proc: 0 numspats: 512 numpixs: 524288 numspecs: 192 numrays: 196608
proc: 1 numspats: 512 numpixs: 524288 numspecs: 192 numrays: 196608
maxnumpix: 524288 maxnumray: 196608
FILL PIXELS AND RAYS
INPUT THETA DATA
DOMAIN PARTITIONING

CONSTRUCT PROJECTION MATRIX
CSR STORAGE: 470024236 (3.501953 GB) rownzmax 1534
RAY-TRACING TIME: 3.853009e-01
CONSTRUCT BACKPROJECTION MATRIX
CSR STORAGE: 470024236 (3.501953 GB) rownzmax 607
TRANSPOSITION TIME: 2.237069e-01

BLOCKING PROJECTION MATRIX
NUMBER OF BLOCKS: 9817 BUFFSIZE: 2048
NUMBER OF BUFFERS: 37293 AVERAGE BUFF/BLOCK: 3.798818 MAX BUFF/BLOCK: 8
BUFFER MAP: 134650591 (0.501613 GB)
CSR STORAGE: 470024236 (2.626465 GB) buffnzmax: 515 STORAGE EFFICIENCY: 0.749997 DATA REUSE: 3.500019
BLOCKING TIME: 3.276618e-01
BLOCKING BACKPROJECTION MATRIX
NUMBER OF BLOCKS: 16384 BUFFSIZE: 2048
NUMBER OF BUFFERS: 31270 AVERAGE BUFF/BLOCK: 1.908569 MAX BUFF/BLOCK: 2
BUFFER MAP: 88130041 (0.328310 GB)
CSR STORAGE: 470024236 (2.626465 GB) buffnzmax: 488 STORAGE EFFICIENCY: 0.749997 DATA REUSE: 5.332753
BLOCKING TIME: 4.626649e-01

FILL PROJECTION MATRIX
TIME: 4.881388e-01
FILL BACKPROJECTION MATRIX
TIME: 2.161324e-01
REDUCTION MAPPINGS
PREPROCESSING TIME: 2.132594e+00
INPUT MEASUREMENT DATA
INPUT ENDS
GRADIENT-DESCENT OPTIMIZATION
iter: 0 error: 5.498395e+04 gradnorm: 8.391548e+09
iter: 1 error: 1.188449e+04 gradnorm: 6.091306e+08
iter: 2 error: 6.055097e+03 gradnorm: 1.332261e+08
iter: 3 error: 3.391537e+03 gradnorm: 4.188791e+07
iter: 4 error: 2.293080e+03 gradnorm: 2.377324e+07
iter: 5 error: 1.950904e+03 gradnorm: 2.627670e+07
iter: 6 error: 1.553682e+03 gradnorm: 1.184651e+07
iter: 7 error: 1.298077e+03 gradnorm: 8.968641e+06
iter: 8 error: 1.044906e+03 gradnorm: 5.329433e+06
iter: 9 error: 8.758328e+02 gradnorm: 3.791882e+06
iter: 10 error: 7.404819e+02 gradnorm: 2.376822e+06
iter: 11 error: 6.498960e+02 gradnorm: 1.813501e+06
iter: 12 error: 5.922953e+02 gradnorm: 3.535361e+06
iter: 13 error: 5.622147e+02 gradnorm: 1.351675e+06
iter: 14 error: 5.104938e+02 gradnorm: 1.019289e+06
iter: 15 error: 4.722709e+02 gradnorm: 8.335719e+05
iter: 16 error: 4.417205e+02 gradnorm: 1.498942e+06
iter: 17 error: 4.281323e+02 gradnorm: 6.525028e+05
iter: 18 error: 4.000258e+02 gradnorm: 4.979541e+05
iter: 19 error: 3.799745e+02 gradnorm: 4.373029e+05
iter: 20 error: 3.612537e+02 gradnorm: 4.164528e+05
iter: 21 error: 3.508638e+02 gradnorm: 5.143412e+05
iter: 22 error: 3.375934e+02 gradnorm: 3.168262e+05
iter: 23 error: 3.291748e+02 gradnorm: 8.078942e+05
iter: 24 error: 3.203318e+02 gradnorm: 2.476165e+05
recon: 3.831174e+00 proj: 2.367065e+00 (2.146177e+00 6.535103e-02 1.555041e-01) backproj: 1.181212e+00 (9.640805e-02 1.116465e-02 1.073622e+00) ctime: 2.811672e-01 wtime: 7.451450e-04
numproj: 49 numback: 25
proj: 4.292337e+00 s (10.731305 GFLOPS) backproj: 2.147258e+00 s (10.944756 GFLOPS) avGFLOPS: 10.802479 totGFLOPS: 21.604958
proj: 38.342433 GB/s back: 36.938574 GB/s av: 37.874322 GB/s tot: 75.748643 GB/s
Total Time: 6.544661e+00
