Using mpirun from /opt/hpcx-v2.7.0-gcc-MLNX_OFED_LINUX-5.1-0.6.6.0-redhat7.7-x86_64/ompi/bin/mpirun
mpirun (Open MPI) 4.0.4rc3

Report bugs to http://www.open-mpi.org/community/help/
Using hosts: hpc-pg0-2:120,hpc-pg0-3:120
PKEY: 0x001b
NUM. THETA             : 750
NUM. RHO               : 512
NUM. X PIXELS          : 512
NUM. Y PIXELS          : 512

NUM. OF PIXELS         : 262144
NUM. OF RAYS           : 384000

NUM. ITERATIONS        : 24

SPATIAL TILE SIZE      : 32
SPECTRAL TILE SIZE     : 32

NUMBER OF X TILES      : 16
NUMBER OF Y TILES      : 16
NUM. OF THETA TILES    : 24
NUM. OF RHO TILES      : 16

NUM. SPATIAL TILES     : 256
NUM. SPECTRAL TILES    : 384

NUM. OF X PIXELS (EXT) : 512
NUM. OF Y PIXELS (EXT) : 512
NUM. OF ANGLES (EXT)   : 768
NUM. OF RHOS (EXT)     : 512

NUM. OF PIXELS (EXT)   : 262144
NUM. OF RAYS (EXT)     : 393216

NUMBER OF PROCESSES    : 4
NUMBER OF THRD./PROC.  : 60

INTEGER: 4, FLOAT: 4, LONG: 8, SHORT: 2, POINTER: 8
APPROX. MEMORY     TOTAL: 4.394531e+00 GB
APPROX. MEMORY PER PROC.: 1.098633e+00 GB

X START       : -2.560000e+02
Y START       : -2.560000e+02
PIXEL SIZE    : 1.000000e+00
RHO START     : -2.560000e+02
RAY LENGTH    : 1.024000e+03

SPATIAL INDEXING       : 5
SPECTRAL INDEXING      : 5
 1: CARTESIAN, NATURAL
 2: CARTESIAN, TRANSPOSED
 3: MORTON, NATURAL
 4: MORTON, TRANSPOSED
 5: HILBERT
PROJECTION BLOCK SIZE      : 32
BACKPROJECTION BLOCK SIZE  : 32
PROJECTION BUFFER SIZE      : 8 KB
BACKPROJECTION BUFFER SIZE  : 8 KB

SINOGRAM FILE : /shared/scratch/MemXCT/data/CDS1_sinogram.bin
   THETA FILE : /shared/scratch/MemXCT/data/CDS1_theta.bin
  OUTPUT FILE : /shared/scratch/MemXCT/recon_CDS1-1.bin


PLACE TILES
lspat 16 lspatdim 16
lspec 24 lspecdim 32
MPI PARTITIONING
proc: 0 numspats: 64 numpixs: 65536 numspecs: 96 numrays: 98304
proc: 1 numspats: 64 numpixs: 65536 numspecs: 96 numrays: 98304
proc: 2 numspats: 64 numpixs: 65536 numspecs: 96 numrays: 98304
proc: 3 numspats: 64 numpixs: 65536 numspecs: 96 numrays: 98304
maxnumpix: 65536 maxnumray: 98304
FILL PIXELS AND RAYS
INPUT THETA DATA
DOMAIN PARTITIONING

CONSTRUCT PROJECTION MATRIX
CSR STORAGE: 235011243 (1.750970 GB) rownzmax 511
RAY-TRACING TIME: 9.496952e-02
CONSTRUCT BACKPROJECTION MATRIX
CSR STORAGE: 235011243 (1.750970 GB) rownzmax 1092
TRANSPOSITION TIME: 1.074803e-01

BLOCKING PROJECTION MATRIX
NUMBER OF BLOCKS: 6820 BUFFSIZE: 2048
NUMBER OF BUFFERS: 10799 AVERAGE BUFF/BLOCK: 1.583431 MAX BUFF/BLOCK: 3
BUFFER MAP: 54686244 (0.203722 GB)
CSR STORAGE: 235011243 (1.313228 GB) buffnzmax: 454 STORAGE EFFICIENCY: 0.374999 DATA REUSE: 4.172202
BLOCKING TIME: 1.202919e-01
BLOCKING BACKPROJECTION MATRIX
NUMBER OF BLOCKS: 2048 BUFFSIZE: 2048
NUMBER OF BUFFERS: 5916 AVERAGE BUFF/BLOCK: 2.888672 MAX BUFF/BLOCK: 3
BUFFER MAP: 44064181 (0.164152 GB)
CSR STORAGE: 235011243 (1.313228 GB) buffnzmax: 479 STORAGE EFFICIENCY: 0.374999 DATA REUSE: 5.332378
BLOCKING TIME: 8.743162e-02

FILL PROJECTION MATRIX
TIME: 3.648153e-02
FILL BACKPROJECTION MATRIX
TIME: 4.089776e-02
REDUCTION MAPPINGS
PREPROCESSING TIME: 5.637628e-01
INPUT MEASUREMENT DATA
INPUT ENDS
GRADIENT-DESCENT OPTIMIZATION
iter: 0 error: 4.959038e+04 gradnorm: 1.560967e+10
iter: 1 error: 5.316521e+03 gradnorm: 4.760838e+08
iter: 2 error: 5.074598e+02 gradnorm: 1.604489e+07
iter: 3 error: 2.940097e+02 gradnorm: 8.082404e+06
iter: 4 error: 1.716274e+02 gradnorm: 1.353846e+06
iter: 5 error: 1.154529e+02 gradnorm: 6.253170e+05
iter: 6 error: 8.898136e+01 gradnorm: 6.366572e+05
iter: 7 error: 7.413216e+01 gradnorm: 4.250022e+05
iter: 8 error: 6.253843e+01 gradnorm: 1.076472e+06
iter: 9 error: 5.770158e+01 gradnorm: 2.514072e+05
iter: 10 error: 4.873854e+01 gradnorm: 1.925684e+05
iter: 11 error: 4.171451e+01 gradnorm: 1.086326e+05
iter: 12 error: 3.749626e+01 gradnorm: 1.864177e+05
iter: 13 error: 3.463448e+01 gradnorm: 1.060747e+05
iter: 14 error: 3.146759e+01 gradnorm: 6.066930e+04
iter: 15 error: 2.879230e+01 gradnorm: 6.837003e+04
iter: 16 error: 2.790778e+01 gradnorm: 1.456039e+05
iter: 17 error: 2.682162e+01 gradnorm: 4.783808e+04
iter: 18 error: 2.524189e+01 gradnorm: 2.666979e+04
iter: 19 error: 2.394850e+01 gradnorm: 2.563711e+04
iter: 20 error: 2.288815e+01 gradnorm: 1.501929e+04
iter: 21 error: 2.195799e+01 gradnorm: 1.233558e+04
iter: 22 error: 2.129470e+01 gradnorm: 2.054236e+04
iter: 23 error: 2.118868e+01 gradnorm: 1.501881e+04
iter: 24 error: 2.067809e+01 gradnorm: 8.064679e+03
recon: 6.217186e+00 proj: 2.556211e+00 (1.590563e+00 7.547819e-02 8.901186e-01) backproj: 1.917733e+00 (1.043813e+00 3.211150e-02 8.417773e-01) ctime: 1.714167e+00 wtime: 8.481151e-03
numproj: 49 numback: 25
proj: 6.386205e+00 s (3.606383 GFLOPS) backproj: 3.367027e+00 s (3.489892 GFLOPS) avGFLOPS: 3.566168 totGFLOPS: 14.264672
proj: 12.497533 GB/s back: 11.778374 GB/s av: 12.249264 GB/s tot: 48.997056 GB/s
Total Time: 7.326417e+00
