Using mpirun from /opt/hpcx-v2.7.0-gcc-MLNX_OFED_LINUX-5.1-0.6.6.0-redhat7.7-x86_64/ompi/bin/mpirun
mpirun (Open MPI) 4.0.4rc3

Report bugs to http://www.open-mpi.org/community/help/
Using hosts: hpc-pg0-1:120,hpc-pg0-2:120,hpc-pg0-3:120,hpc-pg0-4:120
PKEY: 0x001b
NUM. THETA             : 750
NUM. RHO               : 512
NUM. X PIXELS          : 512
NUM. Y PIXELS          : 512

NUM. OF PIXELS         : 262144
NUM. OF RAYS           : 384000

NUM. ITERATIONS        : 24

SPATIAL TILE SIZE      : 32
SPECTRAL TILE SIZE     : 32

NUMBER OF X TILES      : 16
NUMBER OF Y TILES      : 16
NUM. OF THETA TILES    : 24
NUM. OF RHO TILES      : 16

NUM. SPATIAL TILES     : 256
NUM. SPECTRAL TILES    : 384

NUM. OF X PIXELS (EXT) : 512
NUM. OF Y PIXELS (EXT) : 512
NUM. OF ANGLES (EXT)   : 768
NUM. OF RHOS (EXT)     : 512

NUM. OF PIXELS (EXT)   : 262144
NUM. OF RAYS (EXT)     : 393216

NUMBER OF PROCESSES    : 8
NUMBER OF THRD./PROC.  : 60

INTEGER: 4, FLOAT: 4, LONG: 8, SHORT: 2, POINTER: 8
APPROX. MEMORY     TOTAL: 4.394531e+00 GB
APPROX. MEMORY PER PROC.: 5.493164e-01 GB

X START       : -2.560000e+02
Y START       : -2.560000e+02
PIXEL SIZE    : 1.000000e+00
RHO START     : -2.560000e+02
RAY LENGTH    : 1.024000e+03

SPATIAL INDEXING       : 5
SPECTRAL INDEXING      : 5
 1: CARTESIAN, NATURAL
 2: CARTESIAN, TRANSPOSED
 3: MORTON, NATURAL
 4: MORTON, TRANSPOSED
 5: HILBERT
PROJECTION BLOCK SIZE      : 32
BACKPROJECTION BLOCK SIZE  : 32
PROJECTION BUFFER SIZE      : 8 KB
BACKPROJECTION BUFFER SIZE  : 8 KB

SINOGRAM FILE : /shared/scratch/MemXCT/data/CDS1_sinogram.bin
   THETA FILE : /shared/scratch/MemXCT/data/CDS1_theta.bin
  OUTPUT FILE : /shared/scratch/MemXCT/recon_CDS1-1.bin


PLACE TILES
lspat 16 lspatdim 16
lspec 24 lspecdim 32
MPI PARTITIONING
proc: 0 numspats: 32 numpixs: 32768 numspecs: 48 numrays: 49152
proc: 1 numspats: 32 numpixs: 32768 numspecs: 48 numrays: 49152
proc: 2 numspats: 32 numpixs: 32768 numspecs: 48 numrays: 49152
proc: 3 numspats: 32 numpixs: 32768 numspecs: 48 numrays: 49152
proc: 4 numspats: 32 numpixs: 32768 numspecs: 48 numrays: 49152
proc: 5 numspats: 32 numpixs: 32768 numspecs: 48 numrays: 49152
proc: 6 numspats: 32 numpixs: 32768 numspecs: 48 numrays: 49152
proc: 7 numspats: 32 numpixs: 32768 numspecs: 48 numrays: 49152
maxnumpix: 32768 maxnumray: 49152
FILL PIXELS AND RAYS
INPUT THETA DATA
DOMAIN PARTITIONING

CONSTRUCT PROJECTION MATRIX
CSR STORAGE: 235011243 (1.750970 GB) rownzmax 383
RAY-TRACING TIME: 6.474619e-02
CONSTRUCT BACKPROJECTION MATRIX
CSR STORAGE: 235011243 (1.750970 GB) rownzmax 1042
TRANSPOSITION TIME: 6.110737e-02

BLOCKING PROJECTION MATRIX
NUMBER OF BLOCKS: 4910 BUFFSIZE: 2048
NUMBER OF BUFFERS: 5712 AVERAGE BUFF/BLOCK: 1.163340 MAX BUFF/BLOCK: 2
BUFFER MAP: 54037732 (0.201306 GB)
CSR STORAGE: 235011243 (1.313228 GB) buffnzmax: 381 STORAGE EFFICIENCY: 0.176621 DATA REUSE: 4.141162
BLOCKING TIME: 1.060282e-01
BLOCKING BACKPROJECTION MATRIX
NUMBER OF BLOCKS: 1024 BUFFSIZE: 2048
NUMBER OF BUFFERS: 2844 AVERAGE BUFF/BLOCK: 2.777344 MAX BUFF/BLOCK: 3
BUFFER MAP: 44064181 (0.164152 GB)
CSR STORAGE: 235011243 (1.313228 GB) buffnzmax: 461 STORAGE EFFICIENCY: 0.176621 DATA REUSE: 5.331449
BLOCKING TIME: 1.383985e-01

FILL PROJECTION MATRIX
TIME: 4.950305e-02
FILL BACKPROJECTION MATRIX
TIME: 2.604737e-02
REDUCTION MAPPINGS
PREPROCESSING TIME: 5.289834e-01
INPUT MEASUREMENT DATA
INPUT ENDS
GRADIENT-DESCENT OPTIMIZATION
iter: 0 error: 4.959038e+04 gradnorm: 1.560967e+10
iter: 1 error: 5.316521e+03 gradnorm: 4.760839e+08
iter: 2 error: 5.074598e+02 gradnorm: 1.604488e+07
iter: 3 error: 2.940097e+02 gradnorm: 8.082406e+06
iter: 4 error: 1.716273e+02 gradnorm: 1.353846e+06
iter: 5 error: 1.154529e+02 gradnorm: 6.253159e+05
iter: 6 error: 8.898087e+01 gradnorm: 6.365041e+05
iter: 7 error: 7.410862e+01 gradnorm: 4.178814e+05
iter: 8 error: 6.066639e+01 gradnorm: 6.898615e+05
iter: 9 error: 5.756637e+01 gradnorm: 2.922406e+05
iter: 10 error: 4.873791e+01 gradnorm: 1.927647e+05
iter: 11 error: 4.171459e+01 gradnorm: 1.086434e+05
iter: 12 error: 3.749783e+01 gradnorm: 1.864842e+05
iter: 13 error: 3.463486e+01 gradnorm: 1.060465e+05
iter: 14 error: 3.146747e+01 gradnorm: 6.062492e+04
iter: 15 error: 2.876501e+01 gradnorm: 5.973802e+04
iter: 16 error: 2.712602e+01 gradnorm: 5.353293e+04
iter: 17 error: 2.643612e+01 gradnorm: 1.317218e+05
iter: 18 error: 2.524049e+01 gradnorm: 2.712019e+04
iter: 19 error: 2.394850e+01 gradnorm: 2.563878e+04
iter: 20 error: 2.288815e+01 gradnorm: 1.501923e+04
iter: 21 error: 2.195789e+01 gradnorm: 1.230229e+04
iter: 22 error: 2.126125e+01 gradnorm: 9.863678e+03
iter: 23 error: 2.089907e+01 gradnorm: 4.591551e+04
iter: 24 error: 2.067476e+01 gradnorm: 8.398053e+03
recon: 7.158526e+00 proj: 2.978573e+00 (1.981313e+00 1.106678e-01 8.865444e-01) backproj: 1.937057e+00 (1.087301e+00 8.758487e-02 7.621611e-01) ctime: 2.210506e+00 wtime: 1.348926e-02
numproj: 49 numback: 25
proj: 1.585983e+01 s (1.452166 GFLOPS) backproj: 6.123432e+00 s (1.918950 GFLOPS) avGFLOPS: 1.582188 totGFLOPS: 12.657507
proj: 5.024310 GB/s back: 6.476450 GB/s av: 5.428803 GB/s tot: 43.430424 GB/s
Total Time: 8.545130e+00
