Using mpirun from /opt/hpcx-v2.7.0-gcc-MLNX_OFED_LINUX-5.1-0.6.6.0-redhat7.7-x86_64/ompi/bin/mpirun
mpirun (Open MPI) 4.0.4rc3

Report bugs to http://www.open-mpi.org/community/help/
Using hosts: hpc-pg0-1:120,hpc-pg0-2:120,hpc-pg0-3:120,hpc-pg0-4:120
PKEY: 0x0054
NUM. THETA             : 750
NUM. RHO               : 512
NUM. X PIXELS          : 512
NUM. Y PIXELS          : 512

NUM. OF PIXELS         : 262144
NUM. OF RAYS           : 384000

NUM. ITERATIONS        : 24

SPATIAL TILE SIZE      : 32
SPECTRAL TILE SIZE     : 32

NUMBER OF X TILES      : 16
NUMBER OF Y TILES      : 16
NUM. OF THETA TILES    : 24
NUM. OF RHO TILES      : 16

NUM. SPATIAL TILES     : 256
NUM. SPECTRAL TILES    : 384

NUM. OF X PIXELS (EXT) : 512
NUM. OF Y PIXELS (EXT) : 512
NUM. OF ANGLES (EXT)   : 768
NUM. OF RHOS (EXT)     : 512

NUM. OF PIXELS (EXT)   : 262144
NUM. OF RAYS (EXT)     : 393216

NUMBER OF PROCESSES    : 4
NUMBER OF THRD./PROC.  : 120

INTEGER: 4, FLOAT: 4, LONG: 8, SHORT: 2, POINTER: 8
APPROX. MEMORY     TOTAL: 4.394531e+00 GB
APPROX. MEMORY PER PROC.: 1.098633e+00 GB

X START       : -2.560000e+02
Y START       : -2.560000e+02
PIXEL SIZE    : 1.000000e+00
RHO START     : -2.560000e+02
RAY LENGTH    : 1.024000e+03

SPATIAL INDEXING       : 5
SPECTRAL INDEXING      : 5
 1: CARTESIAN, NATURAL
 2: CARTESIAN, TRANSPOSED
 3: MORTON, NATURAL
 4: MORTON, TRANSPOSED
 5: HILBERT
PROJECTION BLOCK SIZE      : 512
BACKPROJECTION BLOCK SIZE  : 512
PROJECTION BUFFER SIZE      : 8 KB
BACKPROJECTION BUFFER SIZE  : 8 KB

SINOGRAM FILE : /shared/scratch/MemXCT/data/CDS1_sinogram.bin
   THETA FILE : /shared/scratch/MemXCT/data/CDS1_theta.bin
  OUTPUT FILE : /shared/scratch/MemXCT/recon_CDS1-4.bin


PLACE TILES
lspat 16 lspatdim 16
lspec 24 lspecdim 32
MPI PARTITIONING
proc: 0 numspats: 64 numpixs: 65536 numspecs: 96 numrays: 98304
proc: 1 numspats: 64 numpixs: 65536 numspecs: 96 numrays: 98304
proc: 2 numspats: 64 numpixs: 65536 numspecs: 96 numrays: 98304
proc: 3 numspats: 64 numpixs: 65536 numspecs: 96 numrays: 98304
maxnumpix: 65536 maxnumray: 98304
FILL PIXELS AND RAYS
INPUT THETA DATA
DOMAIN PARTITIONING

CONSTRUCT PROJECTION MATRIX
CSR STORAGE: 235011239 (1.750970 GB) rownzmax 511
RAY-TRACING TIME: 6.949194e-02
CONSTRUCT BACKPROJECTION MATRIX
CSR STORAGE: 235011239 (1.750970 GB) rownzmax 1092
TRANSPOSITION TIME: 1.513703e-01

BLOCKING PROJECTION MATRIX
NUMBER OF BLOCKS: 427 BUFFSIZE: 2048
NUMBER OF BUFFERS: 1762 AVERAGE BUFF/BLOCK: 4.126464 MAX BUFF/BLOCK: 9
BUFFER MAP: 13563317 (0.050527 GB)
CSR STORAGE: 235011239 (1.313228 GB) buffnzmax: 334 STORAGE EFFICIENCY: 0.374999 DATA REUSE: 18.369751
BLOCKING TIME: 1.914946e-01
BLOCKING BACKPROJECTION MATRIX
NUMBER OF BLOCKS: 128 BUFFSIZE: 2048
NUMBER OF BUFFERS: 1440 AVERAGE BUFF/BLOCK: 11.250000 MAX BUFF/BLOCK: 12
BUFFER MAP: 11012397 (0.041024 GB)
CSR STORAGE: 235011239 (1.313228 GB) buffnzmax: 286 STORAGE EFFICIENCY: 0.374999 DATA REUSE: 21.340940
BLOCKING TIME: 2.432454e-01

FILL PROJECTION MATRIX
TIME: 3.813001e-01
FILL BACKPROJECTION MATRIX
TIME: 5.700959e-01
REDUCTION MAPPINGS
PREPROCESSING TIME: 1.680243e+00
INPUT MEASUREMENT DATA
INPUT ENDS
GRADIENT-DESCENT OPTIMIZATION
iter: 0 error: 4.959039e+04 gradnorm: 1.560967e+10
iter: 1 error: 5.316522e+03 gradnorm: 4.760837e+08
iter: 2 error: 5.074597e+02 gradnorm: 1.604488e+07
iter: 3 error: 2.940097e+02 gradnorm: 8.082410e+06
iter: 4 error: 1.716274e+02 gradnorm: 1.353846e+06
iter: 5 error: 1.154532e+02 gradnorm: 6.253958e+05
iter: 6 error: 8.902646e+01 gradnorm: 6.508732e+05
iter: 7 error: 7.596766e+01 gradnorm: 8.923136e+05
iter: 8 error: 7.108340e+01 gradnorm: 5.727866e+05
iter: 9 error: 5.778326e+01 gradnorm: 2.260220e+05
iter: 10 error: 4.873891e+01 gradnorm: 1.924538e+05
iter: 11 error: 4.171455e+01 gradnorm: 1.086380e+05
iter: 12 error: 3.749715e+01 gradnorm: 1.864651e+05
iter: 13 error: 3.463534e+01 gradnorm: 1.062376e+05
iter: 14 error: 3.151448e+01 gradnorm: 7.561482e+04
iter: 15 error: 3.066832e+01 gradnorm: 1.762551e+05
iter: 16 error: 2.842330e+01 gradnorm: 5.532373e+04
iter: 17 error: 2.682886e+01 gradnorm: 4.563182e+04
iter: 18 error: 2.524191e+01 gradnorm: 2.666359e+04
iter: 19 error: 2.394850e+01 gradnorm: 2.563712e+04
iter: 20 error: 2.288818e+01 gradnorm: 1.502723e+04
iter: 21 error: 2.196804e+01 gradnorm: 1.570547e+04
iter: 22 error: 2.179799e+01 gradnorm: 3.762190e+04
iter: 23 error: 2.120634e+01 gradnorm: 9.454709e+03
iter: 24 error: 2.068288e+01 gradnorm: 8.599264e+03
recon: 5.426314e+00 proj: 1.947427e+00 (1.214204e+00 1.051723e-01 6.280304e-01) backproj: 1.481890e+00 (8.982798e-01 2.462867e-02 5.589654e-01) ctime: 1.976071e+00 wtime: 1.645120e-02
numproj: 49 numback: 25
proj: 4.860583e+00 s (4.738341 GFLOPS) backproj: 2.234822e+00 s (5.257941 GFLOPS) avGFLOPS: 4.901998 totGFLOPS: 19.607993
proj: 14.761956 GB/s back: 16.266586 GB/s av: 15.235866 GB/s tot: 60.943463 GB/s
Total Time: 7.932245e+00
