Using mpirun from /opt/hpcx-v2.7.0-gcc-MLNX_OFED_LINUX-5.1-0.6.6.0-redhat7.7-x86_64/ompi/bin/mpirun
mpirun (Open MPI) 4.0.4rc3

Report bugs to http://www.open-mpi.org/community/help/
Using hosts: hpc-pg0-1:120,hpc-pg0-2:120,hpc-pg0-3:120,hpc-pg0-4:120
PKEY: 0x0054
NUM. THETA             : 750
NUM. RHO               : 512
NUM. X PIXELS          : 512
NUM. Y PIXELS          : 512

NUM. OF PIXELS         : 262144
NUM. OF RAYS           : 384000

NUM. ITERATIONS        : 24

SPATIAL TILE SIZE      : 32
SPECTRAL TILE SIZE     : 32

NUMBER OF X TILES      : 16
NUMBER OF Y TILES      : 16
NUM. OF THETA TILES    : 24
NUM. OF RHO TILES      : 16

NUM. SPATIAL TILES     : 256
NUM. SPECTRAL TILES    : 384

NUM. OF X PIXELS (EXT) : 512
NUM. OF Y PIXELS (EXT) : 512
NUM. OF ANGLES (EXT)   : 768
NUM. OF RHOS (EXT)     : 512

NUM. OF PIXELS (EXT)   : 262144
NUM. OF RAYS (EXT)     : 393216

NUMBER OF PROCESSES    : 4
NUMBER OF THRD./PROC.  : 120

INTEGER: 4, FLOAT: 4, LONG: 8, SHORT: 2, POINTER: 8
APPROX. MEMORY     TOTAL: 4.394531e+00 GB
APPROX. MEMORY PER PROC.: 1.098633e+00 GB

X START       : -2.560000e+02
Y START       : -2.560000e+02
PIXEL SIZE    : 1.000000e+00
RHO START     : -2.560000e+02
RAY LENGTH    : 1.024000e+03

SPATIAL INDEXING       : 5
SPECTRAL INDEXING      : 5
 1: CARTESIAN, NATURAL
 2: CARTESIAN, TRANSPOSED
 3: MORTON, NATURAL
 4: MORTON, TRANSPOSED
 5: HILBERT
PROJECTION BLOCK SIZE      : 512
BACKPROJECTION BLOCK SIZE  : 512
PROJECTION BUFFER SIZE      : 8 KB
BACKPROJECTION BUFFER SIZE  : 8 KB

SINOGRAM FILE : /shared/scratch/MemXCT/data/CDS1_sinogram.bin
   THETA FILE : /shared/scratch/MemXCT/data/CDS1_theta.bin
  OUTPUT FILE : /shared/scratch/MemXCT/recon_CDS1-4.bin


PLACE TILES
lspat 16 lspatdim 16
lspec 24 lspecdim 32
MPI PARTITIONING
proc: 0 numspats: 64 numpixs: 65536 numspecs: 96 numrays: 98304
proc: 1 numspats: 64 numpixs: 65536 numspecs: 96 numrays: 98304
proc: 2 numspats: 64 numpixs: 65536 numspecs: 96 numrays: 98304
proc: 3 numspats: 64 numpixs: 65536 numspecs: 96 numrays: 98304
maxnumpix: 65536 maxnumray: 98304
FILL PIXELS AND RAYS
INPUT THETA DATA
DOMAIN PARTITIONING

CONSTRUCT PROJECTION MATRIX
CSR STORAGE: 235011239 (1.750970 GB) rownzmax 511
RAY-TRACING TIME: 7.729989e-02
CONSTRUCT BACKPROJECTION MATRIX
CSR STORAGE: 235011239 (1.750970 GB) rownzmax 1092
TRANSPOSITION TIME: 1.509140e-01

BLOCKING PROJECTION MATRIX
NUMBER OF BLOCKS: 427 BUFFSIZE: 2048
NUMBER OF BUFFERS: 1762 AVERAGE BUFF/BLOCK: 4.126464 MAX BUFF/BLOCK: 9
BUFFER MAP: 13563317 (0.050527 GB)
CSR STORAGE: 235011239 (1.313228 GB) buffnzmax: 334 STORAGE EFFICIENCY: 0.374999 DATA REUSE: 18.369751
BLOCKING TIME: 2.422592e-01
BLOCKING BACKPROJECTION MATRIX
NUMBER OF BLOCKS: 128 BUFFSIZE: 2048
NUMBER OF BUFFERS: 1440 AVERAGE BUFF/BLOCK: 11.250000 MAX BUFF/BLOCK: 12
BUFFER MAP: 11012397 (0.041024 GB)
CSR STORAGE: 235011239 (1.313228 GB) buffnzmax: 286 STORAGE EFFICIENCY: 0.374999 DATA REUSE: 21.340940
BLOCKING TIME: 2.995360e-01

FILL PROJECTION MATRIX
TIME: 1.456843e+00
FILL BACKPROJECTION MATRIX
TIME: 8.932936e-02
REDUCTION MAPPINGS
PREPROCESSING TIME: 2.388201e+00
INPUT MEASUREMENT DATA
INPUT ENDS
GRADIENT-DESCENT OPTIMIZATION
iter: 0 error: 4.959038e+04 gradnorm: 1.560967e+10
iter: 1 error: 5.316522e+03 gradnorm: 4.760839e+08
iter: 2 error: 5.074597e+02 gradnorm: 1.604488e+07
iter: 3 error: 2.940097e+02 gradnorm: 8.082410e+06
iter: 4 error: 1.716274e+02 gradnorm: 1.353846e+06
iter: 5 error: 1.154530e+02 gradnorm: 6.253484e+05
iter: 6 error: 8.899951e+01 gradnorm: 6.423878e+05
iter: 7 error: 7.495020e+01 gradnorm: 6.547197e+05
iter: 8 error: 7.039488e+01 gradnorm: 7.512242e+05
iter: 9 error: 5.778125e+01 gradnorm: 2.266539e+05
iter: 10 error: 4.873889e+01 gradnorm: 1.924559e+05
iter: 11 error: 4.171446e+01 gradnorm: 1.086275e+05
iter: 12 error: 3.749553e+01 gradnorm: 1.863871e+05
iter: 13 error: 3.463431e+01 gradnorm: 1.060869e+05
iter: 14 error: 3.146747e+01 gradnorm: 6.063152e+04
iter: 15 error: 2.876814e+01 gradnorm: 6.074090e+04
iter: 16 error: 2.731659e+01 gradnorm: 1.014178e+05
iter: 17 error: 2.677320e+01 gradnorm: 6.201761e+04
iter: 18 error: 2.524176e+01 gradnorm: 2.671263e+04
iter: 19 error: 2.394850e+01 gradnorm: 2.563730e+04
iter: 20 error: 2.288815e+01 gradnorm: 1.501923e+04
iter: 21 error: 2.195791e+01 gradnorm: 1.230700e+04
iter: 22 error: 2.126580e+01 gradnorm: 1.134028e+04
iter: 23 error: 2.110483e+01 gradnorm: 3.571697e+04
iter: 24 error: 2.068051e+01 gradnorm: 8.462188e+03
recon: 9.429257e+00 proj: 3.355115e+00 (1.951672e+00 9.969852e-02 1.303719e+00) backproj: 2.079200e+00 (1.096428e+00 3.798110e-02 9.447689e-01) ctime: 3.929992e+00 wtime: 4.161717e-02
numproj: 49 numback: 25
proj: 7.837387e+00 s (2.938620 GFLOPS) backproj: 3.773353e+00 s (3.114091 GFLOPS) avGFLOPS: 2.995646 totGFLOPS: 11.982583
proj: 9.155056 GB/s back: 9.634119 GB/s av: 9.310746 GB/s tot: 37.242982 GB/s
Total Time: 1.279028e+01
