Using mpirun from /opt/hpcx-v2.7.0-gcc-MLNX_OFED_LINUX-5.1-0.6.6.0-redhat7.7-x86_64/ompi/bin/mpirun
mpirun (Open MPI) 4.0.4rc3

Report bugs to http://www.open-mpi.org/community/help/
Using hosts: hpc-pg0-1:120,hpc-pg0-2:120
PKEY: 0x001b
NUM. THETA             : 750
NUM. RHO               : 512
NUM. X PIXELS          : 512
NUM. Y PIXELS          : 512

NUM. OF PIXELS         : 262144
NUM. OF RAYS           : 384000

NUM. ITERATIONS        : 24

SPATIAL TILE SIZE      : 32
SPECTRAL TILE SIZE     : 32

NUMBER OF X TILES      : 16
NUMBER OF Y TILES      : 16
NUM. OF THETA TILES    : 24
NUM. OF RHO TILES      : 16

NUM. SPATIAL TILES     : 256
NUM. SPECTRAL TILES    : 384

NUM. OF X PIXELS (EXT) : 512
NUM. OF Y PIXELS (EXT) : 512
NUM. OF ANGLES (EXT)   : 768
NUM. OF RHOS (EXT)     : 512

NUM. OF PIXELS (EXT)   : 262144
NUM. OF RAYS (EXT)     : 393216

NUMBER OF PROCESSES    : 4
NUMBER OF THRD./PROC.  : 60

INTEGER: 4, FLOAT: 4, LONG: 8, SHORT: 2, POINTER: 8
APPROX. MEMORY     TOTAL: 4.394531e+00 GB
APPROX. MEMORY PER PROC.: 1.098633e+00 GB

X START       : -2.560000e+02
Y START       : -2.560000e+02
PIXEL SIZE    : 1.000000e+00
RHO START     : -2.560000e+02
RAY LENGTH    : 1.024000e+03

SPATIAL INDEXING       : 5
SPECTRAL INDEXING      : 5
 1: CARTESIAN, NATURAL
 2: CARTESIAN, TRANSPOSED
 3: MORTON, NATURAL
 4: MORTON, TRANSPOSED
 5: HILBERT
PROJECTION BLOCK SIZE      : 32
BACKPROJECTION BLOCK SIZE  : 32
PROJECTION BUFFER SIZE      : 8 KB
BACKPROJECTION BUFFER SIZE  : 8 KB

SINOGRAM FILE : /shared/scratch/MemXCT/data/CDS1_sinogram.bin
   THETA FILE : /shared/scratch/MemXCT/data/CDS1_theta.bin
  OUTPUT FILE : /shared/scratch/MemXCT/recon_CDS1-1.bin


PLACE TILES
lspat 16 lspatdim 16
lspec 24 lspecdim 32
MPI PARTITIONING
proc: 0 numspats: 64 numpixs: 65536 numspecs: 96 numrays: 98304
proc: 1 numspats: 64 numpixs: 65536 numspecs: 96 numrays: 98304
proc: 2 numspats: 64 numpixs: 65536 numspecs: 96 numrays: 98304
proc: 3 numspats: 64 numpixs: 65536 numspecs: 96 numrays: 98304
maxnumpix: 65536 maxnumray: 98304
FILL PIXELS AND RAYS
INPUT THETA DATA
DOMAIN PARTITIONING

CONSTRUCT PROJECTION MATRIX
CSR STORAGE: 235011243 (1.750970 GB) rownzmax 511
RAY-TRACING TIME: 9.590992e-02
CONSTRUCT BACKPROJECTION MATRIX
CSR STORAGE: 235011243 (1.750970 GB) rownzmax 1092
TRANSPOSITION TIME: 1.153650e-01

BLOCKING PROJECTION MATRIX
NUMBER OF BLOCKS: 6820 BUFFSIZE: 2048
NUMBER OF BUFFERS: 10799 AVERAGE BUFF/BLOCK: 1.583431 MAX BUFF/BLOCK: 3
BUFFER MAP: 54686244 (0.203722 GB)
CSR STORAGE: 235011243 (1.313228 GB) buffnzmax: 454 STORAGE EFFICIENCY: 0.374999 DATA REUSE: 4.172202
BLOCKING TIME: 1.364845e-01
BLOCKING BACKPROJECTION MATRIX
NUMBER OF BLOCKS: 2048 BUFFSIZE: 2048
NUMBER OF BUFFERS: 5916 AVERAGE BUFF/BLOCK: 2.888672 MAX BUFF/BLOCK: 3
BUFFER MAP: 44064181 (0.164152 GB)
CSR STORAGE: 235011243 (1.313228 GB) buffnzmax: 479 STORAGE EFFICIENCY: 0.374999 DATA REUSE: 5.332378
BLOCKING TIME: 1.849860e-01

FILL PROJECTION MATRIX
TIME: 5.924409e-02
FILL BACKPROJECTION MATRIX
TIME: 3.929539e-02
REDUCTION MAPPINGS
PREPROCESSING TIME: 7.155814e-01
INPUT MEASUREMENT DATA
INPUT ENDS
GRADIENT-DESCENT OPTIMIZATION
iter: 0 error: 4.959038e+04 gradnorm: 1.560967e+10
iter: 1 error: 5.316521e+03 gradnorm: 4.760839e+08
iter: 2 error: 5.074598e+02 gradnorm: 1.604488e+07
iter: 3 error: 2.940097e+02 gradnorm: 8.082408e+06
iter: 4 error: 1.716273e+02 gradnorm: 1.353846e+06
iter: 5 error: 1.154530e+02 gradnorm: 6.253503e+05
iter: 6 error: 8.900053e+01 gradnorm: 6.427065e+05
iter: 7 error: 7.499229e+01 gradnorm: 6.656061e+05
iter: 8 error: 7.045116e+01 gradnorm: 7.375442e+05
iter: 9 error: 5.778142e+01 gradnorm: 2.265993e+05
iter: 10 error: 4.873889e+01 gradnorm: 1.924555e+05
iter: 11 error: 4.171444e+01 gradnorm: 1.086255e+05
iter: 12 error: 3.749524e+01 gradnorm: 1.863772e+05
iter: 13 error: 3.463441e+01 gradnorm: 1.061421e+05
iter: 14 error: 3.148075e+01 gradnorm: 6.492112e+04
iter: 15 error: 3.003932e+01 gradnorm: 2.467627e+05
iter: 16 error: 2.841715e+01 gradnorm: 5.709607e+04
iter: 17 error: 2.682878e+01 gradnorm: 4.564851e+04
iter: 18 error: 2.524191e+01 gradnorm: 2.666377e+04
iter: 19 error: 2.394850e+01 gradnorm: 2.563723e+04
iter: 20 error: 2.288822e+01 gradnorm: 1.504261e+04
iter: 21 error: 2.198683e+01 gradnorm: 2.178612e+04
iter: 22 error: 2.185433e+01 gradnorm: 2.274420e+04
iter: 23 error: 2.120732e+01 gradnorm: 9.519830e+03
iter: 24 error: 2.071705e+01 gradnorm: 1.216166e+04
recon: 3.677842e+00 proj: 1.804619e+00 (1.200290e+00 7.139510e-02 5.328792e-01) backproj: 1.106550e+00 (5.341346e-01 2.057802e-02 5.518193e-01) ctime: 7.497373e-01 wtime: 6.451159e-03
numproj: 49 numback: 25
proj: 4.818482e+00 s (4.779743 GFLOPS) backproj: 2.208498e+00 s (5.320613 GFLOPS) avGFLOPS: 4.949732 totGFLOPS: 19.798927
proj: 16.563685 GB/s back: 17.957048 GB/s av: 17.001603 GB/s tot: 68.006410 GB/s
Total Time: 7.898142e+00
