Using mpirun from /opt/hpcx-v2.7.0-gcc-MLNX_OFED_LINUX-5.1-0.6.6.0-redhat7.7-x86_64/ompi/bin/mpirun
mpirun (Open MPI) 4.0.4rc3

Report bugs to http://www.open-mpi.org/community/help/
Using hosts: hpc-pg0-2:120,hpc-pg0-3:120
PKEY: 0x001b
NUM. THETA             : 750
NUM. RHO               : 512
NUM. X PIXELS          : 512
NUM. Y PIXELS          : 512

NUM. OF PIXELS         : 262144
NUM. OF RAYS           : 384000

NUM. ITERATIONS        : 24

SPATIAL TILE SIZE      : 32
SPECTRAL TILE SIZE     : 32

NUMBER OF X TILES      : 16
NUMBER OF Y TILES      : 16
NUM. OF THETA TILES    : 24
NUM. OF RHO TILES      : 16

NUM. SPATIAL TILES     : 256
NUM. SPECTRAL TILES    : 384

NUM. OF X PIXELS (EXT) : 512
NUM. OF Y PIXELS (EXT) : 512
NUM. OF ANGLES (EXT)   : 768
NUM. OF RHOS (EXT)     : 512

NUM. OF PIXELS (EXT)   : 262144
NUM. OF RAYS (EXT)     : 393216

NUMBER OF PROCESSES    : 4
NUMBER OF THRD./PROC.  : 60

INTEGER: 4, FLOAT: 4, LONG: 8, SHORT: 2, POINTER: 8
APPROX. MEMORY     TOTAL: 4.394531e+00 GB
APPROX. MEMORY PER PROC.: 1.098633e+00 GB

X START       : -2.560000e+02
Y START       : -2.560000e+02
PIXEL SIZE    : 1.000000e+00
RHO START     : -2.560000e+02
RAY LENGTH    : 1.024000e+03

SPATIAL INDEXING       : 5
SPECTRAL INDEXING      : 5
 1: CARTESIAN, NATURAL
 2: CARTESIAN, TRANSPOSED
 3: MORTON, NATURAL
 4: MORTON, TRANSPOSED
 5: HILBERT
PROJECTION BLOCK SIZE      : 32
BACKPROJECTION BLOCK SIZE  : 32
PROJECTION BUFFER SIZE      : 8 KB
BACKPROJECTION BUFFER SIZE  : 8 KB

SINOGRAM FILE : /shared/scratch/MemXCT/data/CDS1_sinogram.bin
   THETA FILE : /shared/scratch/MemXCT/data/CDS1_theta.bin
  OUTPUT FILE : /shared/scratch/MemXCT/recon_CDS1-1.bin


PLACE TILES
lspat 16 lspatdim 16
lspec 24 lspecdim 32
MPI PARTITIONING
proc: 0 numspats: 64 numpixs: 65536 numspecs: 96 numrays: 98304
proc: 1 numspats: 64 numpixs: 65536 numspecs: 96 numrays: 98304
proc: 2 numspats: 64 numpixs: 65536 numspecs: 96 numrays: 98304
proc: 3 numspats: 64 numpixs: 65536 numspecs: 96 numrays: 98304
maxnumpix: 65536 maxnumray: 98304
FILL PIXELS AND RAYS
INPUT THETA DATA
DOMAIN PARTITIONING

CONSTRUCT PROJECTION MATRIX
CSR STORAGE: 235011243 (1.750970 GB) rownzmax 511
RAY-TRACING TIME: 9.630169e-02
CONSTRUCT BACKPROJECTION MATRIX
CSR STORAGE: 235011243 (1.750970 GB) rownzmax 1092
TRANSPOSITION TIME: 1.040250e-01

BLOCKING PROJECTION MATRIX
NUMBER OF BLOCKS: 6820 BUFFSIZE: 2048
NUMBER OF BUFFERS: 10799 AVERAGE BUFF/BLOCK: 1.583431 MAX BUFF/BLOCK: 3
BUFFER MAP: 54686244 (0.203722 GB)
CSR STORAGE: 235011243 (1.313228 GB) buffnzmax: 454 STORAGE EFFICIENCY: 0.374999 DATA REUSE: 4.172202
BLOCKING TIME: 1.143035e-01
BLOCKING BACKPROJECTION MATRIX
NUMBER OF BLOCKS: 2048 BUFFSIZE: 2048
NUMBER OF BUFFERS: 5916 AVERAGE BUFF/BLOCK: 2.888672 MAX BUFF/BLOCK: 3
BUFFER MAP: 44064181 (0.164152 GB)
CSR STORAGE: 235011243 (1.313228 GB) buffnzmax: 479 STORAGE EFFICIENCY: 0.374999 DATA REUSE: 5.332378
BLOCKING TIME: 1.171713e-01

FILL PROJECTION MATRIX
TIME: 4.717409e-02
FILL BACKPROJECTION MATRIX
TIME: 6.132304e-02
REDUCTION MAPPINGS
PREPROCESSING TIME: 5.618423e-01
INPUT MEASUREMENT DATA
INPUT ENDS
GRADIENT-DESCENT OPTIMIZATION
iter: 0 error: 4.959039e+04 gradnorm: 1.560967e+10
iter: 1 error: 5.316521e+03 gradnorm: 4.760840e+08
iter: 2 error: 5.074598e+02 gradnorm: 1.604489e+07
iter: 3 error: 2.940097e+02 gradnorm: 8.082408e+06
iter: 4 error: 1.716273e+02 gradnorm: 1.353846e+06
iter: 5 error: 1.154530e+02 gradnorm: 6.253505e+05
iter: 6 error: 8.900061e+01 gradnorm: 6.427274e+05
iter: 7 error: 7.499504e+01 gradnorm: 6.663158e+05
iter: 8 error: 7.045469e+01 gradnorm: 7.366836e+05
iter: 9 error: 5.778143e+01 gradnorm: 2.265960e+05
iter: 10 error: 4.873888e+01 gradnorm: 1.924552e+05
iter: 11 error: 4.171441e+01 gradnorm: 1.086219e+05
iter: 12 error: 3.749467e+01 gradnorm: 1.863511e+05
iter: 13 error: 3.463413e+01 gradnorm: 1.061123e+05
iter: 14 error: 3.147018e+01 gradnorm: 6.151295e+04
iter: 15 error: 2.922298e+01 gradnorm: 1.778006e+05
iter: 16 error: 2.838516e+01 gradnorm: 6.610477e+04
iter: 17 error: 2.682850e+01 gradnorm: 4.573580e+04
iter: 18 error: 2.524191e+01 gradnorm: 2.666399e+04
iter: 19 error: 2.394850e+01 gradnorm: 2.563712e+04
iter: 20 error: 2.288817e+01 gradnorm: 1.502272e+04
iter: 21 error: 2.196237e+01 gradnorm: 1.381192e+04
iter: 22 error: 2.171380e+01 gradnorm: 5.354615e+04
iter: 23 error: 2.120621e+01 gradnorm: 9.543498e+03
iter: 24 error: 2.068732e+01 gradnorm: 9.101387e+03
recon: 3.852998e+00 proj: 1.815289e+00 (1.325691e+00 8.272088e-02 4.068305e-01) backproj: 1.355889e+00 (7.883360e-01 2.639700e-02 5.411417e-01) ctime: 6.660684e-01 wtime: 1.106679e-02
numproj: 49 numback: 25
proj: 5.308507e+00 s (4.338528 GFLOPS) backproj: 2.164041e+00 s (5.429918 GFLOPS) avGFLOPS: 4.654593 totGFLOPS: 18.618371
proj: 15.034701 GB/s back: 18.325952 GB/s av: 15.987844 GB/s tot: 63.951374 GB/s
Total Time: 5.024737e+00
