Using mpirun from /opt/hpcx-v2.7.0-gcc-MLNX_OFED_LINUX-5.1-0.6.6.0-redhat7.7-x86_64/ompi/bin/mpirun
mpirun (Open MPI) 4.0.4rc3

Report bugs to http://www.open-mpi.org/community/help/
Using hosts: hpc-pg0-1:120,hpc-pg0-2:120
PKEY: 0x001b
NUM. THETA             : 375
NUM. RHO               : 1024
NUM. X PIXELS          : 1024
NUM. Y PIXELS          : 1024

NUM. OF PIXELS         : 1048576
NUM. OF RAYS           : 384000

NUM. ITERATIONS        : 24

SPATIAL TILE SIZE      : 32
SPECTRAL TILE SIZE     : 32

NUMBER OF X TILES      : 32
NUMBER OF Y TILES      : 32
NUM. OF THETA TILES    : 12
NUM. OF RHO TILES      : 32

NUM. SPATIAL TILES     : 1024
NUM. SPECTRAL TILES    : 384

NUM. OF X PIXELS (EXT) : 1024
NUM. OF Y PIXELS (EXT) : 1024
NUM. OF ANGLES (EXT)   : 384
NUM. OF RHOS (EXT)     : 1024

NUM. OF PIXELS (EXT)   : 1048576
NUM. OF RAYS (EXT)     : 393216

NUMBER OF PROCESSES    : 4
NUMBER OF THRD./PROC.  : 60

INTEGER: 4, FLOAT: 4, LONG: 8, SHORT: 2, POINTER: 8
APPROX. MEMORY     TOTAL: 8.789062e+00 GB
APPROX. MEMORY PER PROC.: 2.197266e+00 GB

X START       : -5.120000e+02
Y START       : -5.120000e+02
PIXEL SIZE    : 1.000000e+00
RHO START     : -5.120000e+02
RAY LENGTH    : 2.048000e+03

SPATIAL INDEXING       : 5
SPECTRAL INDEXING      : 5
 1: CARTESIAN, NATURAL
 2: CARTESIAN, TRANSPOSED
 3: MORTON, NATURAL
 4: MORTON, TRANSPOSED
 5: HILBERT
PROJECTION BLOCK SIZE      : 32
BACKPROJECTION BLOCK SIZE  : 32
PROJECTION BUFFER SIZE      : 8 KB
BACKPROJECTION BUFFER SIZE  : 8 KB

SINOGRAM FILE : /shared/scratch/MemXCT/data/CDS2_sinogram.bin
   THETA FILE : /shared/scratch/MemXCT/data/CDS2_theta.bin
  OUTPUT FILE : /shared/scratch/MemXCT/recon_CDS2-1.bin


PLACE TILES
lspat 32 lspatdim 32
lspec 32 lspecdim 32
MPI PARTITIONING
proc: 0 numspats: 256 numpixs: 262144 numspecs: 96 numrays: 98304
proc: 1 numspats: 256 numpixs: 262144 numspecs: 96 numrays: 98304
proc: 2 numspats: 256 numpixs: 262144 numspecs: 96 numrays: 98304
proc: 3 numspats: 256 numpixs: 262144 numspecs: 96 numrays: 98304
maxnumpix: 262144 maxnumray: 98304
FILL PIXELS AND RAYS
INPUT THETA DATA
DOMAIN PARTITIONING

CONSTRUCT PROJECTION MATRIX
CSR STORAGE: 470024236 (3.501953 GB) rownzmax 1022
RAY-TRACING TIME: 1.630257e-01
CONSTRUCT BACKPROJECTION MATRIX
CSR STORAGE: 470024236 (3.501953 GB) rownzmax 607
TRANSPOSITION TIME: 1.844998e-01

BLOCKING PROJECTION MATRIX
NUMBER OF BLOCKS: 6000 BUFFSIZE: 2048
NUMBER OF BUFFERS: 15732 AVERAGE BUFF/BLOCK: 2.622000 MAX BUFF/BLOCK: 4
BUFFER MAP: 135823575 (0.505982 GB)
CSR STORAGE: 470024236 (2.626465 GB) buffnzmax: 515 STORAGE EFFICIENCY: 0.350560 DATA REUSE: 4.061126
BLOCKING TIME: 1.861625e-01
BLOCKING BACKPROJECTION MATRIX
NUMBER OF BLOCKS: 8192 BUFFSIZE: 2048
NUMBER OF BUFFERS: 14886 AVERAGE BUFF/BLOCK: 1.817139 MAX BUFF/BLOCK: 2
BUFFER MAP: 88130041 (0.328310 GB)
CSR STORAGE: 470024236 (2.626465 GB) buffnzmax: 488 STORAGE EFFICIENCY: 0.350560 DATA REUSE: 5.332206
BLOCKING TIME: 1.984798e-01

FILL PROJECTION MATRIX
TIME: 3.555264e-01
FILL BACKPROJECTION MATRIX
TIME: 1.974405e-01
REDUCTION MAPPINGS
PREPROCESSING TIME: 1.582166e+00
INPUT MEASUREMENT DATA
INPUT ENDS
GRADIENT-DESCENT OPTIMIZATION
iter: 0 error: 5.498395e+04 gradnorm: 1.750595e+10
iter: 1 error: 3.365970e+03 gradnorm: 1.974254e+08
iter: 2 error: 1.351252e+03 gradnorm: 4.437237e+07
iter: 3 error: 7.837161e+02 gradnorm: 2.147930e+07
iter: 4 error: 5.386423e+02 gradnorm: 9.271476e+06
iter: 5 error: 4.053621e+02 gradnorm: 3.663755e+06
iter: 6 error: 3.067815e+02 gradnorm: 1.739914e+06
iter: 7 error: 2.429409e+02 gradnorm: 1.570868e+06
iter: 8 error: 2.102695e+02 gradnorm: 1.296989e+06
iter: 9 error: 1.859401e+02 gradnorm: 2.440497e+06
iter: 10 error: 1.722997e+02 gradnorm: 8.071306e+05
iter: 11 error: 1.512742e+02 gradnorm: 6.447814e+05
iter: 12 error: 1.355706e+02 gradnorm: 4.700639e+05
iter: 13 error: 1.199983e+02 gradnorm: 3.553956e+05
iter: 14 error: 1.093447e+02 gradnorm: 2.739483e+05
iter: 15 error: 9.939226e+01 gradnorm: 2.248201e+05
iter: 16 error: 9.453512e+01 gradnorm: 2.675752e+05
iter: 17 error: 8.996851e+01 gradnorm: 3.657152e+05
iter: 18 error: 8.692395e+01 gradnorm: 2.786178e+05
iter: 19 error: 8.456934e+01 gradnorm: 1.894550e+05
iter: 20 error: 8.077821e+01 gradnorm: 1.289680e+05
iter: 21 error: 7.606523e+01 gradnorm: 8.261077e+04
iter: 22 error: 7.266040e+01 gradnorm: 8.560859e+04
iter: 23 error: 6.938700e+01 gradnorm: 6.676101e+04
iter: 24 error: 6.663603e+01 gradnorm: 6.304959e+04
recon: 5.893341e+00 proj: 2.470264e+00 (1.768222e+00 6.492277e-02 6.370071e-01) backproj: 1.656725e+00 (6.094461e-01 3.039118e-02 1.016871e+00) ctime: 1.744537e+00 wtime: 1.883938e-02
numproj: 49 numback: 25
proj: 7.072045e+00 s (6.513304 GFLOPS) backproj: 4.073668e+00 s (5.769055 GFLOPS) avGFLOPS: 6.241287 totGFLOPS: 24.965146
proj: 23.304228 GB/s back: 19.470571 GB/s av: 21.903058 GB/s tot: 87.612231 GB/s
Total Time: 8.266223e+00
