Using mpirun from /opt/hpcx-v2.7.0-gcc-MLNX_OFED_LINUX-5.1-0.6.6.0-redhat7.7-x86_64/ompi/bin/mpirun
mpirun (Open MPI) 4.0.4rc3

Report bugs to http://www.open-mpi.org/community/help/
Using hosts: hpc-pg0-1:120,hpc-pg0-2:120
PKEY: 0x003d
NUM. THETA             : 375
NUM. RHO               : 1024
NUM. X PIXELS          : 1024
NUM. Y PIXELS          : 1024

NUM. OF PIXELS         : 1048576
NUM. OF RAYS           : 384000

NUM. ITERATIONS        : 24

SPATIAL TILE SIZE      : 32
SPECTRAL TILE SIZE     : 32

NUMBER OF X TILES      : 32
NUMBER OF Y TILES      : 32
NUM. OF THETA TILES    : 12
NUM. OF RHO TILES      : 32

NUM. SPATIAL TILES     : 1024
NUM. SPECTRAL TILES    : 384

NUM. OF X PIXELS (EXT) : 1024
NUM. OF Y PIXELS (EXT) : 1024
NUM. OF ANGLES (EXT)   : 384
NUM. OF RHOS (EXT)     : 1024

NUM. OF PIXELS (EXT)   : 1048576
NUM. OF RAYS (EXT)     : 393216

NUMBER OF PROCESSES    : 2
NUMBER OF THRD./PROC.  : 120

INTEGER: 4, FLOAT: 4, LONG: 8, SHORT: 2, POINTER: 8
APPROX. MEMORY     TOTAL: 8.789062e+00 GB
APPROX. MEMORY PER PROC.: 4.394531e+00 GB

X START       : -5.120000e+02
Y START       : -5.120000e+02
PIXEL SIZE    : 1.000000e+00
RHO START     : -5.120000e+02
RAY LENGTH    : 2.048000e+03

SPATIAL INDEXING       : 5
SPECTRAL INDEXING      : 5
 1: CARTESIAN, NATURAL
 2: CARTESIAN, TRANSPOSED
 3: MORTON, NATURAL
 4: MORTON, TRANSPOSED
 5: HILBERT
PROJECTION BLOCK SIZE      : 512
BACKPROJECTION BLOCK SIZE  : 512
PROJECTION BUFFER SIZE      : 8 KB
BACKPROJECTION BUFFER SIZE  : 8 KB

SINOGRAM FILE : /shared/scratch/MemXCT/data/CDS2_sinogram.bin
   THETA FILE : /shared/scratch/MemXCT/data/CDS2_theta.bin
  OUTPUT FILE : /shared/scratch/MemXCT/recon_CDS2-2.bin


PLACE TILES
lspat 32 lspatdim 32
lspec 32 lspecdim 32
MPI PARTITIONING
proc: 0 numspats: 512 numpixs: 524288 numspecs: 192 numrays: 196608
proc: 1 numspats: 512 numpixs: 524288 numspecs: 192 numrays: 196608
maxnumpix: 524288 maxnumray: 196608
FILL PIXELS AND RAYS
INPUT THETA DATA
DOMAIN PARTITIONING

CONSTRUCT PROJECTION MATRIX
CSR STORAGE: 470024162 (3.501953 GB) rownzmax 1534
RAY-TRACING TIME: 2.293607e-01
CONSTRUCT BACKPROJECTION MATRIX
CSR STORAGE: 470024162 (3.501953 GB) rownzmax 607
TRANSPOSITION TIME: 2.923015e-01

BLOCKING PROJECTION MATRIX
NUMBER OF BLOCKS: 614 BUFFSIZE: 2048
NUMBER OF BUFFERS: 9333 AVERAGE BUFF/BLOCK: 15.200326 MAX BUFF/BLOCK: 29
BUFFER MAP: 37877669 (0.141105 GB)
CSR STORAGE: 470024162 (2.626465 GB) buffnzmax: 297 STORAGE EFFICIENCY: 0.749997 DATA REUSE: 12.688091
BLOCKING TIME: 2.288236e-01
BLOCKING BACKPROJECTION MATRIX
NUMBER OF BLOCKS: 1024 BUFFSIZE: 2048
NUMBER OF BUFFERS: 5802 AVERAGE BUFF/BLOCK: 5.666016 MAX BUFF/BLOCK: 6
BUFFER MAP: 22022777 (0.082041 GB)
CSR STORAGE: 470024162 (2.626465 GB) buffnzmax: 321 STORAGE EFFICIENCY: 0.749997 DATA REUSE: 21.342545
BLOCKING TIME: 3.739461e-01

FILL PROJECTION MATRIX
TIME: 1.155845e+00
FILL BACKPROJECTION MATRIX
TIME: 1.385463e-01
REDUCTION MAPPINGS
PREPROCESSING TIME: 2.511375e+00
INPUT MEASUREMENT DATA
INPUT ENDS
GRADIENT-DESCENT OPTIMIZATION
iter: 0 error: 5.498395e+04 gradnorm: 8.391544e+09
iter: 1 error: 1.188448e+04 gradnorm: 6.091304e+08
iter: 2 error: 6.055097e+03 gradnorm: 1.332260e+08
iter: 3 error: 3.391534e+03 gradnorm: 4.188765e+07
iter: 4 error: 2.293072e+03 gradnorm: 2.377178e+07
iter: 5 error: 1.950878e+03 gradnorm: 2.627775e+07
iter: 6 error: 1.553684e+03 gradnorm: 1.184679e+07
iter: 7 error: 1.298081e+03 gradnorm: 8.968616e+06
iter: 8 error: 1.044907e+03 gradnorm: 5.329425e+06
iter: 9 error: 8.758330e+02 gradnorm: 3.791853e+06
iter: 10 error: 7.404734e+02 gradnorm: 2.375196e+06
iter: 11 error: 6.494850e+02 gradnorm: 1.739387e+06
iter: 12 error: 5.751652e+02 gradnorm: 1.248900e+06
iter: 13 error: 5.258451e+02 gradnorm: 1.846888e+06
iter: 14 error: 5.069389e+02 gradnorm: 1.529382e+06
iter: 15 error: 4.721146e+02 gradnorm: 8.317412e+05
iter: 16 error: 4.389662e+02 gradnorm: 1.205212e+06
iter: 17 error: 4.275748e+02 gradnorm: 7.376754e+05
iter: 18 error: 4.000111e+02 gradnorm: 4.983294e+05
iter: 19 error: 3.798879e+02 gradnorm: 4.310031e+05
iter: 20 error: 3.602054e+02 gradnorm: 3.334419e+05
iter: 21 error: 3.441940e+02 gradnorm: 3.999814e+05
iter: 22 error: 3.354789e+02 gradnorm: 4.162114e+05
iter: 23 error: 3.226707e+02 gradnorm: 2.546328e+05
iter: 24 error: 3.125850e+02 gradnorm: 4.759487e+05
recon: 6.648745e+00 proj: 2.366981e+00 (1.499130e+00 6.144068e-02 8.063727e-01) backproj: 1.644534e+00 (6.896441e-01 1.343264e-02 9.414393e-01) ctime: 2.608921e+00 wtime: 2.068223e-02
numproj: 49 numback: 25
proj: 3.000789e+00 s (15.350084 GFLOPS) backproj: 1.882837e+00 s (12.481807 GFLOPS) avGFLOPS: 14.244247 totGFLOPS: 28.488493
proj: 48.524277 GB/s back: 38.615080 GB/s av: 44.703878 GB/s tot: 89.407755 GB/s
Total Time: 9.804532e+00
