Using mpirun from /opt/hpcx-v2.7.0-gcc-MLNX_OFED_LINUX-5.1-0.6.6.0-redhat7.7-x86_64/ompi/bin/mpirun
mpirun (Open MPI) 4.0.4rc3

Report bugs to http://www.open-mpi.org/community/help/
Using hosts: hpc-pg0-1:120
PKEY: 0x001b
NUM. THETA             : 750
NUM. RHO               : 512
NUM. X PIXELS          : 512
NUM. Y PIXELS          : 512

NUM. OF PIXELS         : 262144
NUM. OF RAYS           : 384000

NUM. ITERATIONS        : 24

SPATIAL TILE SIZE      : 32
SPECTRAL TILE SIZE     : 32

NUMBER OF X TILES      : 16
NUMBER OF Y TILES      : 16
NUM. OF THETA TILES    : 24
NUM. OF RHO TILES      : 16

NUM. SPATIAL TILES     : 256
NUM. SPECTRAL TILES    : 384

NUM. OF X PIXELS (EXT) : 512
NUM. OF Y PIXELS (EXT) : 512
NUM. OF ANGLES (EXT)   : 768
NUM. OF RHOS (EXT)     : 512

NUM. OF PIXELS (EXT)   : 262144
NUM. OF RAYS (EXT)     : 393216

NUMBER OF PROCESSES    : 2
NUMBER OF THRD./PROC.  : 60

INTEGER: 4, FLOAT: 4, LONG: 8, SHORT: 2, POINTER: 8
APPROX. MEMORY     TOTAL: 4.394531e+00 GB
APPROX. MEMORY PER PROC.: 2.197266e+00 GB

X START       : -2.560000e+02
Y START       : -2.560000e+02
PIXEL SIZE    : 1.000000e+00
RHO START     : -2.560000e+02
RAY LENGTH    : 1.024000e+03

SPATIAL INDEXING       : 5
SPECTRAL INDEXING      : 5
 1: CARTESIAN, NATURAL
 2: CARTESIAN, TRANSPOSED
 3: MORTON, NATURAL
 4: MORTON, TRANSPOSED
 5: HILBERT
PROJECTION BLOCK SIZE      : 32
BACKPROJECTION BLOCK SIZE  : 32
PROJECTION BUFFER SIZE      : 8 KB
BACKPROJECTION BUFFER SIZE  : 8 KB

SINOGRAM FILE : /shared/scratch/MemXCT/data/CDS1_sinogram.bin
   THETA FILE : /shared/scratch/MemXCT/data/CDS1_theta.bin
  OUTPUT FILE : /shared/scratch/MemXCT/recon_CDS1-1.bin


PLACE TILES
lspat 16 lspatdim 16
lspec 24 lspecdim 32
MPI PARTITIONING
proc: 0 numspats: 128 numpixs: 131072 numspecs: 192 numrays: 196608
proc: 1 numspats: 128 numpixs: 131072 numspecs: 192 numrays: 196608
maxnumpix: 131072 maxnumray: 196608
FILL PIXELS AND RAYS
INPUT THETA DATA
DOMAIN PARTITIONING

CONSTRUCT PROJECTION MATRIX
CSR STORAGE: 235011243 (1.750970 GB) rownzmax 767
RAY-TRACING TIME: 1.501319e-01
CONSTRUCT BACKPROJECTION MATRIX
CSR STORAGE: 235011243 (1.750970 GB) rownzmax 1092
TRANSPOSITION TIME: 1.159912e-01

BLOCKING PROJECTION MATRIX
NUMBER OF BLOCKS: 9820 BUFFSIZE: 2048
NUMBER OF BUFFERS: 19041 AVERAGE BUFF/BLOCK: 1.939002 MAX BUFF/BLOCK: 4
BUFFER MAP: 55181578 (0.205567 GB)
CSR STORAGE: 235011243 (1.313228 GB) buffnzmax: 454 STORAGE EFFICIENCY: 0.749998 DATA REUSE: 4.307003
BLOCKING TIME: 2.137595e-01
BLOCKING BACKPROJECTION MATRIX
NUMBER OF BLOCKS: 4096 BUFFSIZE: 2048
NUMBER OF BUFFERS: 11826 AVERAGE BUFF/BLOCK: 2.887207 MAX BUFF/BLOCK: 3
BUFFER MAP: 44064181 (0.164152 GB)
CSR STORAGE: 235011243 (1.313228 GB) buffnzmax: 479 STORAGE EFFICIENCY: 0.749998 DATA REUSE: 5.333327
BLOCKING TIME: 1.234875e-01

FILL PROJECTION MATRIX
TIME: 8.144491e-02
FILL BACKPROJECTION MATRIX
TIME: 1.053449e-01
REDUCTION MAPPINGS
PREPROCESSING TIME: 1.291499e+00
INPUT MEASUREMENT DATA
INPUT ENDS
GRADIENT-DESCENT OPTIMIZATION
iter: 0 error: 4.959038e+04 gradnorm: 1.560967e+10
iter: 1 error: 5.316522e+03 gradnorm: 4.760840e+08
iter: 2 error: 5.074597e+02 gradnorm: 1.604488e+07
iter: 3 error: 2.940097e+02 gradnorm: 8.082407e+06
iter: 4 error: 1.716273e+02 gradnorm: 1.353846e+06
iter: 5 error: 1.154530e+02 gradnorm: 6.253466e+05
iter: 6 error: 8.899846e+01 gradnorm: 6.420516e+05
iter: 7 error: 7.490536e+01 gradnorm: 6.430236e+05
iter: 8 error: 7.032922e+01 gradnorm: 7.669778e+05
iter: 9 error: 5.778104e+01 gradnorm: 2.267184e+05
iter: 10 error: 4.873891e+01 gradnorm: 1.924572e+05
iter: 11 error: 4.171459e+01 gradnorm: 1.086425e+05
iter: 12 error: 3.749780e+01 gradnorm: 1.864852e+05
iter: 13 error: 3.463497e+01 gradnorm: 1.060801e+05
iter: 14 error: 3.147635e+01 gradnorm: 6.350086e+04
iter: 15 error: 2.980247e+01 gradnorm: 2.454249e+05
iter: 16 error: 2.841297e+01 gradnorm: 5.830131e+04
iter: 17 error: 2.682874e+01 gradnorm: 4.565980e+04
iter: 18 error: 2.524190e+01 gradnorm: 2.666384e+04
iter: 19 error: 2.394851e+01 gradnorm: 2.563712e+04
iter: 20 error: 2.288817e+01 gradnorm: 1.502404e+04
iter: 21 error: 2.196395e+01 gradnorm: 1.433179e+04
iter: 22 error: 2.174879e+01 gradnorm: 4.781873e+04
iter: 23 error: 2.120712e+01 gradnorm: 9.609470e+03
iter: 24 error: 2.071923e+01 gradnorm: 1.236724e+04
recon: 3.380735e+00 proj: 1.690912e+00 (1.349876e+00 7.453866e-02 2.664497e-01) backproj: 1.239037e+00 (5.379620e-01 2.113740e-02 6.799119e-01) ctime: 4.499064e-01 wtime: 7.124330e-04
numproj: 49 numback: 25
proj: 2.699741e+00 s (8.530858 GFLOPS) backproj: 1.360145e+00 s (8.639197 GFLOPS) avGFLOPS: 8.567154 totGFLOPS: 17.134307
proj: 29.598731 GB/s back: 29.157259 GB/s av: 29.450829 GB/s tot: 58.901658 GB/s
Total Time: 5.229177e+00
