Using mpirun from /opt/hpcx-v2.7.0-gcc-MLNX_OFED_LINUX-5.1-0.6.6.0-redhat7.7-x86_64/ompi/bin/mpirun
mpirun (Open MPI) 4.0.4rc3

Report bugs to http://www.open-mpi.org/community/help/
Using hosts: hpc-pg0-2:120
PKEY: 0x003d
NUM. THETA             : 375
NUM. RHO               : 1024
NUM. X PIXELS          : 1024
NUM. Y PIXELS          : 1024

NUM. OF PIXELS         : 1048576
NUM. OF RAYS           : 384000

NUM. ITERATIONS        : 24

SPATIAL TILE SIZE      : 32
SPECTRAL TILE SIZE     : 32

NUMBER OF X TILES      : 32
NUMBER OF Y TILES      : 32
NUM. OF THETA TILES    : 12
NUM. OF RHO TILES      : 32

NUM. SPATIAL TILES     : 1024
NUM. SPECTRAL TILES    : 384

NUM. OF X PIXELS (EXT) : 1024
NUM. OF Y PIXELS (EXT) : 1024
NUM. OF ANGLES (EXT)   : 384
NUM. OF RHOS (EXT)     : 1024

NUM. OF PIXELS (EXT)   : 1048576
NUM. OF RAYS (EXT)     : 393216

NUMBER OF PROCESSES    : 1
NUMBER OF THRD./PROC.  : 120

INTEGER: 4, FLOAT: 4, LONG: 8, SHORT: 2, POINTER: 8
APPROX. MEMORY     TOTAL: 8.789062e+00 GB
APPROX. MEMORY PER PROC.: 8.789062e+00 GB

X START       : -5.120000e+02
Y START       : -5.120000e+02
PIXEL SIZE    : 1.000000e+00
RHO START     : -5.120000e+02
RAY LENGTH    : 2.048000e+03

SPATIAL INDEXING       : 5
SPECTRAL INDEXING      : 5
 1: CARTESIAN, NATURAL
 2: CARTESIAN, TRANSPOSED
 3: MORTON, NATURAL
 4: MORTON, TRANSPOSED
 5: HILBERT
PROJECTION BLOCK SIZE      : 512
BACKPROJECTION BLOCK SIZE  : 512
PROJECTION BUFFER SIZE      : 8 KB
BACKPROJECTION BUFFER SIZE  : 8 KB

SINOGRAM FILE : /shared/scratch/MemXCT/data/CDS2_sinogram.bin
   THETA FILE : /shared/scratch/MemXCT/data/CDS2_theta.bin
  OUTPUT FILE : /shared/scratch/MemXCT/recon_CDS2-1.bin


PLACE TILES
lspat 32 lspatdim 32
lspec 32 lspecdim 32
MPI PARTITIONING
proc: 0 numspats: 1024 numpixs: 1048576 numspecs: 384 numrays: 393216
maxnumpix: 1048576 maxnumray: 393216
FILL PIXELS AND RAYS
INPUT THETA DATA
DOMAIN PARTITIONING

CONSTRUCT PROJECTION MATRIX
CSR STORAGE: 470024162 (3.501953 GB) rownzmax 2046
RAY-TRACING TIME: 4.871496e-01
CONSTRUCT BACKPROJECTION MATRIX
CSR STORAGE: 470024162 (3.501953 GB) rownzmax 607
TRANSPOSITION TIME: 4.527971e-01

BLOCKING PROJECTION MATRIX
NUMBER OF BLOCKS: 750 BUFFSIZE: 2048
NUMBER OF BUFFERS: 18280 AVERAGE BUFF/BLOCK: 24.373333 MAX BUFF/BLOCK: 42
BUFFER MAP: 36702739 (0.136728 GB)
CSR STORAGE: 470024162 (2.626465 GB) buffnzmax: 284 STORAGE EFFICIENCY: 1.500000 DATA REUSE: 12.806242
BLOCKING TIME: 4.424561e-01
BLOCKING BACKPROJECTION MATRIX
NUMBER OF BLOCKS: 2048 BUFFSIZE: 2048
NUMBER OF BUFFERS: 11604 AVERAGE BUFF/BLOCK: 5.666016 MAX BUFF/BLOCK: 6
BUFFER MAP: 22022777 (0.082041 GB)
CSR STORAGE: 470024162 (2.626465 GB) buffnzmax: 321 STORAGE EFFICIENCY: 1.500000 DATA REUSE: 21.342640
BLOCKING TIME: 1.413927e-01

FILL PROJECTION MATRIX
TIME: 3.021459e-01
FILL BACKPROJECTION MATRIX
TIME: 1.840869e-01
REDUCTION MAPPINGS
PREPROCESSING TIME: 2.033065e+00
INPUT MEASUREMENT DATA
INPUT ENDS
GRADIENT-DESCENT OPTIMIZATION
iter: 0 error: 5.498395e+04 gradnorm: 5.780559e+09
iter: 1 error: 2.713758e+04 gradnorm: 4.174671e+08
iter: 2 error: 2.306865e+04 gradnorm: 9.086843e+07
iter: 3 error: 2.127431e+04 gradnorm: 3.168982e+07
iter: 4 error: 2.032669e+04 gradnorm: 1.557750e+07
iter: 5 error: 1.975909e+04 gradnorm: 1.008936e+07
iter: 6 error: 1.938426e+04 gradnorm: 8.237605e+06
iter: 7 error: 1.911242e+04 gradnorm: 6.110084e+06
iter: 8 error: 1.886854e+04 gradnorm: 5.371083e+06
iter: 9 error: 1.867143e+04 gradnorm: 4.685870e+06
iter: 10 error: 1.853327e+04 gradnorm: 9.974138e+06
iter: 11 error: 1.844312e+04 gradnorm: 4.908989e+06
iter: 12 error: 1.828184e+04 gradnorm: 3.287725e+06
iter: 13 error: 1.811534e+04 gradnorm: 2.897140e+06
iter: 14 error: 1.798108e+04 gradnorm: 2.751264e+06
iter: 15 error: 1.784749e+04 gradnorm: 2.132738e+06
iter: 16 error: 1.772633e+04 gradnorm: 3.071840e+06
iter: 17 error: 1.767153e+04 gradnorm: 2.535187e+06
iter: 18 error: 1.757014e+04 gradnorm: 3.895161e+06
iter: 19 error: 1.753751e+04 gradnorm: 2.535604e+06
iter: 20 error: 1.744998e+04 gradnorm: 1.930488e+06
iter: 21 error: 1.736016e+04 gradnorm: 1.587115e+06
iter: 22 error: 1.726249e+04 gradnorm: 1.342180e+06
iter: 23 error: 1.716981e+04 gradnorm: 1.258694e+06
iter: 24 error: 1.708054e+04 gradnorm: 1.394723e+06
recon: 3.867764e+00 proj: 1.986721e+00 (1.576555e+00 2.370890e-02 3.864204e-01) backproj: 9.701010e-01 (4.351494e-02 4.701722e-03 9.218634e-01) ctime: 9.107827e-01 wtime: 8.720300e-05
numproj: 49 numback: 25
proj: 1.576555e+00 s (29.217105 GFLOPS) backproj: 9.218634e-01 s (25.493156 GFLOPS) avGFLOPS: 27.843046 totGFLOPS: 27.843046
proj: 92.214261 GB/s back: 78.868409 GB/s av: 87.289924 GB/s tot: 87.289924 GB/s
Total Time: 6.654317e+00
