Using mpirun from /opt/hpcx-v2.7.0-gcc-MLNX_OFED_LINUX-5.1-0.6.6.0-redhat7.7-x86_64/ompi/bin/mpirun
mpirun (Open MPI) 4.0.4rc3

Report bugs to http://www.open-mpi.org/community/help/
Using hosts: hpc-pg0-2:120,hpc-pg0-3:120
PKEY: 0x001b
NUM. THETA             : 375
NUM. RHO               : 1024
NUM. X PIXELS          : 1024
NUM. Y PIXELS          : 1024

NUM. OF PIXELS         : 1048576
NUM. OF RAYS           : 384000

NUM. ITERATIONS        : 24

SPATIAL TILE SIZE      : 32
SPECTRAL TILE SIZE     : 32

NUMBER OF X TILES      : 32
NUMBER OF Y TILES      : 32
NUM. OF THETA TILES    : 12
NUM. OF RHO TILES      : 32

NUM. SPATIAL TILES     : 1024
NUM. SPECTRAL TILES    : 384

NUM. OF X PIXELS (EXT) : 1024
NUM. OF Y PIXELS (EXT) : 1024
NUM. OF ANGLES (EXT)   : 384
NUM. OF RHOS (EXT)     : 1024

NUM. OF PIXELS (EXT)   : 1048576
NUM. OF RAYS (EXT)     : 393216

NUMBER OF PROCESSES    : 4
NUMBER OF THRD./PROC.  : 60

INTEGER: 4, FLOAT: 4, LONG: 8, SHORT: 2, POINTER: 8
APPROX. MEMORY     TOTAL: 8.789062e+00 GB
APPROX. MEMORY PER PROC.: 2.197266e+00 GB

X START       : -5.120000e+02
Y START       : -5.120000e+02
PIXEL SIZE    : 1.000000e+00
RHO START     : -5.120000e+02
RAY LENGTH    : 2.048000e+03

SPATIAL INDEXING       : 5
SPECTRAL INDEXING      : 5
 1: CARTESIAN, NATURAL
 2: CARTESIAN, TRANSPOSED
 3: MORTON, NATURAL
 4: MORTON, TRANSPOSED
 5: HILBERT
PROJECTION BLOCK SIZE      : 32
BACKPROJECTION BLOCK SIZE  : 32
PROJECTION BUFFER SIZE      : 8 KB
BACKPROJECTION BUFFER SIZE  : 8 KB

SINOGRAM FILE : /shared/scratch/MemXCT/data/CDS2_sinogram.bin
   THETA FILE : /shared/scratch/MemXCT/data/CDS2_theta.bin
  OUTPUT FILE : /shared/scratch/MemXCT/recon_CDS2-1.bin


PLACE TILES
lspat 32 lspatdim 32
lspec 32 lspecdim 32
MPI PARTITIONING
proc: 0 numspats: 256 numpixs: 262144 numspecs: 96 numrays: 98304
proc: 1 numspats: 256 numpixs: 262144 numspecs: 96 numrays: 98304
proc: 2 numspats: 256 numpixs: 262144 numspecs: 96 numrays: 98304
proc: 3 numspats: 256 numpixs: 262144 numspecs: 96 numrays: 98304
maxnumpix: 262144 maxnumray: 98304
FILL PIXELS AND RAYS
INPUT THETA DATA
DOMAIN PARTITIONING

CONSTRUCT PROJECTION MATRIX
CSR STORAGE: 470024236 (3.501953 GB) rownzmax 1022
RAY-TRACING TIME: 1.969853e-01
CONSTRUCT BACKPROJECTION MATRIX
CSR STORAGE: 470024236 (3.501953 GB) rownzmax 607
TRANSPOSITION TIME: 2.348901e-01

BLOCKING PROJECTION MATRIX
NUMBER OF BLOCKS: 6000 BUFFSIZE: 2048
NUMBER OF BUFFERS: 15732 AVERAGE BUFF/BLOCK: 2.622000 MAX BUFF/BLOCK: 4
BUFFER MAP: 135823575 (0.505982 GB)
CSR STORAGE: 470024236 (2.626465 GB) buffnzmax: 515 STORAGE EFFICIENCY: 0.350560 DATA REUSE: 4.061126
BLOCKING TIME: 2.259667e-01
BLOCKING BACKPROJECTION MATRIX
NUMBER OF BLOCKS: 8192 BUFFSIZE: 2048
NUMBER OF BUFFERS: 14886 AVERAGE BUFF/BLOCK: 1.817139 MAX BUFF/BLOCK: 2
BUFFER MAP: 88130041 (0.328310 GB)
CSR STORAGE: 470024236 (2.626465 GB) buffnzmax: 488 STORAGE EFFICIENCY: 0.350560 DATA REUSE: 5.332206
BLOCKING TIME: 3.962831e-01

FILL PROJECTION MATRIX
TIME: 4.034939e-01
FILL BACKPROJECTION MATRIX
TIME: 7.263144e-02
REDUCTION MAPPINGS
PREPROCESSING TIME: 1.650373e+00
INPUT MEASUREMENT DATA
INPUT ENDS
GRADIENT-DESCENT OPTIMIZATION
iter: 0 error: 5.498395e+04 gradnorm: 1.750595e+10
iter: 1 error: 3.365971e+03 gradnorm: 1.974254e+08
iter: 2 error: 1.351252e+03 gradnorm: 4.437239e+07
iter: 3 error: 7.837161e+02 gradnorm: 2.147929e+07
iter: 4 error: 5.386422e+02 gradnorm: 9.271476e+06
iter: 5 error: 4.053621e+02 gradnorm: 3.663755e+06
iter: 6 error: 3.067814e+02 gradnorm: 1.739894e+06
iter: 7 error: 2.429327e+02 gradnorm: 1.568496e+06
iter: 8 error: 2.100103e+02 gradnorm: 1.231144e+06
iter: 9 error: 1.777561e+02 gradnorm: 8.730399e+05
iter: 10 error: 1.655340e+02 gradnorm: 1.828148e+06
iter: 11 error: 1.511273e+02 gradnorm: 6.816039e+05
iter: 12 error: 1.355690e+02 gradnorm: 4.705307e+05
iter: 13 error: 1.199983e+02 gradnorm: 3.553956e+05
iter: 14 error: 1.093443e+02 gradnorm: 2.738954e+05
iter: 15 error: 9.938159e+01 gradnorm: 2.231222e+05
iter: 16 error: 9.442795e+01 gradnorm: 2.570644e+05
iter: 17 error: 8.934981e+01 gradnorm: 2.907856e+05
iter: 18 error: 8.584659e+01 gradnorm: 1.809178e+05
iter: 19 error: 8.337866e+01 gradnorm: 3.408205e+05
iter: 20 error: 8.074595e+01 gradnorm: 1.374915e+05
iter: 21 error: 7.606509e+01 gradnorm: 8.264684e+04
iter: 22 error: 7.266040e+01 gradnorm: 8.560945e+04
iter: 23 error: 6.938704e+01 gradnorm: 6.676033e+04
iter: 24 error: 6.663368e+01 gradnorm: 6.215633e+04
recon: 6.517138e+00 proj: 2.913638e+00 (1.906165e+00 7.254664e-02 9.348868e-01) backproj: 1.585141e+00 (4.640985e-01 2.270170e-02 1.098321e+00) ctime: 2.004902e+00 wtime: 6.387535e-03
numproj: 49 numback: 25
proj: 7.618939e+00 s (6.045773 GFLOPS) backproj: 4.392521e+00 s (5.350278 GFLOPS) avGFLOPS: 5.791435 totGFLOPS: 23.165739
proj: 21.631431 GB/s back: 18.057201 GB/s av: 20.324356 GB/s tot: 81.297424 GB/s
Total Time: 9.050184e+00
