Using mpirun from /opt/hpcx-v2.7.0-gcc-MLNX_OFED_LINUX-5.1-0.6.6.0-redhat7.7-x86_64/ompi/bin/mpirun
mpirun (Open MPI) 4.0.4rc3

Report bugs to http://www.open-mpi.org/community/help/
Using hosts: hpc-pg0-2:120,hpc-pg0-3:120
PKEY: 0x001b
NUM. THETA             : 750
NUM. RHO               : 512
NUM. X PIXELS          : 512
NUM. Y PIXELS          : 512

NUM. OF PIXELS         : 262144
NUM. OF RAYS           : 384000

NUM. ITERATIONS        : 24

SPATIAL TILE SIZE      : 32
SPECTRAL TILE SIZE     : 32

NUMBER OF X TILES      : 16
NUMBER OF Y TILES      : 16
NUM. OF THETA TILES    : 24
NUM. OF RHO TILES      : 16

NUM. SPATIAL TILES     : 256
NUM. SPECTRAL TILES    : 384

NUM. OF X PIXELS (EXT) : 512
NUM. OF Y PIXELS (EXT) : 512
NUM. OF ANGLES (EXT)   : 768
NUM. OF RHOS (EXT)     : 512

NUM. OF PIXELS (EXT)   : 262144
NUM. OF RAYS (EXT)     : 393216

NUMBER OF PROCESSES    : 4
NUMBER OF THRD./PROC.  : 60

INTEGER: 4, FLOAT: 4, LONG: 8, SHORT: 2, POINTER: 8
APPROX. MEMORY     TOTAL: 4.394531e+00 GB
APPROX. MEMORY PER PROC.: 1.098633e+00 GB

X START       : -2.560000e+02
Y START       : -2.560000e+02
PIXEL SIZE    : 1.000000e+00
RHO START     : -2.560000e+02
RAY LENGTH    : 1.024000e+03

SPATIAL INDEXING       : 5
SPECTRAL INDEXING      : 5
 1: CARTESIAN, NATURAL
 2: CARTESIAN, TRANSPOSED
 3: MORTON, NATURAL
 4: MORTON, TRANSPOSED
 5: HILBERT
PROJECTION BLOCK SIZE      : 32
BACKPROJECTION BLOCK SIZE  : 32
PROJECTION BUFFER SIZE      : 8 KB
BACKPROJECTION BUFFER SIZE  : 8 KB

SINOGRAM FILE : /shared/scratch/MemXCT/data/CDS1_sinogram.bin
   THETA FILE : /shared/scratch/MemXCT/data/CDS1_theta.bin
  OUTPUT FILE : /shared/scratch/MemXCT/recon_CDS1-1.bin


PLACE TILES
lspat 16 lspatdim 16
lspec 24 lspecdim 32
MPI PARTITIONING
proc: 0 numspats: 64 numpixs: 65536 numspecs: 96 numrays: 98304
proc: 1 numspats: 64 numpixs: 65536 numspecs: 96 numrays: 98304
proc: 2 numspats: 64 numpixs: 65536 numspecs: 96 numrays: 98304
proc: 3 numspats: 64 numpixs: 65536 numspecs: 96 numrays: 98304
maxnumpix: 65536 maxnumray: 98304
FILL PIXELS AND RAYS
INPUT THETA DATA
DOMAIN PARTITIONING

CONSTRUCT PROJECTION MATRIX
CSR STORAGE: 235011243 (1.750970 GB) rownzmax 511
RAY-TRACING TIME: 8.961674e-02
CONSTRUCT BACKPROJECTION MATRIX
CSR STORAGE: 235011243 (1.750970 GB) rownzmax 1092
TRANSPOSITION TIME: 1.443349e-01

BLOCKING PROJECTION MATRIX
NUMBER OF BLOCKS: 6820 BUFFSIZE: 2048
NUMBER OF BUFFERS: 10799 AVERAGE BUFF/BLOCK: 1.583431 MAX BUFF/BLOCK: 3
BUFFER MAP: 54686244 (0.203722 GB)
CSR STORAGE: 235011243 (1.313228 GB) buffnzmax: 454 STORAGE EFFICIENCY: 0.374999 DATA REUSE: 4.172202
BLOCKING TIME: 1.471913e-01
BLOCKING BACKPROJECTION MATRIX
NUMBER OF BLOCKS: 2048 BUFFSIZE: 2048
NUMBER OF BUFFERS: 5916 AVERAGE BUFF/BLOCK: 2.888672 MAX BUFF/BLOCK: 3
BUFFER MAP: 44064181 (0.164152 GB)
CSR STORAGE: 235011243 (1.313228 GB) buffnzmax: 479 STORAGE EFFICIENCY: 0.374999 DATA REUSE: 5.332378
BLOCKING TIME: 1.509875e-01

FILL PROJECTION MATRIX
TIME: 1.797134e-01
FILL BACKPROJECTION MATRIX
TIME: 4.950982e-02
REDUCTION MAPPINGS
PREPROCESSING TIME: 8.074016e-01
INPUT MEASUREMENT DATA
INPUT ENDS
GRADIENT-DESCENT OPTIMIZATION
iter: 0 error: 4.959038e+04 gradnorm: 1.560967e+10
iter: 1 error: 5.316521e+03 gradnorm: 4.760839e+08
iter: 2 error: 5.074598e+02 gradnorm: 1.604489e+07
iter: 3 error: 2.940097e+02 gradnorm: 8.082405e+06
iter: 4 error: 1.716273e+02 gradnorm: 1.353846e+06
iter: 5 error: 1.154530e+02 gradnorm: 6.253464e+05
iter: 6 error: 8.899834e+01 gradnorm: 6.420142e+05
iter: 7 error: 7.490047e+01 gradnorm: 6.417437e+05
iter: 8 error: 7.032167e+01 gradnorm: 7.687741e+05
iter: 9 error: 5.778102e+01 gradnorm: 2.267256e+05
iter: 10 error: 4.873889e+01 gradnorm: 1.924565e+05
iter: 11 error: 4.171449e+01 gradnorm: 1.086310e+05
iter: 12 error: 3.749606e+01 gradnorm: 1.864111e+05
iter: 13 error: 3.463455e+01 gradnorm: 1.061120e+05
iter: 14 error: 3.147660e+01 gradnorm: 6.358483e+04
iter: 15 error: 2.981898e+01 gradnorm: 2.460107e+05
iter: 16 error: 2.841332e+01 gradnorm: 5.820079e+04
iter: 17 error: 2.682874e+01 gradnorm: 4.565869e+04
iter: 18 error: 2.524191e+01 gradnorm: 2.666375e+04
iter: 19 error: 2.394850e+01 gradnorm: 2.563711e+04
iter: 20 error: 2.288816e+01 gradnorm: 1.502358e+04
iter: 21 error: 2.196341e+01 gradnorm: 1.415691e+04
iter: 22 error: 2.173872e+01 gradnorm: 4.960510e+04
iter: 23 error: 2.120668e+01 gradnorm: 9.566770e+03
iter: 24 error: 2.070333e+01 gradnorm: 1.081444e+04
recon: 3.385895e+00 proj: 1.714640e+00 (1.203796e+00 5.669189e-02 4.540363e-01) backproj: 1.158334e+00 (6.351310e-01 2.307322e-02 5.001113e-01) ctime: 5.048725e-01 wtime: 6.155628e-03
numproj: 49 numback: 25
proj: 4.804451e+00 s (4.793702 GFLOPS) backproj: 1.998987e+00 s (5.878259 GFLOPS) avGFLOPS: 5.112366 totGFLOPS: 20.449465
proj: 16.612058 GB/s back: 19.839102 GB/s av: 17.560228 GB/s tot: 70.240913 GB/s
Total Time: 4.898544e+00
