Using mpirun from /opt/hpcx-v2.7.0-gcc-MLNX_OFED_LINUX-5.1-0.6.6.0-redhat7.7-x86_64/ompi/bin/mpirun
mpirun (Open MPI) 4.0.4rc3

Report bugs to http://www.open-mpi.org/community/help/
Using hosts: hpc-pg0-2:120
PKEY: 0x003d
NUM. THETA             : 750
NUM. RHO               : 512
NUM. X PIXELS          : 512
NUM. Y PIXELS          : 512

NUM. OF PIXELS         : 262144
NUM. OF RAYS           : 384000

NUM. ITERATIONS        : 24

SPATIAL TILE SIZE      : 32
SPECTRAL TILE SIZE     : 32

NUMBER OF X TILES      : 16
NUMBER OF Y TILES      : 16
NUM. OF THETA TILES    : 24
NUM. OF RHO TILES      : 16

NUM. SPATIAL TILES     : 256
NUM. SPECTRAL TILES    : 384

NUM. OF X PIXELS (EXT) : 512
NUM. OF Y PIXELS (EXT) : 512
NUM. OF ANGLES (EXT)   : 768
NUM. OF RHOS (EXT)     : 512

NUM. OF PIXELS (EXT)   : 262144
NUM. OF RAYS (EXT)     : 393216

NUMBER OF PROCESSES    : 1
NUMBER OF THRD./PROC.  : 120

INTEGER: 4, FLOAT: 4, LONG: 8, SHORT: 2, POINTER: 8
APPROX. MEMORY     TOTAL: 4.394531e+00 GB
APPROX. MEMORY PER PROC.: 4.394531e+00 GB

X START       : -2.560000e+02
Y START       : -2.560000e+02
PIXEL SIZE    : 1.000000e+00
RHO START     : -2.560000e+02
RAY LENGTH    : 1.024000e+03

SPATIAL INDEXING       : 5
SPECTRAL INDEXING      : 5
 1: CARTESIAN, NATURAL
 2: CARTESIAN, TRANSPOSED
 3: MORTON, NATURAL
 4: MORTON, TRANSPOSED
 5: HILBERT
PROJECTION BLOCK SIZE      : 512
BACKPROJECTION BLOCK SIZE  : 512
PROJECTION BUFFER SIZE      : 8 KB
BACKPROJECTION BUFFER SIZE  : 8 KB

SINOGRAM FILE : /shared/scratch/MemXCT/data/CDS1_sinogram.bin
   THETA FILE : /shared/scratch/MemXCT/data/CDS1_theta.bin
  OUTPUT FILE : /shared/scratch/MemXCT/recon_CDS1-1.bin


PLACE TILES
lspat 16 lspatdim 16
lspec 24 lspecdim 32
MPI PARTITIONING
proc: 0 numspats: 256 numpixs: 262144 numspecs: 384 numrays: 393216
maxnumpix: 262144 maxnumray: 393216
FILL PIXELS AND RAYS
INPUT THETA DATA
DOMAIN PARTITIONING

CONSTRUCT PROJECTION MATRIX
CSR STORAGE: 235011239 (1.750970 GB) rownzmax 1022
RAY-TRACING TIME: 2.026048e-01
CONSTRUCT BACKPROJECTION MATRIX
CSR STORAGE: 235011239 (1.750970 GB) rownzmax 1092
TRANSPOSITION TIME: 2.287548e-01

BLOCKING PROJECTION MATRIX
NUMBER OF BLOCKS: 750 BUFFSIZE: 2048
NUMBER OF BUFFERS: 6342 AVERAGE BUFF/BLOCK: 8.456000 MAX BUFF/BLOCK: 15
BUFFER MAP: 12205108 (0.045468 GB)
CSR STORAGE: 235011239 (1.313228 GB) buffnzmax: 270 STORAGE EFFICIENCY: 1.500000 DATA REUSE: 19.255154
BLOCKING TIME: 1.769541e-01
BLOCKING BACKPROJECTION MATRIX
NUMBER OF BLOCKS: 512 BUFFSIZE: 2048
NUMBER OF BUFFERS: 5760 AVERAGE BUFF/BLOCK: 11.250000 MAX BUFF/BLOCK: 12
BUFFER MAP: 11012397 (0.041024 GB)
CSR STORAGE: 235011239 (1.313228 GB) buffnzmax: 294 STORAGE EFFICIENCY: 1.500000 DATA REUSE: 21.340607
BLOCKING TIME: 6.407660e-02

FILL PROJECTION MATRIX
TIME: 9.472533e-02
FILL BACKPROJECTION MATRIX
TIME: 2.124063e-01
REDUCTION MAPPINGS
PREPROCESSING TIME: 1.100809e+00
INPUT MEASUREMENT DATA
INPUT ENDS
GRADIENT-DESCENT OPTIMIZATION
iter: 0 error: 4.959038e+04 gradnorm: 1.560967e+10
iter: 1 error: 5.316521e+03 gradnorm: 4.760841e+08
iter: 2 error: 5.074597e+02 gradnorm: 1.604487e+07
iter: 3 error: 2.940096e+02 gradnorm: 8.082404e+06
iter: 4 error: 1.716274e+02 gradnorm: 1.353846e+06
iter: 5 error: 1.154530e+02 gradnorm: 6.253410e+05
iter: 6 error: 8.899514e+01 gradnorm: 6.410162e+05
iter: 7 error: 7.476525e+01 gradnorm: 6.058074e+05
iter: 8 error: 7.007489e+01 gradnorm: 8.259239e+05
iter: 9 error: 5.778021e+01 gradnorm: 2.269746e+05
iter: 10 error: 4.873887e+01 gradnorm: 1.924580e+05
iter: 11 error: 4.171458e+01 gradnorm: 1.086429e+05
iter: 12 error: 3.749786e+01 gradnorm: 1.864873e+05
iter: 13 error: 3.463496e+01 gradnorm: 1.060700e+05
iter: 14 error: 3.147397e+01 gradnorm: 6.273416e+04
iter: 15 error: 2.962628e+01 gradnorm: 2.345301e+05
iter: 16 error: 2.840838e+01 gradnorm: 5.960968e+04
iter: 17 error: 2.682869e+01 gradnorm: 4.567216e+04
iter: 18 error: 2.524191e+01 gradnorm: 2.666387e+04
iter: 19 error: 2.394850e+01 gradnorm: 2.563719e+04
iter: 20 error: 2.288817e+01 gradnorm: 1.502919e+04
iter: 21 error: 2.197048e+01 gradnorm: 1.651265e+04
iter: 22 error: 2.181368e+01 gradnorm: 3.381688e+04
iter: 23 error: 2.120638e+01 gradnorm: 9.443017e+03
iter: 24 error: 2.068285e+01 gradnorm: 8.595272e+03
recon: 1.946121e+00 proj: 1.111853e+00 (9.741792e-01 2.569950e-02 1.119325e-01) backproj: 4.183609e-01 (3.221761e-02 5.534057e-03 3.805889e-01) ctime: 4.153555e-01 wtime: 4.890210e-04
numproj: 49 numback: 25
proj: 9.741792e-01 s (23.641544 GFLOPS) backproj: 3.805889e-01 s (30.874684 GFLOPS) avGFLOPS: 25.673517 totGFLOPS: 25.673517
proj: 73.380239 GB/s back: 95.517568 GB/s av: 79.599178 GB/s tot: 79.599178 GB/s
Total Time: 3.685239e+00
