Using mpirun from /opt/hpcx-v2.7.0-gcc-MLNX_OFED_LINUX-5.1-0.6.6.0-redhat7.7-x86_64/ompi/bin/mpirun
mpirun (Open MPI) 4.0.4rc3

Report bugs to http://www.open-mpi.org/community/help/
Using hosts: hpc-pg0-1:120,hpc-pg0-2:120,hpc-pg0-3:120,hpc-pg0-4:120
PKEY: 0x001b
NUM. THETA             : 375
NUM. RHO               : 1024
NUM. X PIXELS          : 1024
NUM. Y PIXELS          : 1024

NUM. OF PIXELS         : 1048576
NUM. OF RAYS           : 384000

NUM. ITERATIONS        : 24

SPATIAL TILE SIZE      : 32
SPECTRAL TILE SIZE     : 32

NUMBER OF X TILES      : 32
NUMBER OF Y TILES      : 32
NUM. OF THETA TILES    : 12
NUM. OF RHO TILES      : 32

NUM. SPATIAL TILES     : 1024
NUM. SPECTRAL TILES    : 384

NUM. OF X PIXELS (EXT) : 1024
NUM. OF Y PIXELS (EXT) : 1024
NUM. OF ANGLES (EXT)   : 384
NUM. OF RHOS (EXT)     : 1024

NUM. OF PIXELS (EXT)   : 1048576
NUM. OF RAYS (EXT)     : 393216

NUMBER OF PROCESSES    : 8
NUMBER OF THRD./PROC.  : 60

INTEGER: 4, FLOAT: 4, LONG: 8, SHORT: 2, POINTER: 8
APPROX. MEMORY     TOTAL: 8.789062e+00 GB
APPROX. MEMORY PER PROC.: 1.098633e+00 GB

X START       : -5.120000e+02
Y START       : -5.120000e+02
PIXEL SIZE    : 1.000000e+00
RHO START     : -5.120000e+02
RAY LENGTH    : 2.048000e+03

SPATIAL INDEXING       : 5
SPECTRAL INDEXING      : 5
 1: CARTESIAN, NATURAL
 2: CARTESIAN, TRANSPOSED
 3: MORTON, NATURAL
 4: MORTON, TRANSPOSED
 5: HILBERT
PROJECTION BLOCK SIZE      : 32
BACKPROJECTION BLOCK SIZE  : 32
PROJECTION BUFFER SIZE      : 8 KB
BACKPROJECTION BUFFER SIZE  : 8 KB

SINOGRAM FILE : /shared/scratch/MemXCT/data/CDS2_sinogram.bin
   THETA FILE : /shared/scratch/MemXCT/data/CDS2_theta.bin
  OUTPUT FILE : /shared/scratch/MemXCT/recon_CDS2-1.bin


PLACE TILES
lspat 32 lspatdim 32
lspec 32 lspecdim 32
MPI PARTITIONING
proc: 0 numspats: 128 numpixs: 131072 numspecs: 48 numrays: 49152
proc: 1 numspats: 128 numpixs: 131072 numspecs: 48 numrays: 49152
proc: 2 numspats: 128 numpixs: 131072 numspecs: 48 numrays: 49152
proc: 3 numspats: 128 numpixs: 131072 numspecs: 48 numrays: 49152
proc: 4 numspats: 128 numpixs: 131072 numspecs: 48 numrays: 49152
proc: 5 numspats: 128 numpixs: 131072 numspecs: 48 numrays: 49152
proc: 6 numspats: 128 numpixs: 131072 numspecs: 48 numrays: 49152
proc: 7 numspats: 128 numpixs: 131072 numspecs: 48 numrays: 49152
maxnumpix: 131072 maxnumray: 49152
FILL PIXELS AND RAYS
INPUT THETA DATA
DOMAIN PARTITIONING

CONSTRUCT PROJECTION MATRIX
CSR STORAGE: 470024236 (3.501953 GB) rownzmax 766
RAY-TRACING TIME: 9.477962e-02
CONSTRUCT BACKPROJECTION MATRIX
CSR STORAGE: 470024236 (3.501953 GB) rownzmax 516
TRANSPOSITION TIME: 1.753016e-01

BLOCKING PROJECTION MATRIX
NUMBER OF BLOCKS: 4093 BUFFSIZE: 2048
NUMBER OF BUFFERS: 8136 AVERAGE BUFF/BLOCK: 1.987784 MAX BUFF/BLOCK: 5
BUFFER MAP: 136494557 (0.508482 GB)
CSR STORAGE: 470024236 (2.626465 GB) buffnzmax: 460 STORAGE EFFICIENCY: 0.153526 DATA REUSE: 3.700013
BLOCKING TIME: 1.529557e-01
BLOCKING BACKPROJECTION MATRIX
NUMBER OF BLOCKS: 4096 BUFFSIZE: 2048
NUMBER OF BUFFERS: 6793 AVERAGE BUFF/BLOCK: 1.658447 MAX BUFF/BLOCK: 2
BUFFER MAP: 88130041 (0.328310 GB)
CSR STORAGE: 470024236 (2.626465 GB) buffnzmax: 433 STORAGE EFFICIENCY: 0.153526 DATA REUSE: 5.331103
BLOCKING TIME: 2.148472e-01

FILL PROJECTION MATRIX
TIME: 3.546024e-02
FILL BACKPROJECTION MATRIX
TIME: 3.170205e-02
REDUCTION MAPPINGS
PREPROCESSING TIME: 1.358177e+00
INPUT MEASUREMENT DATA
INPUT ENDS
GRADIENT-DESCENT OPTIMIZATION
iter: 0 error: 5.498395e+04 gradnorm: 1.963648e+10
iter: 1 error: 3.374780e+03 gradnorm: 2.929365e+08
iter: 2 error: 1.128224e+03 gradnorm: 5.683261e+07
iter: 3 error: 4.706065e+02 gradnorm: 1.898364e+07
iter: 4 error: 3.070878e+02 gradnorm: 8.966638e+06
iter: 5 error: 2.100157e+02 gradnorm: 2.582903e+06
iter: 6 error: 1.481384e+02 gradnorm: 1.225750e+06
iter: 7 error: 1.194331e+02 gradnorm: 1.050397e+06
iter: 8 error: 9.817227e+01 gradnorm: 7.203471e+05
iter: 9 error: 8.423871e+01 gradnorm: 1.645680e+06
iter: 10 error: 7.621803e+01 gradnorm: 5.085774e+05
iter: 11 error: 6.295640e+01 gradnorm: 3.327983e+05
iter: 12 error: 5.229759e+01 gradnorm: 2.608173e+05
iter: 13 error: 4.618284e+01 gradnorm: 2.699409e+05
iter: 14 error: 4.019140e+01 gradnorm: 1.281723e+05
iter: 15 error: 3.497765e+01 gradnorm: 1.239746e+05
iter: 16 error: 3.164541e+01 gradnorm: 1.036322e+05
iter: 17 error: 3.056609e+01 gradnorm: 2.005079e+05
iter: 18 error: 2.849954e+01 gradnorm: 1.324861e+05
iter: 19 error: 2.745435e+01 gradnorm: 7.106836e+04
iter: 20 error: 2.617911e+01 gradnorm: 6.446371e+04
iter: 21 error: 2.479308e+01 gradnorm: 3.789063e+04
iter: 22 error: 2.370897e+01 gradnorm: 2.703194e+04
iter: 23 error: 2.299961e+01 gradnorm: 4.105628e+04
iter: 24 error: 2.244236e+01 gradnorm: 1.836773e+04
recon: 7.125221e+00 proj: 3.022209e+00 (1.941182e+00 8.839520e-02 9.926007e-01) backproj: 1.949424e+00 (1.002458e+00 5.113715e-02 8.958127e-01) ctime: 2.128400e+00 wtime: 1.051345e-02
numproj: 49 numback: 25
proj: 1.554351e+01 s (2.963447 GFLOPS) backproj: 7.166708e+00 s (3.279220 GFLOPS) avGFLOPS: 3.063096 totGFLOPS: 24.504769
proj: 10.611505 GB/s back: 11.067375 GB/s av: 10.755365 GB/s tot: 86.042917 GB/s
Total Time: 9.469692e+00
