Using mpirun from /opt/hpcx-v2.7.0-gcc-MLNX_OFED_LINUX-5.1-0.6.6.0-redhat7.7-x86_64/ompi/bin/mpirun
mpirun (Open MPI) 4.0.4rc3

Report bugs to http://www.open-mpi.org/community/help/
Using hosts: hpc-pg0-1:120
PKEY: 0x003d
NUM. THETA             : 750
NUM. RHO               : 512
NUM. X PIXELS          : 512
NUM. Y PIXELS          : 512

NUM. OF PIXELS         : 262144
NUM. OF RAYS           : 384000

NUM. ITERATIONS        : 24

SPATIAL TILE SIZE      : 32
SPECTRAL TILE SIZE     : 32

NUMBER OF X TILES      : 16
NUMBER OF Y TILES      : 16
NUM. OF THETA TILES    : 24
NUM. OF RHO TILES      : 16

NUM. SPATIAL TILES     : 256
NUM. SPECTRAL TILES    : 384

NUM. OF X PIXELS (EXT) : 512
NUM. OF Y PIXELS (EXT) : 512
NUM. OF ANGLES (EXT)   : 768
NUM. OF RHOS (EXT)     : 512

NUM. OF PIXELS (EXT)   : 262144
NUM. OF RAYS (EXT)     : 393216

NUMBER OF PROCESSES    : 1
NUMBER OF THRD./PROC.  : 120

INTEGER: 4, FLOAT: 4, LONG: 8, SHORT: 2, POINTER: 8
APPROX. MEMORY     TOTAL: 4.394531e+00 GB
APPROX. MEMORY PER PROC.: 4.394531e+00 GB

X START       : -2.560000e+02
Y START       : -2.560000e+02
PIXEL SIZE    : 1.000000e+00
RHO START     : -2.560000e+02
RAY LENGTH    : 1.024000e+03

SPATIAL INDEXING       : 5
SPECTRAL INDEXING      : 5
 1: CARTESIAN, NATURAL
 2: CARTESIAN, TRANSPOSED
 3: MORTON, NATURAL
 4: MORTON, TRANSPOSED
 5: HILBERT
PROJECTION BLOCK SIZE      : 512
BACKPROJECTION BLOCK SIZE  : 512
PROJECTION BUFFER SIZE      : 8 KB
BACKPROJECTION BUFFER SIZE  : 8 KB

SINOGRAM FILE : /shared/scratch/MemXCT/data/CDS1_sinogram.bin
   THETA FILE : /shared/scratch/MemXCT/data/CDS1_theta.bin
  OUTPUT FILE : /shared/scratch/MemXCT/recon_CDS1-1.bin


PLACE TILES
lspat 16 lspatdim 16
lspec 24 lspecdim 32
MPI PARTITIONING
proc: 0 numspats: 256 numpixs: 262144 numspecs: 384 numrays: 393216
maxnumpix: 262144 maxnumray: 393216
FILL PIXELS AND RAYS
INPUT THETA DATA
DOMAIN PARTITIONING

CONSTRUCT PROJECTION MATRIX
CSR STORAGE: 235011239 (1.750970 GB) rownzmax 1022
RAY-TRACING TIME: 2.052377e-01
CONSTRUCT BACKPROJECTION MATRIX
CSR STORAGE: 235011239 (1.750970 GB) rownzmax 1092
TRANSPOSITION TIME: 2.820181e-01

BLOCKING PROJECTION MATRIX
NUMBER OF BLOCKS: 750 BUFFSIZE: 2048
NUMBER OF BUFFERS: 6342 AVERAGE BUFF/BLOCK: 8.456000 MAX BUFF/BLOCK: 15
BUFFER MAP: 12205108 (0.045468 GB)
CSR STORAGE: 235011239 (1.313228 GB) buffnzmax: 270 STORAGE EFFICIENCY: 1.500000 DATA REUSE: 19.255154
BLOCKING TIME: 2.028509e-01
BLOCKING BACKPROJECTION MATRIX
NUMBER OF BLOCKS: 512 BUFFSIZE: 2048
NUMBER OF BUFFERS: 5760 AVERAGE BUFF/BLOCK: 11.250000 MAX BUFF/BLOCK: 12
BUFFER MAP: 11012397 (0.041024 GB)
CSR STORAGE: 235011239 (1.313228 GB) buffnzmax: 294 STORAGE EFFICIENCY: 1.500000 DATA REUSE: 21.340607
BLOCKING TIME: 3.901439e-01

FILL PROJECTION MATRIX
TIME: 3.536225e-01
FILL BACKPROJECTION MATRIX
TIME: 1.381046e-01
REDUCTION MAPPINGS
PREPROCESSING TIME: 1.618936e+00
INPUT MEASUREMENT DATA
INPUT ENDS
GRADIENT-DESCENT OPTIMIZATION
iter: 0 error: 4.959038e+04 gradnorm: 1.560967e+10
iter: 1 error: 5.316522e+03 gradnorm: 4.760841e+08
iter: 2 error: 5.074597e+02 gradnorm: 1.604489e+07
iter: 3 error: 2.940097e+02 gradnorm: 8.082412e+06
iter: 4 error: 1.716273e+02 gradnorm: 1.353846e+06
iter: 5 error: 1.154530e+02 gradnorm: 6.253410e+05
iter: 6 error: 8.899493e+01 gradnorm: 6.409564e+05
iter: 7 error: 7.475698e+01 gradnorm: 6.035719e+05
iter: 8 error: 7.005691e+01 gradnorm: 8.299683e+05
iter: 9 error: 5.778017e+01 gradnorm: 2.269929e+05
iter: 10 error: 4.873888e+01 gradnorm: 1.924571e+05
iter: 11 error: 4.171442e+01 gradnorm: 1.086247e+05
iter: 12 error: 3.749510e+01 gradnorm: 1.863723e+05
iter: 13 error: 3.463440e+01 gradnorm: 1.061544e+05
iter: 14 error: 3.148340e+01 gradnorm: 6.577772e+04
iter: 15 error: 3.014566e+01 gradnorm: 2.424018e+05
iter: 16 error: 2.841855e+01 gradnorm: 5.668495e+04
iter: 17 error: 2.682877e+01 gradnorm: 4.564502e+04
iter: 18 error: 2.524189e+01 gradnorm: 2.666384e+04
iter: 19 error: 2.394850e+01 gradnorm: 2.563718e+04
iter: 20 error: 2.288817e+01 gradnorm: 1.502366e+04
iter: 21 error: 2.196341e+01 gradnorm: 1.415083e+04
iter: 22 error: 2.173809e+01 gradnorm: 4.968475e+04
iter: 23 error: 2.120743e+01 gradnorm: 9.661690e+03
iter: 24 error: 2.073090e+01 gradnorm: 1.340615e+04
recon: 1.921564e+00 proj: 1.010505e+00 (7.836849e-01 2.207370e-02 2.047101e-01) backproj: 4.855572e-01 (5.525115e-02 9.946504e-03 4.203416e-01) ctime: 4.253336e-01 wtime: 7.080200e-05
numproj: 49 numback: 25
proj: 7.836849e-01 s (29.388216 GFLOPS) backproj: 4.203416e-01 s (27.954793 GFLOPS) avGFLOPS: 28.887789 totGFLOPS: 28.887789
proj: 91.217151 GB/s back: 86.484249 GB/s av: 89.564832 GB/s tot: 89.564832 GB/s
Total Time: 4.217300e+00
