Using mpirun from /opt/hpcx-v2.7.0-gcc-MLNX_OFED_LINUX-5.1-0.6.6.0-redhat7.7-x86_64/ompi/bin/mpirun
mpirun (Open MPI) 4.0.4rc3

Report bugs to http://www.open-mpi.org/community/help/
Using hosts: hpc-pg0-4:120
PKEY: 0x001b
NUM. THETA             : 750
NUM. RHO               : 512
NUM. X PIXELS          : 512
NUM. Y PIXELS          : 512

NUM. OF PIXELS         : 262144
NUM. OF RAYS           : 384000

NUM. ITERATIONS        : 24

SPATIAL TILE SIZE      : 32
SPECTRAL TILE SIZE     : 32

NUMBER OF X TILES      : 16
NUMBER OF Y TILES      : 16
NUM. OF THETA TILES    : 24
NUM. OF RHO TILES      : 16

NUM. SPATIAL TILES     : 256
NUM. SPECTRAL TILES    : 384

NUM. OF X PIXELS (EXT) : 512
NUM. OF Y PIXELS (EXT) : 512
NUM. OF ANGLES (EXT)   : 768
NUM. OF RHOS (EXT)     : 512

NUM. OF PIXELS (EXT)   : 262144
NUM. OF RAYS (EXT)     : 393216

NUMBER OF PROCESSES    : 2
NUMBER OF THRD./PROC.  : 60

INTEGER: 4, FLOAT: 4, LONG: 8, SHORT: 2, POINTER: 8
APPROX. MEMORY     TOTAL: 4.394531e+00 GB
APPROX. MEMORY PER PROC.: 2.197266e+00 GB

X START       : -2.560000e+02
Y START       : -2.560000e+02
PIXEL SIZE    : 1.000000e+00
RHO START     : -2.560000e+02
RAY LENGTH    : 1.024000e+03

SPATIAL INDEXING       : 5
SPECTRAL INDEXING      : 5
 1: CARTESIAN, NATURAL
 2: CARTESIAN, TRANSPOSED
 3: MORTON, NATURAL
 4: MORTON, TRANSPOSED
 5: HILBERT
PROJECTION BLOCK SIZE      : 32
BACKPROJECTION BLOCK SIZE  : 32
PROJECTION BUFFER SIZE      : 8 KB
BACKPROJECTION BUFFER SIZE  : 8 KB

SINOGRAM FILE : /shared/scratch/MemXCT/data/CDS1_sinogram.bin
   THETA FILE : /shared/scratch/MemXCT/data/CDS1_theta.bin
  OUTPUT FILE : /shared/scratch/MemXCT/recon_CDS1-1.bin


PLACE TILES
lspat 16 lspatdim 16
lspec 24 lspecdim 32
MPI PARTITIONING
proc: 0 numspats: 128 numpixs: 131072 numspecs: 192 numrays: 196608
proc: 1 numspats: 128 numpixs: 131072 numspecs: 192 numrays: 196608
maxnumpix: 131072 maxnumray: 196608
FILL PIXELS AND RAYS
INPUT THETA DATA
DOMAIN PARTITIONING

CONSTRUCT PROJECTION MATRIX
CSR STORAGE: 235011243 (1.750970 GB) rownzmax 767
RAY-TRACING TIME: 1.677269e-01
CONSTRUCT BACKPROJECTION MATRIX
CSR STORAGE: 235011243 (1.750970 GB) rownzmax 1092
TRANSPOSITION TIME: 1.720404e-01

BLOCKING PROJECTION MATRIX
NUMBER OF BLOCKS: 9820 BUFFSIZE: 2048
NUMBER OF BUFFERS: 19041 AVERAGE BUFF/BLOCK: 1.939002 MAX BUFF/BLOCK: 4
BUFFER MAP: 55181578 (0.205567 GB)
CSR STORAGE: 235011243 (1.313228 GB) buffnzmax: 454 STORAGE EFFICIENCY: 0.749998 DATA REUSE: 4.307003
BLOCKING TIME: 1.728959e-01
BLOCKING BACKPROJECTION MATRIX
NUMBER OF BLOCKS: 4096 BUFFSIZE: 2048
NUMBER OF BUFFERS: 11826 AVERAGE BUFF/BLOCK: 2.887207 MAX BUFF/BLOCK: 3
BUFFER MAP: 44064181 (0.164152 GB)
CSR STORAGE: 235011243 (1.313228 GB) buffnzmax: 479 STORAGE EFFICIENCY: 0.749998 DATA REUSE: 5.333327
BLOCKING TIME: 1.353929e-01

FILL PROJECTION MATRIX
TIME: 1.689527e-01
FILL BACKPROJECTION MATRIX
TIME: 4.118621e-01
REDUCTION MAPPINGS
PREPROCESSING TIME: 1.272082e+00
INPUT MEASUREMENT DATA
INPUT ENDS
GRADIENT-DESCENT OPTIMIZATION
iter: 0 error: 4.959038e+04 gradnorm: 1.560967e+10
iter: 1 error: 5.316521e+03 gradnorm: 4.760838e+08
iter: 2 error: 5.074597e+02 gradnorm: 1.604488e+07
iter: 3 error: 2.940097e+02 gradnorm: 8.082405e+06
iter: 4 error: 1.716274e+02 gradnorm: 1.353846e+06
iter: 5 error: 1.154530e+02 gradnorm: 6.253316e+05
iter: 6 error: 8.898988e+01 gradnorm: 6.393502e+05
iter: 7 error: 7.453167e+01 gradnorm: 5.415048e+05
iter: 8 error: 6.935667e+01 gradnorm: 9.745944e+05
iter: 9 error: 5.777769e+01 gradnorm: 2.277661e+05
iter: 10 error: 4.873887e+01 gradnorm: 1.924603e+05
iter: 11 error: 4.171440e+01 gradnorm: 1.086209e+05
iter: 12 error: 3.749451e+01 gradnorm: 1.863441e+05
iter: 13 error: 3.463406e+01 gradnorm: 1.061054e+05
iter: 14 error: 3.146761e+01 gradnorm: 6.068177e+04
iter: 15 error: 2.879939e+01 gradnorm: 7.058772e+04
iter: 16 error: 2.797890e+01 gradnorm: 1.402814e+05
iter: 17 error: 2.682310e+01 gradnorm: 4.738408e+04
iter: 18 error: 2.524189e+01 gradnorm: 2.666861e+04
iter: 19 error: 2.394850e+01 gradnorm: 2.563713e+04
iter: 20 error: 2.288815e+01 gradnorm: 1.501927e+04
iter: 21 error: 2.195792e+01 gradnorm: 1.230571e+04
iter: 22 error: 2.126289e+01 gradnorm: 1.018487e+04
iter: 23 error: 2.097298e+01 gradnorm: 4.640359e+04
iter: 24 error: 2.069336e+01 gradnorm: 1.055882e+04
recon: 3.096455e+00 proj: 1.846207e+00 (1.272445e+00 5.160152e-02 5.221273e-01) backproj: 8.632748e-01 (1.922590e-01 1.505408e-02 6.559459e-01) ctime: 3.862601e-01 wtime: 5.727380e-04
numproj: 49 numback: 25
proj: 2.544898e+00 s (9.049910 GFLOPS) backproj: 1.311919e+00 s (8.956776 GFLOPS) avGFLOPS: 9.018230 totGFLOPS: 18.036459
proj: 31.399639 GB/s back: 30.229086 GB/s av: 31.001469 GB/s tot: 62.002938 GB/s
Total Time: 4.905220e+00
