Using mpirun from /opt/hpcx-v2.7.0-gcc-MLNX_OFED_LINUX-5.1-0.6.6.0-redhat7.7-x86_64/ompi/bin/mpirun
mpirun (Open MPI) 4.0.4rc3

Report bugs to http://www.open-mpi.org/community/help/
Using hosts: hpc-pg0-1:120
PKEY: 0x003d
NUM. THETA             : 375
NUM. RHO               : 1024
NUM. X PIXELS          : 1024
NUM. Y PIXELS          : 1024

NUM. OF PIXELS         : 1048576
NUM. OF RAYS           : 384000

NUM. ITERATIONS        : 24

SPATIAL TILE SIZE      : 32
SPECTRAL TILE SIZE     : 32

NUMBER OF X TILES      : 32
NUMBER OF Y TILES      : 32
NUM. OF THETA TILES    : 12
NUM. OF RHO TILES      : 32

NUM. SPATIAL TILES     : 1024
NUM. SPECTRAL TILES    : 384

NUM. OF X PIXELS (EXT) : 1024
NUM. OF Y PIXELS (EXT) : 1024
NUM. OF ANGLES (EXT)   : 384
NUM. OF RHOS (EXT)     : 1024

NUM. OF PIXELS (EXT)   : 1048576
NUM. OF RAYS (EXT)     : 393216

NUMBER OF PROCESSES    : 1
NUMBER OF THRD./PROC.  : 120

INTEGER: 4, FLOAT: 4, LONG: 8, SHORT: 2, POINTER: 8
APPROX. MEMORY     TOTAL: 8.789062e+00 GB
APPROX. MEMORY PER PROC.: 8.789062e+00 GB

X START       : -5.120000e+02
Y START       : -5.120000e+02
PIXEL SIZE    : 1.000000e+00
RHO START     : -5.120000e+02
RAY LENGTH    : 2.048000e+03

SPATIAL INDEXING       : 5
SPECTRAL INDEXING      : 5
 1: CARTESIAN, NATURAL
 2: CARTESIAN, TRANSPOSED
 3: MORTON, NATURAL
 4: MORTON, TRANSPOSED
 5: HILBERT
PROJECTION BLOCK SIZE      : 512
BACKPROJECTION BLOCK SIZE  : 512
PROJECTION BUFFER SIZE      : 8 KB
BACKPROJECTION BUFFER SIZE  : 8 KB

SINOGRAM FILE : /shared/scratch/MemXCT/data/CDS2_sinogram.bin
   THETA FILE : /shared/scratch/MemXCT/data/CDS2_theta.bin
  OUTPUT FILE : /shared/scratch/MemXCT/recon_CDS2-1.bin


PLACE TILES
lspat 32 lspatdim 32
lspec 32 lspecdim 32
MPI PARTITIONING
proc: 0 numspats: 1024 numpixs: 1048576 numspecs: 384 numrays: 393216
maxnumpix: 1048576 maxnumray: 393216
FILL PIXELS AND RAYS
INPUT THETA DATA
DOMAIN PARTITIONING

CONSTRUCT PROJECTION MATRIX
CSR STORAGE: 470024162 (3.501953 GB) rownzmax 2046
RAY-TRACING TIME: 4.595850e-01
CONSTRUCT BACKPROJECTION MATRIX
CSR STORAGE: 470024162 (3.501953 GB) rownzmax 607
TRANSPOSITION TIME: 4.593058e-01

BLOCKING PROJECTION MATRIX
NUMBER OF BLOCKS: 750 BUFFSIZE: 2048
NUMBER OF BUFFERS: 18280 AVERAGE BUFF/BLOCK: 24.373333 MAX BUFF/BLOCK: 42
BUFFER MAP: 36702739 (0.136728 GB)
CSR STORAGE: 470024162 (2.626465 GB) buffnzmax: 284 STORAGE EFFICIENCY: 1.500000 DATA REUSE: 12.806242
BLOCKING TIME: 4.866401e-01
BLOCKING BACKPROJECTION MATRIX
NUMBER OF BLOCKS: 2048 BUFFSIZE: 2048
NUMBER OF BUFFERS: 11604 AVERAGE BUFF/BLOCK: 5.666016 MAX BUFF/BLOCK: 6
BUFFER MAP: 22022777 (0.082041 GB)
CSR STORAGE: 470024162 (2.626465 GB) buffnzmax: 321 STORAGE EFFICIENCY: 1.500000 DATA REUSE: 21.342640
BLOCKING TIME: 1.303467e-01

FILL PROJECTION MATRIX
TIME: 2.856941e-01
FILL BACKPROJECTION MATRIX
TIME: 1.849413e-01
REDUCTION MAPPINGS
PREPROCESSING TIME: 2.030707e+00
INPUT MEASUREMENT DATA
INPUT ENDS
GRADIENT-DESCENT OPTIMIZATION
iter: 0 error: 5.498395e+04 gradnorm: 5.780559e+09
iter: 1 error: 2.713759e+04 gradnorm: 4.174669e+08
iter: 2 error: 2.306865e+04 gradnorm: 9.086838e+07
iter: 3 error: 2.127431e+04 gradnorm: 3.168982e+07
iter: 4 error: 2.032669e+04 gradnorm: 1.557750e+07
iter: 5 error: 1.975908e+04 gradnorm: 1.008935e+07
iter: 6 error: 1.938425e+04 gradnorm: 8.237718e+06
iter: 7 error: 1.911245e+04 gradnorm: 6.113926e+06
iter: 8 error: 1.886967e+04 gradnorm: 5.583184e+06
iter: 9 error: 1.871030e+04 gradnorm: 9.938501e+06
iter: 10 error: 1.862214e+04 gradnorm: 5.446996e+06
iter: 11 error: 1.844730e+04 gradnorm: 4.174602e+06
iter: 12 error: 1.828188e+04 gradnorm: 3.279170e+06
iter: 13 error: 1.811535e+04 gradnorm: 2.897518e+06
iter: 14 error: 1.798116e+04 gradnorm: 2.757820e+06
iter: 15 error: 1.784888e+04 gradnorm: 2.261625e+06
iter: 16 error: 1.775572e+04 gradnorm: 4.717898e+06
iter: 17 error: 1.769112e+04 gradnorm: 3.449038e+06
iter: 18 error: 1.765293e+04 gradnorm: 3.066285e+06
iter: 19 error: 1.754208e+04 gradnorm: 1.762868e+06
iter: 20 error: 1.745007e+04 gradnorm: 1.917984e+06
iter: 21 error: 1.736016e+04 gradnorm: 1.586915e+06
iter: 22 error: 1.726249e+04 gradnorm: 1.342779e+06
iter: 23 error: 1.717040e+04 gradnorm: 1.381105e+06
iter: 24 error: 1.712935e+04 gradnorm: 5.059446e+06
recon: 2.892788e+00 proj: 1.650096e+00 (1.487001e+00 2.156798e-02 1.414877e-01) backproj: 8.854049e-01 (2.171359e-02 5.074308e-03 8.586003e-01) ctime: 3.571145e-01 wtime: 7.870700e-05
numproj: 49 numback: 25
proj: 1.487001e+00 s (30.976683 GFLOPS) backproj: 8.586003e-01 s (27.371536 GFLOPS) avGFLOPS: 29.657030 totGFLOPS: 29.657030
proj: 97.767795 GB/s back: 84.679571 GB/s av: 92.976891 GB/s tot: 92.976891 GB/s
Total Time: 5.522210e+00
