Using mpirun from /opt/hpcx-v2.7.0-gcc-MLNX_OFED_LINUX-5.1-0.6.6.0-redhat7.7-x86_64/ompi/bin/mpirun
mpirun (Open MPI) 4.0.4rc3

Report bugs to http://www.open-mpi.org/community/help/
Using hosts: hpc-pg0-1:120,hpc-pg0-2:120
PKEY: 0x001b
NUM. THETA             : 750
NUM. RHO               : 512
NUM. X PIXELS          : 512
NUM. Y PIXELS          : 512

NUM. OF PIXELS         : 262144
NUM. OF RAYS           : 384000

NUM. ITERATIONS        : 24

SPATIAL TILE SIZE      : 32
SPECTRAL TILE SIZE     : 32

NUMBER OF X TILES      : 16
NUMBER OF Y TILES      : 16
NUM. OF THETA TILES    : 24
NUM. OF RHO TILES      : 16

NUM. SPATIAL TILES     : 256
NUM. SPECTRAL TILES    : 384

NUM. OF X PIXELS (EXT) : 512
NUM. OF Y PIXELS (EXT) : 512
NUM. OF ANGLES (EXT)   : 768
NUM. OF RHOS (EXT)     : 512

NUM. OF PIXELS (EXT)   : 262144
NUM. OF RAYS (EXT)     : 393216

NUMBER OF PROCESSES    : 4
NUMBER OF THRD./PROC.  : 60

INTEGER: 4, FLOAT: 4, LONG: 8, SHORT: 2, POINTER: 8
APPROX. MEMORY     TOTAL: 4.394531e+00 GB
APPROX. MEMORY PER PROC.: 1.098633e+00 GB

X START       : -2.560000e+02
Y START       : -2.560000e+02
PIXEL SIZE    : 1.000000e+00
RHO START     : -2.560000e+02
RAY LENGTH    : 1.024000e+03

SPATIAL INDEXING       : 5
SPECTRAL INDEXING      : 5
 1: CARTESIAN, NATURAL
 2: CARTESIAN, TRANSPOSED
 3: MORTON, NATURAL
 4: MORTON, TRANSPOSED
 5: HILBERT
PROJECTION BLOCK SIZE      : 32
BACKPROJECTION BLOCK SIZE  : 32
PROJECTION BUFFER SIZE      : 8 KB
BACKPROJECTION BUFFER SIZE  : 8 KB

SINOGRAM FILE : /shared/scratch/MemXCT/data/CDS1_sinogram.bin
   THETA FILE : /shared/scratch/MemXCT/data/CDS1_theta.bin
  OUTPUT FILE : /shared/scratch/MemXCT/recon_CDS1-1.bin


PLACE TILES
lspat 16 lspatdim 16
lspec 24 lspecdim 32
MPI PARTITIONING
proc: 0 numspats: 64 numpixs: 65536 numspecs: 96 numrays: 98304
proc: 1 numspats: 64 numpixs: 65536 numspecs: 96 numrays: 98304
proc: 2 numspats: 64 numpixs: 65536 numspecs: 96 numrays: 98304
proc: 3 numspats: 64 numpixs: 65536 numspecs: 96 numrays: 98304
maxnumpix: 65536 maxnumray: 98304
FILL PIXELS AND RAYS
INPUT THETA DATA
DOMAIN PARTITIONING

CONSTRUCT PROJECTION MATRIX
CSR STORAGE: 235011243 (1.750970 GB) rownzmax 511
RAY-TRACING TIME: 9.967526e-02
CONSTRUCT BACKPROJECTION MATRIX
CSR STORAGE: 235011243 (1.750970 GB) rownzmax 1092
TRANSPOSITION TIME: 1.203140e-01

BLOCKING PROJECTION MATRIX
NUMBER OF BLOCKS: 6820 BUFFSIZE: 2048
NUMBER OF BUFFERS: 10799 AVERAGE BUFF/BLOCK: 1.583431 MAX BUFF/BLOCK: 3
BUFFER MAP: 54686244 (0.203722 GB)
CSR STORAGE: 235011243 (1.313228 GB) buffnzmax: 454 STORAGE EFFICIENCY: 0.374999 DATA REUSE: 4.172202
BLOCKING TIME: 1.354374e-01
BLOCKING BACKPROJECTION MATRIX
NUMBER OF BLOCKS: 2048 BUFFSIZE: 2048
NUMBER OF BUFFERS: 5916 AVERAGE BUFF/BLOCK: 2.888672 MAX BUFF/BLOCK: 3
BUFFER MAP: 44064181 (0.164152 GB)
CSR STORAGE: 235011243 (1.313228 GB) buffnzmax: 479 STORAGE EFFICIENCY: 0.374999 DATA REUSE: 5.332378
BLOCKING TIME: 8.449267e-02

FILL PROJECTION MATRIX
TIME: 6.377340e-02
FILL BACKPROJECTION MATRIX
TIME: 6.186521e-02
REDUCTION MAPPINGS
PREPROCESSING TIME: 7.089225e-01
INPUT MEASUREMENT DATA
INPUT ENDS
GRADIENT-DESCENT OPTIMIZATION
iter: 0 error: 4.959039e+04 gradnorm: 1.560967e+10
iter: 1 error: 5.316521e+03 gradnorm: 4.760839e+08
iter: 2 error: 5.074598e+02 gradnorm: 1.604489e+07
iter: 3 error: 2.940098e+02 gradnorm: 8.082408e+06
iter: 4 error: 1.716273e+02 gradnorm: 1.353846e+06
iter: 5 error: 1.154529e+02 gradnorm: 6.253164e+05
iter: 6 error: 8.898099e+01 gradnorm: 6.365366e+05
iter: 7 error: 7.411362e+01 gradnorm: 4.193912e+05
iter: 8 error: 6.112377e+01 gradnorm: 8.008080e+05
iter: 9 error: 5.762223e+01 gradnorm: 2.755468e+05
iter: 10 error: 4.873817e+01 gradnorm: 1.926832e+05
iter: 11 error: 4.171463e+01 gradnorm: 1.086473e+05
iter: 12 error: 3.749846e+01 gradnorm: 1.865104e+05
iter: 13 error: 3.463501e+01 gradnorm: 1.060356e+05
iter: 14 error: 3.146748e+01 gradnorm: 6.062430e+04
iter: 15 error: 2.876486e+01 gradnorm: 5.968580e+04
iter: 16 error: 2.711425e+01 gradnorm: 5.003577e+04
iter: 17 error: 2.625429e+01 gradnorm: 1.482528e+05
iter: 18 error: 2.523940e+01 gradnorm: 2.747168e+04
iter: 19 error: 2.394849e+01 gradnorm: 2.564009e+04
iter: 20 error: 2.288815e+01 gradnorm: 1.501932e+04
iter: 21 error: 2.195793e+01 gradnorm: 1.230720e+04
iter: 22 error: 2.126276e+01 gradnorm: 9.934962e+03
iter: 23 error: 2.085498e+01 gradnorm: 3.019498e+04
iter: 24 error: 2.069504e+01 gradnorm: 1.463982e+04
recon: 5.529657e+00 proj: 2.157514e+00 (1.456301e+00 5.445132e-02 6.467096e-01) backproj: 1.783478e+00 (1.049425e+00 3.539223e-02 6.986374e-01) ctime: 1.570715e+00 wtime: 6.902856e-03
numproj: 49 numback: 25
proj: 5.821511e+00 s (3.956207 GFLOPS) backproj: 2.797415e+00 s (4.200507 GFLOPS) avGFLOPS: 4.035499 totGFLOPS: 16.141994
proj: 13.709810 GB/s back: 14.176696 GB/s av: 13.861345 GB/s tot: 55.445382 GB/s
Total Time: 7.070522e+00
