Using mpirun from /opt/hpcx-v2.7.0-gcc-MLNX_OFED_LINUX-5.1-0.6.6.0-redhat7.7-x86_64/ompi/bin/mpirun
mpirun (Open MPI) 4.0.4rc3

Report bugs to http://www.open-mpi.org/community/help/
Using hosts: hpc-pg0-2:120,hpc-pg0-3:120
PKEY: 0x001b
NUM. THETA             : 750
NUM. RHO               : 512
NUM. X PIXELS          : 512
NUM. Y PIXELS          : 512

NUM. OF PIXELS         : 262144
NUM. OF RAYS           : 384000

NUM. ITERATIONS        : 24

SPATIAL TILE SIZE      : 32
SPECTRAL TILE SIZE     : 32

NUMBER OF X TILES      : 16
NUMBER OF Y TILES      : 16
NUM. OF THETA TILES    : 24
NUM. OF RHO TILES      : 16

NUM. SPATIAL TILES     : 256
NUM. SPECTRAL TILES    : 384

NUM. OF X PIXELS (EXT) : 512
NUM. OF Y PIXELS (EXT) : 512
NUM. OF ANGLES (EXT)   : 768
NUM. OF RHOS (EXT)     : 512

NUM. OF PIXELS (EXT)   : 262144
NUM. OF RAYS (EXT)     : 393216

NUMBER OF PROCESSES    : 4
NUMBER OF THRD./PROC.  : 60

INTEGER: 4, FLOAT: 4, LONG: 8, SHORT: 2, POINTER: 8
APPROX. MEMORY     TOTAL: 4.394531e+00 GB
APPROX. MEMORY PER PROC.: 1.098633e+00 GB

X START       : -2.560000e+02
Y START       : -2.560000e+02
PIXEL SIZE    : 1.000000e+00
RHO START     : -2.560000e+02
RAY LENGTH    : 1.024000e+03

SPATIAL INDEXING       : 5
SPECTRAL INDEXING      : 5
 1: CARTESIAN, NATURAL
 2: CARTESIAN, TRANSPOSED
 3: MORTON, NATURAL
 4: MORTON, TRANSPOSED
 5: HILBERT
PROJECTION BLOCK SIZE      : 32
BACKPROJECTION BLOCK SIZE  : 32
PROJECTION BUFFER SIZE      : 8 KB
BACKPROJECTION BUFFER SIZE  : 8 KB

SINOGRAM FILE : /shared/scratch/MemXCT/data/CDS1_sinogram.bin
   THETA FILE : /shared/scratch/MemXCT/data/CDS1_theta.bin
  OUTPUT FILE : /shared/scratch/MemXCT/recon_CDS1-1.bin


PLACE TILES
lspat 16 lspatdim 16
lspec 24 lspecdim 32
MPI PARTITIONING
proc: 0 numspats: 64 numpixs: 65536 numspecs: 96 numrays: 98304
proc: 1 numspats: 64 numpixs: 65536 numspecs: 96 numrays: 98304
proc: 2 numspats: 64 numpixs: 65536 numspecs: 96 numrays: 98304
proc: 3 numspats: 64 numpixs: 65536 numspecs: 96 numrays: 98304
maxnumpix: 65536 maxnumray: 98304
FILL PIXELS AND RAYS
INPUT THETA DATA
DOMAIN PARTITIONING

CONSTRUCT PROJECTION MATRIX
CSR STORAGE: 235011243 (1.750970 GB) rownzmax 511
RAY-TRACING TIME: 1.072119e-01
CONSTRUCT BACKPROJECTION MATRIX
CSR STORAGE: 235011243 (1.750970 GB) rownzmax 1092
TRANSPOSITION TIME: 1.015937e-01

BLOCKING PROJECTION MATRIX
NUMBER OF BLOCKS: 6820 BUFFSIZE: 2048
NUMBER OF BUFFERS: 10799 AVERAGE BUFF/BLOCK: 1.583431 MAX BUFF/BLOCK: 3
BUFFER MAP: 54686244 (0.203722 GB)
CSR STORAGE: 235011243 (1.313228 GB) buffnzmax: 454 STORAGE EFFICIENCY: 0.374999 DATA REUSE: 4.172202
BLOCKING TIME: 1.165542e-01
BLOCKING BACKPROJECTION MATRIX
NUMBER OF BLOCKS: 2048 BUFFSIZE: 2048
NUMBER OF BUFFERS: 5916 AVERAGE BUFF/BLOCK: 2.888672 MAX BUFF/BLOCK: 3
BUFFER MAP: 44064181 (0.164152 GB)
CSR STORAGE: 235011243 (1.313228 GB) buffnzmax: 479 STORAGE EFFICIENCY: 0.374999 DATA REUSE: 5.332378
BLOCKING TIME: 8.385695e-02

FILL PROJECTION MATRIX
TIME: 3.953590e-02
FILL BACKPROJECTION MATRIX
TIME: 4.418914e-02
REDUCTION MAPPINGS
PREPROCESSING TIME: 5.135771e-01
INPUT MEASUREMENT DATA
INPUT ENDS
GRADIENT-DESCENT OPTIMIZATION
iter: 0 error: 4.959038e+04 gradnorm: 1.560967e+10
iter: 1 error: 5.316521e+03 gradnorm: 4.760838e+08
iter: 2 error: 5.074598e+02 gradnorm: 1.604489e+07
iter: 3 error: 2.940097e+02 gradnorm: 8.082410e+06
iter: 4 error: 1.716274e+02 gradnorm: 1.353846e+06
iter: 5 error: 1.154530e+02 gradnorm: 6.253299e+05
iter: 6 error: 8.898882e+01 gradnorm: 6.390123e+05
iter: 7 error: 7.448314e+01 gradnorm: 5.277838e+05
iter: 8 error: 6.912141e+01 gradnorm: 1.017577e+06
iter: 9 error: 5.777679e+01 gradnorm: 2.280502e+05
iter: 10 error: 4.873887e+01 gradnorm: 1.924616e+05
iter: 11 error: 4.171439e+01 gradnorm: 1.086199e+05
iter: 12 error: 3.749437e+01 gradnorm: 1.863375e+05
iter: 13 error: 3.463402e+01 gradnorm: 1.061076e+05
iter: 14 error: 3.146748e+01 gradnorm: 6.063847e+04
iter: 15 error: 2.877194e+01 gradnorm: 6.195134e+04
iter: 16 error: 2.748414e+01 gradnorm: 1.299656e+05
iter: 17 error: 2.680160e+01 gradnorm: 5.382793e+04
iter: 18 error: 2.524183e+01 gradnorm: 2.668714e+04
iter: 19 error: 2.394850e+01 gradnorm: 2.563717e+04
iter: 20 error: 2.288815e+01 gradnorm: 1.501934e+04
iter: 21 error: 2.195795e+01 gradnorm: 1.230817e+04
iter: 22 error: 2.126294e+01 gradnorm: 9.896650e+03
iter: 23 error: 2.080956e+01 gradnorm: 1.633094e+04
iter: 24 error: 2.059082e+01 gradnorm: 1.059462e+04
recon: 4.443211e+00 proj: 2.225378e+00 (1.235955e+00 7.754461e-02 9.118275e-01) backproj: 1.277614e+00 (6.399882e-01 3.001979e-02 6.075845e-01) ctime: 9.335190e-01 wtime: 3.224065e-03
numproj: 49 numback: 25
proj: 4.938360e+00 s (4.663715 GFLOPS) backproj: 2.430915e+00 s (4.833801 GFLOPS) avGFLOPS: 4.719822 totGFLOPS: 18.879286
proj: 16.161603 GB/s back: 16.314062 GB/s av: 16.211895 GB/s tot: 64.847579 GB/s
Total Time: 5.614281e+00
