Using mpirun from /opt/hpcx-v2.7.0-gcc-MLNX_OFED_LINUX-5.1-0.6.6.0-redhat7.7-x86_64/ompi/bin/mpirun
mpirun (Open MPI) 4.0.4rc3

Report bugs to http://www.open-mpi.org/community/help/
Using hosts: hpc-pg0-1:120
PKEY: 0x003d
NUM. THETA             : 750
NUM. RHO               : 512
NUM. X PIXELS          : 512
NUM. Y PIXELS          : 512

NUM. OF PIXELS         : 262144
NUM. OF RAYS           : 384000

NUM. ITERATIONS        : 24

SPATIAL TILE SIZE      : 32
SPECTRAL TILE SIZE     : 32

NUMBER OF X TILES      : 16
NUMBER OF Y TILES      : 16
NUM. OF THETA TILES    : 24
NUM. OF RHO TILES      : 16

NUM. SPATIAL TILES     : 256
NUM. SPECTRAL TILES    : 384

NUM. OF X PIXELS (EXT) : 512
NUM. OF Y PIXELS (EXT) : 512
NUM. OF ANGLES (EXT)   : 768
NUM. OF RHOS (EXT)     : 512

NUM. OF PIXELS (EXT)   : 262144
NUM. OF RAYS (EXT)     : 393216

NUMBER OF PROCESSES    : 1
NUMBER OF THRD./PROC.  : 120

INTEGER: 4, FLOAT: 4, LONG: 8, SHORT: 2, POINTER: 8
APPROX. MEMORY     TOTAL: 4.394531e+00 GB
APPROX. MEMORY PER PROC.: 4.394531e+00 GB

X START       : -2.560000e+02
Y START       : -2.560000e+02
PIXEL SIZE    : 1.000000e+00
RHO START     : -2.560000e+02
RAY LENGTH    : 1.024000e+03

SPATIAL INDEXING       : 5
SPECTRAL INDEXING      : 5
 1: CARTESIAN, NATURAL
 2: CARTESIAN, TRANSPOSED
 3: MORTON, NATURAL
 4: MORTON, TRANSPOSED
 5: HILBERT
PROJECTION BLOCK SIZE      : 512
BACKPROJECTION BLOCK SIZE  : 512
PROJECTION BUFFER SIZE      : 8 KB
BACKPROJECTION BUFFER SIZE  : 8 KB

SINOGRAM FILE : /shared/scratch/MemXCT/data/CDS1_sinogram.bin
   THETA FILE : /shared/scratch/MemXCT/data/CDS1_theta.bin
  OUTPUT FILE : /shared/scratch/MemXCT/recon_CDS1-1.bin


PLACE TILES
lspat 16 lspatdim 16
lspec 24 lspecdim 32
MPI PARTITIONING
proc: 0 numspats: 256 numpixs: 262144 numspecs: 384 numrays: 393216
maxnumpix: 262144 maxnumray: 393216
FILL PIXELS AND RAYS
INPUT THETA DATA
DOMAIN PARTITIONING

CONSTRUCT PROJECTION MATRIX
CSR STORAGE: 235011239 (1.750970 GB) rownzmax 1022
RAY-TRACING TIME: 1.926018e-01
CONSTRUCT BACKPROJECTION MATRIX
CSR STORAGE: 235011239 (1.750970 GB) rownzmax 1092
TRANSPOSITION TIME: 2.308506e-01

BLOCKING PROJECTION MATRIX
NUMBER OF BLOCKS: 750 BUFFSIZE: 2048
NUMBER OF BUFFERS: 6342 AVERAGE BUFF/BLOCK: 8.456000 MAX BUFF/BLOCK: 15
BUFFER MAP: 12205108 (0.045468 GB)
CSR STORAGE: 235011239 (1.313228 GB) buffnzmax: 270 STORAGE EFFICIENCY: 1.500000 DATA REUSE: 19.255154
BLOCKING TIME: 1.937467e-01
BLOCKING BACKPROJECTION MATRIX
NUMBER OF BLOCKS: 512 BUFFSIZE: 2048
NUMBER OF BUFFERS: 5760 AVERAGE BUFF/BLOCK: 11.250000 MAX BUFF/BLOCK: 12
BUFFER MAP: 11012397 (0.041024 GB)
CSR STORAGE: 235011239 (1.313228 GB) buffnzmax: 294 STORAGE EFFICIENCY: 1.500000 DATA REUSE: 21.340607
BLOCKING TIME: 3.714601e-01

FILL PROJECTION MATRIX
TIME: 2.435012e-01
FILL BACKPROJECTION MATRIX
TIME: 1.782888e-01
REDUCTION MAPPINGS
PREPROCESSING TIME: 1.468675e+00
INPUT MEASUREMENT DATA
INPUT ENDS
GRADIENT-DESCENT OPTIMIZATION
iter: 0 error: 4.959038e+04 gradnorm: 1.560967e+10
iter: 1 error: 5.316521e+03 gradnorm: 4.760842e+08
iter: 2 error: 5.074598e+02 gradnorm: 1.604489e+07
iter: 3 error: 2.940097e+02 gradnorm: 8.082410e+06
iter: 4 error: 1.716274e+02 gradnorm: 1.353849e+06
iter: 5 error: 1.154540e+02 gradnorm: 6.257018e+05
iter: 6 error: 8.920060e+01 gradnorm: 7.052478e+05
iter: 7 error: 7.962635e+01 gradnorm: 1.305804e+06
iter: 8 error: 7.150408e+01 gradnorm: 4.518712e+05
iter: 9 error: 5.778438e+01 gradnorm: 2.256702e+05
iter: 10 error: 4.873890e+01 gradnorm: 1.924520e+05
iter: 11 error: 4.171451e+01 gradnorm: 1.086412e+05
iter: 12 error: 3.750069e+01 gradnorm: 1.876443e+05
iter: 13 error: 3.470106e+01 gradnorm: 1.237158e+05
iter: 14 error: 3.314043e+01 gradnorm: 2.622763e+05
iter: 15 error: 3.111241e+01 gradnorm: 6.165686e+04
iter: 16 error: 2.842561e+01 gradnorm: 5.463387e+04
iter: 17 error: 2.682884e+01 gradnorm: 4.562627e+04
iter: 18 error: 2.524193e+01 gradnorm: 2.666959e+04
iter: 19 error: 2.395300e+01 gradnorm: 2.709188e+04
iter: 20 error: 2.331467e+01 gradnorm: 9.376611e+04
iter: 21 error: 2.280094e+01 gradnorm: 1.557955e+04
iter: 22 error: 2.188875e+01 gradnorm: 1.199505e+04
iter: 23 error: 2.120709e+01 gradnorm: 9.449796e+03
iter: 24 error: 2.069907e+01 gradnorm: 1.019092e+04
recon: 2.689822e+00 proj: 1.236222e+00 (9.655507e-01 2.093525e-02 2.497002e-01) backproj: 6.222492e-01 (1.444089e-01 5.754035e-03 4.720689e-01) ctime: 8.311549e-01 wtime: 1.003010e-04
numproj: 49 numback: 25
proj: 9.655507e-01 s (23.852814 GFLOPS) backproj: 4.720689e-01 s (24.891626 GFLOPS) avGFLOPS: 24.193927 totGFLOPS: 24.193927
proj: 74.035993 GB/s back: 77.007672 GB/s av: 75.011798 GB/s tot: 75.011798 GB/s
Total Time: 4.751771e+00
