Using mpirun from /opt/hpcx-v2.7.0-gcc-MLNX_OFED_LINUX-5.1-0.6.6.0-redhat7.7-x86_64/ompi/bin/mpirun
mpirun (Open MPI) 4.0.4rc3

Report bugs to http://www.open-mpi.org/community/help/
Using hosts: hpc-pg0-1:120,hpc-pg0-2:120
PKEY: 0x003d
NUM. THETA             : 375
NUM. RHO               : 1024
NUM. X PIXELS          : 1024
NUM. Y PIXELS          : 1024

NUM. OF PIXELS         : 1048576
NUM. OF RAYS           : 384000

NUM. ITERATIONS        : 24

SPATIAL TILE SIZE      : 32
SPECTRAL TILE SIZE     : 32

NUMBER OF X TILES      : 32
NUMBER OF Y TILES      : 32
NUM. OF THETA TILES    : 12
NUM. OF RHO TILES      : 32

NUM. SPATIAL TILES     : 1024
NUM. SPECTRAL TILES    : 384

NUM. OF X PIXELS (EXT) : 1024
NUM. OF Y PIXELS (EXT) : 1024
NUM. OF ANGLES (EXT)   : 384
NUM. OF RHOS (EXT)     : 1024

NUM. OF PIXELS (EXT)   : 1048576
NUM. OF RAYS (EXT)     : 393216

NUMBER OF PROCESSES    : 2
NUMBER OF THRD./PROC.  : 120

INTEGER: 4, FLOAT: 4, LONG: 8, SHORT: 2, POINTER: 8
APPROX. MEMORY     TOTAL: 8.789062e+00 GB
APPROX. MEMORY PER PROC.: 4.394531e+00 GB

X START       : -5.120000e+02
Y START       : -5.120000e+02
PIXEL SIZE    : 1.000000e+00
RHO START     : -5.120000e+02
RAY LENGTH    : 2.048000e+03

SPATIAL INDEXING       : 5
SPECTRAL INDEXING      : 5
 1: CARTESIAN, NATURAL
 2: CARTESIAN, TRANSPOSED
 3: MORTON, NATURAL
 4: MORTON, TRANSPOSED
 5: HILBERT
PROJECTION BLOCK SIZE      : 512
BACKPROJECTION BLOCK SIZE  : 512
PROJECTION BUFFER SIZE      : 8 KB
BACKPROJECTION BUFFER SIZE  : 8 KB

SINOGRAM FILE : /shared/scratch/MemXCT/data/CDS2_sinogram.bin
   THETA FILE : /shared/scratch/MemXCT/data/CDS2_theta.bin
  OUTPUT FILE : /shared/scratch/MemXCT/recon_CDS2-2.bin


PLACE TILES
lspat 32 lspatdim 32
lspec 32 lspecdim 32
MPI PARTITIONING
proc: 0 numspats: 512 numpixs: 524288 numspecs: 192 numrays: 196608
proc: 1 numspats: 512 numpixs: 524288 numspecs: 192 numrays: 196608
maxnumpix: 524288 maxnumray: 196608
FILL PIXELS AND RAYS
INPUT THETA DATA
DOMAIN PARTITIONING

CONSTRUCT PROJECTION MATRIX
CSR STORAGE: 470024162 (3.501953 GB) rownzmax 1534
RAY-TRACING TIME: 2.346157e-01
CONSTRUCT BACKPROJECTION MATRIX
CSR STORAGE: 470024162 (3.501953 GB) rownzmax 607
TRANSPOSITION TIME: 3.051047e-01

BLOCKING PROJECTION MATRIX
NUMBER OF BLOCKS: 614 BUFFSIZE: 2048
NUMBER OF BUFFERS: 9333 AVERAGE BUFF/BLOCK: 15.200326 MAX BUFF/BLOCK: 29
BUFFER MAP: 37877669 (0.141105 GB)
CSR STORAGE: 470024162 (2.626465 GB) buffnzmax: 297 STORAGE EFFICIENCY: 0.749997 DATA REUSE: 12.688091
BLOCKING TIME: 4.679598e-01
BLOCKING BACKPROJECTION MATRIX
NUMBER OF BLOCKS: 1024 BUFFSIZE: 2048
NUMBER OF BUFFERS: 5802 AVERAGE BUFF/BLOCK: 5.666016 MAX BUFF/BLOCK: 6
BUFFER MAP: 22022777 (0.082041 GB)
CSR STORAGE: 470024162 (2.626465 GB) buffnzmax: 321 STORAGE EFFICIENCY: 0.749997 DATA REUSE: 21.342545
BLOCKING TIME: 3.839180e-01

FILL PROJECTION MATRIX
TIME: 8.053899e-01
FILL BACKPROJECTION MATRIX
TIME: 1.293185e-01
REDUCTION MAPPINGS
PREPROCESSING TIME: 2.800096e+00
INPUT MEASUREMENT DATA
INPUT ENDS
GRADIENT-DESCENT OPTIMIZATION
iter: 0 error: 5.498394e+04 gradnorm: 8.391543e+09
iter: 1 error: 1.188448e+04 gradnorm: 6.091304e+08
iter: 2 error: 6.055097e+03 gradnorm: 1.332260e+08
iter: 3 error: 3.391534e+03 gradnorm: 4.188764e+07
iter: 4 error: 2.293072e+03 gradnorm: 2.377178e+07
iter: 5 error: 1.950879e+03 gradnorm: 2.627772e+07
iter: 6 error: 1.553684e+03 gradnorm: 1.184680e+07
iter: 7 error: 1.298081e+03 gradnorm: 8.968611e+06
iter: 8 error: 1.044907e+03 gradnorm: 5.329428e+06
iter: 9 error: 8.758331e+02 gradnorm: 3.791853e+06
iter: 10 error: 7.404738e+02 gradnorm: 2.375236e+06
iter: 11 error: 6.494949e+02 gradnorm: 1.741143e+06
iter: 12 error: 5.757315e+02 gradnorm: 1.353985e+06
iter: 13 error: 5.422584e+02 gradnorm: 3.005611e+06
iter: 14 error: 5.100093e+02 gradnorm: 1.096888e+06
iter: 15 error: 4.721473e+02 gradnorm: 8.166711e+05
iter: 16 error: 4.372646e+02 gradnorm: 9.739724e+05
iter: 17 error: 4.266802e+02 gradnorm: 8.640176e+05
iter: 18 error: 3.999993e+02 gradnorm: 5.000936e+05
iter: 19 error: 3.798867e+02 gradnorm: 4.309499e+05
iter: 20 error: 3.601902e+02 gradnorm: 3.321436e+05
iter: 21 error: 3.439276e+02 gradnorm: 3.817938e+05
iter: 22 error: 3.350955e+02 gradnorm: 4.364772e+05
iter: 23 error: 3.228328e+02 gradnorm: 2.875529e+05
iter: 24 error: 3.166505e+02 gradnorm: 6.311391e+05
recon: 6.163307e+00 proj: 2.381211e+00 (1.504657e+00 3.502441e-02 8.414906e-01) backproj: 1.537485e+00 (6.599497e-01 1.781772e-02 8.596997e-01) ctime: 2.221983e+00 wtime: 1.272491e-02
numproj: 49 numback: 25
proj: 3.010065e+00 s (15.302784 GFLOPS) backproj: 1.715253e+00 s (13.701305 GFLOPS) avGFLOPS: 14.721460 totGFLOPS: 29.442920
proj: 48.374752 GB/s back: 42.387854 GB/s av: 46.201555 GB/s tot: 92.403110 GB/s
Total Time: 9.817839e+00
