Using mpirun from /opt/hpcx-v2.7.0-gcc-MLNX_OFED_LINUX-5.1-0.6.6.0-redhat7.7-x86_64/ompi/bin/mpirun
mpirun (Open MPI) 4.0.4rc3

Report bugs to http://www.open-mpi.org/community/help/
[LOG_CAT_ML] You must specify a valid HCA device by setting:
-x HCOLL_MAIN_IB=<dev_name:port> or -x UCX_NET_DEVICES=<dev_name:port>.
If no device was specified for HCOLL (or the calling library), automatic device detection will be run.
In case of unfounded HCA device please contact your system administrator.
[LOG_CAT_ML] You must specify a valid HCA device by setting:
-x HCOLL_MAIN_IB=<dev_name:port> or -x UCX_NET_DEVICES=<dev_name:port>.
If no device was specified for HCOLL (or the calling library), automatic device detection will be run.
In case of unfounded HCA device please contact your system administrator.
[LOG_CAT_ML] You must specify a valid HCA device by setting:
-x HCOLL_MAIN_IB=<dev_name:port> or -x UCX_NET_DEVICES=<dev_name:port>.
If no device was specified for HCOLL (or the calling library), automatic device detection will be run.
In case of unfounded HCA device please contact your system administrator.
[LOG_CAT_ML] You must specify a valid HCA device by setting:
-x HCOLL_MAIN_IB=<dev_name:port> or -x UCX_NET_DEVICES=<dev_name:port>.
If no device was specified for HCOLL (or the calling library), automatic device detection will be run.
In case of unfounded HCA device please contact your system administrator.
[ip-0A000006:07491] Error: coll_hcoll_module.c:301 - mca_coll_hcoll_comm_query() Hcol library init failed
[ip-0A000006:07489] Error: coll_hcoll_module.c:301 - mca_coll_hcoll_comm_query() Hcol library init failed
[ip-0A000006:07490] Error: coll_hcoll_module.c:301 - mca_coll_hcoll_comm_query() Hcol library init failed
[ip-0A000006:07488] Error: coll_hcoll_module.c:301 - mca_coll_hcoll_comm_query() Hcol library init failed
NUM. THETA             : 375
NUM. RHO               : 1024
NUM. X PIXELS          : 1024
NUM. Y PIXELS          : 1024

NUM. OF PIXELS         : 1048576
NUM. OF RAYS           : 384000

NUM. ITERATIONS        : 24

SPATIAL TILE SIZE      : 128
SPECTRAL TILE SIZE     : 128

NUMBER OF X TILES      : 8
NUMBER OF Y TILES      : 8
NUM. OF THETA TILES    : 3
NUM. OF RHO TILES      : 8

NUM. SPATIAL TILES     : 64
NUM. SPECTRAL TILES    : 24

NUM. OF X PIXELS (EXT) : 1024
NUM. OF Y PIXELS (EXT) : 1024
NUM. OF ANGLES (EXT)   : 384
NUM. OF RHOS (EXT)     : 1024

NUM. OF PIXELS (EXT)   : 1048576
NUM. OF RAYS (EXT)     : 393216

NUMBER OF PROCESSES    : 4
NUMBER OF THRD./PROC.  : 1

INTEGER: 4, FLOAT: 4, LONG: 8, SHORT: 2, POINTER: 8
APPROX. MEMORY     TOTAL: 8.789062e+00 GB
APPROX. MEMORY PER PROC.: 2.197266e+00 GB

X START       : -5.120000e+02
Y START       : -5.120000e+02
PIXEL SIZE    : 1.000000e+00
RHO START     : -5.120000e+02
RAY LENGTH    : 2.048000e+03

SPATIAL INDEXING       : 5
SPECTRAL INDEXING      : 5
 1: CARTESIAN, NATURAL
 2: CARTESIAN, TRANSPOSED
 3: MORTON, NATURAL
 4: MORTON, TRANSPOSED
PROJECTION BLOCK SIZE      : 512
BACKPROJECTION BLOCK SIZE  : 512
PROJECTION BUFFER SIZE      : 48 KB
BACKPROJECTION BUFFER SIZE  : 48 KB

SINOGRAM FILE : /shared/scratch/MemXCT/data/CDS2_sinogram.bin
   THETA FILE : /shared/scratch/MemXCT/data/CDS2_theta.bin
  OUTPUT FILE : /shared/scratch/MemXCT/recon_CDS2-4.bin


PLACE TILES
lspat 8 lspatdim 8
lspec 8 lspecdim 8
MPI PARTITIONING
proc: 0 numspats: 16 numpixs: 262144 numspecs: 6 numrays: 98304
proc: 1 numspats: 16 numpixs: 262144 numspecs: 6 numrays: 98304
proc: 2 numspats: 16 numpixs: 262144 numspecs: 6 numrays: 98304
proc: 3 numspats: 16 numpixs: 262144 numspecs: 6 numrays: 98304
maxnumpix: 262144 maxnumray: 98304
FILL PIXELS AND RAYS
INPUT THETA DATA
DOMAIN PARTITIONING
myid 0 raynuminc 203907/872942 raynumout 192000/872942
myid 1 raynuminc 232564/872942 raynumout 244471/872942
myid 3 raynuminc 203907/872942 raynumout 244471/872942
myid 2 raynuminc 232564/872942 raynumout 192000/872942

CONSTRUCT PROJECTION MATRIX
CSR STORAGE: 470024250 (3.501954 GB) rownzmax 1022
RAY-TRACING TIME: 6.638737e+00
CONSTRUCT BACKPROJECTION MATRIX
CSR STORAGE: 470024250 (3.501954 GB) rownzmax 607
TRANSPOSITION TIME: 1.849560e+00

BLOCKING PROJECTION MATRIX
NUMBER OF BLOCKS: 1706 BUFFSIZE: 12288
NUMBER OF BUFFERS: 3811 AVERAGE BUFF/BLOCK: 2.233881 MAX BUFF/BLOCK: 3
BUFF MAP: 46829568 (0.174454 GB)
ELLPACK STORAGE: 611264000 (3.415704 GB) buffnzmax: 667 STORAGE EFFICIENCY: 1.153407 DATA REUSE: 12.791389
BLOCKING TIME: 3.506036e+00
BLOCKING BACKPROJECTION MATRIX
NUMBER OF BLOCKS: 2048 BUFFSIZE: 12288
NUMBER OF BUFFERS: 2048 AVERAGE BUFF/BLOCK: 1.000000 MAX BUFF/BLOCK: 1
BUFF MAP: 25165824 (0.093750 GB)
ELLPACK STORAGE: 499561984 (2.791520 GB) buffnzmax: 607 STORAGE EFFICIENCY: 1.411309 DATA REUSE: 21.334793
BLOCKING TIME: 3.493305e+00

FILL PROJECTION MATRIX
TIME: 5.348389e+00
FILL BACKPROJECTION MATRIX
TIME: 7.066815e+00
myid: 1 device: 1
myid: 3 device: 3
myid: 2 device: 2
REDUCTION MAPPINGS
PREPROCESSING TIME: 2.790469e+01
myid: 0 device: 0

Device Count: 4
Device 0 name: 501804320
Computational Capabilities: 7, 0
Maximum global memory size: 16945512448
Maximum constant memory size: 65536
Maximum shared memory size per block: 49152
Maximum block dimensions: 1024x1024x64
Maximum grid dimensions: 2147483647x65535x65535
Maximum threads per block: 1024
Warp size: 32

PROC 0 TOTAL GPU MEMORY: 2.060051 GB
INPUT MEASUREMENT DATA
INPUT ENDS
GRADIENT-DESCENT OPTIMIZATION
PROC 2 TOTAL GPU MEMORY: 2.059772 GB
PROC 3 TOTAL GPU MEMORY: 2.514099 GB
PROC 1 TOTAL GPU MEMORY: 2.540706 GB
iter: 0 error: 5.497422e+04 gradnorm: 1.963784e+10
iter: 1 error: 3.375332e+03 gradnorm: 2.933065e+08
iter: 2 error: 1.127899e+03 gradnorm: 5.687590e+07
iter: 3 error: 4.702529e+02 gradnorm: 1.895871e+07
iter: 4 error: 3.071270e+02 gradnorm: 8.957129e+06
iter: 5 error: 2.100900e+02 gradnorm: 2.580529e+06
iter: 6 error: 1.483540e+02 gradnorm: 1.255672e+06
iter: 7 error: 1.235780e+02 gradnorm: 2.075931e+06
iter: 8 error: 1.123926e+02 gradnorm: 1.270748e+06
iter: 9 error: 9.418671e+01 gradnorm: 6.864554e+05
iter: 10 error: 7.640556e+01 gradnorm: 4.548587e+05
iter: 11 error: 6.296076e+01 gradnorm: 3.333932e+05
iter: 12 error: 5.229777e+01 gradnorm: 2.665875e+05
iter: 13 error: 4.667701e+01 gradnorm: 3.747330e+05
iter: 14 error: 4.356291e+01 gradnorm: 4.541272e+05
iter: 15 error: 3.979758e+01 gradnorm: 2.002362e+05
iter: 16 error: 3.767102e+01 gradnorm: 2.169863e+05
iter: 17 error: 3.324603e+01 gradnorm: 1.079851e+05
iter: 18 error: 3.073069e+01 gradnorm: 1.149701e+05
iter: 19 error: 2.891541e+01 gradnorm: 9.726695e+04
iter: 20 error: 2.676332e+01 gradnorm: 4.475383e+04
iter: 21 error: 2.510012e+01 gradnorm: 6.374024e+04
iter: 22 error: 2.459626e+01 gradnorm: 8.343778e+04
iter: 23 error: 2.384151e+01 gradnorm: 3.709616e+04
iter: 24 error: 2.305626e+01 gradnorm: 2.587054e+04
recon: 1.844154e-01 proj: 1.087785e-01 (5.168211e-02 4.363113e-02 3.852842e-03) backproj: 4.498767e-02 (2.447298e-03 1.705160e-02 2.281264e-02) ctime: 3.018727e-02 wtime: 3.087860e-04
numproj: 49 numback: 25
proj: 2.372244e-01 s (194.172130 GFLOPS) backproj: 9.593082e-02 s (244.980846 GFLOPS) avGFLOPS: 208.802310 totGFLOPS: 835.209242
proj: 796.251030 GB/s back: 807.361836 GB/s av: 799.450345 GB/s tot: 3197.801381 GB/s
Total Time: 2.926762e+01
