Using mpirun from /opt/hpcx-v2.7.0-gcc-MLNX_OFED_LINUX-5.1-0.6.6.0-redhat7.7-x86_64/ompi/bin/mpirun
mpirun (Open MPI) 4.0.4rc3

Report bugs to http://www.open-mpi.org/community/help/
Using hosts: hpc-pg0-1:120,hpc-pg0-2:120
PKEY: 0x0005
NUM. THETA             : 750
NUM. RHO               : 512
NUM. X PIXELS          : 512
NUM. Y PIXELS          : 512

NUM. OF PIXELS         : 262144
NUM. OF RAYS           : 384000

NUM. ITERATIONS        : 24

SPATIAL TILE SIZE      : 32
SPECTRAL TILE SIZE     : 32

NUMBER OF X TILES      : 16
NUMBER OF Y TILES      : 16
NUM. OF THETA TILES    : 24
NUM. OF RHO TILES      : 16

NUM. SPATIAL TILES     : 256
NUM. SPECTRAL TILES    : 384

NUM. OF X PIXELS (EXT) : 512
NUM. OF Y PIXELS (EXT) : 512
NUM. OF ANGLES (EXT)   : 768
NUM. OF RHOS (EXT)     : 512

NUM. OF PIXELS (EXT)   : 262144
NUM. OF RAYS (EXT)     : 393216

NUMBER OF PROCESSES    : 2
NUMBER OF THRD./PROC.  : 120

INTEGER: 4, FLOAT: 4, LONG: 8, SHORT: 2, POINTER: 8
APPROX. MEMORY     TOTAL: 4.394531e+00 GB
APPROX. MEMORY PER PROC.: 2.197266e+00 GB

X START       : -2.560000e+02
Y START       : -2.560000e+02
PIXEL SIZE    : 1.000000e+00
RHO START     : -2.560000e+02
RAY LENGTH    : 1.024000e+03

SPATIAL INDEXING       : 5
SPECTRAL INDEXING      : 5
 1: CARTESIAN, NATURAL
 2: CARTESIAN, TRANSPOSED
 3: MORTON, NATURAL
 4: MORTON, TRANSPOSED
 5: HILBERT
PROJECTION BLOCK SIZE      : 512
BACKPROJECTION BLOCK SIZE  : 512
PROJECTION BUFFER SIZE      : 8 KB
BACKPROJECTION BUFFER SIZE  : 8 KB

SINOGRAM FILE : /shared/scratch/MemXCT/data/CDS1_sinogram.bin
   THETA FILE : /shared/scratch/MemXCT/data/CDS1_theta.bin
  OUTPUT FILE : /shared/scratch/MemXCT/recon_CDS1-2.bin


PLACE TILES
lspat 16 lspatdim 16
lspec 24 lspecdim 32
MPI PARTITIONING
proc: 0 numspats: 128 numpixs: 131072 numspecs: 192 numrays: 196608
proc: 1 numspats: 128 numpixs: 131072 numspecs: 192 numrays: 196608
maxnumpix: 131072 maxnumray: 196608
FILL PIXELS AND RAYS
INPUT THETA DATA
DOMAIN PARTITIONING

CONSTRUCT PROJECTION MATRIX
CSR STORAGE: 235011239 (1.750970 GB) rownzmax 767
RAY-TRACING TIME: 1.082477e-01
CONSTRUCT BACKPROJECTION MATRIX
CSR STORAGE: 235011239 (1.750970 GB) rownzmax 1092
TRANSPOSITION TIME: 1.918857e-01

BLOCKING PROJECTION MATRIX
NUMBER OF BLOCKS: 614 BUFFSIZE: 2048
NUMBER OF BUFFERS: 3634 AVERAGE BUFF/BLOCK: 5.918567 MAX BUFF/BLOCK: 15
BUFFER MAP: 13795621 (0.051393 GB)
CSR STORAGE: 235011239 (1.313228 GB) buffnzmax: 256 STORAGE EFFICIENCY: 0.749998 DATA REUSE: 17.367939
BLOCKING TIME: 1.439056e-01
BLOCKING BACKPROJECTION MATRIX
NUMBER OF BLOCKS: 256 BUFFSIZE: 2048
NUMBER OF BUFFERS: 2880 AVERAGE BUFF/BLOCK: 11.250000 MAX BUFF/BLOCK: 12
BUFFER MAP: 11012397 (0.041024 GB)
CSR STORAGE: 235011239 (1.313228 GB) buffnzmax: 286 STORAGE EFFICIENCY: 0.749998 DATA REUSE: 21.340567
BLOCKING TIME: 2.900826e-01

FILL PROJECTION MATRIX
TIME: 5.252271e-02
FILL BACKPROJECTION MATRIX
TIME: 5.887134e-02
REDUCTION MAPPINGS
PREPROCESSING TIME: 1.477085e+00
INPUT MEASUREMENT DATA
INPUT ENDS
GRADIENT-DESCENT OPTIMIZATION
iter: 0 error: 4.959038e+04 gradnorm: 1.560967e+10
iter: 1 error: 5.316521e+03 gradnorm: 4.760840e+08
iter: 2 error: 5.074599e+02 gradnorm: 1.604488e+07
iter: 3 error: 2.940097e+02 gradnorm: 8.082405e+06
iter: 4 error: 1.716273e+02 gradnorm: 1.353847e+06
iter: 5 error: 1.154532e+02 gradnorm: 6.254216e+05
iter: 6 error: 8.904139e+01 gradnorm: 6.555624e+05
iter: 7 error: 7.645067e+01 gradnorm: 9.864298e+05
iter: 8 error: 7.121070e+01 gradnorm: 5.371481e+05
iter: 9 error: 5.778361e+01 gradnorm: 2.259131e+05
iter: 10 error: 4.873891e+01 gradnorm: 1.924538e+05
iter: 11 error: 4.171462e+01 gradnorm: 1.086461e+05
iter: 12 error: 3.749837e+01 gradnorm: 1.865125e+05
iter: 13 error: 3.463534e+01 gradnorm: 1.061339e+05
iter: 14 error: 3.149316e+01 gradnorm: 6.888373e+04
iter: 15 error: 3.040373e+01 gradnorm: 2.190317e+05
iter: 16 error: 2.842126e+01 gradnorm: 5.590613e+04
iter: 17 error: 2.682881e+01 gradnorm: 4.563771e+04
iter: 18 error: 2.524190e+01 gradnorm: 2.666380e+04
iter: 19 error: 2.394851e+01 gradnorm: 2.563728e+04
iter: 20 error: 2.288824e+01 gradnorm: 1.504607e+04
iter: 21 error: 2.199103e+01 gradnorm: 2.312170e+04
iter: 22 error: 2.185868e+01 gradnorm: 2.144982e+04
iter: 23 error: 2.120635e+01 gradnorm: 9.398426e+03
iter: 24 error: 2.067753e+01 gradnorm: 7.981141e+03
recon: 6.153288e+00 proj: 2.235158e+00 (1.347029e+00 6.834243e-02 8.197564e-01) backproj: 1.630619e+00 (9.128168e-01 3.294760e-02 6.848389e-01) ctime: 2.253606e+00 wtime: 1.249714e-02
numproj: 49 numback: 25
proj: 2.695241e+00 s (8.545099 GFLOPS) backproj: 1.368193e+00 s (8.588380 GFLOPS) avGFLOPS: 8.559672 totGFLOPS: 17.119344
proj: 26.638525 GB/s back: 26.570025 GB/s av: 26.615460 GB/s tot: 53.230920 GB/s
Total Time: 8.294866e+00
