Using mpirun from /opt/hpcx-v2.7.0-gcc-MLNX_OFED_LINUX-5.1-0.6.6.0-redhat7.7-x86_64/ompi/bin/mpirun
mpirun (Open MPI) 4.0.4rc3

Report bugs to http://www.open-mpi.org/community/help/
Using hosts: hpc-pg0-1:120,hpc-pg0-2:120
PKEY: 0x0005
NUM. THETA             : 375
NUM. RHO               : 1024
NUM. X PIXELS          : 1024
NUM. Y PIXELS          : 1024

NUM. OF PIXELS         : 1048576
NUM. OF RAYS           : 384000

NUM. ITERATIONS        : 24

SPATIAL TILE SIZE      : 32
SPECTRAL TILE SIZE     : 32

NUMBER OF X TILES      : 32
NUMBER OF Y TILES      : 32
NUM. OF THETA TILES    : 12
NUM. OF RHO TILES      : 32

NUM. SPATIAL TILES     : 1024
NUM. SPECTRAL TILES    : 384

NUM. OF X PIXELS (EXT) : 1024
NUM. OF Y PIXELS (EXT) : 1024
NUM. OF ANGLES (EXT)   : 384
NUM. OF RHOS (EXT)     : 1024

NUM. OF PIXELS (EXT)   : 1048576
NUM. OF RAYS (EXT)     : 393216

NUMBER OF PROCESSES    : 2
NUMBER OF THRD./PROC.  : 120

INTEGER: 4, FLOAT: 4, LONG: 8, SHORT: 2, POINTER: 8
APPROX. MEMORY     TOTAL: 8.789062e+00 GB
APPROX. MEMORY PER PROC.: 4.394531e+00 GB

X START       : -5.120000e+02
Y START       : -5.120000e+02
PIXEL SIZE    : 1.000000e+00
RHO START     : -5.120000e+02
RAY LENGTH    : 2.048000e+03

SPATIAL INDEXING       : 5
SPECTRAL INDEXING      : 5
 1: CARTESIAN, NATURAL
 2: CARTESIAN, TRANSPOSED
 3: MORTON, NATURAL
 4: MORTON, TRANSPOSED
 5: HILBERT
PROJECTION BLOCK SIZE      : 512
BACKPROJECTION BLOCK SIZE  : 512
PROJECTION BUFFER SIZE      : 8 KB
BACKPROJECTION BUFFER SIZE  : 8 KB

SINOGRAM FILE : /shared/scratch/MemXCT/data/CDS2_sinogram.bin
   THETA FILE : /shared/scratch/MemXCT/data/CDS2_theta.bin
  OUTPUT FILE : /shared/scratch/MemXCT/recon_CDS2-2.bin


PLACE TILES
lspat 32 lspatdim 32
lspec 32 lspecdim 32
MPI PARTITIONING
proc: 0 numspats: 512 numpixs: 524288 numspecs: 192 numrays: 196608
proc: 1 numspats: 512 numpixs: 524288 numspecs: 192 numrays: 196608
maxnumpix: 524288 maxnumray: 196608
FILL PIXELS AND RAYS
INPUT THETA DATA
DOMAIN PARTITIONING

CONSTRUCT PROJECTION MATRIX
CSR STORAGE: 470024162 (3.501953 GB) rownzmax 1534
RAY-TRACING TIME: 2.173069e-01
CONSTRUCT BACKPROJECTION MATRIX
CSR STORAGE: 470024162 (3.501953 GB) rownzmax 607
TRANSPOSITION TIME: 3.055092e-01

BLOCKING PROJECTION MATRIX
NUMBER OF BLOCKS: 614 BUFFSIZE: 2048
NUMBER OF BUFFERS: 9333 AVERAGE BUFF/BLOCK: 15.200326 MAX BUFF/BLOCK: 29
BUFFER MAP: 37877669 (0.141105 GB)
CSR STORAGE: 470024162 (2.626465 GB) buffnzmax: 297 STORAGE EFFICIENCY: 0.749997 DATA REUSE: 12.688091
BLOCKING TIME: 2.135404e-01
BLOCKING BACKPROJECTION MATRIX
NUMBER OF BLOCKS: 1024 BUFFSIZE: 2048
NUMBER OF BUFFERS: 5802 AVERAGE BUFF/BLOCK: 5.666016 MAX BUFF/BLOCK: 6
BUFFER MAP: 22022777 (0.082041 GB)
CSR STORAGE: 470024162 (2.626465 GB) buffnzmax: 321 STORAGE EFFICIENCY: 0.749997 DATA REUSE: 21.342545
BLOCKING TIME: 2.794103e-01

FILL PROJECTION MATRIX
TIME: 1.210453e+00
FILL BACKPROJECTION MATRIX
TIME: 1.077548e-01
REDUCTION MAPPINGS
PREPROCESSING TIME: 2.392975e+00
INPUT MEASUREMENT DATA
INPUT ENDS
GRADIENT-DESCENT OPTIMIZATION
iter: 0 error: 5.498394e+04 gradnorm: 8.391543e+09
iter: 1 error: 1.188448e+04 gradnorm: 6.091299e+08
iter: 2 error: 6.055097e+03 gradnorm: 1.332259e+08
iter: 3 error: 3.391533e+03 gradnorm: 4.188764e+07
iter: 4 error: 2.293072e+03 gradnorm: 2.377179e+07
iter: 5 error: 1.950878e+03 gradnorm: 2.627773e+07
iter: 6 error: 1.553684e+03 gradnorm: 1.184680e+07
iter: 7 error: 1.298080e+03 gradnorm: 8.968611e+06
iter: 8 error: 1.044907e+03 gradnorm: 5.329435e+06
iter: 9 error: 8.758345e+02 gradnorm: 3.792047e+06
iter: 10 error: 7.405152e+02 gradnorm: 2.382868e+06
iter: 11 error: 6.513816e+02 gradnorm: 2.074114e+06
iter: 12 error: 6.134596e+02 gradnorm: 3.819444e+06
iter: 13 error: 5.630709e+02 gradnorm: 1.205548e+06
iter: 14 error: 5.105003e+02 gradnorm: 1.016874e+06
iter: 15 error: 4.721231e+02 gradnorm: 8.102621e+05
iter: 16 error: 4.356494e+02 gradnorm: 7.266835e+05
iter: 17 error: 4.236699e+02 gradnorm: 1.206083e+06
iter: 18 error: 3.999554e+02 gradnorm: 5.076715e+05
iter: 19 error: 3.799346e+02 gradnorm: 4.347057e+05
iter: 20 error: 3.608140e+02 gradnorm: 3.839596e+05
iter: 21 error: 3.495649e+02 gradnorm: 5.572906e+05
iter: 22 error: 3.380624e+02 gradnorm: 4.035880e+05
iter: 23 error: 3.322784e+02 gradnorm: 5.923110e+05
iter: 24 error: 3.203763e+02 gradnorm: 2.384123e+05
recon: 8.180555e+00 proj: 3.309082e+00 (1.954201e+00 6.234041e-02 1.292511e+00) backproj: 1.693293e+00 (6.539360e-01 7.583495e-03 1.031757e+00) ctime: 3.164523e+00 wtime: 8.474340e-03
numproj: 49 numback: 25
proj: 3.903429e+00 s (11.800489 GFLOPS) backproj: 2.066698e+00 s (11.371381 GFLOPS) avGFLOPS: 11.651943 totGFLOPS: 23.303886
proj: 37.303389 GB/s back: 35.179745 GB/s av: 36.568241 GB/s tot: 73.136481 GB/s
Total Time: 1.131651e+01
