Using mpirun from /opt/hpcx-v2.7.0-gcc-MLNX_OFED_LINUX-5.1-0.6.6.0-redhat7.7-x86_64/ompi/bin/mpirun
mpirun (Open MPI) 4.0.4rc3

Report bugs to http://www.open-mpi.org/community/help/
NUM. THETA             : 750
NUM. RHO               : 512
NUM. X PIXELS          : 512
NUM. Y PIXELS          : 512

NUM. OF PIXELS         : 262144
NUM. OF RAYS           : 384000

NUM. ITERATIONS        : 24

SPATIAL TILE SIZE      : 32
SPECTRAL TILE SIZE     : 32

NUMBER OF X TILES      : 16
NUMBER OF Y TILES      : 16
NUM. OF THETA TILES    : 24
NUM. OF RHO TILES      : 16

NUM. SPATIAL TILES     : 256
NUM. SPECTRAL TILES    : 384

NUM. OF X PIXELS (EXT) : 512
NUM. OF Y PIXELS (EXT) : 512
NUM. OF ANGLES (EXT)   : 768
NUM. OF RHOS (EXT)     : 512

NUM. OF PIXELS (EXT)   : 262144
NUM. OF RAYS (EXT)     : 393216

NUMBER OF PROCESSES    : 1
NUMBER OF THRD./PROC.  : 60

INTEGER: 4, FLOAT: 4, LONG: 8, SHORT: 2, POINTER: 8
APPROX. MEMORY     TOTAL: 4.394531e+00 GB
APPROX. MEMORY PER PROC.: 4.394531e+00 GB

X START       : -2.560000e+02
Y START       : -2.560000e+02
PIXEL SIZE    : 1.000000e+00
RHO START     : -2.560000e+02
RAY LENGTH    : 1.024000e+03

SPATIAL INDEXING       : 5
SPECTRAL INDEXING      : 5
 1: CARTESIAN, NATURAL
 2: CARTESIAN, TRANSPOSED
 3: MORTON, NATURAL
 4: MORTON, TRANSPOSED
 5: HILBERT
PROJECTION BLOCK SIZE      : 512
BACKPROJECTION BLOCK SIZE  : 512
PROJECTION BUFFER SIZE      : 8 KB
BACKPROJECTION BUFFER SIZE  : 8 KB

SINOGRAM FILE : /shared/scratch/MemXCT/data/CDS1_sinogram.bin
   THETA FILE : /shared/scratch/MemXCT/data/CDS1_theta.bin
  OUTPUT FILE : /shared/scratch/MemXCT/recon_CDS1.bin


PLACE TILES
lspat 16 lspatdim 16
lspec 24 lspecdim 32
MPI PARTITIONING
proc: 0 numspats: 256 numpixs: 262144 numspecs: 384 numrays: 393216
maxnumpix: 262144 maxnumray: 393216
FILL PIXELS AND RAYS
INPUT THETA DATA
DOMAIN PARTITIONING

CONSTRUCT PROJECTION MATRIX
CSR STORAGE: 235011239 (1.750970 GB) rownzmax 1022
RAY-TRACING TIME: 3.560488e-01
CONSTRUCT BACKPROJECTION MATRIX
CSR STORAGE: 235011239 (1.750970 GB) rownzmax 1092
TRANSPOSITION TIME: 2.535357e-01

BLOCKING PROJECTION MATRIX
NUMBER OF BLOCKS: 750 BUFFSIZE: 2048
NUMBER OF BUFFERS: 6342 AVERAGE BUFF/BLOCK: 8.456000 MAX BUFF/BLOCK: 15
BUFFER MAP: 12205108 (0.045468 GB)
CSR STORAGE: 235011239 (1.313228 GB) buffnzmax: 270 STORAGE EFFICIENCY: 1.500000 DATA REUSE: 19.255154
BLOCKING TIME: 2.438025e-01
BLOCKING BACKPROJECTION MATRIX
NUMBER OF BLOCKS: 512 BUFFSIZE: 2048
NUMBER OF BUFFERS: 5760 AVERAGE BUFF/BLOCK: 11.250000 MAX BUFF/BLOCK: 12
BUFFER MAP: 11012397 (0.041024 GB)
CSR STORAGE: 235011239 (1.313228 GB) buffnzmax: 294 STORAGE EFFICIENCY: 1.500000 DATA REUSE: 21.340607
BLOCKING TIME: 2.903528e-01

FILL PROJECTION MATRIX
TIME: 2.686029e-01
FILL BACKPROJECTION MATRIX
TIME: 2.291482e-01
REDUCTION MAPPINGS
PREPROCESSING TIME: 1.703920e+00
INPUT MEASUREMENT DATA
INPUT ENDS
GRADIENT-DESCENT OPTIMIZATION
iter: 0 error: 4.959039e+04 gradnorm: 1.560967e+10
iter: 1 error: 5.316522e+03 gradnorm: 4.760840e+08
iter: 2 error: 5.074596e+02 gradnorm: 1.604487e+07
iter: 3 error: 2.940096e+02 gradnorm: 8.082411e+06
iter: 4 error: 1.716273e+02 gradnorm: 1.353844e+06
iter: 5 error: 1.154530e+02 gradnorm: 6.253461e+05
iter: 6 error: 8.899829e+01 gradnorm: 6.420034e+05
iter: 7 error: 7.489898e+01 gradnorm: 6.413543e+05
iter: 8 error: 7.031937e+01 gradnorm: 7.693236e+05
iter: 9 error: 5.778098e+01 gradnorm: 2.267282e+05
iter: 10 error: 4.873889e+01 gradnorm: 1.924569e+05
iter: 11 error: 4.171456e+01 gradnorm: 1.086410e+05
iter: 12 error: 3.749757e+01 gradnorm: 1.864847e+05
iter: 13 error: 3.463548e+01 gradnorm: 1.062440e+05
iter: 14 error: 3.151818e+01 gradnorm: 7.677477e+04
iter: 15 error: 3.069583e+01 gradnorm: 1.707140e+05
iter: 16 error: 2.842341e+01 gradnorm: 5.526987e+04
iter: 17 error: 2.682880e+01 gradnorm: 4.563234e+04
iter: 18 error: 2.524189e+01 gradnorm: 2.666385e+04
iter: 19 error: 2.394851e+01 gradnorm: 2.563951e+04
iter: 20 error: 2.288943e+01 gradnorm: 1.544974e+04
iter: 21 error: 2.229282e+01 gradnorm: 8.137767e+04
iter: 22 error: 2.188680e+01 gradnorm: 1.263925e+04
iter: 23 error: 2.120721e+01 gradnorm: 9.478483e+03
iter: 24 error: 2.071009e+01 gradnorm: 1.147163e+04
recon: 2.155120e+00 proj: 1.012028e+00 (8.767588e-01 9.078173e-03 1.261561e-01) backproj: 5.738076e-01 (7.784696e-02 3.769451e-03 4.921744e-01) ctime: 5.691537e-01 wtime: 7.930300e-05
numproj: 49 numback: 25
proj: 8.767588e-01 s (26.268459 GFLOPS) backproj: 4.921744e-01 s (23.874795 GFLOPS) avGFLOPS: 25.407861 totGFLOPS: 25.407861
proj: 81.533836 GB/s back: 73.861883 GB/s av: 78.775528 GB/s tot: 78.775528 GB/s
Total Time: 4.421651e+00
