Using mpirun from /opt/hpcx-v2.7.0-gcc-MLNX_OFED_LINUX-5.1-0.6.6.0-redhat7.7-x86_64/ompi/bin/mpirun
mpirun (Open MPI) 4.0.4rc3

Report bugs to http://www.open-mpi.org/community/help/
Using hosts: hpc-pg0-1:120,hpc-pg0-2:120
PKEY: 0x003d
NUM. THETA             : 375
NUM. RHO               : 1024
NUM. X PIXELS          : 1024
NUM. Y PIXELS          : 1024

NUM. OF PIXELS         : 1048576
NUM. OF RAYS           : 384000

NUM. ITERATIONS        : 24

SPATIAL TILE SIZE      : 32
SPECTRAL TILE SIZE     : 32

NUMBER OF X TILES      : 32
NUMBER OF Y TILES      : 32
NUM. OF THETA TILES    : 12
NUM. OF RHO TILES      : 32

NUM. SPATIAL TILES     : 1024
NUM. SPECTRAL TILES    : 384

NUM. OF X PIXELS (EXT) : 1024
NUM. OF Y PIXELS (EXT) : 1024
NUM. OF ANGLES (EXT)   : 384
NUM. OF RHOS (EXT)     : 1024

NUM. OF PIXELS (EXT)   : 1048576
NUM. OF RAYS (EXT)     : 393216

NUMBER OF PROCESSES    : 2
NUMBER OF THRD./PROC.  : 120

INTEGER: 4, FLOAT: 4, LONG: 8, SHORT: 2, POINTER: 8
APPROX. MEMORY     TOTAL: 8.789062e+00 GB
APPROX. MEMORY PER PROC.: 4.394531e+00 GB

X START       : -5.120000e+02
Y START       : -5.120000e+02
PIXEL SIZE    : 1.000000e+00
RHO START     : -5.120000e+02
RAY LENGTH    : 2.048000e+03

SPATIAL INDEXING       : 5
SPECTRAL INDEXING      : 5
 1: CARTESIAN, NATURAL
 2: CARTESIAN, TRANSPOSED
 3: MORTON, NATURAL
 4: MORTON, TRANSPOSED
 5: HILBERT
PROJECTION BLOCK SIZE      : 512
BACKPROJECTION BLOCK SIZE  : 512
PROJECTION BUFFER SIZE      : 8 KB
BACKPROJECTION BUFFER SIZE  : 8 KB

SINOGRAM FILE : /shared/scratch/MemXCT/data/CDS2_sinogram.bin
   THETA FILE : /shared/scratch/MemXCT/data/CDS2_theta.bin
  OUTPUT FILE : /shared/scratch/MemXCT/recon_CDS2-2.bin


PLACE TILES
lspat 32 lspatdim 32
lspec 32 lspecdim 32
MPI PARTITIONING
proc: 0 numspats: 512 numpixs: 524288 numspecs: 192 numrays: 196608
proc: 1 numspats: 512 numpixs: 524288 numspecs: 192 numrays: 196608
maxnumpix: 524288 maxnumray: 196608
FILL PIXELS AND RAYS
INPUT THETA DATA
DOMAIN PARTITIONING

CONSTRUCT PROJECTION MATRIX
CSR STORAGE: 470024162 (3.501953 GB) rownzmax 1534
RAY-TRACING TIME: 2.197649e-01
CONSTRUCT BACKPROJECTION MATRIX
CSR STORAGE: 470024162 (3.501953 GB) rownzmax 607
TRANSPOSITION TIME: 2.924373e-01

BLOCKING PROJECTION MATRIX
NUMBER OF BLOCKS: 614 BUFFSIZE: 2048
NUMBER OF BUFFERS: 9333 AVERAGE BUFF/BLOCK: 15.200326 MAX BUFF/BLOCK: 29
BUFFER MAP: 37877669 (0.141105 GB)
CSR STORAGE: 470024162 (2.626465 GB) buffnzmax: 297 STORAGE EFFICIENCY: 0.749997 DATA REUSE: 12.688091
BLOCKING TIME: 1.325115e-01
BLOCKING BACKPROJECTION MATRIX
NUMBER OF BLOCKS: 1024 BUFFSIZE: 2048
NUMBER OF BUFFERS: 5802 AVERAGE BUFF/BLOCK: 5.666016 MAX BUFF/BLOCK: 6
BUFFER MAP: 22022777 (0.082041 GB)
CSR STORAGE: 470024162 (2.626465 GB) buffnzmax: 321 STORAGE EFFICIENCY: 0.749997 DATA REUSE: 21.342545
BLOCKING TIME: 1.129942e-01

FILL PROJECTION MATRIX
TIME: 8.073171e-01
FILL BACKPROJECTION MATRIX
TIME: 2.568692e-01
REDUCTION MAPPINGS
PREPROCESSING TIME: 1.853468e+00
INPUT MEASUREMENT DATA
INPUT ENDS
GRADIENT-DESCENT OPTIMIZATION
iter: 0 error: 5.498395e+04 gradnorm: 8.391543e+09
iter: 1 error: 1.188448e+04 gradnorm: 6.091300e+08
iter: 2 error: 6.055097e+03 gradnorm: 1.332259e+08
iter: 3 error: 3.391534e+03 gradnorm: 4.188764e+07
iter: 4 error: 2.293072e+03 gradnorm: 2.377179e+07
iter: 5 error: 1.950878e+03 gradnorm: 2.627771e+07
iter: 6 error: 1.553684e+03 gradnorm: 1.184680e+07
iter: 7 error: 1.298080e+03 gradnorm: 8.968613e+06
iter: 8 error: 1.044907e+03 gradnorm: 5.329434e+06
iter: 9 error: 8.758344e+02 gradnorm: 3.792056e+06
iter: 10 error: 7.405176e+02 gradnorm: 2.383340e+06
iter: 11 error: 6.514946e+02 gradnorm: 2.093461e+06
iter: 12 error: 6.142095e+02 gradnorm: 3.777970e+06
iter: 13 error: 5.630847e+02 gradnorm: 1.203178e+06
iter: 14 error: 5.105025e+02 gradnorm: 1.017175e+06
iter: 15 error: 4.721951e+02 gradnorm: 8.216364e+05
iter: 16 error: 4.389760e+02 gradnorm: 1.202591e+06
iter: 17 error: 4.275688e+02 gradnorm: 7.380896e+05
iter: 18 error: 4.000109e+02 gradnorm: 4.983326e+05
iter: 19 error: 3.798862e+02 gradnorm: 4.308781e+05
iter: 20 error: 3.601838e+02 gradnorm: 3.317482e+05
iter: 21 error: 3.439114e+02 gradnorm: 3.939894e+05
iter: 22 error: 3.362642e+02 gradnorm: 5.447602e+05
iter: 23 error: 3.277562e+02 gradnorm: 5.788147e+05
iter: 24 error: 3.199504e+02 gradnorm: 2.729902e+05
recon: 4.675771e+00 proj: 2.148950e+00 (1.517179e+00 5.543148e-02 5.763032e-01) backproj: 9.376970e-01 (3.507347e-01 1.250032e-02 5.744380e-01) ctime: 1.554588e+00 wtime: 1.281333e-02
numproj: 49 numback: 25
proj: 3.047049e+00 s (15.117040 GFLOPS) backproj: 1.146759e+00 s (20.493590 GFLOPS) avGFLOPS: 16.587209 totGFLOPS: 33.174418
proj: 47.787582 GB/s back: 63.401207 GB/s av: 52.056987 GB/s tot: 104.113973 GB/s
Total Time: 7.196435e+00
