Using mpirun from /opt/hpcx-v2.7.0-gcc-MLNX_OFED_LINUX-5.1-0.6.6.0-redhat7.7-x86_64/ompi/bin/mpirun
mpirun (Open MPI) 4.0.4rc3

Report bugs to http://www.open-mpi.org/community/help/
NUM. THETA             : 750
NUM. RHO               : 512
NUM. X PIXELS          : 512
NUM. Y PIXELS          : 512

NUM. OF PIXELS         : 262144
NUM. OF RAYS           : 384000

NUM. ITERATIONS        : 24

SPATIAL TILE SIZE      : 32
SPECTRAL TILE SIZE     : 32

NUMBER OF X TILES      : 16
NUMBER OF Y TILES      : 16
NUM. OF THETA TILES    : 24
NUM. OF RHO TILES      : 16

NUM. SPATIAL TILES     : 256
NUM. SPECTRAL TILES    : 384

NUM. OF X PIXELS (EXT) : 512
NUM. OF Y PIXELS (EXT) : 512
NUM. OF ANGLES (EXT)   : 768
NUM. OF RHOS (EXT)     : 512

NUM. OF PIXELS (EXT)   : 262144
NUM. OF RAYS (EXT)     : 393216

NUMBER OF PROCESSES    : 1
NUMBER OF THRD./PROC.  : 60

INTEGER: 4, FLOAT: 4, LONG: 8, SHORT: 2, POINTER: 8
APPROX. MEMORY     TOTAL: 4.394531e+00 GB
APPROX. MEMORY PER PROC.: 4.394531e+00 GB

X START       : -2.560000e+02
Y START       : -2.560000e+02
PIXEL SIZE    : 1.000000e+00
RHO START     : -2.560000e+02
RAY LENGTH    : 1.024000e+03

SPATIAL INDEXING       : 5
SPECTRAL INDEXING      : 5
 1: CARTESIAN, NATURAL
 2: CARTESIAN, TRANSPOSED
 3: MORTON, NATURAL
 4: MORTON, TRANSPOSED
 5: HILBERT
PROJECTION BLOCK SIZE      : 512
BACKPROJECTION BLOCK SIZE  : 512
PROJECTION BUFFER SIZE      : 8 KB
BACKPROJECTION BUFFER SIZE  : 8 KB

SINOGRAM FILE : /shared/scratch/MemXCT/data/CDS1_sinogram.bin
   THETA FILE : /shared/scratch/MemXCT/data/CDS1_theta.bin
  OUTPUT FILE : /shared/scratch/MemXCT/recon_CDS1.bin


PLACE TILES
lspat 16 lspatdim 16
lspec 24 lspecdim 32
MPI PARTITIONING
proc: 0 numspats: 256 numpixs: 262144 numspecs: 384 numrays: 393216
maxnumpix: 262144 maxnumray: 393216
FILL PIXELS AND RAYS
INPUT THETA DATA
DOMAIN PARTITIONING

CONSTRUCT PROJECTION MATRIX
CSR STORAGE: 235011239 (1.750970 GB) rownzmax 1022
RAY-TRACING TIME: 3.375414e-01
CONSTRUCT BACKPROJECTION MATRIX
CSR STORAGE: 235011239 (1.750970 GB) rownzmax 1092
TRANSPOSITION TIME: 2.603173e-01

BLOCKING PROJECTION MATRIX
NUMBER OF BLOCKS: 750 BUFFSIZE: 2048
NUMBER OF BUFFERS: 6342 AVERAGE BUFF/BLOCK: 8.456000 MAX BUFF/BLOCK: 15
BUFFER MAP: 12205108 (0.045468 GB)
CSR STORAGE: 235011239 (1.313228 GB) buffnzmax: 270 STORAGE EFFICIENCY: 1.500000 DATA REUSE: 19.255154
BLOCKING TIME: 2.705817e-01
BLOCKING BACKPROJECTION MATRIX
NUMBER OF BLOCKS: 512 BUFFSIZE: 2048
NUMBER OF BUFFERS: 5760 AVERAGE BUFF/BLOCK: 11.250000 MAX BUFF/BLOCK: 12
BUFFER MAP: 11012397 (0.041024 GB)
CSR STORAGE: 235011239 (1.313228 GB) buffnzmax: 294 STORAGE EFFICIENCY: 1.500000 DATA REUSE: 21.340607
BLOCKING TIME: 1.304805e-01

FILL PROJECTION MATRIX
TIME: 2.307437e-01
FILL BACKPROJECTION MATRIX
TIME: 1.835365e-01
REDUCTION MAPPINGS
PREPROCESSING TIME: 1.429579e+00
INPUT MEASUREMENT DATA
INPUT ENDS
GRADIENT-DESCENT OPTIMIZATION
iter: 0 error: 4.959039e+04 gradnorm: 1.560967e+10
iter: 1 error: 5.316522e+03 gradnorm: 4.760841e+08
iter: 2 error: 5.074596e+02 gradnorm: 1.604487e+07
iter: 3 error: 2.940096e+02 gradnorm: 8.082414e+06
iter: 4 error: 1.716273e+02 gradnorm: 1.353848e+06
iter: 5 error: 1.154535e+02 gradnorm: 6.255450e+05
iter: 6 error: 8.911135e+01 gradnorm: 6.774859e+05
iter: 7 error: 7.818876e+01 gradnorm: 1.225621e+06
iter: 8 error: 7.142628e+01 gradnorm: 4.749101e+05
iter: 9 error: 5.778416e+01 gradnorm: 2.257333e+05
iter: 10 error: 4.873887e+01 gradnorm: 1.924519e+05
iter: 11 error: 4.171445e+01 gradnorm: 1.086288e+05
iter: 12 error: 3.749590e+01 gradnorm: 1.864570e+05
iter: 13 error: 3.463793e+01 gradnorm: 1.070746e+05
iter: 14 error: 3.170823e+01 gradnorm: 1.317144e+05
iter: 15 error: 3.102184e+01 gradnorm: 8.937919e+04
iter: 16 error: 2.842524e+01 gradnorm: 5.475359e+04
iter: 17 error: 2.682886e+01 gradnorm: 4.562674e+04
iter: 18 error: 2.524189e+01 gradnorm: 2.666367e+04
iter: 19 error: 2.394853e+01 gradnorm: 2.564676e+04
iter: 20 error: 2.289339e+01 gradnorm: 1.677800e+04
iter: 21 error: 2.257492e+01 gradnorm: 7.023889e+04
iter: 22 error: 2.188826e+01 gradnorm: 1.215072e+04
iter: 23 error: 2.120703e+01 gradnorm: 9.457696e+03
iter: 24 error: 2.070402e+01 gradnorm: 1.088278e+04
recon: 1.558872e+00 proj: 9.367669e-01 (8.380466e-01 9.736687e-03 8.895353e-02) backproj: 4.180748e-01 (2.768493e-02 3.060688e-03 3.873153e-01) ctime: 2.039252e-01 wtime: 5.860200e-05
numproj: 49 numback: 25
proj: 8.380466e-01 s (27.481885 GFLOPS) backproj: 3.873153e-01 s (30.338488 GFLOPS) avGFLOPS: 28.384807 totGFLOPS: 28.384807
proj: 85.300151 GB/s back: 93.858728 GB/s av: 88.005367 GB/s tot: 88.005367 GB/s
Total Time: 3.429998e+00
