Using mpirun from /opt/hpcx-v2.7.0-gcc-MLNX_OFED_LINUX-5.1-0.6.6.0-redhat7.7-x86_64/ompi/bin/mpirun
mpirun (Open MPI) 4.0.4rc3

Report bugs to http://www.open-mpi.org/community/help/
Using hosts: hpc-pg0-1:120,hpc-pg0-2:120
PKEY: 0x003d
NUM. THETA             : 375
NUM. RHO               : 1024
NUM. X PIXELS          : 1024
NUM. Y PIXELS          : 1024

NUM. OF PIXELS         : 1048576
NUM. OF RAYS           : 384000

NUM. ITERATIONS        : 24

SPATIAL TILE SIZE      : 32
SPECTRAL TILE SIZE     : 32

NUMBER OF X TILES      : 32
NUMBER OF Y TILES      : 32
NUM. OF THETA TILES    : 12
NUM. OF RHO TILES      : 32

NUM. SPATIAL TILES     : 1024
NUM. SPECTRAL TILES    : 384

NUM. OF X PIXELS (EXT) : 1024
NUM. OF Y PIXELS (EXT) : 1024
NUM. OF ANGLES (EXT)   : 384
NUM. OF RHOS (EXT)     : 1024

NUM. OF PIXELS (EXT)   : 1048576
NUM. OF RAYS (EXT)     : 393216

NUMBER OF PROCESSES    : 2
NUMBER OF THRD./PROC.  : 120

INTEGER: 4, FLOAT: 4, LONG: 8, SHORT: 2, POINTER: 8
APPROX. MEMORY     TOTAL: 8.789062e+00 GB
APPROX. MEMORY PER PROC.: 4.394531e+00 GB

X START       : -5.120000e+02
Y START       : -5.120000e+02
PIXEL SIZE    : 1.000000e+00
RHO START     : -5.120000e+02
RAY LENGTH    : 2.048000e+03

SPATIAL INDEXING       : 5
SPECTRAL INDEXING      : 5
 1: CARTESIAN, NATURAL
 2: CARTESIAN, TRANSPOSED
 3: MORTON, NATURAL
 4: MORTON, TRANSPOSED
 5: HILBERT
PROJECTION BLOCK SIZE      : 512
BACKPROJECTION BLOCK SIZE  : 512
PROJECTION BUFFER SIZE      : 8 KB
BACKPROJECTION BUFFER SIZE  : 8 KB

SINOGRAM FILE : /shared/scratch/MemXCT/data/CDS2_sinogram.bin
   THETA FILE : /shared/scratch/MemXCT/data/CDS2_theta.bin
  OUTPUT FILE : /shared/scratch/MemXCT/recon_CDS2-2.bin


PLACE TILES
lspat 32 lspatdim 32
lspec 32 lspecdim 32
MPI PARTITIONING
proc: 0 numspats: 512 numpixs: 524288 numspecs: 192 numrays: 196608
proc: 1 numspats: 512 numpixs: 524288 numspecs: 192 numrays: 196608
maxnumpix: 524288 maxnumray: 196608
FILL PIXELS AND RAYS
INPUT THETA DATA
DOMAIN PARTITIONING

CONSTRUCT PROJECTION MATRIX
CSR STORAGE: 470024162 (3.501953 GB) rownzmax 1534
RAY-TRACING TIME: 2.334192e-01
CONSTRUCT BACKPROJECTION MATRIX
CSR STORAGE: 470024162 (3.501953 GB) rownzmax 607
TRANSPOSITION TIME: 2.820509e-01

BLOCKING PROJECTION MATRIX
NUMBER OF BLOCKS: 614 BUFFSIZE: 2048
NUMBER OF BUFFERS: 9333 AVERAGE BUFF/BLOCK: 15.200326 MAX BUFF/BLOCK: 29
BUFFER MAP: 37877669 (0.141105 GB)
CSR STORAGE: 470024162 (2.626465 GB) buffnzmax: 297 STORAGE EFFICIENCY: 0.749997 DATA REUSE: 12.688091
BLOCKING TIME: 2.310936e-01
BLOCKING BACKPROJECTION MATRIX
NUMBER OF BLOCKS: 1024 BUFFSIZE: 2048
NUMBER OF BUFFERS: 5802 AVERAGE BUFF/BLOCK: 5.666016 MAX BUFF/BLOCK: 6
BUFFER MAP: 22022777 (0.082041 GB)
CSR STORAGE: 470024162 (2.626465 GB) buffnzmax: 321 STORAGE EFFICIENCY: 0.749997 DATA REUSE: 21.342545
BLOCKING TIME: 4.001717e-01

FILL PROJECTION MATRIX
TIME: 7.979422e-01
FILL BACKPROJECTION MATRIX
TIME: 1.357558e-01
REDUCTION MAPPINGS
PREPROCESSING TIME: 2.345640e+00
INPUT MEASUREMENT DATA
INPUT ENDS
GRADIENT-DESCENT OPTIMIZATION
iter: 0 error: 5.498395e+04 gradnorm: 8.391543e+09
iter: 1 error: 1.188448e+04 gradnorm: 6.091300e+08
iter: 2 error: 6.055096e+03 gradnorm: 1.332259e+08
iter: 3 error: 3.391534e+03 gradnorm: 4.188767e+07
iter: 4 error: 2.293073e+03 gradnorm: 2.377178e+07
iter: 5 error: 1.950879e+03 gradnorm: 2.627773e+07
iter: 6 error: 1.553684e+03 gradnorm: 1.184681e+07
iter: 7 error: 1.298080e+03 gradnorm: 8.968611e+06
iter: 8 error: 1.044907e+03 gradnorm: 5.329430e+06
iter: 9 error: 8.758334e+02 gradnorm: 3.791901e+06
iter: 10 error: 7.404845e+02 gradnorm: 2.377194e+06
iter: 11 error: 6.499885e+02 gradnorm: 1.830048e+06
iter: 12 error: 5.948445e+02 gradnorm: 3.718433e+06
iter: 13 error: 5.624118e+02 gradnorm: 1.318570e+06
iter: 14 error: 5.104918e+02 gradnorm: 1.018133e+06
iter: 15 error: 4.721056e+02 gradnorm: 8.075072e+05
iter: 16 error: 4.347020e+02 gradnorm: 5.678211e+05
iter: 17 error: 4.086857e+02 gradnorm: 9.744955e+05
iter: 18 error: 3.984572e+02 gradnorm: 7.095044e+05
iter: 19 error: 3.798788e+02 gradnorm: 4.374613e+05
iter: 20 error: 3.604883e+02 gradnorm: 3.574602e+05
iter: 21 error: 3.475642e+02 gradnorm: 5.418960e+05
iter: 22 error: 3.370938e+02 gradnorm: 3.180982e+05
iter: 23 error: 3.235449e+02 gradnorm: 3.865849e+05
iter: 24 error: 3.192667e+02 gradnorm: 4.122868e+05
recon: 3.348769e+00 proj: 1.408392e+00 (9.535949e-01 3.476272e-02 4.199982e-01) backproj: 1.040483e+00 (3.912878e-01 1.116205e-02 6.380144e-01) ctime: 8.916998e-01 wtime: 3.248929e-03
numproj: 49 numback: 25
proj: 1.907046e+00 s (24.153776 GFLOPS) backproj: 1.278345e+00 s (18.384089 GFLOPS) avGFLOPS: 21.838315 totGFLOPS: 43.676629
proj: 76.354272 GB/s back: 56.875023 GB/s av: 68.536959 GB/s tot: 137.073918 GB/s
Total Time: 6.507376e+00
