Using mpirun from /opt/hpcx-v2.7.0-gcc-MLNX_OFED_LINUX-5.1-0.6.6.0-redhat7.7-x86_64/ompi/bin/mpirun
mpirun (Open MPI) 4.0.4rc3

Report bugs to http://www.open-mpi.org/community/help/
Using hosts: hpc-pg0-1:120,hpc-pg0-2:120,hpc-pg0-3:120,hpc-pg0-4:120
PKEY: 0x001b
NUM. THETA             : 375
NUM. RHO               : 1024
NUM. X PIXELS          : 1024
NUM. Y PIXELS          : 1024

NUM. OF PIXELS         : 1048576
NUM. OF RAYS           : 384000

NUM. ITERATIONS        : 24

SPATIAL TILE SIZE      : 32
SPECTRAL TILE SIZE     : 32

NUMBER OF X TILES      : 32
NUMBER OF Y TILES      : 32
NUM. OF THETA TILES    : 12
NUM. OF RHO TILES      : 32

NUM. SPATIAL TILES     : 1024
NUM. SPECTRAL TILES    : 384

NUM. OF X PIXELS (EXT) : 1024
NUM. OF Y PIXELS (EXT) : 1024
NUM. OF ANGLES (EXT)   : 384
NUM. OF RHOS (EXT)     : 1024

NUM. OF PIXELS (EXT)   : 1048576
NUM. OF RAYS (EXT)     : 393216

NUMBER OF PROCESSES    : 8
NUMBER OF THRD./PROC.  : 60

INTEGER: 4, FLOAT: 4, LONG: 8, SHORT: 2, POINTER: 8
APPROX. MEMORY     TOTAL: 8.789062e+00 GB
APPROX. MEMORY PER PROC.: 1.098633e+00 GB

X START       : -5.120000e+02
Y START       : -5.120000e+02
PIXEL SIZE    : 1.000000e+00
RHO START     : -5.120000e+02
RAY LENGTH    : 2.048000e+03

SPATIAL INDEXING       : 5
SPECTRAL INDEXING      : 5
 1: CARTESIAN, NATURAL
 2: CARTESIAN, TRANSPOSED
 3: MORTON, NATURAL
 4: MORTON, TRANSPOSED
 5: HILBERT
PROJECTION BLOCK SIZE      : 512
BACKPROJECTION BLOCK SIZE  : 512
PROJECTION BUFFER SIZE      : 8 KB
BACKPROJECTION BUFFER SIZE  : 8 KB

SINOGRAM FILE : /shared/scratch/MemXCT/data/CDS2_sinogram.bin
   THETA FILE : /shared/scratch/MemXCT/data/CDS2_theta.bin
  OUTPUT FILE : /shared/scratch/MemXCT/recon_CDS2-1.bin


PLACE TILES
lspat 32 lspatdim 32
lspec 32 lspecdim 32
MPI PARTITIONING
proc: 0 numspats: 128 numpixs: 131072 numspecs: 48 numrays: 49152
proc: 1 numspats: 128 numpixs: 131072 numspecs: 48 numrays: 49152
proc: 2 numspats: 128 numpixs: 131072 numspecs: 48 numrays: 49152
proc: 3 numspats: 128 numpixs: 131072 numspecs: 48 numrays: 49152
proc: 4 numspats: 128 numpixs: 131072 numspecs: 48 numrays: 49152
proc: 5 numspats: 128 numpixs: 131072 numspecs: 48 numrays: 49152
proc: 6 numspats: 128 numpixs: 131072 numspecs: 48 numrays: 49152
proc: 7 numspats: 128 numpixs: 131072 numspecs: 48 numrays: 49152
maxnumpix: 131072 maxnumray: 49152
FILL PIXELS AND RAYS
INPUT THETA DATA
DOMAIN PARTITIONING

CONSTRUCT PROJECTION MATRIX
CSR STORAGE: 470024236 (3.501953 GB) rownzmax 766
RAY-TRACING TIME: 9.014395e-02
CONSTRUCT BACKPROJECTION MATRIX
CSR STORAGE: 470024236 (3.501953 GB) rownzmax 516
TRANSPOSITION TIME: 1.626808e-01

BLOCKING PROJECTION MATRIX
NUMBER OF BLOCKS: 256 BUFFSIZE: 2048
NUMBER OF BUFFERS: 1825 AVERAGE BUFF/BLOCK: 7.128906 MAX BUFF/BLOCK: 18
BUFFER MAP: 37824787 (0.140908 GB)
CSR STORAGE: 470024236 (2.626465 GB) buffnzmax: 277 STORAGE EFFICIENCY: 0.153526 DATA REUSE: 13.805751
BLOCKING TIME: 4.844740e-02
BLOCKING BACKPROJECTION MATRIX
NUMBER OF BLOCKS: 256 BUFFSIZE: 2048
NUMBER OF BUFFERS: 1212 AVERAGE BUFF/BLOCK: 4.734375 MAX BUFF/BLOCK: 6
BUFFER MAP: 22022779 (0.082041 GB)
CSR STORAGE: 470024236 (2.626465 GB) buffnzmax: 245 STORAGE EFFICIENCY: 0.153526 DATA REUSE: 21.398462
BLOCKING TIME: 2.369445e-01

FILL PROJECTION MATRIX
TIME: 1.404808e-01
FILL BACKPROJECTION MATRIX
TIME: 3.761364e-02
REDUCTION MAPPINGS
PREPROCESSING TIME: 7.217959e-01
INPUT MEASUREMENT DATA
INPUT ENDS
GRADIENT-DESCENT OPTIMIZATION
iter: 0 error: 5.498394e+04 gradnorm: 1.963648e+10
iter: 1 error: 3.374780e+03 gradnorm: 2.929366e+08
iter: 2 error: 1.128223e+03 gradnorm: 5.683259e+07
iter: 3 error: 4.706064e+02 gradnorm: 1.898365e+07
iter: 4 error: 3.070878e+02 gradnorm: 8.966634e+06
iter: 5 error: 2.100158e+02 gradnorm: 2.582904e+06
iter: 6 error: 1.481384e+02 gradnorm: 1.225736e+06
iter: 7 error: 1.194308e+02 gradnorm: 1.049701e+06
iter: 8 error: 9.808894e+01 gradnorm: 6.943399e+05
iter: 9 error: 8.041767e+01 gradnorm: 9.082114e+05
iter: 10 error: 7.555989e+01 gradnorm: 6.983394e+05
iter: 11 error: 6.295238e+01 gradnorm: 3.340932e+05
iter: 12 error: 5.229756e+01 gradnorm: 2.608242e+05
iter: 13 error: 4.618284e+01 gradnorm: 2.699409e+05
iter: 14 error: 4.019139e+01 gradnorm: 1.281700e+05
iter: 15 error: 3.497665e+01 gradnorm: 1.236995e+05
iter: 16 error: 3.159044e+01 gradnorm: 8.730825e+04
iter: 17 error: 2.971736e+01 gradnorm: 2.027395e+05
iter: 18 error: 2.815784e+01 gradnorm: 1.203122e+05
iter: 19 error: 2.737543e+01 gradnorm: 8.465889e+04
iter: 20 error: 2.617267e+01 gradnorm: 6.552196e+04
iter: 21 error: 2.479213e+01 gradnorm: 3.783822e+04
iter: 22 error: 2.370246e+01 gradnorm: 2.632255e+04
iter: 23 error: 2.294434e+01 gradnorm: 3.951432e+04
iter: 24 error: 2.243580e+01 gradnorm: 1.899609e+04
recon: 5.135054e+00 proj: 1.842894e+00 (1.222901e+00 1.102876e-01 5.096767e-01) backproj: 1.649491e+00 (1.020652e+00 4.660311e-02 5.822225e-01) ctime: 1.606813e+00 wtime: 1.370221e-02
numproj: 49 numback: 25
proj: 9.780767e+00 s (4.709485 GFLOPS) backproj: 4.655154e+00 s (5.048428 GFLOPS) avGFLOPS: 4.818784 totGFLOPS: 38.550273
proj: 14.886439 GB/s back: 15.618368 GB/s av: 15.122464 GB/s tot: 120.979712 GB/s
Total Time: 6.752188e+00
