Using mpirun from /opt/hpcx-v2.7.0-gcc-MLNX_OFED_LINUX-5.1-0.6.6.0-redhat7.7-x86_64/ompi/bin/mpirun
mpirun (Open MPI) 4.0.4rc3

Report bugs to http://www.open-mpi.org/community/help/
Using hosts: hpc-pg0-2:120,hpc-pg0-3:120
PKEY: 0x001b
NUM. THETA             : 750
NUM. RHO               : 512
NUM. X PIXELS          : 512
NUM. Y PIXELS          : 512

NUM. OF PIXELS         : 262144
NUM. OF RAYS           : 384000

NUM. ITERATIONS        : 24

SPATIAL TILE SIZE      : 32
SPECTRAL TILE SIZE     : 32

NUMBER OF X TILES      : 16
NUMBER OF Y TILES      : 16
NUM. OF THETA TILES    : 24
NUM. OF RHO TILES      : 16

NUM. SPATIAL TILES     : 256
NUM. SPECTRAL TILES    : 384

NUM. OF X PIXELS (EXT) : 512
NUM. OF Y PIXELS (EXT) : 512
NUM. OF ANGLES (EXT)   : 768
NUM. OF RHOS (EXT)     : 512

NUM. OF PIXELS (EXT)   : 262144
NUM. OF RAYS (EXT)     : 393216

NUMBER OF PROCESSES    : 4
NUMBER OF THRD./PROC.  : 60

INTEGER: 4, FLOAT: 4, LONG: 8, SHORT: 2, POINTER: 8
APPROX. MEMORY     TOTAL: 4.394531e+00 GB
APPROX. MEMORY PER PROC.: 1.098633e+00 GB

X START       : -2.560000e+02
Y START       : -2.560000e+02
PIXEL SIZE    : 1.000000e+00
RHO START     : -2.560000e+02
RAY LENGTH    : 1.024000e+03

SPATIAL INDEXING       : 5
SPECTRAL INDEXING      : 5
 1: CARTESIAN, NATURAL
 2: CARTESIAN, TRANSPOSED
 3: MORTON, NATURAL
 4: MORTON, TRANSPOSED
 5: HILBERT
PROJECTION BLOCK SIZE      : 512
BACKPROJECTION BLOCK SIZE  : 512
PROJECTION BUFFER SIZE      : 8 KB
BACKPROJECTION BUFFER SIZE  : 8 KB

SINOGRAM FILE : /shared/scratch/MemXCT/data/CDS1_sinogram.bin
   THETA FILE : /shared/scratch/MemXCT/data/CDS1_theta.bin
  OUTPUT FILE : /shared/scratch/MemXCT/recon_CDS1-1.bin


PLACE TILES
lspat 16 lspatdim 16
lspec 24 lspecdim 32
MPI PARTITIONING
proc: 0 numspats: 64 numpixs: 65536 numspecs: 96 numrays: 98304
proc: 1 numspats: 64 numpixs: 65536 numspecs: 96 numrays: 98304
proc: 2 numspats: 64 numpixs: 65536 numspecs: 96 numrays: 98304
proc: 3 numspats: 64 numpixs: 65536 numspecs: 96 numrays: 98304
maxnumpix: 65536 maxnumray: 98304
FILL PIXELS AND RAYS
INPUT THETA DATA
DOMAIN PARTITIONING

CONSTRUCT PROJECTION MATRIX
CSR STORAGE: 235011243 (1.750970 GB) rownzmax 511
RAY-TRACING TIME: 9.939885e-02
CONSTRUCT BACKPROJECTION MATRIX
CSR STORAGE: 235011243 (1.750970 GB) rownzmax 1092
TRANSPOSITION TIME: 8.503270e-02

BLOCKING PROJECTION MATRIX
NUMBER OF BLOCKS: 427 BUFFSIZE: 2048
NUMBER OF BUFFERS: 1762 AVERAGE BUFF/BLOCK: 4.126464 MAX BUFF/BLOCK: 9
BUFFER MAP: 13563317 (0.050527 GB)
CSR STORAGE: 235011243 (1.313228 GB) buffnzmax: 334 STORAGE EFFICIENCY: 0.374999 DATA REUSE: 18.369753
BLOCKING TIME: 1.055489e-01
BLOCKING BACKPROJECTION MATRIX
NUMBER OF BLOCKS: 128 BUFFSIZE: 2048
NUMBER OF BUFFERS: 1440 AVERAGE BUFF/BLOCK: 11.250000 MAX BUFF/BLOCK: 12
BUFFER MAP: 11012397 (0.041024 GB)
CSR STORAGE: 235011243 (1.313228 GB) buffnzmax: 286 STORAGE EFFICIENCY: 0.374999 DATA REUSE: 21.340942
BLOCKING TIME: 1.055843e-01

FILL PROJECTION MATRIX
TIME: 7.927408e-02
FILL BACKPROJECTION MATRIX
TIME: 6.241215e-02
REDUCTION MAPPINGS
PREPROCESSING TIME: 7.144701e-01
INPUT MEASUREMENT DATA
INPUT ENDS
GRADIENT-DESCENT OPTIMIZATION
iter: 0 error: 4.959038e+04 gradnorm: 1.560967e+10
iter: 1 error: 5.316521e+03 gradnorm: 4.760839e+08
iter: 2 error: 5.074598e+02 gradnorm: 1.604489e+07
iter: 3 error: 2.940097e+02 gradnorm: 8.082406e+06
iter: 4 error: 1.716273e+02 gradnorm: 1.353846e+06
iter: 5 error: 1.154529e+02 gradnorm: 6.253166e+05
iter: 6 error: 8.898116e+01 gradnorm: 6.365935e+05
iter: 7 error: 7.412234e+01 gradnorm: 4.220335e+05
iter: 8 error: 6.183992e+01 gradnorm: 9.531080e+05
iter: 9 error: 5.767255e+01 gradnorm: 2.602956e+05
iter: 10 error: 4.873841e+01 gradnorm: 1.926104e+05
iter: 11 error: 4.171459e+01 gradnorm: 1.086420e+05
iter: 12 error: 3.749767e+01 gradnorm: 1.864777e+05
iter: 13 error: 3.463483e+01 gradnorm: 1.060504e+05
iter: 14 error: 3.146779e+01 gradnorm: 6.072752e+04
iter: 15 error: 2.882887e+01 gradnorm: 7.961930e+04
iter: 16 error: 2.814244e+01 gradnorm: 1.193881e+05
iter: 17 error: 2.682579e+01 gradnorm: 4.656912e+04
iter: 18 error: 2.524190e+01 gradnorm: 2.666623e+04
iter: 19 error: 2.394850e+01 gradnorm: 2.563708e+04
iter: 20 error: 2.288816e+01 gradnorm: 1.501958e+04
iter: 21 error: 2.195834e+01 gradnorm: 1.245625e+04
iter: 22 error: 2.139142e+01 gradnorm: 4.478649e+04
iter: 23 error: 2.120238e+01 gradnorm: 1.067836e+04
iter: 24 error: 2.067553e+01 gradnorm: 7.749090e+03
recon: 2.146375e+00 proj: 9.363470e-01 (7.073178e-01 5.946620e-02 1.694785e-01) backproj: 7.256070e-01 (3.365940e-01 3.289260e-02 3.561067e-01) ctime: 4.742218e-01 wtime: 5.017039e-03
numproj: 49 numback: 25
proj: 2.831993e+00 s (8.132472 GFLOPS) backproj: 1.422662e+00 s (8.259560 GFLOPS) avGFLOPS: 8.174967 totGFLOPS: 32.699869
proj: 25.336122 GB/s back: 25.552750 GB/s av: 25.408558 GB/s tot: 101.634230 GB/s
Total Time: 3.617982e+00
