Using mpirun from /opt/hpcx-v2.7.0-gcc-MLNX_OFED_LINUX-5.1-0.6.6.0-redhat7.7-x86_64/ompi/bin/mpirun
mpirun (Open MPI) 4.0.4rc3

Report bugs to http://www.open-mpi.org/community/help/
Using hosts: hpc-pg0-1:120
PKEY: 0x0016
NUM. THETA             : 750
NUM. RHO               : 512
NUM. X PIXELS          : 512
NUM. Y PIXELS          : 512

NUM. OF PIXELS         : 262144
NUM. OF RAYS           : 384000

NUM. ITERATIONS        : 24

SPATIAL TILE SIZE      : 32
SPECTRAL TILE SIZE     : 32

NUMBER OF X TILES      : 16
NUMBER OF Y TILES      : 16
NUM. OF THETA TILES    : 24
NUM. OF RHO TILES      : 16

NUM. SPATIAL TILES     : 256
NUM. SPECTRAL TILES    : 384

NUM. OF X PIXELS (EXT) : 512
NUM. OF Y PIXELS (EXT) : 512
NUM. OF ANGLES (EXT)   : 768
NUM. OF RHOS (EXT)     : 512

NUM. OF PIXELS (EXT)   : 262144
NUM. OF RAYS (EXT)     : 393216

NUMBER OF PROCESSES    : 1
NUMBER OF THRD./PROC.  : 120

INTEGER: 4, FLOAT: 4, LONG: 8, SHORT: 2, POINTER: 8
APPROX. MEMORY     TOTAL: 4.394531e+00 GB
APPROX. MEMORY PER PROC.: 4.394531e+00 GB

X START       : -2.560000e+02
Y START       : -2.560000e+02
PIXEL SIZE    : 1.000000e+00
RHO START     : -2.560000e+02
RAY LENGTH    : 1.024000e+03

SPATIAL INDEXING       : 5
SPECTRAL INDEXING      : 5
 1: CARTESIAN, NATURAL
 2: CARTESIAN, TRANSPOSED
 3: MORTON, NATURAL
 4: MORTON, TRANSPOSED
 5: HILBERT
PROJECTION BLOCK SIZE      : 512
BACKPROJECTION BLOCK SIZE  : 512
PROJECTION BUFFER SIZE      : 8 KB
BACKPROJECTION BUFFER SIZE  : 8 KB

SINOGRAM FILE : /shared/scratch/MemXCT/data/CDS1_sinogram.bin
   THETA FILE : /shared/scratch/MemXCT/data/CDS1_theta.bin
  OUTPUT FILE : /shared/scratch/MemXCT/recon_CDS1-1.bin


PLACE TILES
lspat 16 lspatdim 16
lspec 24 lspecdim 32
MPI PARTITIONING
proc: 0 numspats: 256 numpixs: 262144 numspecs: 384 numrays: 393216
maxnumpix: 262144 maxnumray: 393216
FILL PIXELS AND RAYS
INPUT THETA DATA
DOMAIN PARTITIONING

CONSTRUCT PROJECTION MATRIX
CSR STORAGE: 235011239 (1.750970 GB) rownzmax 1022
RAY-TRACING TIME: 2.023405e-01
CONSTRUCT BACKPROJECTION MATRIX
CSR STORAGE: 235011239 (1.750970 GB) rownzmax 1092
TRANSPOSITION TIME: 2.450246e-01

BLOCKING PROJECTION MATRIX
NUMBER OF BLOCKS: 750 BUFFSIZE: 2048
NUMBER OF BUFFERS: 6342 AVERAGE BUFF/BLOCK: 8.456000 MAX BUFF/BLOCK: 15
BUFFER MAP: 12205108 (0.045468 GB)
CSR STORAGE: 235011239 (1.313228 GB) buffnzmax: 270 STORAGE EFFICIENCY: 1.500000 DATA REUSE: 19.255154
BLOCKING TIME: 2.177639e-01
BLOCKING BACKPROJECTION MATRIX
NUMBER OF BLOCKS: 512 BUFFSIZE: 2048
NUMBER OF BUFFERS: 5760 AVERAGE BUFF/BLOCK: 11.250000 MAX BUFF/BLOCK: 12
BUFFER MAP: 11012397 (0.041024 GB)
CSR STORAGE: 235011239 (1.313228 GB) buffnzmax: 294 STORAGE EFFICIENCY: 1.500000 DATA REUSE: 21.340607
BLOCKING TIME: 4.120941e-01

FILL PROJECTION MATRIX
TIME: 2.807377e-01
FILL BACKPROJECTION MATRIX
TIME: 1.642966e-01
REDUCTION MAPPINGS
PREPROCESSING TIME: 1.576219e+00
INPUT MEASUREMENT DATA
INPUT ENDS
GRADIENT-DESCENT OPTIMIZATION
iter: 0 error: 4.959037e+04 gradnorm: 1.560967e+10
iter: 1 error: 5.316521e+03 gradnorm: 4.760841e+08
iter: 2 error: 5.074597e+02 gradnorm: 1.604488e+07
iter: 3 error: 2.940097e+02 gradnorm: 8.082404e+06
iter: 4 error: 1.716273e+02 gradnorm: 1.353849e+06
iter: 5 error: 1.154536e+02 gradnorm: 6.255405e+05
iter: 6 error: 8.910890e+01 gradnorm: 6.767268e+05
iter: 7 error: 7.813970e+01 gradnorm: 1.221000e+06
iter: 8 error: 7.142269e+01 gradnorm: 4.759712e+05
iter: 9 error: 5.778416e+01 gradnorm: 2.257362e+05
iter: 10 error: 4.873888e+01 gradnorm: 1.924519e+05
iter: 11 error: 4.171447e+01 gradnorm: 1.086299e+05
iter: 12 error: 3.749600e+01 gradnorm: 1.864412e+05
iter: 13 error: 3.463662e+01 gradnorm: 1.066947e+05
iter: 14 error: 3.162222e+01 gradnorm: 1.079438e+05
iter: 15 error: 3.096671e+01 gradnorm: 1.051661e+05
iter: 16 error: 2.842497e+01 gradnorm: 5.483075e+04
iter: 17 error: 2.682887e+01 gradnorm: 4.562745e+04
iter: 18 error: 2.524190e+01 gradnorm: 2.666363e+04
iter: 19 error: 2.394850e+01 gradnorm: 2.563861e+04
iter: 20 error: 2.288897e+01 gradnorm: 1.529479e+04
iter: 21 error: 2.220781e+01 gradnorm: 7.230760e+04
iter: 22 error: 2.188569e+01 gradnorm: 1.299682e+04
iter: 23 error: 2.120644e+01 gradnorm: 9.388613e+03
iter: 24 error: 2.067972e+01 gradnorm: 8.235557e+03
recon: 2.205501e+00 proj: 1.118285e+00 (9.256252e-01 2.136834e-02 1.712593e-01) backproj: 5.192426e-01 (8.330834e-02 5.862910e-03 4.300516e-01) ctime: 5.678042e-01 wtime: 7.530200e-05
numproj: 49 numback: 25
proj: 9.256252e-01 s (24.881672 GFLOPS) backproj: 4.300516e-01 s (27.323612 GFLOPS) avGFLOPS: 25.656311 totGFLOPS: 25.656311
proj: 77.229433 GB/s back: 84.531550 GB/s av: 79.545831 GB/s tot: 79.545831 GB/s
Total Time: 4.479033e+00
