Using mpirun from /opt/hpcx-v2.7.0-gcc-MLNX_OFED_LINUX-5.1-0.6.6.0-redhat7.7-x86_64/ompi/bin/mpirun
mpirun (Open MPI) 4.0.4rc3

Report bugs to http://www.open-mpi.org/community/help/
Using hosts: hpc-pg0-1:120,hpc-pg0-2:120
PKEY: 0x003d
NUM. THETA             : 750
NUM. RHO               : 512
NUM. X PIXELS          : 512
NUM. Y PIXELS          : 512

NUM. OF PIXELS         : 262144
NUM. OF RAYS           : 384000

NUM. ITERATIONS        : 24

SPATIAL TILE SIZE      : 32
SPECTRAL TILE SIZE     : 32

NUMBER OF X TILES      : 16
NUMBER OF Y TILES      : 16
NUM. OF THETA TILES    : 24
NUM. OF RHO TILES      : 16

NUM. SPATIAL TILES     : 256
NUM. SPECTRAL TILES    : 384

NUM. OF X PIXELS (EXT) : 512
NUM. OF Y PIXELS (EXT) : 512
NUM. OF ANGLES (EXT)   : 768
NUM. OF RHOS (EXT)     : 512

NUM. OF PIXELS (EXT)   : 262144
NUM. OF RAYS (EXT)     : 393216

NUMBER OF PROCESSES    : 2
NUMBER OF THRD./PROC.  : 120

INTEGER: 4, FLOAT: 4, LONG: 8, SHORT: 2, POINTER: 8
APPROX. MEMORY     TOTAL: 4.394531e+00 GB
APPROX. MEMORY PER PROC.: 2.197266e+00 GB

X START       : -2.560000e+02
Y START       : -2.560000e+02
PIXEL SIZE    : 1.000000e+00
RHO START     : -2.560000e+02
RAY LENGTH    : 1.024000e+03

SPATIAL INDEXING       : 5
SPECTRAL INDEXING      : 5
 1: CARTESIAN, NATURAL
 2: CARTESIAN, TRANSPOSED
 3: MORTON, NATURAL
 4: MORTON, TRANSPOSED
 5: HILBERT
PROJECTION BLOCK SIZE      : 512
BACKPROJECTION BLOCK SIZE  : 512
PROJECTION BUFFER SIZE      : 8 KB
BACKPROJECTION BUFFER SIZE  : 8 KB

SINOGRAM FILE : /shared/scratch/MemXCT/data/CDS1_sinogram.bin
   THETA FILE : /shared/scratch/MemXCT/data/CDS1_theta.bin
  OUTPUT FILE : /shared/scratch/MemXCT/recon_CDS1-2.bin


PLACE TILES
lspat 16 lspatdim 16
lspec 24 lspecdim 32
MPI PARTITIONING
proc: 0 numspats: 128 numpixs: 131072 numspecs: 192 numrays: 196608
proc: 1 numspats: 128 numpixs: 131072 numspecs: 192 numrays: 196608
maxnumpix: 131072 maxnumray: 196608
FILL PIXELS AND RAYS
INPUT THETA DATA
DOMAIN PARTITIONING

CONSTRUCT PROJECTION MATRIX
CSR STORAGE: 235011239 (1.750970 GB) rownzmax 767
RAY-TRACING TIME: 1.120614e-01
CONSTRUCT BACKPROJECTION MATRIX
CSR STORAGE: 235011239 (1.750970 GB) rownzmax 1092
TRANSPOSITION TIME: 2.086410e-01

BLOCKING PROJECTION MATRIX
NUMBER OF BLOCKS: 614 BUFFSIZE: 2048
NUMBER OF BUFFERS: 3634 AVERAGE BUFF/BLOCK: 5.918567 MAX BUFF/BLOCK: 15
BUFFER MAP: 13795621 (0.051393 GB)
CSR STORAGE: 235011239 (1.313228 GB) buffnzmax: 256 STORAGE EFFICIENCY: 0.749998 DATA REUSE: 17.367939
BLOCKING TIME: 1.238245e-01
BLOCKING BACKPROJECTION MATRIX
NUMBER OF BLOCKS: 256 BUFFSIZE: 2048
NUMBER OF BUFFERS: 2880 AVERAGE BUFF/BLOCK: 11.250000 MAX BUFF/BLOCK: 12
BUFFER MAP: 11012397 (0.041024 GB)
CSR STORAGE: 235011239 (1.313228 GB) buffnzmax: 286 STORAGE EFFICIENCY: 0.749998 DATA REUSE: 21.340567
BLOCKING TIME: 1.954583e-01

FILL PROJECTION MATRIX
TIME: 1.018770e+00
FILL BACKPROJECTION MATRIX
TIME: 3.078249e-01
REDUCTION MAPPINGS
PREPROCESSING TIME: 2.058878e+00
INPUT MEASUREMENT DATA
INPUT ENDS
GRADIENT-DESCENT OPTIMIZATION
iter: 0 error: 4.959038e+04 gradnorm: 1.560967e+10
iter: 1 error: 5.316521e+03 gradnorm: 4.760840e+08
iter: 2 error: 5.074598e+02 gradnorm: 1.604490e+07
iter: 3 error: 2.940098e+02 gradnorm: 8.082406e+06
iter: 4 error: 1.716273e+02 gradnorm: 1.353847e+06
iter: 5 error: 1.154530e+02 gradnorm: 6.253484e+05
iter: 6 error: 8.899944e+01 gradnorm: 6.423648e+05
iter: 7 error: 7.494707e+01 gradnorm: 6.539073e+05
iter: 8 error: 7.039052e+01 gradnorm: 7.522811e+05
iter: 9 error: 5.778124e+01 gradnorm: 2.266583e+05
iter: 10 error: 4.873891e+01 gradnorm: 1.924567e+05
iter: 11 error: 4.171457e+01 gradnorm: 1.086398e+05
iter: 12 error: 3.749740e+01 gradnorm: 1.864675e+05
iter: 13 error: 3.463484e+01 gradnorm: 1.060762e+05
iter: 14 error: 3.147346e+01 gradnorm: 6.256695e+04
iter: 15 error: 2.958141e+01 gradnorm: 2.304063e+05
iter: 16 error: 2.840690e+01 gradnorm: 6.002903e+04
iter: 17 error: 2.682867e+01 gradnorm: 4.567623e+04
iter: 18 error: 2.524190e+01 gradnorm: 2.666389e+04
iter: 19 error: 2.394850e+01 gradnorm: 2.563726e+04
iter: 20 error: 2.288822e+01 gradnorm: 1.504490e+04
iter: 21 error: 2.198953e+01 gradnorm: 2.263365e+04
iter: 22 error: 2.185721e+01 gradnorm: 2.189757e+04
iter: 23 error: 2.120781e+01 gradnorm: 9.577770e+03
iter: 24 error: 2.073418e+01 gradnorm: 1.368950e+04
recon: 5.121386e+00 proj: 1.952204e+00 (1.151624e+00 6.862908e-02 7.319195e-01) backproj: 1.574512e+00 (1.001351e+00 2.689637e-02 5.462472e-01) ctime: 1.571068e+00 wtime: 1.671456e-02
numproj: 49 numback: 25
proj: 2.312804e+00 s (9.958086 GFLOPS) backproj: 1.087364e+00 s (10.806461 GFLOPS) avGFLOPS: 10.229394 totGFLOPS: 20.458788
proj: 31.043377 GB/s back: 33.432143 GB/s av: 31.807298 GB/s tot: 63.614595 GB/s
Total Time: 7.866074e+00
