Using mpirun from /opt/hpcx-v2.7.0-gcc-MLNX_OFED_LINUX-5.1-0.6.6.0-redhat7.7-x86_64/ompi/bin/mpirun
mpirun (Open MPI) 4.0.4rc3

Report bugs to http://www.open-mpi.org/community/help/
Using hosts: hpc-pg0-2:120,hpc-pg0-3:120
PKEY: 0x001b
NUM. THETA             : 750
NUM. RHO               : 512
NUM. X PIXELS          : 512
NUM. Y PIXELS          : 512

NUM. OF PIXELS         : 262144
NUM. OF RAYS           : 384000

NUM. ITERATIONS        : 24

SPATIAL TILE SIZE      : 32
SPECTRAL TILE SIZE     : 32

NUMBER OF X TILES      : 16
NUMBER OF Y TILES      : 16
NUM. OF THETA TILES    : 24
NUM. OF RHO TILES      : 16

NUM. SPATIAL TILES     : 256
NUM. SPECTRAL TILES    : 384

NUM. OF X PIXELS (EXT) : 512
NUM. OF Y PIXELS (EXT) : 512
NUM. OF ANGLES (EXT)   : 768
NUM. OF RHOS (EXT)     : 512

NUM. OF PIXELS (EXT)   : 262144
NUM. OF RAYS (EXT)     : 393216

NUMBER OF PROCESSES    : 4
NUMBER OF THRD./PROC.  : 60

INTEGER: 4, FLOAT: 4, LONG: 8, SHORT: 2, POINTER: 8
APPROX. MEMORY     TOTAL: 4.394531e+00 GB
APPROX. MEMORY PER PROC.: 1.098633e+00 GB

X START       : -2.560000e+02
Y START       : -2.560000e+02
PIXEL SIZE    : 1.000000e+00
RHO START     : -2.560000e+02
RAY LENGTH    : 1.024000e+03

SPATIAL INDEXING       : 5
SPECTRAL INDEXING      : 5
 1: CARTESIAN, NATURAL
 2: CARTESIAN, TRANSPOSED
 3: MORTON, NATURAL
 4: MORTON, TRANSPOSED
 5: HILBERT
PROJECTION BLOCK SIZE      : 512
BACKPROJECTION BLOCK SIZE  : 512
PROJECTION BUFFER SIZE      : 8 KB
BACKPROJECTION BUFFER SIZE  : 8 KB

SINOGRAM FILE : /shared/scratch/MemXCT/data/CDS1_sinogram.bin
   THETA FILE : /shared/scratch/MemXCT/data/CDS1_theta.bin
  OUTPUT FILE : /shared/scratch/MemXCT/recon_CDS1-1.bin


PLACE TILES
lspat 16 lspatdim 16
lspec 24 lspecdim 32
MPI PARTITIONING
proc: 0 numspats: 64 numpixs: 65536 numspecs: 96 numrays: 98304
proc: 1 numspats: 64 numpixs: 65536 numspecs: 96 numrays: 98304
proc: 2 numspats: 64 numpixs: 65536 numspecs: 96 numrays: 98304
proc: 3 numspats: 64 numpixs: 65536 numspecs: 96 numrays: 98304
maxnumpix: 65536 maxnumray: 98304
FILL PIXELS AND RAYS
INPUT THETA DATA
DOMAIN PARTITIONING

CONSTRUCT PROJECTION MATRIX
CSR STORAGE: 235011243 (1.750970 GB) rownzmax 511
RAY-TRACING TIME: 1.097957e-01
CONSTRUCT BACKPROJECTION MATRIX
CSR STORAGE: 235011243 (1.750970 GB) rownzmax 1092
TRANSPOSITION TIME: 1.532276e-01

BLOCKING PROJECTION MATRIX
NUMBER OF BLOCKS: 427 BUFFSIZE: 2048
NUMBER OF BUFFERS: 1762 AVERAGE BUFF/BLOCK: 4.126464 MAX BUFF/BLOCK: 9
BUFFER MAP: 13563317 (0.050527 GB)
CSR STORAGE: 235011243 (1.313228 GB) buffnzmax: 334 STORAGE EFFICIENCY: 0.374999 DATA REUSE: 18.369753
BLOCKING TIME: 1.376892e-01
BLOCKING BACKPROJECTION MATRIX
NUMBER OF BLOCKS: 128 BUFFSIZE: 2048
NUMBER OF BUFFERS: 1440 AVERAGE BUFF/BLOCK: 11.250000 MAX BUFF/BLOCK: 12
BUFFER MAP: 11012397 (0.041024 GB)
CSR STORAGE: 235011243 (1.313228 GB) buffnzmax: 286 STORAGE EFFICIENCY: 0.374999 DATA REUSE: 21.340942
BLOCKING TIME: 7.470975e-02

FILL PROJECTION MATRIX
TIME: 4.081776e-02
FILL BACKPROJECTION MATRIX
TIME: 6.221879e-02
REDUCTION MAPPINGS
PREPROCESSING TIME: 1.117396e+00
INPUT MEASUREMENT DATA
INPUT ENDS
GRADIENT-DESCENT OPTIMIZATION
iter: 0 error: 4.959039e+04 gradnorm: 1.560967e+10
iter: 1 error: 5.316521e+03 gradnorm: 4.760840e+08
iter: 2 error: 5.074598e+02 gradnorm: 1.604488e+07
iter: 3 error: 2.940097e+02 gradnorm: 8.082405e+06
iter: 4 error: 1.716273e+02 gradnorm: 1.353846e+06
iter: 5 error: 1.154530e+02 gradnorm: 6.253488e+05
iter: 6 error: 8.899946e+01 gradnorm: 6.423682e+05
iter: 7 error: 7.494761e+01 gradnorm: 6.540461e+05
iter: 8 error: 7.039125e+01 gradnorm: 7.521001e+05
iter: 9 error: 5.778123e+01 gradnorm: 2.266574e+05
iter: 10 error: 4.873889e+01 gradnorm: 1.924558e+05
iter: 11 error: 4.171445e+01 gradnorm: 1.086276e+05
iter: 12 error: 3.749553e+01 gradnorm: 1.863885e+05
iter: 13 error: 3.463439e+01 gradnorm: 1.061105e+05
iter: 14 error: 3.147378e+01 gradnorm: 6.267641e+04
iter: 15 error: 2.961055e+01 gradnorm: 2.331436e+05
iter: 16 error: 2.840789e+01 gradnorm: 5.975272e+04
iter: 17 error: 2.682870e+01 gradnorm: 4.567334e+04
iter: 18 error: 2.524190e+01 gradnorm: 2.666382e+04
iter: 19 error: 2.394850e+01 gradnorm: 2.563715e+04
iter: 20 error: 2.288818e+01 gradnorm: 1.502920e+04
iter: 21 error: 2.197049e+01 gradnorm: 1.651348e+04
iter: 22 error: 2.181367e+01 gradnorm: 3.381834e+04
iter: 23 error: 2.120666e+01 gradnorm: 9.478149e+03
iter: 24 error: 2.069500e+01 gradnorm: 9.940680e+03
recon: 3.209636e+00 proj: 1.327305e+00 (9.105720e-01 5.887821e-02 3.577916e-01) backproj: 1.004609e+00 (5.226835e-01 2.476081e-02 4.571443e-01) ctime: 8.629017e-01 wtime: 2.842049e-03
numproj: 49 numback: 25
proj: 3.642303e+00 s (6.323226 GFLOPS) backproj: 1.827717e+00 s (6.429093 GFLOPS) avGFLOPS: 6.358600 totGFLOPS: 25.434399
proj: 19.699548 GB/s back: 19.889802 GB/s av: 19.763118 GB/s tot: 79.052474 GB/s
Total Time: 4.990611e+00
