Using mpirun from /opt/hpcx-v2.7.0-gcc-MLNX_OFED_LINUX-5.1-0.6.6.0-redhat7.7-x86_64/ompi/bin/mpirun
mpirun (Open MPI) 4.0.4rc3

Report bugs to http://www.open-mpi.org/community/help/
NUM. THETA             : 1501
NUM. RHO               : 2048
NUM. X PIXELS          : 2048
NUM. Y PIXELS          : 2048

NUM. OF PIXELS         : 4194304
NUM. OF RAYS           : 3074048

NUM. ITERATIONS        : 24

SPATIAL TILE SIZE      : 32
SPECTRAL TILE SIZE     : 32

NUMBER OF X TILES      : 64
NUMBER OF Y TILES      : 64
NUM. OF THETA TILES    : 47
NUM. OF RHO TILES      : 64

NUM. SPATIAL TILES     : 4096
NUM. SPECTRAL TILES    : 3008

NUM. OF X PIXELS (EXT) : 2048
NUM. OF Y PIXELS (EXT) : 2048
NUM. OF ANGLES (EXT)   : 1504
NUM. OF RHOS (EXT)     : 2048

NUM. OF PIXELS (EXT)   : 4194304
NUM. OF RAYS (EXT)     : 3080192

NUMBER OF PROCESSES    : 1
NUMBER OF THRD./PROC.  : 60

INTEGER: 4, FLOAT: 4, LONG: 8, SHORT: 2, POINTER: 8
APPROX. MEMORY     TOTAL: 1.407188e+02 GB
APPROX. MEMORY PER PROC.: 1.407188e+02 GB

X START       : -1.024000e+03
Y START       : -1.024000e+03
PIXEL SIZE    : 1.000000e+00
RHO START     : -1.024000e+03
RAY LENGTH    : 4.096000e+03

SPATIAL INDEXING       : 5
SPECTRAL INDEXING      : 5
 1: CARTESIAN, NATURAL
 2: CARTESIAN, TRANSPOSED
 3: MORTON, NATURAL
 4: MORTON, TRANSPOSED
 5: HILBERT
PROJECTION BLOCK SIZE      : 512
BACKPROJECTION BLOCK SIZE  : 512
PROJECTION BUFFER SIZE      : 8 KB
BACKPROJECTION BUFFER SIZE  : 8 KB

SINOGRAM FILE : /shared/scratch/MemXCT/data/CDS3_sinogram.bin
   THETA FILE : /shared/scratch/MemXCT/data/CDS3_theta.bin
  OUTPUT FILE : /shared/scratch/MemXCT/recon_CDS3.bin


PLACE TILES
lspat 64 lspatdim 64
lspec 64 lspecdim 64
MPI PARTITIONING
proc: 0 numspats: 4096 numpixs: 4194304 numspecs: 3008 numrays: 3080192
maxnumpix: 4194304 maxnumray: 3080192
FILL PIXELS AND RAYS
INPUT THETA DATA
DOMAIN PARTITIONING

CONSTRUCT PROJECTION MATRIX
CSR STORAGE: 7524332523 (56.060646 GB) rownzmax 4095
RAY-TRACING TIME: 2.001196e+01
CONSTRUCT BACKPROJECTION MATRIX
CSR STORAGE: 7524332523 (56.060646 GB) rownzmax 2185
TRANSPOSITION TIME: 6.521746e+00

BLOCKING PROJECTION MATRIX
NUMBER OF BLOCKS: 6004 BUFFSIZE: 2048
NUMBER OF BUFFERS: 285060 AVERAGE BUFF/BLOCK: 47.478348 MAX BUFF/BLOCK: 87
BUFFER MAP: 577669667 (2.151987 GB)
CSR STORAGE: 7524332523 (42.045484 GB) buffnzmax: 515 STORAGE EFFICIENCY: 1.500000 DATA REUSE: 13.025320
BLOCKING TIME: 8.101306e+00
BLOCKING BACKPROJECTION MATRIX
NUMBER OF BLOCKS: 8192 BUFFSIZE: 2048
NUMBER OF BUFFERS: 177002 AVERAGE BUFF/BLOCK: 21.606689 MAX BUFF/BLOCK: 23
BUFFER MAP: 352645526 (1.313707 GB)
CSR STORAGE: 7524332523 (42.045484 GB) buffnzmax: 408 STORAGE EFFICIENCY: 1.500000 DATA REUSE: 21.336815
BLOCKING TIME: 8.051225e+00

FILL PROJECTION MATRIX
TIME: 5.283907e+00
FILL BACKPROJECTION MATRIX
TIME: 5.808245e+00
REDUCTION MAPPINGS
PREPROCESSING TIME: 5.379153e+01
INPUT MEASUREMENT DATA
INPUT ENDS
GRADIENT-DESCENT OPTIMIZATION
iter: 0 error: 4.635889e+05 gradnorm: 8.585365e+11
iter: 1 error: 9.154316e+04 gradnorm: 2.934979e+10
iter: 2 error: 5.150745e+04 gradnorm: 1.497939e+09
iter: 3 error: 4.825327e+04 gradnorm: 6.414479e+08
iter: 4 error: 4.665309e+04 gradnorm: 1.800306e+08
iter: 5 error: 4.586109e+04 gradnorm: 9.440752e+07
iter: 6 error: 4.545106e+04 gradnorm: 9.412848e+07
iter: 7 error: 4.526762e+04 gradnorm: 6.111315e+07
iter: 8 error: 4.503984e+04 gradnorm: 3.780164e+07
iter: 9 error: 4.490095e+04 gradnorm: 8.546470e+07
iter: 10 error: 4.483617e+04 gradnorm: 3.277670e+07
iter: 11 error: 4.469202e+04 gradnorm: 1.830310e+07
iter: 12 error: 4.457889e+04 gradnorm: 2.106105e+07
iter: 13 error: 4.449182e+04 gradnorm: 1.668054e+07
iter: 14 error: 4.440161e+04 gradnorm: 1.135427e+07
iter: 15 error: 4.434746e+04 gradnorm: 5.802704e+07
iter: 16 error: 4.429599e+04 gradnorm: 1.063711e+07
iter: 17 error: 4.422805e+04 gradnorm: 9.702048e+06
iter: 18 error: 4.416283e+04 gradnorm: 1.296873e+07
iter: 19 error: 4.412630e+04 gradnorm: 1.533382e+07
iter: 20 error: 4.407562e+04 gradnorm: 1.173912e+07
iter: 21 error: 4.405257e+04 gradnorm: 2.261592e+07
iter: 22 error: 4.402355e+04 gradnorm: 1.780844e+07
iter: 23 error: 4.398050e+04 gradnorm: 9.941321e+06
iter: 24 error: 4.392343e+04 gradnorm: 7.081218e+06
recon: 5.641365e+01 proj: 3.617167e+01 (3.591484e+01 7.072746e-02 1.860559e-01) backproj: 1.974717e+01 (4.721745e-02 3.877650e-02 1.966116e+01) ctime: 4.946481e-01 wtime: 1.055040e-04
numproj: 49 numback: 25
proj: 3.591484e+01 s (20.531473 GFLOPS) backproj: 1.966116e+01 s (19.135021 GFLOPS) avGFLOPS: 20.037450 totGFLOPS: 20.037450
proj: 64.746968 GB/s back: 59.198679 GB/s av: 62.784147 GB/s tot: 62.784147 GB/s
Total Time: 1.187867e+02
