Using mpirun from /opt/hpcx-v2.7.0-gcc-MLNX_OFED_LINUX-5.1-0.6.6.0-redhat7.7-x86_64/ompi/bin/mpirun
mpirun (Open MPI) 4.0.4rc3

Report bugs to http://www.open-mpi.org/community/help/
Using hosts: hpc-pg0-1:120
PKEY: 0x001b
NUM. THETA             : 375
NUM. RHO               : 1024
NUM. X PIXELS          : 1024
NUM. Y PIXELS          : 1024

NUM. OF PIXELS         : 1048576
NUM. OF RAYS           : 384000

NUM. ITERATIONS        : 24

SPATIAL TILE SIZE      : 32
SPECTRAL TILE SIZE     : 32

NUMBER OF X TILES      : 32
NUMBER OF Y TILES      : 32
NUM. OF THETA TILES    : 12
NUM. OF RHO TILES      : 32

NUM. SPATIAL TILES     : 1024
NUM. SPECTRAL TILES    : 384

NUM. OF X PIXELS (EXT) : 1024
NUM. OF Y PIXELS (EXT) : 1024
NUM. OF ANGLES (EXT)   : 384
NUM. OF RHOS (EXT)     : 1024

NUM. OF PIXELS (EXT)   : 1048576
NUM. OF RAYS (EXT)     : 393216

NUMBER OF PROCESSES    : 2
NUMBER OF THRD./PROC.  : 60

INTEGER: 4, FLOAT: 4, LONG: 8, SHORT: 2, POINTER: 8
APPROX. MEMORY     TOTAL: 8.789062e+00 GB
APPROX. MEMORY PER PROC.: 4.394531e+00 GB

X START       : -5.120000e+02
Y START       : -5.120000e+02
PIXEL SIZE    : 1.000000e+00
RHO START     : -5.120000e+02
RAY LENGTH    : 2.048000e+03

SPATIAL INDEXING       : 5
SPECTRAL INDEXING      : 5
 1: CARTESIAN, NATURAL
 2: CARTESIAN, TRANSPOSED
 3: MORTON, NATURAL
 4: MORTON, TRANSPOSED
 5: HILBERT
PROJECTION BLOCK SIZE      : 512
BACKPROJECTION BLOCK SIZE  : 512
PROJECTION BUFFER SIZE      : 8 KB
BACKPROJECTION BUFFER SIZE  : 8 KB

SINOGRAM FILE : /shared/scratch/MemXCT/data/CDS2_sinogram.bin
   THETA FILE : /shared/scratch/MemXCT/data/CDS2_theta.bin
  OUTPUT FILE : /shared/scratch/MemXCT/recon_CDS2-1.bin


PLACE TILES
lspat 32 lspatdim 32
lspec 32 lspecdim 32
MPI PARTITIONING
proc: 0 numspats: 512 numpixs: 524288 numspecs: 192 numrays: 196608
proc: 1 numspats: 512 numpixs: 524288 numspecs: 192 numrays: 196608
maxnumpix: 524288 maxnumray: 196608
FILL PIXELS AND RAYS
INPUT THETA DATA
DOMAIN PARTITIONING

CONSTRUCT PROJECTION MATRIX
CSR STORAGE: 470024236 (3.501953 GB) rownzmax 1534
RAY-TRACING TIME: 3.840452e-01
CONSTRUCT BACKPROJECTION MATRIX
CSR STORAGE: 470024236 (3.501953 GB) rownzmax 607
TRANSPOSITION TIME: 2.812973e-01

BLOCKING PROJECTION MATRIX
NUMBER OF BLOCKS: 614 BUFFSIZE: 2048
NUMBER OF BUFFERS: 9333 AVERAGE BUFF/BLOCK: 15.200326 MAX BUFF/BLOCK: 29
BUFFER MAP: 37877669 (0.141105 GB)
CSR STORAGE: 470024236 (2.626465 GB) buffnzmax: 297 STORAGE EFFICIENCY: 0.749997 DATA REUSE: 12.688091
BLOCKING TIME: 2.194531e-01
BLOCKING BACKPROJECTION MATRIX
NUMBER OF BLOCKS: 1024 BUFFSIZE: 2048
NUMBER OF BUFFERS: 5802 AVERAGE BUFF/BLOCK: 5.666016 MAX BUFF/BLOCK: 6
BUFFER MAP: 22022779 (0.082041 GB)
CSR STORAGE: 470024236 (2.626465 GB) buffnzmax: 321 STORAGE EFFICIENCY: 0.749997 DATA REUSE: 21.342545
BLOCKING TIME: 2.143186e-01

FILL PROJECTION MATRIX
TIME: 5.582871e-01
FILL BACKPROJECTION MATRIX
TIME: 1.703218e-01
REDUCTION MAPPINGS
PREPROCESSING TIME: 1.859392e+00
INPUT MEASUREMENT DATA
INPUT ENDS
GRADIENT-DESCENT OPTIMIZATION
iter: 0 error: 5.498395e+04 gradnorm: 8.391549e+09
iter: 1 error: 1.188449e+04 gradnorm: 6.091305e+08
iter: 2 error: 6.055098e+03 gradnorm: 1.332262e+08
iter: 3 error: 3.391537e+03 gradnorm: 4.188791e+07
iter: 4 error: 2.293080e+03 gradnorm: 2.377326e+07
iter: 5 error: 1.950904e+03 gradnorm: 2.627668e+07
iter: 6 error: 1.553682e+03 gradnorm: 1.184650e+07
iter: 7 error: 1.298077e+03 gradnorm: 8.968638e+06
iter: 8 error: 1.044906e+03 gradnorm: 5.329438e+06
iter: 9 error: 8.758323e+02 gradnorm: 3.791867e+06
iter: 10 error: 7.404779e+02 gradnorm: 2.376098e+06
iter: 11 error: 6.497147e+02 gradnorm: 1.780910e+06
iter: 12 error: 5.861656e+02 gradnorm: 2.928374e+06
iter: 13 error: 5.613889e+02 gradnorm: 1.486553e+06
iter: 14 error: 5.104907e+02 gradnorm: 1.022416e+06
iter: 15 error: 4.725659e+02 gradnorm: 8.794818e+05
iter: 16 error: 4.483790e+02 gradnorm: 1.857077e+06
iter: 17 error: 4.285823e+02 gradnorm: 5.807581e+05
iter: 18 error: 4.000241e+02 gradnorm: 4.965308e+05
iter: 19 error: 3.798928e+02 gradnorm: 4.312524e+05
iter: 20 error: 3.602566e+02 gradnorm: 3.377676e+05
iter: 21 error: 3.450056e+02 gradnorm: 4.496891e+05
iter: 22 error: 3.362249e+02 gradnorm: 3.746562e+05
iter: 23 error: 3.227126e+02 gradnorm: 2.516677e+05
iter: 24 error: 3.125118e+02 gradnorm: 4.602164e+05
recon: 3.870618e+00 proj: 2.079938e+00 (1.570364e+00 5.562128e-02 4.539165e-01) backproj: 1.199370e+00 (2.181813e-01 8.687046e-03 9.723980e-01) ctime: 5.871969e-01 wtime: 5.322270e-04
numproj: 49 numback: 25
proj: 3.140811e+00 s (14.665757 GFLOPS) backproj: 1.944811e+00 s (12.084058 GFLOPS) avGFLOPS: 13.678481 totGFLOPS: 27.356961
proj: 46.361000 GB/s back: 37.384561 GB/s av: 42.928288 GB/s tot: 85.856576 GB/s
Total Time: 6.311004e+00
