Using mpirun from /opt/hpcx-v2.7.0-gcc-MLNX_OFED_LINUX-5.1-0.6.6.0-redhat7.7-x86_64/ompi/bin/mpirun
mpirun (Open MPI) 4.0.4rc3

Report bugs to http://www.open-mpi.org/community/help/
Using hosts: hpc-pg0-1:120
PKEY: 0x0016
NUM. THETA             : 375
NUM. RHO               : 1024
NUM. X PIXELS          : 1024
NUM. Y PIXELS          : 1024

NUM. OF PIXELS         : 1048576
NUM. OF RAYS           : 384000

NUM. ITERATIONS        : 24

SPATIAL TILE SIZE      : 32
SPECTRAL TILE SIZE     : 32

NUMBER OF X TILES      : 32
NUMBER OF Y TILES      : 32
NUM. OF THETA TILES    : 12
NUM. OF RHO TILES      : 32

NUM. SPATIAL TILES     : 1024
NUM. SPECTRAL TILES    : 384

NUM. OF X PIXELS (EXT) : 1024
NUM. OF Y PIXELS (EXT) : 1024
NUM. OF ANGLES (EXT)   : 384
NUM. OF RHOS (EXT)     : 1024

NUM. OF PIXELS (EXT)   : 1048576
NUM. OF RAYS (EXT)     : 393216

NUMBER OF PROCESSES    : 1
NUMBER OF THRD./PROC.  : 120

INTEGER: 4, FLOAT: 4, LONG: 8, SHORT: 2, POINTER: 8
APPROX. MEMORY     TOTAL: 8.789062e+00 GB
APPROX. MEMORY PER PROC.: 8.789062e+00 GB

X START       : -5.120000e+02
Y START       : -5.120000e+02
PIXEL SIZE    : 1.000000e+00
RHO START     : -5.120000e+02
RAY LENGTH    : 2.048000e+03

SPATIAL INDEXING       : 5
SPECTRAL INDEXING      : 5
 1: CARTESIAN, NATURAL
 2: CARTESIAN, TRANSPOSED
 3: MORTON, NATURAL
 4: MORTON, TRANSPOSED
 5: HILBERT
PROJECTION BLOCK SIZE      : 512
BACKPROJECTION BLOCK SIZE  : 512
PROJECTION BUFFER SIZE      : 8 KB
BACKPROJECTION BUFFER SIZE  : 8 KB

SINOGRAM FILE : /shared/scratch/MemXCT/data/CDS2_sinogram.bin
   THETA FILE : /shared/scratch/MemXCT/data/CDS2_theta.bin
  OUTPUT FILE : /shared/scratch/MemXCT/recon_CDS2-1.bin


PLACE TILES
lspat 32 lspatdim 32
lspec 32 lspecdim 32
MPI PARTITIONING
proc: 0 numspats: 1024 numpixs: 1048576 numspecs: 384 numrays: 393216
maxnumpix: 1048576 maxnumray: 393216
FILL PIXELS AND RAYS
INPUT THETA DATA
DOMAIN PARTITIONING

CONSTRUCT PROJECTION MATRIX
CSR STORAGE: 470024162 (3.501953 GB) rownzmax 2046
RAY-TRACING TIME: 5.159182e-01
CONSTRUCT BACKPROJECTION MATRIX
CSR STORAGE: 470024162 (3.501953 GB) rownzmax 607
TRANSPOSITION TIME: 4.709636e-01

BLOCKING PROJECTION MATRIX
NUMBER OF BLOCKS: 750 BUFFSIZE: 2048
NUMBER OF BUFFERS: 18280 AVERAGE BUFF/BLOCK: 24.373333 MAX BUFF/BLOCK: 42
BUFFER MAP: 36702739 (0.136728 GB)
CSR STORAGE: 470024162 (2.626465 GB) buffnzmax: 284 STORAGE EFFICIENCY: 1.500000 DATA REUSE: 12.806242
BLOCKING TIME: 4.269672e-01
BLOCKING BACKPROJECTION MATRIX
NUMBER OF BLOCKS: 2048 BUFFSIZE: 2048
NUMBER OF BUFFERS: 11604 AVERAGE BUFF/BLOCK: 5.666016 MAX BUFF/BLOCK: 6
BUFFER MAP: 22022777 (0.082041 GB)
CSR STORAGE: 470024162 (2.626465 GB) buffnzmax: 321 STORAGE EFFICIENCY: 1.500000 DATA REUSE: 21.342640
BLOCKING TIME: 2.726799e-01

FILL PROJECTION MATRIX
TIME: 3.610555e-01
FILL BACKPROJECTION MATRIX
TIME: 1.823716e-01
REDUCTION MAPPINGS
PREPROCESSING TIME: 2.253801e+00
INPUT MEASUREMENT DATA
INPUT ENDS
GRADIENT-DESCENT OPTIMIZATION
iter: 0 error: 5.498396e+04 gradnorm: 5.780558e+09
iter: 1 error: 2.713759e+04 gradnorm: 4.174672e+08
iter: 2 error: 2.306866e+04 gradnorm: 9.086842e+07
iter: 3 error: 2.127431e+04 gradnorm: 3.168978e+07
iter: 4 error: 2.032669e+04 gradnorm: 1.557749e+07
iter: 5 error: 1.975908e+04 gradnorm: 1.008936e+07
iter: 6 error: 1.938425e+04 gradnorm: 8.237596e+06
iter: 7 error: 1.911242e+04 gradnorm: 6.110000e+06
iter: 8 error: 1.886851e+04 gradnorm: 5.366398e+06
iter: 9 error: 1.867027e+04 gradnorm: 4.472223e+06
iter: 10 error: 1.848718e+04 gradnorm: 4.211600e+06
iter: 11 error: 1.831279e+04 gradnorm: 3.380226e+06
iter: 12 error: 1.818288e+04 gradnorm: 8.690546e+06
iter: 13 error: 1.811270e+04 gradnorm: 3.385544e+06
iter: 14 error: 1.798104e+04 gradnorm: 2.756048e+06
iter: 15 error: 1.784728e+04 gradnorm: 2.113808e+06
iter: 16 error: 1.772011e+04 gradnorm: 2.599591e+06
iter: 17 error: 1.766529e+04 gradnorm: 2.922424e+06
iter: 18 error: 1.755814e+04 gradnorm: 1.868999e+06
iter: 19 error: 1.746796e+04 gradnorm: 1.917199e+06
iter: 20 error: 1.737506e+04 gradnorm: 1.669414e+06
iter: 21 error: 1.731852e+04 gradnorm: 5.859493e+06
iter: 22 error: 1.726214e+04 gradnorm: 1.414608e+06
iter: 23 error: 1.716981e+04 gradnorm: 1.258577e+06
iter: 24 error: 1.708009e+04 gradnorm: 1.303102e+06
recon: 3.444059e+00 proj: 1.666599e+00 (1.379774e+00 2.266431e-02 2.641220e-01) backproj: 1.131417e+00 (7.870769e-02 5.381384e-03 1.047304e+00) ctime: 6.458651e-01 wtime: 9.280600e-05
numproj: 49 numback: 25
proj: 1.379774e+00 s (33.383987 GFLOPS) backproj: 1.047304e+00 s (22.439726 GFLOPS) avGFLOPS: 28.661450 totGFLOPS: 28.661450
proj: 105.365667 GB/s back: 69.421984 GB/s av: 89.855678 GB/s tot: 89.855678 GB/s
Total Time: 6.599098e+00
