Using mpirun from /opt/hpcx-v2.7.0-gcc-MLNX_OFED_LINUX-5.1-0.6.6.0-redhat7.7-x86_64/ompi/bin/mpirun
mpirun (Open MPI) 4.0.4rc3

Report bugs to http://www.open-mpi.org/community/help/
Using hosts: hpc-pg0-1:120,hpc-pg0-2:120,hpc-pg0-3:120,hpc-pg0-4:120
PKEY: 0x0054
NUM. THETA             : 750
NUM. RHO               : 512
NUM. X PIXELS          : 512
NUM. Y PIXELS          : 512

NUM. OF PIXELS         : 262144
NUM. OF RAYS           : 384000

NUM. ITERATIONS        : 24

SPATIAL TILE SIZE      : 32
SPECTRAL TILE SIZE     : 32

NUMBER OF X TILES      : 16
NUMBER OF Y TILES      : 16
NUM. OF THETA TILES    : 24
NUM. OF RHO TILES      : 16

NUM. SPATIAL TILES     : 256
NUM. SPECTRAL TILES    : 384

NUM. OF X PIXELS (EXT) : 512
NUM. OF Y PIXELS (EXT) : 512
NUM. OF ANGLES (EXT)   : 768
NUM. OF RHOS (EXT)     : 512

NUM. OF PIXELS (EXT)   : 262144
NUM. OF RAYS (EXT)     : 393216

NUMBER OF PROCESSES    : 4
NUMBER OF THRD./PROC.  : 120

INTEGER: 4, FLOAT: 4, LONG: 8, SHORT: 2, POINTER: 8
APPROX. MEMORY     TOTAL: 4.394531e+00 GB
APPROX. MEMORY PER PROC.: 1.098633e+00 GB

X START       : -2.560000e+02
Y START       : -2.560000e+02
PIXEL SIZE    : 1.000000e+00
RHO START     : -2.560000e+02
RAY LENGTH    : 1.024000e+03

SPATIAL INDEXING       : 5
SPECTRAL INDEXING      : 5
 1: CARTESIAN, NATURAL
 2: CARTESIAN, TRANSPOSED
 3: MORTON, NATURAL
 4: MORTON, TRANSPOSED
 5: HILBERT
PROJECTION BLOCK SIZE      : 512
BACKPROJECTION BLOCK SIZE  : 512
PROJECTION BUFFER SIZE      : 8 KB
BACKPROJECTION BUFFER SIZE  : 8 KB

SINOGRAM FILE : /shared/scratch/MemXCT/data/CDS1_sinogram.bin
   THETA FILE : /shared/scratch/MemXCT/data/CDS1_theta.bin
  OUTPUT FILE : /shared/scratch/MemXCT/recon_CDS1-4.bin


PLACE TILES
lspat 16 lspatdim 16
lspec 24 lspecdim 32
MPI PARTITIONING
proc: 0 numspats: 64 numpixs: 65536 numspecs: 96 numrays: 98304
proc: 1 numspats: 64 numpixs: 65536 numspecs: 96 numrays: 98304
proc: 2 numspats: 64 numpixs: 65536 numspecs: 96 numrays: 98304
proc: 3 numspats: 64 numpixs: 65536 numspecs: 96 numrays: 98304
maxnumpix: 65536 maxnumray: 98304
FILL PIXELS AND RAYS
INPUT THETA DATA
DOMAIN PARTITIONING

CONSTRUCT PROJECTION MATRIX
CSR STORAGE: 235011239 (1.750970 GB) rownzmax 511
RAY-TRACING TIME: 6.824762e-02
CONSTRUCT BACKPROJECTION MATRIX
CSR STORAGE: 235011239 (1.750970 GB) rownzmax 1092
TRANSPOSITION TIME: 1.620004e-01

BLOCKING PROJECTION MATRIX
NUMBER OF BLOCKS: 427 BUFFSIZE: 2048
NUMBER OF BUFFERS: 1762 AVERAGE BUFF/BLOCK: 4.126464 MAX BUFF/BLOCK: 9
BUFFER MAP: 13563317 (0.050527 GB)
CSR STORAGE: 235011239 (1.313228 GB) buffnzmax: 334 STORAGE EFFICIENCY: 0.374999 DATA REUSE: 18.369751
BLOCKING TIME: 1.460760e-01
BLOCKING BACKPROJECTION MATRIX
NUMBER OF BLOCKS: 128 BUFFSIZE: 2048
NUMBER OF BUFFERS: 1440 AVERAGE BUFF/BLOCK: 11.250000 MAX BUFF/BLOCK: 12
BUFFER MAP: 11012397 (0.041024 GB)
CSR STORAGE: 235011239 (1.313228 GB) buffnzmax: 286 STORAGE EFFICIENCY: 0.374999 DATA REUSE: 21.340940
BLOCKING TIME: 1.997077e-01

FILL PROJECTION MATRIX
TIME: 1.066109e+00
FILL BACKPROJECTION MATRIX
TIME: 8.526030e-02
REDUCTION MAPPINGS
PREPROCESSING TIME: 1.800880e+00
INPUT MEASUREMENT DATA
INPUT ENDS
GRADIENT-DESCENT OPTIMIZATION
iter: 0 error: 4.959038e+04 gradnorm: 1.560967e+10
iter: 1 error: 5.316521e+03 gradnorm: 4.760839e+08
iter: 2 error: 5.074597e+02 gradnorm: 1.604488e+07
iter: 3 error: 2.940098e+02 gradnorm: 8.082410e+06
iter: 4 error: 1.716274e+02 gradnorm: 1.353847e+06
iter: 5 error: 1.154532e+02 gradnorm: 6.254319e+05
iter: 6 error: 8.904699e+01 gradnorm: 6.573243e+05
iter: 7 error: 7.661992e+01 gradnorm: 1.016564e+06
iter: 8 error: 7.124425e+01 gradnorm: 5.276237e+05
iter: 9 error: 5.778370e+01 gradnorm: 2.258845e+05
iter: 10 error: 4.873891e+01 gradnorm: 1.924527e+05
iter: 11 error: 4.171450e+01 gradnorm: 1.086313e+05
iter: 12 error: 3.749613e+01 gradnorm: 1.864222e+05
iter: 13 error: 3.463509e+01 gradnorm: 1.062558e+05
iter: 14 error: 3.151452e+01 gradnorm: 7.563319e+04
iter: 15 error: 3.066876e+01 gradnorm: 1.761678e+05
iter: 16 error: 2.842328e+01 gradnorm: 5.532210e+04
iter: 17 error: 2.682884e+01 gradnorm: 4.563223e+04
iter: 18 error: 2.524191e+01 gradnorm: 2.666367e+04
iter: 19 error: 2.394850e+01 gradnorm: 2.563732e+04
iter: 20 error: 2.288827e+01 gradnorm: 1.506009e+04
iter: 21 error: 2.200735e+01 gradnorm: 2.812391e+04
iter: 22 error: 2.186867e+01 gradnorm: 1.841431e+04
iter: 23 error: 2.120642e+01 gradnorm: 9.398686e+03
iter: 24 error: 2.067983e+01 gradnorm: 8.249672e+03
recon: 8.309007e+00 proj: 3.028270e+00 (1.687692e+00 1.249970e-01 1.215555e+00) backproj: 1.991255e+00 (1.114865e+00 3.004275e-02 8.462835e-01) ctime: 3.233454e+00 wtime: 2.608394e-02
numproj: 49 numback: 25
proj: 6.743242e+00 s (3.415435 GFLOPS) backproj: 3.384934e+00 s (3.471430 GFLOPS) avGFLOPS: 3.434149 totGFLOPS: 13.736595
proj: 10.640537 GB/s back: 10.739625 GB/s av: 10.673653 GB/s tot: 42.694613 GB/s
Total Time: 1.097855e+01
