Using mpirun from /opt/hpcx-v2.7.0-gcc-MLNX_OFED_LINUX-5.1-0.6.6.0-redhat7.7-x86_64/ompi/bin/mpirun
mpirun (Open MPI) 4.0.4rc3

Report bugs to http://www.open-mpi.org/community/help/
Using hosts: hpc-pg0-1:120,hpc-pg0-2:120,hpc-pg0-3:120,hpc-pg0-4:120
PKEY: 0x001b
NUM. THETA             : 750
NUM. RHO               : 512
NUM. X PIXELS          : 512
NUM. Y PIXELS          : 512

NUM. OF PIXELS         : 262144
NUM. OF RAYS           : 384000

NUM. ITERATIONS        : 24

SPATIAL TILE SIZE      : 32
SPECTRAL TILE SIZE     : 32

NUMBER OF X TILES      : 16
NUMBER OF Y TILES      : 16
NUM. OF THETA TILES    : 24
NUM. OF RHO TILES      : 16

NUM. SPATIAL TILES     : 256
NUM. SPECTRAL TILES    : 384

NUM. OF X PIXELS (EXT) : 512
NUM. OF Y PIXELS (EXT) : 512
NUM. OF ANGLES (EXT)   : 768
NUM. OF RHOS (EXT)     : 512

NUM. OF PIXELS (EXT)   : 262144
NUM. OF RAYS (EXT)     : 393216

NUMBER OF PROCESSES    : 8
NUMBER OF THRD./PROC.  : 60

INTEGER: 4, FLOAT: 4, LONG: 8, SHORT: 2, POINTER: 8
APPROX. MEMORY     TOTAL: 4.394531e+00 GB
APPROX. MEMORY PER PROC.: 5.493164e-01 GB

X START       : -2.560000e+02
Y START       : -2.560000e+02
PIXEL SIZE    : 1.000000e+00
RHO START     : -2.560000e+02
RAY LENGTH    : 1.024000e+03

SPATIAL INDEXING       : 5
SPECTRAL INDEXING      : 5
 1: CARTESIAN, NATURAL
 2: CARTESIAN, TRANSPOSED
 3: MORTON, NATURAL
 4: MORTON, TRANSPOSED
 5: HILBERT
PROJECTION BLOCK SIZE      : 512
BACKPROJECTION BLOCK SIZE  : 512
PROJECTION BUFFER SIZE      : 8 KB
BACKPROJECTION BUFFER SIZE  : 8 KB

SINOGRAM FILE : /shared/scratch/MemXCT/data/CDS1_sinogram.bin
   THETA FILE : /shared/scratch/MemXCT/data/CDS1_theta.bin
  OUTPUT FILE : /shared/scratch/MemXCT/recon_CDS1-1.bin


PLACE TILES
lspat 16 lspatdim 16
lspec 24 lspecdim 32
MPI PARTITIONING
proc: 0 numspats: 32 numpixs: 32768 numspecs: 48 numrays: 49152
proc: 1 numspats: 32 numpixs: 32768 numspecs: 48 numrays: 49152
proc: 2 numspats: 32 numpixs: 32768 numspecs: 48 numrays: 49152
proc: 3 numspats: 32 numpixs: 32768 numspecs: 48 numrays: 49152
proc: 4 numspats: 32 numpixs: 32768 numspecs: 48 numrays: 49152
proc: 5 numspats: 32 numpixs: 32768 numspecs: 48 numrays: 49152
proc: 6 numspats: 32 numpixs: 32768 numspecs: 48 numrays: 49152
proc: 7 numspats: 32 numpixs: 32768 numspecs: 48 numrays: 49152
maxnumpix: 32768 maxnumray: 49152
FILL PIXELS AND RAYS
INPUT THETA DATA
DOMAIN PARTITIONING

CONSTRUCT PROJECTION MATRIX
CSR STORAGE: 235011243 (1.750970 GB) rownzmax 383
RAY-TRACING TIME: 6.178169e-02
CONSTRUCT BACKPROJECTION MATRIX
CSR STORAGE: 235011243 (1.750970 GB) rownzmax 1042
TRANSPOSITION TIME: 6.122056e-02

BLOCKING PROJECTION MATRIX
NUMBER OF BLOCKS: 307 BUFFSIZE: 2048
NUMBER OF BUFFERS: 992 AVERAGE BUFF/BLOCK: 3.231270 MAX BUFF/BLOCK: 8
BUFFER MAP: 14068772 (0.052410 GB)
CSR STORAGE: 235011243 (1.313228 GB) buffnzmax: 252 STORAGE EFFICIENCY: 0.176621 DATA REUSE: 16.131771
BLOCKING TIME: 1.031356e-01
BLOCKING BACKPROJECTION MATRIX
NUMBER OF BLOCKS: 64 BUFFSIZE: 2048
NUMBER OF BUFFERS: 677 AVERAGE BUFF/BLOCK: 10.578125 MAX BUFF/BLOCK: 12
BUFFER MAP: 11012397 (0.041024 GB)
CSR STORAGE: 235011243 (1.313228 GB) buffnzmax: 266 STORAGE EFFICIENCY: 0.176621 DATA REUSE: 21.364128
BLOCKING TIME: 4.625849e-02

FILL PROJECTION MATRIX
TIME: 2.072607e-02
FILL BACKPROJECTION MATRIX
TIME: 6.455363e-02
REDUCTION MAPPINGS
PREPROCESSING TIME: 5.995064e-01
INPUT MEASUREMENT DATA
INPUT ENDS
GRADIENT-DESCENT OPTIMIZATION
iter: 0 error: 4.959038e+04 gradnorm: 1.560967e+10
iter: 1 error: 5.316522e+03 gradnorm: 4.760837e+08
iter: 2 error: 5.074598e+02 gradnorm: 1.604489e+07
iter: 3 error: 2.940097e+02 gradnorm: 8.082408e+06
iter: 4 error: 1.716274e+02 gradnorm: 1.353847e+06
iter: 5 error: 1.154531e+02 gradnorm: 6.253939e+05
iter: 6 error: 8.902549e+01 gradnorm: 6.505673e+05
iter: 7 error: 7.593433e+01 gradnorm: 8.853764e+05
iter: 8 error: 7.107230e+01 gradnorm: 5.758599e+05
iter: 9 error: 5.778323e+01 gradnorm: 2.260317e+05
iter: 10 error: 4.873891e+01 gradnorm: 1.924538e+05
iter: 11 error: 4.171455e+01 gradnorm: 1.086380e+05
iter: 12 error: 3.749715e+01 gradnorm: 1.864626e+05
iter: 13 error: 3.463518e+01 gradnorm: 1.061936e+05
iter: 14 error: 3.150307e+01 gradnorm: 7.202723e+04
iter: 15 error: 3.055660e+01 gradnorm: 1.966400e+05
iter: 16 error: 2.842251e+01 gradnorm: 5.554919e+04
iter: 17 error: 2.682884e+01 gradnorm: 4.563405e+04
iter: 18 error: 2.524191e+01 gradnorm: 2.666364e+04
iter: 19 error: 2.394850e+01 gradnorm: 2.563712e+04
iter: 20 error: 2.288817e+01 gradnorm: 1.502517e+04
iter: 21 error: 2.196546e+01 gradnorm: 1.484785e+04
iter: 22 error: 2.177248e+01 gradnorm: 4.324725e+04
iter: 23 error: 2.120619e+01 gradnorm: 9.463303e+03
iter: 24 error: 2.067860e+01 gradnorm: 8.099681e+03
recon: 4.606305e+00 proj: 1.708450e+00 (1.132171e+00 9.255848e-02 4.836969e-01) backproj: 1.511905e+00 (9.477858e-01 5.071312e-02 5.133948e-01) ctime: 1.359277e+00 wtime: 1.381101e-02
numproj: 49 numback: 25
proj: 9.061447e+00 s (2.541658 GFLOPS) backproj: 4.104363e+00 s (2.862944 GFLOPS) avGFLOPS: 2.641817 totGFLOPS: 21.134537
proj: 7.929284 GB/s back: 8.857142 GB/s av: 8.218538 GB/s tot: 65.748302 GB/s
Total Time: 6.077148e+00
