Using mpirun from /opt/hpcx-v2.7.0-gcc-MLNX_OFED_LINUX-5.1-0.6.6.0-redhat7.7-x86_64/ompi/bin/mpirun
mpirun (Open MPI) 4.0.4rc3

Report bugs to http://www.open-mpi.org/community/help/
Using hosts: hpc-pg0-2:120,hpc-pg0-3:120
PKEY: 0x001b
NUM. THETA             : 375
NUM. RHO               : 1024
NUM. X PIXELS          : 1024
NUM. Y PIXELS          : 1024

NUM. OF PIXELS         : 1048576
NUM. OF RAYS           : 384000

NUM. ITERATIONS        : 24

SPATIAL TILE SIZE      : 32
SPECTRAL TILE SIZE     : 32

NUMBER OF X TILES      : 32
NUMBER OF Y TILES      : 32
NUM. OF THETA TILES    : 12
NUM. OF RHO TILES      : 32

NUM. SPATIAL TILES     : 1024
NUM. SPECTRAL TILES    : 384

NUM. OF X PIXELS (EXT) : 1024
NUM. OF Y PIXELS (EXT) : 1024
NUM. OF ANGLES (EXT)   : 384
NUM. OF RHOS (EXT)     : 1024

NUM. OF PIXELS (EXT)   : 1048576
NUM. OF RAYS (EXT)     : 393216

NUMBER OF PROCESSES    : 4
NUMBER OF THRD./PROC.  : 60

INTEGER: 4, FLOAT: 4, LONG: 8, SHORT: 2, POINTER: 8
APPROX. MEMORY     TOTAL: 8.789062e+00 GB
APPROX. MEMORY PER PROC.: 2.197266e+00 GB

X START       : -5.120000e+02
Y START       : -5.120000e+02
PIXEL SIZE    : 1.000000e+00
RHO START     : -5.120000e+02
RAY LENGTH    : 2.048000e+03

SPATIAL INDEXING       : 5
SPECTRAL INDEXING      : 5
 1: CARTESIAN, NATURAL
 2: CARTESIAN, TRANSPOSED
 3: MORTON, NATURAL
 4: MORTON, TRANSPOSED
 5: HILBERT
PROJECTION BLOCK SIZE      : 512
BACKPROJECTION BLOCK SIZE  : 512
PROJECTION BUFFER SIZE      : 8 KB
BACKPROJECTION BUFFER SIZE  : 8 KB

SINOGRAM FILE : /shared/scratch/MemXCT/data/CDS2_sinogram.bin
   THETA FILE : /shared/scratch/MemXCT/data/CDS2_theta.bin
  OUTPUT FILE : /shared/scratch/MemXCT/recon_CDS2-1.bin


PLACE TILES
lspat 32 lspatdim 32
lspec 32 lspecdim 32
MPI PARTITIONING
proc: 0 numspats: 256 numpixs: 262144 numspecs: 96 numrays: 98304
proc: 1 numspats: 256 numpixs: 262144 numspecs: 96 numrays: 98304
proc: 2 numspats: 256 numpixs: 262144 numspecs: 96 numrays: 98304
proc: 3 numspats: 256 numpixs: 262144 numspecs: 96 numrays: 98304
maxnumpix: 262144 maxnumray: 98304
FILL PIXELS AND RAYS
INPUT THETA DATA
DOMAIN PARTITIONING

CONSTRUCT PROJECTION MATRIX
CSR STORAGE: 470024236 (3.501953 GB) rownzmax 1022
RAY-TRACING TIME: 1.956004e-01
CONSTRUCT BACKPROJECTION MATRIX
CSR STORAGE: 470024236 (3.501953 GB) rownzmax 607
TRANSPOSITION TIME: 2.157173e-01

BLOCKING PROJECTION MATRIX
NUMBER OF BLOCKS: 375 BUFFSIZE: 2048
NUMBER OF BUFFERS: 3577 AVERAGE BUFF/BLOCK: 9.538667 MAX BUFF/BLOCK: 17
BUFFER MAP: 38188871 (0.142265 GB)
CSR STORAGE: 470024236 (2.626465 GB) buffnzmax: 263 STORAGE EFFICIENCY: 0.350560 DATA REUSE: 15.842276
BLOCKING TIME: 1.628993e-01
BLOCKING BACKPROJECTION MATRIX
NUMBER OF BLOCKS: 512 BUFFSIZE: 2048
NUMBER OF BUFFERS: 2730 AVERAGE BUFF/BLOCK: 5.332031 MAX BUFF/BLOCK: 6
BUFFER MAP: 22022779 (0.082041 GB)
CSR STORAGE: 470024236 (2.626465 GB) buffnzmax: 276 STORAGE EFFICIENCY: 0.350560 DATA REUSE: 21.345243
BLOCKING TIME: 2.015867e-01

FILL PROJECTION MATRIX
TIME: 5.413120e-01
FILL BACKPROJECTION MATRIX
TIME: 1.279234e-01
REDUCTION MAPPINGS
PREPROCESSING TIME: 1.554425e+00
INPUT MEASUREMENT DATA
INPUT ENDS
GRADIENT-DESCENT OPTIMIZATION
iter: 0 error: 5.498395e+04 gradnorm: 1.750595e+10
iter: 1 error: 3.365970e+03 gradnorm: 1.974254e+08
iter: 2 error: 1.351252e+03 gradnorm: 4.437238e+07
iter: 3 error: 7.837161e+02 gradnorm: 2.147930e+07
iter: 4 error: 5.386423e+02 gradnorm: 9.271478e+06
iter: 5 error: 4.053621e+02 gradnorm: 3.663754e+06
iter: 6 error: 3.067813e+02 gradnorm: 1.739894e+06
iter: 7 error: 2.429327e+02 gradnorm: 1.568488e+06
iter: 8 error: 2.100094e+02 gradnorm: 1.230922e+06
iter: 9 error: 1.777154e+02 gradnorm: 8.615185e+05
iter: 10 error: 1.650338e+02 gradnorm: 1.845483e+06
iter: 11 error: 1.511084e+02 gradnorm: 6.863049e+05
iter: 12 error: 1.355688e+02 gradnorm: 4.705919e+05
iter: 13 error: 1.199982e+02 gradnorm: 3.553890e+05
iter: 14 error: 1.093434e+02 gradnorm: 2.737752e+05
iter: 15 error: 9.935801e+01 gradnorm: 2.195964e+05
iter: 16 error: 9.421346e+01 gradnorm: 2.417819e+05
iter: 17 error: 8.853036e+01 gradnorm: 2.478965e+05
iter: 18 error: 8.552800e+01 gradnorm: 1.829426e+05
iter: 19 error: 8.174579e+01 gradnorm: 1.686035e+05
iter: 20 error: 8.011768e+01 gradnorm: 2.827444e+05
iter: 21 error: 7.606218e+01 gradnorm: 8.342498e+04
iter: 22 error: 7.266039e+01 gradnorm: 8.561703e+04
iter: 23 error: 6.938708e+01 gradnorm: 6.676307e+04
iter: 24 error: 6.663404e+01 gradnorm: 6.216199e+04
recon: 3.500306e+00 proj: 1.658934e+00 (9.833678e-01 8.512848e-02 5.903215e-01) backproj: 1.075913e+00 (3.154252e-01 3.790989e-02 7.225615e-01) ctime: 7.364334e-01 wtime: 1.982124e-02
numproj: 49 numback: 25
proj: 3.948058e+00 s (11.667098 GFLOPS) backproj: 2.890602e+00 s (8.130215 GFLOPS) avGFLOPS: 10.172109 totGFLOPS: 40.688437
proj: 36.897169 GB/s back: 25.152520 GB/s av: 31.932877 GB/s tot: 127.731507 GB/s
Total Time: 5.909984e+00
