Using mpirun from /opt/hpcx-v2.7.0-gcc-MLNX_OFED_LINUX-5.1-0.6.6.0-redhat7.7-x86_64/ompi/bin/mpirun
mpirun (Open MPI) 4.0.4rc3

Report bugs to http://www.open-mpi.org/community/help/
Using hosts: hpc-pg0-2:120,hpc-pg0-3:120
PKEY: 0x001b
NUM. THETA             : 750
NUM. RHO               : 512
NUM. X PIXELS          : 512
NUM. Y PIXELS          : 512

NUM. OF PIXELS         : 262144
NUM. OF RAYS           : 384000

NUM. ITERATIONS        : 24

SPATIAL TILE SIZE      : 32
SPECTRAL TILE SIZE     : 32

NUMBER OF X TILES      : 16
NUMBER OF Y TILES      : 16
NUM. OF THETA TILES    : 24
NUM. OF RHO TILES      : 16

NUM. SPATIAL TILES     : 256
NUM. SPECTRAL TILES    : 384

NUM. OF X PIXELS (EXT) : 512
NUM. OF Y PIXELS (EXT) : 512
NUM. OF ANGLES (EXT)   : 768
NUM. OF RHOS (EXT)     : 512

NUM. OF PIXELS (EXT)   : 262144
NUM. OF RAYS (EXT)     : 393216

NUMBER OF PROCESSES    : 4
NUMBER OF THRD./PROC.  : 60

INTEGER: 4, FLOAT: 4, LONG: 8, SHORT: 2, POINTER: 8
APPROX. MEMORY     TOTAL: 4.394531e+00 GB
APPROX. MEMORY PER PROC.: 1.098633e+00 GB

X START       : -2.560000e+02
Y START       : -2.560000e+02
PIXEL SIZE    : 1.000000e+00
RHO START     : -2.560000e+02
RAY LENGTH    : 1.024000e+03

SPATIAL INDEXING       : 5
SPECTRAL INDEXING      : 5
 1: CARTESIAN, NATURAL
 2: CARTESIAN, TRANSPOSED
 3: MORTON, NATURAL
 4: MORTON, TRANSPOSED
 5: HILBERT
PROJECTION BLOCK SIZE      : 512
BACKPROJECTION BLOCK SIZE  : 512
PROJECTION BUFFER SIZE      : 8 KB
BACKPROJECTION BUFFER SIZE  : 8 KB

SINOGRAM FILE : /shared/scratch/MemXCT/data/CDS1_sinogram.bin
   THETA FILE : /shared/scratch/MemXCT/data/CDS1_theta.bin
  OUTPUT FILE : /shared/scratch/MemXCT/recon_CDS1-1.bin


PLACE TILES
lspat 16 lspatdim 16
lspec 24 lspecdim 32
MPI PARTITIONING
proc: 0 numspats: 64 numpixs: 65536 numspecs: 96 numrays: 98304
proc: 1 numspats: 64 numpixs: 65536 numspecs: 96 numrays: 98304
proc: 2 numspats: 64 numpixs: 65536 numspecs: 96 numrays: 98304
proc: 3 numspats: 64 numpixs: 65536 numspecs: 96 numrays: 98304
maxnumpix: 65536 maxnumray: 98304
FILL PIXELS AND RAYS
INPUT THETA DATA
DOMAIN PARTITIONING

CONSTRUCT PROJECTION MATRIX
CSR STORAGE: 235011243 (1.750970 GB) rownzmax 511
RAY-TRACING TIME: 9.584276e-02
CONSTRUCT BACKPROJECTION MATRIX
CSR STORAGE: 235011243 (1.750970 GB) rownzmax 1092
TRANSPOSITION TIME: 7.804832e-02

BLOCKING PROJECTION MATRIX
NUMBER OF BLOCKS: 427 BUFFSIZE: 2048
NUMBER OF BUFFERS: 1762 AVERAGE BUFF/BLOCK: 4.126464 MAX BUFF/BLOCK: 9
BUFFER MAP: 13563317 (0.050527 GB)
CSR STORAGE: 235011243 (1.313228 GB) buffnzmax: 334 STORAGE EFFICIENCY: 0.374999 DATA REUSE: 18.369753
BLOCKING TIME: 1.787504e-01
BLOCKING BACKPROJECTION MATRIX
NUMBER OF BLOCKS: 128 BUFFSIZE: 2048
NUMBER OF BUFFERS: 1440 AVERAGE BUFF/BLOCK: 11.250000 MAX BUFF/BLOCK: 12
BUFFER MAP: 11012397 (0.041024 GB)
CSR STORAGE: 235011243 (1.313228 GB) buffnzmax: 286 STORAGE EFFICIENCY: 0.374999 DATA REUSE: 21.340942
BLOCKING TIME: 1.018683e-01

FILL PROJECTION MATRIX
TIME: 8.202533e-02
FILL BACKPROJECTION MATRIX
TIME: 5.265588e-02
REDUCTION MAPPINGS
PREPROCESSING TIME: 7.519801e-01
INPUT MEASUREMENT DATA
INPUT ENDS
GRADIENT-DESCENT OPTIMIZATION
iter: 0 error: 4.959038e+04 gradnorm: 1.560967e+10
iter: 1 error: 5.316521e+03 gradnorm: 4.760839e+08
iter: 2 error: 5.074598e+02 gradnorm: 1.604489e+07
iter: 3 error: 2.940097e+02 gradnorm: 8.082410e+06
iter: 4 error: 1.716273e+02 gradnorm: 1.353846e+06
iter: 5 error: 1.154529e+02 gradnorm: 6.253162e+05
iter: 6 error: 8.898100e+01 gradnorm: 6.365391e+05
iter: 7 error: 7.411400e+01 gradnorm: 4.195059e+05
iter: 8 error: 6.115687e+01 gradnorm: 8.084235e+05
iter: 9 error: 5.762532e+01 gradnorm: 2.746162e+05
iter: 10 error: 4.873819e+01 gradnorm: 1.926785e+05
iter: 11 error: 4.171459e+01 gradnorm: 1.086433e+05
iter: 12 error: 3.749785e+01 gradnorm: 1.864851e+05
iter: 13 error: 3.463487e+01 gradnorm: 1.060473e+05
iter: 14 error: 3.146778e+01 gradnorm: 6.072323e+04
iter: 15 error: 2.882631e+01 gradnorm: 7.884438e+04
iter: 16 error: 2.813303e+01 gradnorm: 1.209182e+05
iter: 17 error: 2.682566e+01 gradnorm: 4.660914e+04
iter: 18 error: 2.524190e+01 gradnorm: 2.666635e+04
iter: 19 error: 2.394851e+01 gradnorm: 2.563712e+04
iter: 20 error: 2.288815e+01 gradnorm: 1.502004e+04
iter: 21 error: 2.195891e+01 gradnorm: 1.264379e+04
iter: 22 error: 2.149127e+01 gradnorm: 5.926573e+04
iter: 23 error: 2.120483e+01 gradnorm: 1.001667e+04
iter: 24 error: 2.068939e+01 gradnorm: 9.332944e+03
recon: 2.759536e+00 proj: 1.145328e+00 (8.265147e-01 5.776715e-02 2.610110e-01) backproj: 1.060442e+00 (6.744590e-01 2.863261e-02 3.573328e-01) ctime: 5.420393e-01 wtime: 7.892018e-03
numproj: 49 numback: 25
proj: 3.297184e+00 s (6.985082 GFLOPS) backproj: 1.429392e+00 s (8.220674 GFLOPS) avGFLOPS: 7.358745 totGFLOPS: 29.434978
proj: 21.761513 GB/s back: 25.432447 GB/s av: 22.871662 GB/s tot: 91.486646 GB/s
Total Time: 4.164800e+00
