Using mpirun from /opt/hpcx-v2.7.0-gcc-MLNX_OFED_LINUX-5.1-0.6.6.0-redhat7.7-x86_64/ompi/bin/mpirun
mpirun (Open MPI) 4.0.4rc3

Report bugs to http://www.open-mpi.org/community/help/
Using hosts: hpc-pg0-1:120,hpc-pg0-2:120,hpc-pg0-3:120,hpc-pg0-4:120
PKEY: 0x0054
NUM. THETA             : 750
NUM. RHO               : 512
NUM. X PIXELS          : 512
NUM. Y PIXELS          : 512

NUM. OF PIXELS         : 262144
NUM. OF RAYS           : 384000

NUM. ITERATIONS        : 24

SPATIAL TILE SIZE      : 32
SPECTRAL TILE SIZE     : 32

NUMBER OF X TILES      : 16
NUMBER OF Y TILES      : 16
NUM. OF THETA TILES    : 24
NUM. OF RHO TILES      : 16

NUM. SPATIAL TILES     : 256
NUM. SPECTRAL TILES    : 384

NUM. OF X PIXELS (EXT) : 512
NUM. OF Y PIXELS (EXT) : 512
NUM. OF ANGLES (EXT)   : 768
NUM. OF RHOS (EXT)     : 512

NUM. OF PIXELS (EXT)   : 262144
NUM. OF RAYS (EXT)     : 393216

NUMBER OF PROCESSES    : 4
NUMBER OF THRD./PROC.  : 120

INTEGER: 4, FLOAT: 4, LONG: 8, SHORT: 2, POINTER: 8
APPROX. MEMORY     TOTAL: 4.394531e+00 GB
APPROX. MEMORY PER PROC.: 1.098633e+00 GB

X START       : -2.560000e+02
Y START       : -2.560000e+02
PIXEL SIZE    : 1.000000e+00
RHO START     : -2.560000e+02
RAY LENGTH    : 1.024000e+03

SPATIAL INDEXING       : 5
SPECTRAL INDEXING      : 5
 1: CARTESIAN, NATURAL
 2: CARTESIAN, TRANSPOSED
 3: MORTON, NATURAL
 4: MORTON, TRANSPOSED
 5: HILBERT
PROJECTION BLOCK SIZE      : 512
BACKPROJECTION BLOCK SIZE  : 512
PROJECTION BUFFER SIZE      : 8 KB
BACKPROJECTION BUFFER SIZE  : 8 KB

SINOGRAM FILE : /shared/scratch/MemXCT/data/CDS1_sinogram.bin
   THETA FILE : /shared/scratch/MemXCT/data/CDS1_theta.bin
  OUTPUT FILE : /shared/scratch/MemXCT/recon_CDS1-4.bin


PLACE TILES
lspat 16 lspatdim 16
lspec 24 lspecdim 32
MPI PARTITIONING
proc: 0 numspats: 64 numpixs: 65536 numspecs: 96 numrays: 98304
proc: 1 numspats: 64 numpixs: 65536 numspecs: 96 numrays: 98304
proc: 2 numspats: 64 numpixs: 65536 numspecs: 96 numrays: 98304
proc: 3 numspats: 64 numpixs: 65536 numspecs: 96 numrays: 98304
maxnumpix: 65536 maxnumray: 98304
FILL PIXELS AND RAYS
INPUT THETA DATA
DOMAIN PARTITIONING

CONSTRUCT PROJECTION MATRIX
CSR STORAGE: 235011239 (1.750970 GB) rownzmax 511
RAY-TRACING TIME: 5.713804e-02
CONSTRUCT BACKPROJECTION MATRIX
CSR STORAGE: 235011239 (1.750970 GB) rownzmax 1092
TRANSPOSITION TIME: 1.525671e-01

BLOCKING PROJECTION MATRIX
NUMBER OF BLOCKS: 427 BUFFSIZE: 2048
NUMBER OF BUFFERS: 1762 AVERAGE BUFF/BLOCK: 4.126464 MAX BUFF/BLOCK: 9
BUFFER MAP: 13563317 (0.050527 GB)
CSR STORAGE: 235011239 (1.313228 GB) buffnzmax: 334 STORAGE EFFICIENCY: 0.374999 DATA REUSE: 18.369751
BLOCKING TIME: 2.604985e-01
BLOCKING BACKPROJECTION MATRIX
NUMBER OF BLOCKS: 128 BUFFSIZE: 2048
NUMBER OF BUFFERS: 1440 AVERAGE BUFF/BLOCK: 11.250000 MAX BUFF/BLOCK: 12
BUFFER MAP: 11012397 (0.041024 GB)
CSR STORAGE: 235011239 (1.313228 GB) buffnzmax: 286 STORAGE EFFICIENCY: 0.374999 DATA REUSE: 21.340940
BLOCKING TIME: 3.069953e-01

FILL PROJECTION MATRIX
TIME: 1.443178e+00
FILL BACKPROJECTION MATRIX
TIME: 9.095180e-02
REDUCTION MAPPINGS
PREPROCESSING TIME: 2.746468e+00
INPUT MEASUREMENT DATA
INPUT ENDS
GRADIENT-DESCENT OPTIMIZATION
iter: 0 error: 4.959038e+04 gradnorm: 1.560967e+10
iter: 1 error: 5.316521e+03 gradnorm: 4.760838e+08
iter: 2 error: 5.074597e+02 gradnorm: 1.604489e+07
iter: 3 error: 2.940097e+02 gradnorm: 8.082410e+06
iter: 4 error: 1.716273e+02 gradnorm: 1.353846e+06
iter: 5 error: 1.154529e+02 gradnorm: 6.253160e+05
iter: 6 error: 8.898094e+01 gradnorm: 6.365179e+05
iter: 7 error: 7.411073e+01 gradnorm: 4.185146e+05
iter: 8 error: 6.086289e+01 gradnorm: 7.388321e+05
iter: 9 error: 5.759388e+01 gradnorm: 2.840524e+05
iter: 10 error: 4.873804e+01 gradnorm: 1.927240e+05
iter: 11 error: 4.171457e+01 gradnorm: 1.086404e+05
iter: 12 error: 3.749740e+01 gradnorm: 1.864658e+05
iter: 13 error: 3.463476e+01 gradnorm: 1.060542e+05
iter: 14 error: 3.146748e+01 gradnorm: 6.062693e+04
iter: 15 error: 2.876603e+01 gradnorm: 6.006035e+04
iter: 16 error: 2.719384e+01 gradnorm: 7.245027e+04
iter: 17 error: 2.669529e+01 gradnorm: 8.264047e+04
iter: 18 error: 2.524152e+01 gradnorm: 2.678813e+04
iter: 19 error: 2.394850e+01 gradnorm: 2.563754e+04
iter: 20 error: 2.288816e+01 gradnorm: 1.501924e+04
iter: 21 error: 2.195789e+01 gradnorm: 1.230200e+04
iter: 22 error: 2.126066e+01 gradnorm: 9.629637e+03
iter: 23 error: 2.074165e+01 gradnorm: 1.281563e+04
iter: 24 error: 2.064182e+01 gradnorm: 1.766613e+04
recon: 1.098851e+01 proj: 4.362120e+00 (2.561232e+00 1.097445e-01 1.691121e+00) backproj: 2.274694e+00 (1.170954e+00 5.356681e-02 1.050160e+00) ctime: 4.288498e+00 wtime: 4.128762e-02
numproj: 49 numback: 25
proj: 1.024666e+01 s (2.247668 GFLOPS) backproj: 4.205489e+00 s (2.794101 GFLOPS) avGFLOPS: 2.406677 totGFLOPS: 9.626707
proj: 7.002446 GB/s back: 8.644161 GB/s av: 7.480175 GB/s tot: 29.920701 GB/s
Total Time: 1.483623e+01
