Using mpirun from /opt/hpcx-v2.7.0-gcc-MLNX_OFED_LINUX-5.1-0.6.6.0-redhat7.7-x86_64/ompi/bin/mpirun
mpirun (Open MPI) 4.0.4rc3

Report bugs to http://www.open-mpi.org/community/help/
Using hosts: hpc-pg0-2:120,hpc-pg0-3:120
PKEY: 0x001b
NUM. THETA             : 750
NUM. RHO               : 512
NUM. X PIXELS          : 512
NUM. Y PIXELS          : 512

NUM. OF PIXELS         : 262144
NUM. OF RAYS           : 384000

NUM. ITERATIONS        : 24

SPATIAL TILE SIZE      : 32
SPECTRAL TILE SIZE     : 32

NUMBER OF X TILES      : 16
NUMBER OF Y TILES      : 16
NUM. OF THETA TILES    : 24
NUM. OF RHO TILES      : 16

NUM. SPATIAL TILES     : 256
NUM. SPECTRAL TILES    : 384

NUM. OF X PIXELS (EXT) : 512
NUM. OF Y PIXELS (EXT) : 512
NUM. OF ANGLES (EXT)   : 768
NUM. OF RHOS (EXT)     : 512

NUM. OF PIXELS (EXT)   : 262144
NUM. OF RAYS (EXT)     : 393216

NUMBER OF PROCESSES    : 4
NUMBER OF THRD./PROC.  : 60

INTEGER: 4, FLOAT: 4, LONG: 8, SHORT: 2, POINTER: 8
APPROX. MEMORY     TOTAL: 4.394531e+00 GB
APPROX. MEMORY PER PROC.: 1.098633e+00 GB

X START       : -2.560000e+02
Y START       : -2.560000e+02
PIXEL SIZE    : 1.000000e+00
RHO START     : -2.560000e+02
RAY LENGTH    : 1.024000e+03

SPATIAL INDEXING       : 5
SPECTRAL INDEXING      : 5
 1: CARTESIAN, NATURAL
 2: CARTESIAN, TRANSPOSED
 3: MORTON, NATURAL
 4: MORTON, TRANSPOSED
 5: HILBERT
PROJECTION BLOCK SIZE      : 512
BACKPROJECTION BLOCK SIZE  : 512
PROJECTION BUFFER SIZE      : 8 KB
BACKPROJECTION BUFFER SIZE  : 8 KB

SINOGRAM FILE : /shared/scratch/MemXCT/data/CDS1_sinogram.bin
   THETA FILE : /shared/scratch/MemXCT/data/CDS1_theta.bin
  OUTPUT FILE : /shared/scratch/MemXCT/recon_CDS1-1.bin


PLACE TILES
lspat 16 lspatdim 16
lspec 24 lspecdim 32
MPI PARTITIONING
proc: 0 numspats: 64 numpixs: 65536 numspecs: 96 numrays: 98304
proc: 1 numspats: 64 numpixs: 65536 numspecs: 96 numrays: 98304
proc: 2 numspats: 64 numpixs: 65536 numspecs: 96 numrays: 98304
proc: 3 numspats: 64 numpixs: 65536 numspecs: 96 numrays: 98304
maxnumpix: 65536 maxnumray: 98304
FILL PIXELS AND RAYS
INPUT THETA DATA
DOMAIN PARTITIONING

CONSTRUCT PROJECTION MATRIX
CSR STORAGE: 235011243 (1.750970 GB) rownzmax 511
RAY-TRACING TIME: 7.345777e-02
CONSTRUCT BACKPROJECTION MATRIX
CSR STORAGE: 235011243 (1.750970 GB) rownzmax 1092
TRANSPOSITION TIME: 1.056934e-01

BLOCKING PROJECTION MATRIX
NUMBER OF BLOCKS: 427 BUFFSIZE: 2048
NUMBER OF BUFFERS: 1762 AVERAGE BUFF/BLOCK: 4.126464 MAX BUFF/BLOCK: 9
BUFFER MAP: 13563317 (0.050527 GB)
CSR STORAGE: 235011243 (1.313228 GB) buffnzmax: 334 STORAGE EFFICIENCY: 0.374999 DATA REUSE: 18.369753
BLOCKING TIME: 6.335394e-02
BLOCKING BACKPROJECTION MATRIX
NUMBER OF BLOCKS: 128 BUFFSIZE: 2048
NUMBER OF BUFFERS: 1440 AVERAGE BUFF/BLOCK: 11.250000 MAX BUFF/BLOCK: 12
BUFFER MAP: 11012397 (0.041024 GB)
CSR STORAGE: 235011243 (1.313228 GB) buffnzmax: 286 STORAGE EFFICIENCY: 0.374999 DATA REUSE: 21.340942
BLOCKING TIME: 6.630519e-02

FILL PROJECTION MATRIX
TIME: 5.415485e-02
FILL BACKPROJECTION MATRIX
TIME: 5.595154e-02
REDUCTION MAPPINGS
PREPROCESSING TIME: 5.341444e-01
INPUT MEASUREMENT DATA
INPUT ENDS
GRADIENT-DESCENT OPTIMIZATION
iter: 0 error: 4.959039e+04 gradnorm: 1.560967e+10
iter: 1 error: 5.316521e+03 gradnorm: 4.760837e+08
iter: 2 error: 5.074598e+02 gradnorm: 1.604489e+07
iter: 3 error: 2.940097e+02 gradnorm: 8.082407e+06
iter: 4 error: 1.716273e+02 gradnorm: 1.353846e+06
iter: 5 error: 1.154530e+02 gradnorm: 6.253290e+05
iter: 6 error: 8.898819e+01 gradnorm: 6.388140e+05
iter: 7 error: 7.445442e+01 gradnorm: 5.196126e+05
iter: 8 error: 6.895898e+01 gradnorm: 1.045606e+06
iter: 9 error: 5.777615e+01 gradnorm: 2.282538e+05
iter: 10 error: 4.873886e+01 gradnorm: 1.924627e+05
iter: 11 error: 4.171442e+01 gradnorm: 1.086230e+05
iter: 12 error: 3.749484e+01 gradnorm: 1.863577e+05
iter: 13 error: 3.463414e+01 gradnorm: 1.060995e+05
iter: 14 error: 3.146754e+01 gradnorm: 6.065932e+04
iter: 15 error: 2.878535e+01 gradnorm: 6.619012e+04
iter: 16 error: 2.781308e+01 gradnorm: 1.491409e+05
iter: 17 error: 2.681918e+01 gradnorm: 4.857914e+04
iter: 18 error: 2.524188e+01 gradnorm: 2.667187e+04
iter: 19 error: 2.394850e+01 gradnorm: 2.563714e+04
iter: 20 error: 2.288815e+01 gradnorm: 1.501925e+04
iter: 21 error: 2.195791e+01 gradnorm: 1.230573e+04
iter: 22 error: 2.126358e+01 gradnorm: 1.049551e+04
iter: 23 error: 2.103422e+01 gradnorm: 4.487624e+04
iter: 24 error: 2.068847e+01 gradnorm: 9.609371e+03
recon: 2.494267e+00 proj: 1.140279e+00 (8.775295e-01 7.404842e-02 1.886592e-01) backproj: 9.210319e-01 (5.242602e-01 2.075060e-02 3.760073e-01) ctime: 4.179547e-01 wtime: 6.035818e-03
numproj: 49 numback: 25
proj: 3.527834e+00 s (6.528397 GFLOPS) backproj: 1.505317e+00 s (7.806038 GFLOPS) avGFLOPS: 6.910515 totGFLOPS: 27.642059
proj: 20.338745 GB/s back: 24.149682 GB/s av: 21.478522 GB/s tot: 85.914088 GB/s
Total Time: 3.628180e+00
