Using mpirun from /opt/hpcx-v2.7.0-gcc-MLNX_OFED_LINUX-5.1-0.6.6.0-redhat7.7-x86_64/ompi/bin/mpirun
mpirun (Open MPI) 4.0.4rc3

Report bugs to http://www.open-mpi.org/community/help/
Using hosts: hpc-pg0-1:120
PKEY: 0x0016
NUM. THETA             : 375
NUM. RHO               : 1024
NUM. X PIXELS          : 1024
NUM. Y PIXELS          : 1024

NUM. OF PIXELS         : 1048576
NUM. OF RAYS           : 384000

NUM. ITERATIONS        : 24

SPATIAL TILE SIZE      : 32
SPECTRAL TILE SIZE     : 32

NUMBER OF X TILES      : 32
NUMBER OF Y TILES      : 32
NUM. OF THETA TILES    : 12
NUM. OF RHO TILES      : 32

NUM. SPATIAL TILES     : 1024
NUM. SPECTRAL TILES    : 384

NUM. OF X PIXELS (EXT) : 1024
NUM. OF Y PIXELS (EXT) : 1024
NUM. OF ANGLES (EXT)   : 384
NUM. OF RHOS (EXT)     : 1024

NUM. OF PIXELS (EXT)   : 1048576
NUM. OF RAYS (EXT)     : 393216

NUMBER OF PROCESSES    : 1
NUMBER OF THRD./PROC.  : 120

INTEGER: 4, FLOAT: 4, LONG: 8, SHORT: 2, POINTER: 8
APPROX. MEMORY     TOTAL: 8.789062e+00 GB
APPROX. MEMORY PER PROC.: 8.789062e+00 GB

X START       : -5.120000e+02
Y START       : -5.120000e+02
PIXEL SIZE    : 1.000000e+00
RHO START     : -5.120000e+02
RAY LENGTH    : 2.048000e+03

SPATIAL INDEXING       : 5
SPECTRAL INDEXING      : 5
 1: CARTESIAN, NATURAL
 2: CARTESIAN, TRANSPOSED
 3: MORTON, NATURAL
 4: MORTON, TRANSPOSED
 5: HILBERT
PROJECTION BLOCK SIZE      : 512
BACKPROJECTION BLOCK SIZE  : 512
PROJECTION BUFFER SIZE      : 8 KB
BACKPROJECTION BUFFER SIZE  : 8 KB

SINOGRAM FILE : /shared/scratch/MemXCT/data/CDS2_sinogram.bin
   THETA FILE : /shared/scratch/MemXCT/data/CDS2_theta.bin
  OUTPUT FILE : /shared/scratch/MemXCT/recon_CDS2-1.bin


PLACE TILES
lspat 32 lspatdim 32
lspec 32 lspecdim 32
MPI PARTITIONING
proc: 0 numspats: 1024 numpixs: 1048576 numspecs: 384 numrays: 393216
maxnumpix: 1048576 maxnumray: 393216
FILL PIXELS AND RAYS
INPUT THETA DATA
DOMAIN PARTITIONING

CONSTRUCT PROJECTION MATRIX
CSR STORAGE: 470024162 (3.501953 GB) rownzmax 2046
RAY-TRACING TIME: 4.676012e-01
CONSTRUCT BACKPROJECTION MATRIX
CSR STORAGE: 470024162 (3.501953 GB) rownzmax 607
TRANSPOSITION TIME: 4.750112e-01

BLOCKING PROJECTION MATRIX
NUMBER OF BLOCKS: 750 BUFFSIZE: 2048
NUMBER OF BUFFERS: 18280 AVERAGE BUFF/BLOCK: 24.373333 MAX BUFF/BLOCK: 42
BUFFER MAP: 36702739 (0.136728 GB)
CSR STORAGE: 470024162 (2.626465 GB) buffnzmax: 284 STORAGE EFFICIENCY: 1.500000 DATA REUSE: 12.806242
BLOCKING TIME: 3.288441e-01
BLOCKING BACKPROJECTION MATRIX
NUMBER OF BLOCKS: 2048 BUFFSIZE: 2048
NUMBER OF BUFFERS: 11604 AVERAGE BUFF/BLOCK: 5.666016 MAX BUFF/BLOCK: 6
BUFFER MAP: 22022777 (0.082041 GB)
CSR STORAGE: 470024162 (2.626465 GB) buffnzmax: 321 STORAGE EFFICIENCY: 1.500000 DATA REUSE: 21.342640
BLOCKING TIME: 4.352024e-01

FILL PROJECTION MATRIX
TIME: 3.260018e-01
FILL BACKPROJECTION MATRIX
TIME: 1.829110e-01
REDUCTION MAPPINGS
PREPROCESSING TIME: 2.242284e+00
INPUT MEASUREMENT DATA
INPUT ENDS
GRADIENT-DESCENT OPTIMIZATION
iter: 0 error: 5.498394e+04 gradnorm: 5.780560e+09
iter: 1 error: 2.713759e+04 gradnorm: 4.174669e+08
iter: 2 error: 2.306866e+04 gradnorm: 9.086842e+07
iter: 3 error: 2.127431e+04 gradnorm: 3.168983e+07
iter: 4 error: 2.032669e+04 gradnorm: 1.557750e+07
iter: 5 error: 1.975908e+04 gradnorm: 1.008936e+07
iter: 6 error: 1.938424e+04 gradnorm: 8.237612e+06
iter: 7 error: 1.911243e+04 gradnorm: 6.110494e+06
iter: 8 error: 1.886865e+04 gradnorm: 5.393520e+06
iter: 9 error: 1.867675e+04 gradnorm: 5.624270e+06
iter: 10 error: 1.859118e+04 gradnorm: 9.362218e+06
iter: 11 error: 1.844664e+04 gradnorm: 4.294270e+06
iter: 12 error: 1.828188e+04 gradnorm: 3.280469e+06
iter: 13 error: 1.811534e+04 gradnorm: 2.896952e+06
iter: 14 error: 1.798105e+04 gradnorm: 2.749328e+06
iter: 15 error: 1.784709e+04 gradnorm: 2.096742e+06
iter: 16 error: 1.771417e+04 gradnorm: 2.162348e+06
iter: 17 error: 1.766243e+04 gradnorm: 5.107972e+06
iter: 18 error: 1.759299e+04 gradnorm: 3.857397e+06
iter: 19 error: 1.753620e+04 gradnorm: 2.218584e+06
iter: 20 error: 1.744967e+04 gradnorm: 1.949248e+06
iter: 21 error: 1.736015e+04 gradnorm: 1.588224e+06
iter: 22 error: 1.726249e+04 gradnorm: 1.342231e+06
iter: 23 error: 1.716984e+04 gradnorm: 1.264740e+06
iter: 24 error: 1.708643e+04 gradnorm: 2.505705e+06
recon: 3.878758e+00 proj: 2.051925e+00 (1.635249e+00 3.203741e-02 3.845939e-01) backproj: 1.054629e+00 (8.001986e-02 7.920120e-03 9.666683e-01) ctime: 7.720034e-01 wtime: 8.020500e-05
numproj: 49 numback: 25
proj: 1.635249e+00 s (28.168412 GFLOPS) backproj: 9.666683e-01 s (24.311553 GFLOPS) avGFLOPS: 26.735506 totGFLOPS: 26.735506
proj: 88.904406 GB/s back: 75.212873 GB/s av: 83.817707 GB/s tot: 83.817707 GB/s
Total Time: 6.912646e+00
