Using mpirun from /opt/hpcx-v2.7.0-gcc-MLNX_OFED_LINUX-5.1-0.6.6.0-redhat7.7-x86_64/ompi/bin/mpirun
mpirun (Open MPI) 4.0.4rc3

Report bugs to http://www.open-mpi.org/community/help/
Using hosts: hpc-pg0-1:120
PKEY: 0x001b
NUM. THETA             : 750
NUM. RHO               : 512
NUM. X PIXELS          : 512
NUM. Y PIXELS          : 512

NUM. OF PIXELS         : 262144
NUM. OF RAYS           : 384000

NUM. ITERATIONS        : 24

SPATIAL TILE SIZE      : 32
SPECTRAL TILE SIZE     : 32

NUMBER OF X TILES      : 16
NUMBER OF Y TILES      : 16
NUM. OF THETA TILES    : 24
NUM. OF RHO TILES      : 16

NUM. SPATIAL TILES     : 256
NUM. SPECTRAL TILES    : 384

NUM. OF X PIXELS (EXT) : 512
NUM. OF Y PIXELS (EXT) : 512
NUM. OF ANGLES (EXT)   : 768
NUM. OF RHOS (EXT)     : 512

NUM. OF PIXELS (EXT)   : 262144
NUM. OF RAYS (EXT)     : 393216

NUMBER OF PROCESSES    : 2
NUMBER OF THRD./PROC.  : 60

INTEGER: 4, FLOAT: 4, LONG: 8, SHORT: 2, POINTER: 8
APPROX. MEMORY     TOTAL: 4.394531e+00 GB
APPROX. MEMORY PER PROC.: 2.197266e+00 GB

X START       : -2.560000e+02
Y START       : -2.560000e+02
PIXEL SIZE    : 1.000000e+00
RHO START     : -2.560000e+02
RAY LENGTH    : 1.024000e+03

SPATIAL INDEXING       : 5
SPECTRAL INDEXING      : 5
 1: CARTESIAN, NATURAL
 2: CARTESIAN, TRANSPOSED
 3: MORTON, NATURAL
 4: MORTON, TRANSPOSED
 5: HILBERT
PROJECTION BLOCK SIZE      : 512
BACKPROJECTION BLOCK SIZE  : 512
PROJECTION BUFFER SIZE      : 8 KB
BACKPROJECTION BUFFER SIZE  : 8 KB

SINOGRAM FILE : /shared/scratch/MemXCT/data/CDS1_sinogram.bin
   THETA FILE : /shared/scratch/MemXCT/data/CDS1_theta.bin
  OUTPUT FILE : /shared/scratch/MemXCT/recon_CDS1-1.bin


PLACE TILES
lspat 16 lspatdim 16
lspec 24 lspecdim 32
MPI PARTITIONING
proc: 0 numspats: 128 numpixs: 131072 numspecs: 192 numrays: 196608
proc: 1 numspats: 128 numpixs: 131072 numspecs: 192 numrays: 196608
maxnumpix: 131072 maxnumray: 196608
FILL PIXELS AND RAYS
INPUT THETA DATA
DOMAIN PARTITIONING

CONSTRUCT PROJECTION MATRIX
CSR STORAGE: 235011243 (1.750970 GB) rownzmax 767
RAY-TRACING TIME: 1.637853e-01
CONSTRUCT BACKPROJECTION MATRIX
CSR STORAGE: 235011243 (1.750970 GB) rownzmax 1092
TRANSPOSITION TIME: 1.544050e-01

BLOCKING PROJECTION MATRIX
NUMBER OF BLOCKS: 614 BUFFSIZE: 2048
NUMBER OF BUFFERS: 3634 AVERAGE BUFF/BLOCK: 5.918567 MAX BUFF/BLOCK: 15
BUFFER MAP: 13795621 (0.051393 GB)
CSR STORAGE: 235011243 (1.313228 GB) buffnzmax: 256 STORAGE EFFICIENCY: 0.749998 DATA REUSE: 17.367939
BLOCKING TIME: 1.449916e-01
BLOCKING BACKPROJECTION MATRIX
NUMBER OF BLOCKS: 256 BUFFSIZE: 2048
NUMBER OF BUFFERS: 2880 AVERAGE BUFF/BLOCK: 11.250000 MAX BUFF/BLOCK: 12
BUFFER MAP: 11012397 (0.041024 GB)
CSR STORAGE: 235011243 (1.313228 GB) buffnzmax: 286 STORAGE EFFICIENCY: 0.749998 DATA REUSE: 21.340567
BLOCKING TIME: 8.542071e-02

FILL PROJECTION MATRIX
TIME: 1.056584e-01
FILL BACKPROJECTION MATRIX
TIME: 2.833127e-01
REDUCTION MAPPINGS
PREPROCESSING TIME: 1.052167e+00
INPUT MEASUREMENT DATA
INPUT ENDS
GRADIENT-DESCENT OPTIMIZATION
iter: 0 error: 4.959037e+04 gradnorm: 1.560967e+10
iter: 1 error: 5.316521e+03 gradnorm: 4.760839e+08
iter: 2 error: 5.074597e+02 gradnorm: 1.604488e+07
iter: 3 error: 2.940097e+02 gradnorm: 8.082408e+06
iter: 4 error: 1.716274e+02 gradnorm: 1.353846e+06
iter: 5 error: 1.154530e+02 gradnorm: 6.253336e+05
iter: 6 error: 8.899088e+01 gradnorm: 6.396628e+05
iter: 7 error: 7.457623e+01 gradnorm: 5.539872e+05
iter: 8 error: 6.953807e+01 gradnorm: 9.395276e+05
iter: 9 error: 5.777837e+01 gradnorm: 2.275561e+05
iter: 10 error: 4.873887e+01 gradnorm: 1.924592e+05
iter: 11 error: 4.171439e+01 gradnorm: 1.086181e+05
iter: 12 error: 3.749409e+01 gradnorm: 1.863262e+05
iter: 13 error: 3.463395e+01 gradnorm: 1.061127e+05
iter: 14 error: 3.146756e+01 gradnorm: 6.066534e+04
iter: 15 error: 2.878885e+01 gradnorm: 6.729420e+04
iter: 16 error: 2.786487e+01 gradnorm: 1.477071e+05
iter: 17 error: 2.682057e+01 gradnorm: 4.815186e+04
iter: 18 error: 2.524189e+01 gradnorm: 2.667073e+04
iter: 19 error: 2.394850e+01 gradnorm: 2.563711e+04
iter: 20 error: 2.288815e+01 gradnorm: 1.501970e+04
iter: 21 error: 2.195852e+01 gradnorm: 1.251289e+04
iter: 22 error: 2.142649e+01 gradnorm: 5.108247e+04
iter: 23 error: 2.120350e+01 gradnorm: 1.034796e+04
iter: 24 error: 2.067919e+01 gradnorm: 8.175360e+03
recon: 2.236582e+00 proj: 1.205860e+00 (9.629877e-01 4.919074e-02 1.936404e-01) backproj: 5.335802e-01 (1.302644e-01 1.971182e-02 3.835882e-01) ctime: 4.959273e-01 wtime: 5.317290e-04
numproj: 49 numback: 25
proj: 1.925990e+00 s (11.958056 GFLOPS) backproj: 7.671759e-01 s (15.316646 GFLOPS) avGFLOPS: 12.914785 totGFLOPS: 25.829569
proj: 37.278091 GB/s back: 47.385385 GB/s av: 40.157257 GB/s tot: 80.314513 GB/s
Total Time: 3.915387e+00
