Using mpirun from /opt/hpcx-v2.7.0-gcc-MLNX_OFED_LINUX-5.1-0.6.6.0-redhat7.7-x86_64/ompi/bin/mpirun
mpirun (Open MPI) 4.0.4rc3

Report bugs to http://www.open-mpi.org/community/help/
Using hosts: hpc-pg0-2:120,hpc-pg0-3:120
PKEY: 0x001b
NUM. THETA             : 375
NUM. RHO               : 1024
NUM. X PIXELS          : 1024
NUM. Y PIXELS          : 1024

NUM. OF PIXELS         : 1048576
NUM. OF RAYS           : 384000

NUM. ITERATIONS        : 24

SPATIAL TILE SIZE      : 32
SPECTRAL TILE SIZE     : 32

NUMBER OF X TILES      : 32
NUMBER OF Y TILES      : 32
NUM. OF THETA TILES    : 12
NUM. OF RHO TILES      : 32

NUM. SPATIAL TILES     : 1024
NUM. SPECTRAL TILES    : 384

NUM. OF X PIXELS (EXT) : 1024
NUM. OF Y PIXELS (EXT) : 1024
NUM. OF ANGLES (EXT)   : 384
NUM. OF RHOS (EXT)     : 1024

NUM. OF PIXELS (EXT)   : 1048576
NUM. OF RAYS (EXT)     : 393216

NUMBER OF PROCESSES    : 4
NUMBER OF THRD./PROC.  : 60

INTEGER: 4, FLOAT: 4, LONG: 8, SHORT: 2, POINTER: 8
APPROX. MEMORY     TOTAL: 8.789062e+00 GB
APPROX. MEMORY PER PROC.: 2.197266e+00 GB

X START       : -5.120000e+02
Y START       : -5.120000e+02
PIXEL SIZE    : 1.000000e+00
RHO START     : -5.120000e+02
RAY LENGTH    : 2.048000e+03

SPATIAL INDEXING       : 5
SPECTRAL INDEXING      : 5
 1: CARTESIAN, NATURAL
 2: CARTESIAN, TRANSPOSED
 3: MORTON, NATURAL
 4: MORTON, TRANSPOSED
 5: HILBERT
PROJECTION BLOCK SIZE      : 512
BACKPROJECTION BLOCK SIZE  : 512
PROJECTION BUFFER SIZE      : 8 KB
BACKPROJECTION BUFFER SIZE  : 8 KB

SINOGRAM FILE : /shared/scratch/MemXCT/data/CDS2_sinogram.bin
   THETA FILE : /shared/scratch/MemXCT/data/CDS2_theta.bin
  OUTPUT FILE : /shared/scratch/MemXCT/recon_CDS2-1.bin


PLACE TILES
lspat 32 lspatdim 32
lspec 32 lspecdim 32
MPI PARTITIONING
proc: 0 numspats: 256 numpixs: 262144 numspecs: 96 numrays: 98304
proc: 1 numspats: 256 numpixs: 262144 numspecs: 96 numrays: 98304
proc: 2 numspats: 256 numpixs: 262144 numspecs: 96 numrays: 98304
proc: 3 numspats: 256 numpixs: 262144 numspecs: 96 numrays: 98304
maxnumpix: 262144 maxnumray: 98304
FILL PIXELS AND RAYS
INPUT THETA DATA
DOMAIN PARTITIONING

CONSTRUCT PROJECTION MATRIX
CSR STORAGE: 470024236 (3.501953 GB) rownzmax 1022
RAY-TRACING TIME: 1.656543e-01
CONSTRUCT BACKPROJECTION MATRIX
CSR STORAGE: 470024236 (3.501953 GB) rownzmax 607
TRANSPOSITION TIME: 1.926735e-01

BLOCKING PROJECTION MATRIX
NUMBER OF BLOCKS: 375 BUFFSIZE: 2048
NUMBER OF BUFFERS: 3577 AVERAGE BUFF/BLOCK: 9.538667 MAX BUFF/BLOCK: 17
BUFFER MAP: 38188871 (0.142265 GB)
CSR STORAGE: 470024236 (2.626465 GB) buffnzmax: 263 STORAGE EFFICIENCY: 0.350560 DATA REUSE: 15.842276
BLOCKING TIME: 1.252452e-01
BLOCKING BACKPROJECTION MATRIX
NUMBER OF BLOCKS: 512 BUFFSIZE: 2048
NUMBER OF BUFFERS: 2730 AVERAGE BUFF/BLOCK: 5.332031 MAX BUFF/BLOCK: 6
BUFFER MAP: 22022779 (0.082041 GB)
CSR STORAGE: 470024236 (2.626465 GB) buffnzmax: 276 STORAGE EFFICIENCY: 0.350560 DATA REUSE: 21.345243
BLOCKING TIME: 4.328358e-02

FILL PROJECTION MATRIX
TIME: 8.320649e-02
FILL BACKPROJECTION MATRIX
TIME: 8.215673e-02
REDUCTION MAPPINGS
PREPROCESSING TIME: 8.079943e-01
INPUT MEASUREMENT DATA
INPUT ENDS
GRADIENT-DESCENT OPTIMIZATION
iter: 0 error: 5.498395e+04 gradnorm: 1.750595e+10
iter: 1 error: 3.365971e+03 gradnorm: 1.974255e+08
iter: 2 error: 1.351252e+03 gradnorm: 4.437238e+07
iter: 3 error: 7.837162e+02 gradnorm: 2.147930e+07
iter: 4 error: 5.386423e+02 gradnorm: 9.271473e+06
iter: 5 error: 4.053621e+02 gradnorm: 3.663758e+06
iter: 6 error: 3.067816e+02 gradnorm: 1.739941e+06
iter: 7 error: 2.429510e+02 gradnorm: 1.573795e+06
iter: 8 error: 2.105822e+02 gradnorm: 1.374468e+06
iter: 9 error: 1.906379e+02 gradnorm: 2.666110e+06
iter: 10 error: 1.724818e+02 gradnorm: 7.594067e+05
iter: 11 error: 1.512766e+02 gradnorm: 6.441852e+05
iter: 12 error: 1.355707e+02 gradnorm: 4.700567e+05
iter: 13 error: 1.199983e+02 gradnorm: 3.553921e+05
iter: 14 error: 1.093442e+02 gradnorm: 2.738995e+05
iter: 15 error: 9.938515e+01 gradnorm: 2.244779e+05
iter: 16 error: 9.461145e+01 gradnorm: 2.985065e+05
iter: 17 error: 9.124504e+01 gradnorm: 4.446551e+05
iter: 18 error: 8.728257e+01 gradnorm: 2.290633e+05
iter: 19 error: 8.452570e+01 gradnorm: 1.850074e+05
iter: 20 error: 8.077310e+01 gradnorm: 1.295801e+05
iter: 21 error: 7.606518e+01 gradnorm: 8.262083e+04
iter: 22 error: 7.266042e+01 gradnorm: 8.561002e+04
iter: 23 error: 6.938744e+01 gradnorm: 6.688701e+04
iter: 24 error: 6.669705e+01 gradnorm: 8.051559e+04
recon: 5.404240e+00 proj: 2.211307e+00 (1.393015e+00 5.362293e-02 7.646264e-01) backproj: 1.451188e+00 (5.929313e-01 2.692052e-02 8.313130e-01) ctime: 1.726222e+00 wtime: 4.787553e-03
numproj: 49 numback: 25
proj: 5.577257e+00 s (8.258967 GFLOPS) backproj: 3.325349e+00 s (7.067291 GFLOPS) avGFLOPS: 7.813846 totGFLOPS: 31.255383
proj: 26.118961 GB/s back: 21.864144 GB/s av: 24.529679 GB/s tot: 98.118715 GB/s
Total Time: 7.052952e+00
