Using mpirun from /opt/hpcx-v2.7.0-gcc-MLNX_OFED_LINUX-5.1-0.6.6.0-redhat7.7-x86_64/ompi/bin/mpirun
mpirun (Open MPI) 4.0.4rc3

Report bugs to http://www.open-mpi.org/community/help/
Using hosts: hpc-pg0-1:120
PKEY: 0x001b
NUM. THETA             : 375
NUM. RHO               : 1024
NUM. X PIXELS          : 1024
NUM. Y PIXELS          : 1024

NUM. OF PIXELS         : 1048576
NUM. OF RAYS           : 384000

NUM. ITERATIONS        : 24

SPATIAL TILE SIZE      : 32
SPECTRAL TILE SIZE     : 32

NUMBER OF X TILES      : 32
NUMBER OF Y TILES      : 32
NUM. OF THETA TILES    : 12
NUM. OF RHO TILES      : 32

NUM. SPATIAL TILES     : 1024
NUM. SPECTRAL TILES    : 384

NUM. OF X PIXELS (EXT) : 1024
NUM. OF Y PIXELS (EXT) : 1024
NUM. OF ANGLES (EXT)   : 384
NUM. OF RHOS (EXT)     : 1024

NUM. OF PIXELS (EXT)   : 1048576
NUM. OF RAYS (EXT)     : 393216

NUMBER OF PROCESSES    : 2
NUMBER OF THRD./PROC.  : 60

INTEGER: 4, FLOAT: 4, LONG: 8, SHORT: 2, POINTER: 8
APPROX. MEMORY     TOTAL: 8.789062e+00 GB
APPROX. MEMORY PER PROC.: 4.394531e+00 GB

X START       : -5.120000e+02
Y START       : -5.120000e+02
PIXEL SIZE    : 1.000000e+00
RHO START     : -5.120000e+02
RAY LENGTH    : 2.048000e+03

SPATIAL INDEXING       : 5
SPECTRAL INDEXING      : 5
 1: CARTESIAN, NATURAL
 2: CARTESIAN, TRANSPOSED
 3: MORTON, NATURAL
 4: MORTON, TRANSPOSED
 5: HILBERT
PROJECTION BLOCK SIZE      : 512
BACKPROJECTION BLOCK SIZE  : 512
PROJECTION BUFFER SIZE      : 8 KB
BACKPROJECTION BUFFER SIZE  : 8 KB

SINOGRAM FILE : /shared/scratch/MemXCT/data/CDS2_sinogram.bin
   THETA FILE : /shared/scratch/MemXCT/data/CDS2_theta.bin
  OUTPUT FILE : /shared/scratch/MemXCT/recon_CDS2-1.bin


PLACE TILES
lspat 32 lspatdim 32
lspec 32 lspecdim 32
MPI PARTITIONING
proc: 0 numspats: 512 numpixs: 524288 numspecs: 192 numrays: 196608
proc: 1 numspats: 512 numpixs: 524288 numspecs: 192 numrays: 196608
maxnumpix: 524288 maxnumray: 196608
FILL PIXELS AND RAYS
INPUT THETA DATA
DOMAIN PARTITIONING

CONSTRUCT PROJECTION MATRIX
CSR STORAGE: 470024236 (3.501953 GB) rownzmax 1534
RAY-TRACING TIME: 3.768995e-01
CONSTRUCT BACKPROJECTION MATRIX
CSR STORAGE: 470024236 (3.501953 GB) rownzmax 607
TRANSPOSITION TIME: 3.208768e-01

BLOCKING PROJECTION MATRIX
NUMBER OF BLOCKS: 614 BUFFSIZE: 2048
NUMBER OF BUFFERS: 9333 AVERAGE BUFF/BLOCK: 15.200326 MAX BUFF/BLOCK: 29
BUFFER MAP: 37877669 (0.141105 GB)
CSR STORAGE: 470024236 (2.626465 GB) buffnzmax: 297 STORAGE EFFICIENCY: 0.749997 DATA REUSE: 12.688091
BLOCKING TIME: 2.272659e-01
BLOCKING BACKPROJECTION MATRIX
NUMBER OF BLOCKS: 1024 BUFFSIZE: 2048
NUMBER OF BUFFERS: 5802 AVERAGE BUFF/BLOCK: 5.666016 MAX BUFF/BLOCK: 6
BUFFER MAP: 22022779 (0.082041 GB)
CSR STORAGE: 470024236 (2.626465 GB) buffnzmax: 321 STORAGE EFFICIENCY: 0.749997 DATA REUSE: 21.342545
BLOCKING TIME: 1.628650e-01

FILL PROJECTION MATRIX
TIME: 6.108215e-01
FILL BACKPROJECTION MATRIX
TIME: 1.683209e-01
REDUCTION MAPPINGS
PREPROCESSING TIME: 1.982639e+00
INPUT MEASUREMENT DATA
INPUT ENDS
GRADIENT-DESCENT OPTIMIZATION
iter: 0 error: 5.498395e+04 gradnorm: 8.391547e+09
iter: 1 error: 1.188449e+04 gradnorm: 6.091304e+08
iter: 2 error: 6.055099e+03 gradnorm: 1.332261e+08
iter: 3 error: 3.391537e+03 gradnorm: 4.188790e+07
iter: 4 error: 2.293080e+03 gradnorm: 2.377326e+07
iter: 5 error: 1.950904e+03 gradnorm: 2.627671e+07
iter: 6 error: 1.553682e+03 gradnorm: 1.184649e+07
iter: 7 error: 1.298077e+03 gradnorm: 8.968638e+06
iter: 8 error: 1.044906e+03 gradnorm: 5.329432e+06
iter: 9 error: 8.758324e+02 gradnorm: 3.791841e+06
iter: 10 error: 7.404729e+02 gradnorm: 2.375192e+06
iter: 11 error: 6.494855e+02 gradnorm: 1.739488e+06
iter: 12 error: 5.751997e+02 gradnorm: 1.255406e+06
iter: 13 error: 5.275616e+02 gradnorm: 2.077606e+06
iter: 14 error: 5.079547e+02 gradnorm: 1.402226e+06
iter: 15 error: 4.720742e+02 gradnorm: 8.153241e+05
iter: 16 error: 4.350900e+02 gradnorm: 6.341280e+05
iter: 17 error: 4.195135e+02 gradnorm: 1.464210e+06
iter: 18 error: 3.998642e+02 gradnorm: 5.233834e+05
iter: 19 error: 3.800365e+02 gradnorm: 4.425731e+05
iter: 20 error: 3.619388e+02 gradnorm: 4.623039e+05
iter: 21 error: 3.519625e+02 gradnorm: 4.654553e+05
iter: 22 error: 3.374856e+02 gradnorm: 2.831231e+05
iter: 23 error: 3.227596e+02 gradnorm: 2.474399e+05
iter: 24 error: 3.127083e+02 gradnorm: 5.008095e+05
recon: 3.079505e+00 proj: 1.608761e+00 (1.381471e+00 3.730283e-02 1.899549e-01) backproj: 9.455800e-01 (1.770716e-01 1.302867e-02 7.554653e-01) ctime: 5.237071e-01 wtime: 5.568360e-04
numproj: 49 numback: 25
proj: 2.763522e+00 s (16.667994 GFLOPS) backproj: 1.510935e+00 s (15.554083 GFLOPS) avGFLOPS: 16.274249 totGFLOPS: 32.548498
proj: 52.690417 GB/s back: 48.119810 GB/s av: 51.074799 GB/s tot: 102.149598 GB/s
Total Time: 5.684702e+00
