Using mpirun from /opt/hpcx-v2.7.0-gcc-MLNX_OFED_LINUX-5.1-0.6.6.0-redhat7.7-x86_64/ompi/bin/mpirun
mpirun (Open MPI) 4.0.4rc3

Report bugs to http://www.open-mpi.org/community/help/
Using hosts: hpc-pg0-1:120
PKEY: 0x0016
NUM. THETA             : 750
NUM. RHO               : 512
NUM. X PIXELS          : 512
NUM. Y PIXELS          : 512

NUM. OF PIXELS         : 262144
NUM. OF RAYS           : 384000

NUM. ITERATIONS        : 24

SPATIAL TILE SIZE      : 32
SPECTRAL TILE SIZE     : 32

NUMBER OF X TILES      : 16
NUMBER OF Y TILES      : 16
NUM. OF THETA TILES    : 24
NUM. OF RHO TILES      : 16

NUM. SPATIAL TILES     : 256
NUM. SPECTRAL TILES    : 384

NUM. OF X PIXELS (EXT) : 512
NUM. OF Y PIXELS (EXT) : 512
NUM. OF ANGLES (EXT)   : 768
NUM. OF RHOS (EXT)     : 512

NUM. OF PIXELS (EXT)   : 262144
NUM. OF RAYS (EXT)     : 393216

NUMBER OF PROCESSES    : 1
NUMBER OF THRD./PROC.  : 120

INTEGER: 4, FLOAT: 4, LONG: 8, SHORT: 2, POINTER: 8
APPROX. MEMORY     TOTAL: 4.394531e+00 GB
APPROX. MEMORY PER PROC.: 4.394531e+00 GB

X START       : -2.560000e+02
Y START       : -2.560000e+02
PIXEL SIZE    : 1.000000e+00
RHO START     : -2.560000e+02
RAY LENGTH    : 1.024000e+03

SPATIAL INDEXING       : 5
SPECTRAL INDEXING      : 5
 1: CARTESIAN, NATURAL
 2: CARTESIAN, TRANSPOSED
 3: MORTON, NATURAL
 4: MORTON, TRANSPOSED
 5: HILBERT
PROJECTION BLOCK SIZE      : 512
BACKPROJECTION BLOCK SIZE  : 512
PROJECTION BUFFER SIZE      : 8 KB
BACKPROJECTION BUFFER SIZE  : 8 KB

SINOGRAM FILE : /shared/scratch/MemXCT/data/CDS1_sinogram.bin
   THETA FILE : /shared/scratch/MemXCT/data/CDS1_theta.bin
  OUTPUT FILE : /shared/scratch/MemXCT/recon_CDS1-1.bin


PLACE TILES
lspat 16 lspatdim 16
lspec 24 lspecdim 32
MPI PARTITIONING
proc: 0 numspats: 256 numpixs: 262144 numspecs: 384 numrays: 393216
maxnumpix: 262144 maxnumray: 393216
FILL PIXELS AND RAYS
INPUT THETA DATA
DOMAIN PARTITIONING

CONSTRUCT PROJECTION MATRIX
CSR STORAGE: 235011239 (1.750970 GB) rownzmax 1022
RAY-TRACING TIME: 1.973950e-01
CONSTRUCT BACKPROJECTION MATRIX
CSR STORAGE: 235011239 (1.750970 GB) rownzmax 1092
TRANSPOSITION TIME: 2.365272e-01

BLOCKING PROJECTION MATRIX
NUMBER OF BLOCKS: 750 BUFFSIZE: 2048
NUMBER OF BUFFERS: 6342 AVERAGE BUFF/BLOCK: 8.456000 MAX BUFF/BLOCK: 15
BUFFER MAP: 12205108 (0.045468 GB)
CSR STORAGE: 235011239 (1.313228 GB) buffnzmax: 270 STORAGE EFFICIENCY: 1.500000 DATA REUSE: 19.255154
BLOCKING TIME: 1.893379e-01
BLOCKING BACKPROJECTION MATRIX
NUMBER OF BLOCKS: 512 BUFFSIZE: 2048
NUMBER OF BUFFERS: 5760 AVERAGE BUFF/BLOCK: 11.250000 MAX BUFF/BLOCK: 12
BUFFER MAP: 11012397 (0.041024 GB)
CSR STORAGE: 235011239 (1.313228 GB) buffnzmax: 294 STORAGE EFFICIENCY: 1.500000 DATA REUSE: 21.340607
BLOCKING TIME: 1.973591e-01

FILL PROJECTION MATRIX
TIME: 2.489509e-01
FILL BACKPROJECTION MATRIX
TIME: 1.951213e-01
REDUCTION MAPPINGS
PREPROCESSING TIME: 1.350319e+00
INPUT MEASUREMENT DATA
INPUT ENDS
GRADIENT-DESCENT OPTIMIZATION
iter: 0 error: 4.959038e+04 gradnorm: 1.560967e+10
iter: 1 error: 5.316521e+03 gradnorm: 4.760839e+08
iter: 2 error: 5.074597e+02 gradnorm: 1.604488e+07
iter: 3 error: 2.940096e+02 gradnorm: 8.082408e+06
iter: 4 error: 1.716274e+02 gradnorm: 1.353847e+06
iter: 5 error: 1.154532e+02 gradnorm: 6.254224e+05
iter: 6 error: 8.904195e+01 gradnorm: 6.557534e+05
iter: 7 error: 7.646937e+01 gradnorm: 9.898379e+05
iter: 8 error: 7.121463e+01 gradnorm: 5.360335e+05
iter: 9 error: 5.778361e+01 gradnorm: 2.259097e+05
iter: 10 error: 4.873892e+01 gradnorm: 1.924532e+05
iter: 11 error: 4.171457e+01 gradnorm: 1.086389e+05
iter: 12 error: 3.749729e+01 gradnorm: 1.864719e+05
iter: 13 error: 3.463542e+01 gradnorm: 1.062523e+05
iter: 14 error: 3.151889e+01 gradnorm: 7.699352e+04
iter: 15 error: 3.070066e+01 gradnorm: 1.697253e+05
iter: 16 error: 2.842350e+01 gradnorm: 5.526340e+04
iter: 17 error: 2.682887e+01 gradnorm: 4.563114e+04
iter: 18 error: 2.524191e+01 gradnorm: 2.666359e+04
iter: 19 error: 2.394851e+01 gradnorm: 2.563771e+04
iter: 20 error: 2.288848e+01 gradnorm: 1.512886e+04
iter: 21 error: 2.207870e+01 gradnorm: 4.751548e+04
iter: 22 error: 2.188112e+01 gradnorm: 1.448712e+04
iter: 23 error: 2.120691e+01 gradnorm: 9.443175e+03
iter: 24 error: 2.069695e+01 gradnorm: 1.007817e+04
recon: 2.168501e+00 proj: 1.054730e+00 (8.952778e-01 2.440520e-02 1.350036e-01) backproj: 4.945750e-01 (7.456137e-02 5.563597e-03 4.144301e-01) ctime: 6.187499e-01 wtime: 3.820220e-04
numproj: 49 numback: 25
proj: 8.952778e-01 s (25.725090 GFLOPS) backproj: 4.144301e-01 s (28.353546 GFLOPS) avGFLOPS: 26.556811 totGFLOPS: 26.556811
proj: 79.847292 GB/s back: 87.717877 GB/s av: 82.337776 GB/s tot: 82.337776 GB/s
Total Time: 4.141331e+00
