Using mpirun from /opt/hpcx-v2.7.0-gcc-MLNX_OFED_LINUX-5.1-0.6.6.0-redhat7.7-x86_64/ompi/bin/mpirun
mpirun (Open MPI) 4.0.4rc3

Report bugs to http://www.open-mpi.org/community/help/
NUM. THETA             : 375
NUM. RHO               : 1024
NUM. X PIXELS          : 1024
NUM. Y PIXELS          : 1024

NUM. OF PIXELS         : 1048576
NUM. OF RAYS           : 384000

NUM. ITERATIONS        : 24

SPATIAL TILE SIZE      : 32
SPECTRAL TILE SIZE     : 32

NUMBER OF X TILES      : 32
NUMBER OF Y TILES      : 32
NUM. OF THETA TILES    : 12
NUM. OF RHO TILES      : 32

NUM. SPATIAL TILES     : 1024
NUM. SPECTRAL TILES    : 384

NUM. OF X PIXELS (EXT) : 1024
NUM. OF Y PIXELS (EXT) : 1024
NUM. OF ANGLES (EXT)   : 384
NUM. OF RHOS (EXT)     : 1024

NUM. OF PIXELS (EXT)   : 1048576
NUM. OF RAYS (EXT)     : 393216

NUMBER OF PROCESSES    : 1
NUMBER OF THRD./PROC.  : 60

INTEGER: 4, FLOAT: 4, LONG: 8, SHORT: 2, POINTER: 8
APPROX. MEMORY     TOTAL: 8.789062e+00 GB
APPROX. MEMORY PER PROC.: 8.789062e+00 GB

X START       : -5.120000e+02
Y START       : -5.120000e+02
PIXEL SIZE    : 1.000000e+00
RHO START     : -5.120000e+02
RAY LENGTH    : 2.048000e+03

SPATIAL INDEXING       : 5
SPECTRAL INDEXING      : 5
 1: CARTESIAN, NATURAL
 2: CARTESIAN, TRANSPOSED
 3: MORTON, NATURAL
 4: MORTON, TRANSPOSED
 5: HILBERT
PROJECTION BLOCK SIZE      : 512
BACKPROJECTION BLOCK SIZE  : 512
PROJECTION BUFFER SIZE      : 8 KB
BACKPROJECTION BUFFER SIZE  : 8 KB

SINOGRAM FILE : /shared/scratch/MemXCT/data/CDS2_sinogram.bin
   THETA FILE : /shared/scratch/MemXCT/data/CDS2_theta.bin
  OUTPUT FILE : /shared/scratch/MemXCT/recon_CDS2.bin


PLACE TILES
lspat 32 lspatdim 32
lspec 32 lspecdim 32
MPI PARTITIONING
proc: 0 numspats: 1024 numpixs: 1048576 numspecs: 384 numrays: 393216
maxnumpix: 1048576 maxnumray: 393216
FILL PIXELS AND RAYS
INPUT THETA DATA
DOMAIN PARTITIONING

CONSTRUCT PROJECTION MATRIX
CSR STORAGE: 470024162 (3.501953 GB) rownzmax 2046
RAY-TRACING TIME: 1.085578e+00
CONSTRUCT BACKPROJECTION MATRIX
CSR STORAGE: 470024162 (3.501953 GB) rownzmax 607
TRANSPOSITION TIME: 4.586976e-01

BLOCKING PROJECTION MATRIX
NUMBER OF BLOCKS: 750 BUFFSIZE: 2048
NUMBER OF BUFFERS: 18280 AVERAGE BUFF/BLOCK: 24.373333 MAX BUFF/BLOCK: 42
BUFFER MAP: 36702739 (0.136728 GB)
CSR STORAGE: 470024162 (2.626465 GB) buffnzmax: 284 STORAGE EFFICIENCY: 1.500000 DATA REUSE: 12.806242
BLOCKING TIME: 3.351289e-01
BLOCKING BACKPROJECTION MATRIX
NUMBER OF BLOCKS: 2048 BUFFSIZE: 2048
NUMBER OF BUFFERS: 11604 AVERAGE BUFF/BLOCK: 5.666016 MAX BUFF/BLOCK: 6
BUFFER MAP: 22022777 (0.082041 GB)
CSR STORAGE: 470024162 (2.626465 GB) buffnzmax: 321 STORAGE EFFICIENCY: 1.500000 DATA REUSE: 21.342640
BLOCKING TIME: 2.562669e-01

FILL PROJECTION MATRIX
TIME: 3.561362e-01
FILL BACKPROJECTION MATRIX
TIME: 3.657617e-01
REDUCTION MAPPINGS
PREPROCESSING TIME: 2.904538e+00
INPUT MEASUREMENT DATA
INPUT ENDS
GRADIENT-DESCENT OPTIMIZATION
iter: 0 error: 5.498393e+04 gradnorm: 5.780558e+09
iter: 1 error: 2.713759e+04 gradnorm: 4.174668e+08
iter: 2 error: 2.306866e+04 gradnorm: 9.086842e+07
iter: 3 error: 2.127430e+04 gradnorm: 3.168984e+07
iter: 4 error: 2.032669e+04 gradnorm: 1.557752e+07
iter: 5 error: 1.975908e+04 gradnorm: 1.008935e+07
iter: 6 error: 1.938425e+04 gradnorm: 8.237637e+06
iter: 7 error: 1.911243e+04 gradnorm: 6.111539e+06
iter: 8 error: 1.886896e+04 gradnorm: 5.452636e+06
iter: 9 error: 1.868916e+04 gradnorm: 7.539650e+06
iter: 10 error: 1.861396e+04 gradnorm: 6.723299e+06
iter: 11 error: 1.844716e+04 gradnorm: 4.200728e+06
iter: 12 error: 1.828188e+04 gradnorm: 3.279574e+06
iter: 13 error: 1.811538e+04 gradnorm: 2.899858e+06
iter: 14 error: 1.798159e+04 gradnorm: 2.791288e+06
iter: 15 error: 1.785516e+04 gradnorm: 2.761525e+06
iter: 16 error: 1.778704e+04 gradnorm: 3.671288e+06
iter: 17 error: 1.767962e+04 gradnorm: 1.801832e+06
iter: 18 error: 1.757001e+04 gradnorm: 3.906912e+06
iter: 19 error: 1.753814e+04 gradnorm: 2.506179e+06
iter: 20 error: 1.745003e+04 gradnorm: 1.926734e+06
iter: 21 error: 1.736016e+04 gradnorm: 1.586954e+06
iter: 22 error: 1.726249e+04 gradnorm: 1.342174e+06
iter: 23 error: 1.716980e+04 gradnorm: 1.258336e+06
iter: 24 error: 1.708017e+04 gradnorm: 1.319766e+06
recon: 4.272396e+00 proj: 2.123444e+00 (1.867116e+00 1.091664e-02 2.453153e-01) backproj: 1.221622e+00 (9.918779e-02 3.409540e-03 1.119007e+00) ctime: 9.271801e-01 wtime: 9.490600e-05
numproj: 49 numback: 25
proj: 1.867116e+00 s (24.670325 GFLOPS) backproj: 1.119007e+00 s (21.001833 GFLOPS) avGFLOPS: 23.295610 totGFLOPS: 23.295610
proj: 77.863834 GB/s back: 64.973561 GB/s av: 73.033388 GB/s tot: 73.033388 GB/s
Total Time: 8.011259e+00
