Using mpirun from /opt/hpcx-v2.7.0-gcc-MLNX_OFED_LINUX-5.1-0.6.6.0-redhat7.7-x86_64/ompi/bin/mpirun
mpirun (Open MPI) 4.0.4rc3

Report bugs to http://www.open-mpi.org/community/help/
Using hosts: hpc-pg0-1:120,hpc-pg0-2:120,hpc-pg0-3:120,hpc-pg0-4:120
PKEY: 0x001b
NUM. THETA             : 375
NUM. RHO               : 1024
NUM. X PIXELS          : 1024
NUM. Y PIXELS          : 1024

NUM. OF PIXELS         : 1048576
NUM. OF RAYS           : 384000

NUM. ITERATIONS        : 24

SPATIAL TILE SIZE      : 32
SPECTRAL TILE SIZE     : 32

NUMBER OF X TILES      : 32
NUMBER OF Y TILES      : 32
NUM. OF THETA TILES    : 12
NUM. OF RHO TILES      : 32

NUM. SPATIAL TILES     : 1024
NUM. SPECTRAL TILES    : 384

NUM. OF X PIXELS (EXT) : 1024
NUM. OF Y PIXELS (EXT) : 1024
NUM. OF ANGLES (EXT)   : 384
NUM. OF RHOS (EXT)     : 1024

NUM. OF PIXELS (EXT)   : 1048576
NUM. OF RAYS (EXT)     : 393216

NUMBER OF PROCESSES    : 8
NUMBER OF THRD./PROC.  : 60

INTEGER: 4, FLOAT: 4, LONG: 8, SHORT: 2, POINTER: 8
APPROX. MEMORY     TOTAL: 8.789062e+00 GB
APPROX. MEMORY PER PROC.: 1.098633e+00 GB

X START       : -5.120000e+02
Y START       : -5.120000e+02
PIXEL SIZE    : 1.000000e+00
RHO START     : -5.120000e+02
RAY LENGTH    : 2.048000e+03

SPATIAL INDEXING       : 5
SPECTRAL INDEXING      : 5
 1: CARTESIAN, NATURAL
 2: CARTESIAN, TRANSPOSED
 3: MORTON, NATURAL
 4: MORTON, TRANSPOSED
 5: HILBERT
PROJECTION BLOCK SIZE      : 512
BACKPROJECTION BLOCK SIZE  : 512
PROJECTION BUFFER SIZE      : 8 KB
BACKPROJECTION BUFFER SIZE  : 8 KB

SINOGRAM FILE : /shared/scratch/MemXCT/data/CDS2_sinogram.bin
   THETA FILE : /shared/scratch/MemXCT/data/CDS2_theta.bin
  OUTPUT FILE : /shared/scratch/MemXCT/recon_CDS2-1.bin


PLACE TILES
lspat 32 lspatdim 32
lspec 32 lspecdim 32
MPI PARTITIONING
proc: 0 numspats: 128 numpixs: 131072 numspecs: 48 numrays: 49152
proc: 1 numspats: 128 numpixs: 131072 numspecs: 48 numrays: 49152
proc: 2 numspats: 128 numpixs: 131072 numspecs: 48 numrays: 49152
proc: 3 numspats: 128 numpixs: 131072 numspecs: 48 numrays: 49152
proc: 4 numspats: 128 numpixs: 131072 numspecs: 48 numrays: 49152
proc: 5 numspats: 128 numpixs: 131072 numspecs: 48 numrays: 49152
proc: 6 numspats: 128 numpixs: 131072 numspecs: 48 numrays: 49152
proc: 7 numspats: 128 numpixs: 131072 numspecs: 48 numrays: 49152
maxnumpix: 131072 maxnumray: 49152
FILL PIXELS AND RAYS
INPUT THETA DATA
DOMAIN PARTITIONING

CONSTRUCT PROJECTION MATRIX
CSR STORAGE: 470024236 (3.501953 GB) rownzmax 766
RAY-TRACING TIME: 9.600086e-02
CONSTRUCT BACKPROJECTION MATRIX
CSR STORAGE: 470024236 (3.501953 GB) rownzmax 516
TRANSPOSITION TIME: 1.332821e-01

BLOCKING PROJECTION MATRIX
NUMBER OF BLOCKS: 256 BUFFSIZE: 2048
NUMBER OF BUFFERS: 1825 AVERAGE BUFF/BLOCK: 7.128906 MAX BUFF/BLOCK: 18
BUFFER MAP: 37824787 (0.140908 GB)
CSR STORAGE: 470024236 (2.626465 GB) buffnzmax: 277 STORAGE EFFICIENCY: 0.153526 DATA REUSE: 13.805751
BLOCKING TIME: 8.299909e-02
BLOCKING BACKPROJECTION MATRIX
NUMBER OF BLOCKS: 256 BUFFSIZE: 2048
NUMBER OF BUFFERS: 1212 AVERAGE BUFF/BLOCK: 4.734375 MAX BUFF/BLOCK: 6
BUFFER MAP: 22022779 (0.082041 GB)
CSR STORAGE: 470024236 (2.626465 GB) buffnzmax: 245 STORAGE EFFICIENCY: 0.153526 DATA REUSE: 21.398462
BLOCKING TIME: 7.507578e-02

FILL PROJECTION MATRIX
TIME: 3.518152e-02
FILL BACKPROJECTION MATRIX
TIME: 5.182078e-02
REDUCTION MAPPINGS
PREPROCESSING TIME: 1.024694e+00
INPUT MEASUREMENT DATA
INPUT ENDS
GRADIENT-DESCENT OPTIMIZATION
iter: 0 error: 5.498394e+04 gradnorm: 1.963648e+10
iter: 1 error: 3.374780e+03 gradnorm: 2.929366e+08
iter: 2 error: 1.128224e+03 gradnorm: 5.683259e+07
iter: 3 error: 4.706065e+02 gradnorm: 1.898364e+07
iter: 4 error: 3.070878e+02 gradnorm: 8.966633e+06
iter: 5 error: 2.100157e+02 gradnorm: 2.582904e+06
iter: 6 error: 1.481384e+02 gradnorm: 1.225751e+06
iter: 7 error: 1.194332e+02 gradnorm: 1.050445e+06
iter: 8 error: 9.817795e+01 gradnorm: 7.221109e+05
iter: 9 error: 8.442438e+01 gradnorm: 1.665801e+06
iter: 10 error: 7.622694e+01 gradnorm: 5.058444e+05
iter: 11 error: 6.295645e+01 gradnorm: 3.327821e+05
iter: 12 error: 5.229760e+01 gradnorm: 2.608177e+05
iter: 13 error: 4.618288e+01 gradnorm: 2.699457e+05
iter: 14 error: 4.019176e+01 gradnorm: 1.282407e+05
iter: 15 error: 3.499960e+01 gradnorm: 1.281129e+05
iter: 16 error: 3.205916e+01 gradnorm: 1.590429e+05
iter: 17 error: 3.073190e+01 gradnorm: 1.135238e+05
iter: 18 error: 2.904893e+01 gradnorm: 2.478497e+05
iter: 19 error: 2.756455e+01 gradnorm: 5.906308e+04
iter: 20 error: 2.619053e+01 gradnorm: 6.266602e+04
iter: 21 error: 2.479056e+01 gradnorm: 3.759420e+04
iter: 22 error: 2.368647e+01 gradnorm: 2.451147e+04
iter: 23 error: 2.270162e+01 gradnorm: 1.926863e+04
iter: 24 error: 2.207215e+01 gradnorm: 1.687046e+04
recon: 6.271020e+00 proj: 2.275804e+00 (1.420241e+00 1.041495e-01 7.513429e-01) backproj: 1.789277e+00 (1.009719e+00 3.647878e-02 7.430622e-01) ctime: 2.153374e+00 wtime: 1.963122e-02
numproj: 49 numback: 25
proj: 1.136834e+01 s (4.051813 GFLOPS) backproj: 5.964234e+00 s (3.940357 GFLOPS) avGFLOPS: 4.013460 totGFLOPS: 32.107683
proj: 12.807571 GB/s back: 12.190319 GB/s av: 12.595171 GB/s tot: 100.761369 GB/s
Total Time: 8.221026e+00
