Using mpirun from /opt/hpcx-v2.7.0-gcc-MLNX_OFED_LINUX-5.1-0.6.6.0-redhat7.7-x86_64/ompi/bin/mpirun
mpirun (Open MPI) 4.0.4rc3

Report bugs to http://www.open-mpi.org/community/help/
Using hosts: hpc-pg0-1:120,hpc-pg0-2:120
PKEY: 0x003d
NUM. THETA             : 750
NUM. RHO               : 512
NUM. X PIXELS          : 512
NUM. Y PIXELS          : 512

NUM. OF PIXELS         : 262144
NUM. OF RAYS           : 384000

NUM. ITERATIONS        : 24

SPATIAL TILE SIZE      : 32
SPECTRAL TILE SIZE     : 32

NUMBER OF X TILES      : 16
NUMBER OF Y TILES      : 16
NUM. OF THETA TILES    : 24
NUM. OF RHO TILES      : 16

NUM. SPATIAL TILES     : 256
NUM. SPECTRAL TILES    : 384

NUM. OF X PIXELS (EXT) : 512
NUM. OF Y PIXELS (EXT) : 512
NUM. OF ANGLES (EXT)   : 768
NUM. OF RHOS (EXT)     : 512

NUM. OF PIXELS (EXT)   : 262144
NUM. OF RAYS (EXT)     : 393216

NUMBER OF PROCESSES    : 2
NUMBER OF THRD./PROC.  : 120

INTEGER: 4, FLOAT: 4, LONG: 8, SHORT: 2, POINTER: 8
APPROX. MEMORY     TOTAL: 4.394531e+00 GB
APPROX. MEMORY PER PROC.: 2.197266e+00 GB

X START       : -2.560000e+02
Y START       : -2.560000e+02
PIXEL SIZE    : 1.000000e+00
RHO START     : -2.560000e+02
RAY LENGTH    : 1.024000e+03

SPATIAL INDEXING       : 5
SPECTRAL INDEXING      : 5
 1: CARTESIAN, NATURAL
 2: CARTESIAN, TRANSPOSED
 3: MORTON, NATURAL
 4: MORTON, TRANSPOSED
 5: HILBERT
PROJECTION BLOCK SIZE      : 512
BACKPROJECTION BLOCK SIZE  : 512
PROJECTION BUFFER SIZE      : 8 KB
BACKPROJECTION BUFFER SIZE  : 8 KB

SINOGRAM FILE : /shared/scratch/MemXCT/data/CDS1_sinogram.bin
   THETA FILE : /shared/scratch/MemXCT/data/CDS1_theta.bin
  OUTPUT FILE : /shared/scratch/MemXCT/recon_CDS1-2.bin


PLACE TILES
lspat 16 lspatdim 16
lspec 24 lspecdim 32
MPI PARTITIONING
proc: 0 numspats: 128 numpixs: 131072 numspecs: 192 numrays: 196608
proc: 1 numspats: 128 numpixs: 131072 numspecs: 192 numrays: 196608
maxnumpix: 131072 maxnumray: 196608
FILL PIXELS AND RAYS
INPUT THETA DATA
DOMAIN PARTITIONING

CONSTRUCT PROJECTION MATRIX
CSR STORAGE: 235011239 (1.750970 GB) rownzmax 767
RAY-TRACING TIME: 1.171818e-01
CONSTRUCT BACKPROJECTION MATRIX
CSR STORAGE: 235011239 (1.750970 GB) rownzmax 1092
TRANSPOSITION TIME: 1.894596e-01

BLOCKING PROJECTION MATRIX
NUMBER OF BLOCKS: 614 BUFFSIZE: 2048
NUMBER OF BUFFERS: 3634 AVERAGE BUFF/BLOCK: 5.918567 MAX BUFF/BLOCK: 15
BUFFER MAP: 13795621 (0.051393 GB)
CSR STORAGE: 235011239 (1.313228 GB) buffnzmax: 256 STORAGE EFFICIENCY: 0.749998 DATA REUSE: 17.367939
BLOCKING TIME: 2.685526e-01
BLOCKING BACKPROJECTION MATRIX
NUMBER OF BLOCKS: 256 BUFFSIZE: 2048
NUMBER OF BUFFERS: 2880 AVERAGE BUFF/BLOCK: 11.250000 MAX BUFF/BLOCK: 12
BUFFER MAP: 11012397 (0.041024 GB)
CSR STORAGE: 235011239 (1.313228 GB) buffnzmax: 286 STORAGE EFFICIENCY: 0.749998 DATA REUSE: 21.340567
BLOCKING TIME: 3.680527e-01

FILL PROJECTION MATRIX
TIME: 1.278862e+00
FILL BACKPROJECTION MATRIX
TIME: 9.969664e-02
REDUCTION MAPPINGS
PREPROCESSING TIME: 2.628336e+00
INPUT MEASUREMENT DATA
INPUT ENDS
GRADIENT-DESCENT OPTIMIZATION
iter: 0 error: 4.959039e+04 gradnorm: 1.560967e+10
iter: 1 error: 5.316522e+03 gradnorm: 4.760839e+08
iter: 2 error: 5.074598e+02 gradnorm: 1.604489e+07
iter: 3 error: 2.940098e+02 gradnorm: 8.082409e+06
iter: 4 error: 1.716273e+02 gradnorm: 1.353846e+06
iter: 5 error: 1.154529e+02 gradnorm: 6.253164e+05
iter: 6 error: 8.898087e+01 gradnorm: 6.364951e+05
iter: 7 error: 7.410716e+01 gradnorm: 4.174372e+05
iter: 8 error: 6.052444e+01 gradnorm: 6.532641e+05
iter: 9 error: 5.754185e+01 gradnorm: 2.994872e+05
iter: 10 error: 4.873779e+01 gradnorm: 1.928014e+05
iter: 11 error: 4.171466e+01 gradnorm: 1.086508e+05
iter: 12 error: 3.749894e+01 gradnorm: 1.865312e+05
iter: 13 error: 3.463512e+01 gradnorm: 1.060268e+05
iter: 14 error: 3.146749e+01 gradnorm: 6.062724e+04
iter: 15 error: 2.876713e+01 gradnorm: 6.041710e+04
iter: 16 error: 2.726143e+01 gradnorm: 8.924448e+04
iter: 17 error: 2.675183e+01 gradnorm: 6.794041e+04
iter: 18 error: 2.524170e+01 gradnorm: 2.673250e+04
iter: 19 error: 2.394850e+01 gradnorm: 2.563734e+04
iter: 20 error: 2.288815e+01 gradnorm: 1.501930e+04
iter: 21 error: 2.195793e+01 gradnorm: 1.230954e+04
iter: 22 error: 2.126651e+01 gradnorm: 1.134350e+04
iter: 23 error: 2.109987e+01 gradnorm: 3.607538e+04
iter: 24 error: 2.069890e+01 gradnorm: 1.061174e+04
recon: 3.764772e+00 proj: 1.406210e+00 (9.683475e-01 4.500902e-02 3.927795e-01) backproj: 1.216674e+00 (5.794346e-01 3.233531e-02 6.048830e-01) ctime: 1.131245e+00 wtime: 8.892663e-03
numproj: 49 numback: 25
proj: 1.936585e+00 s (11.892634 GFLOPS) backproj: 1.214102e+00 s (9.678396 GFLOPS) avGFLOPS: 11.039388 totGFLOPS: 22.078776
proj: 37.074142 GB/s back: 29.942228 GB/s av: 34.325894 GB/s tot: 68.651787 GB/s
Total Time: 7.037985e+00
