Using mpirun from /opt/hpcx-v2.7.0-gcc-MLNX_OFED_LINUX-5.1-0.6.6.0-redhat7.7-x86_64/ompi/bin/mpirun
mpirun (Open MPI) 4.0.4rc3

Report bugs to http://www.open-mpi.org/community/help/
Using hosts: hpc-pg0-1:120
PKEY: 0x003d
NUM. THETA             : 750
NUM. RHO               : 512
NUM. X PIXELS          : 512
NUM. Y PIXELS          : 512

NUM. OF PIXELS         : 262144
NUM. OF RAYS           : 384000

NUM. ITERATIONS        : 24

SPATIAL TILE SIZE      : 32
SPECTRAL TILE SIZE     : 32

NUMBER OF X TILES      : 16
NUMBER OF Y TILES      : 16
NUM. OF THETA TILES    : 24
NUM. OF RHO TILES      : 16

NUM. SPATIAL TILES     : 256
NUM. SPECTRAL TILES    : 384

NUM. OF X PIXELS (EXT) : 512
NUM. OF Y PIXELS (EXT) : 512
NUM. OF ANGLES (EXT)   : 768
NUM. OF RHOS (EXT)     : 512

NUM. OF PIXELS (EXT)   : 262144
NUM. OF RAYS (EXT)     : 393216

NUMBER OF PROCESSES    : 1
NUMBER OF THRD./PROC.  : 120

INTEGER: 4, FLOAT: 4, LONG: 8, SHORT: 2, POINTER: 8
APPROX. MEMORY     TOTAL: 4.394531e+00 GB
APPROX. MEMORY PER PROC.: 4.394531e+00 GB

X START       : -2.560000e+02
Y START       : -2.560000e+02
PIXEL SIZE    : 1.000000e+00
RHO START     : -2.560000e+02
RAY LENGTH    : 1.024000e+03

SPATIAL INDEXING       : 5
SPECTRAL INDEXING      : 5
 1: CARTESIAN, NATURAL
 2: CARTESIAN, TRANSPOSED
 3: MORTON, NATURAL
 4: MORTON, TRANSPOSED
 5: HILBERT
PROJECTION BLOCK SIZE      : 512
BACKPROJECTION BLOCK SIZE  : 512
PROJECTION BUFFER SIZE      : 8 KB
BACKPROJECTION BUFFER SIZE  : 8 KB

SINOGRAM FILE : /shared/scratch/MemXCT/data/CDS1_sinogram.bin
   THETA FILE : /shared/scratch/MemXCT/data/CDS1_theta.bin
  OUTPUT FILE : /shared/scratch/MemXCT/recon_CDS1-1.bin


PLACE TILES
lspat 16 lspatdim 16
lspec 24 lspecdim 32
MPI PARTITIONING
proc: 0 numspats: 256 numpixs: 262144 numspecs: 384 numrays: 393216
maxnumpix: 262144 maxnumray: 393216
FILL PIXELS AND RAYS
INPUT THETA DATA
DOMAIN PARTITIONING

CONSTRUCT PROJECTION MATRIX
CSR STORAGE: 235011239 (1.750970 GB) rownzmax 1022
RAY-TRACING TIME: 2.005736e-01
CONSTRUCT BACKPROJECTION MATRIX
CSR STORAGE: 235011239 (1.750970 GB) rownzmax 1092
TRANSPOSITION TIME: 2.339825e-01

BLOCKING PROJECTION MATRIX
NUMBER OF BLOCKS: 750 BUFFSIZE: 2048
NUMBER OF BUFFERS: 6342 AVERAGE BUFF/BLOCK: 8.456000 MAX BUFF/BLOCK: 15
BUFFER MAP: 12205108 (0.045468 GB)
CSR STORAGE: 235011239 (1.313228 GB) buffnzmax: 270 STORAGE EFFICIENCY: 1.500000 DATA REUSE: 19.255154
BLOCKING TIME: 2.012217e-01
BLOCKING BACKPROJECTION MATRIX
NUMBER OF BLOCKS: 512 BUFFSIZE: 2048
NUMBER OF BUFFERS: 5760 AVERAGE BUFF/BLOCK: 11.250000 MAX BUFF/BLOCK: 12
BUFFER MAP: 11012397 (0.041024 GB)
CSR STORAGE: 235011239 (1.313228 GB) buffnzmax: 294 STORAGE EFFICIENCY: 1.500000 DATA REUSE: 21.340607
BLOCKING TIME: 4.333604e-01

FILL PROJECTION MATRIX
TIME: 3.148816e-01
FILL BACKPROJECTION MATRIX
TIME: 1.028304e-01
REDUCTION MAPPINGS
PREPROCESSING TIME: 1.510348e+00
INPUT MEASUREMENT DATA
INPUT ENDS
GRADIENT-DESCENT OPTIMIZATION
iter: 0 error: 4.959038e+04 gradnorm: 1.560967e+10
iter: 1 error: 5.316521e+03 gradnorm: 4.760840e+08
iter: 2 error: 5.074598e+02 gradnorm: 1.604488e+07
iter: 3 error: 2.940097e+02 gradnorm: 8.082410e+06
iter: 4 error: 1.716273e+02 gradnorm: 1.353845e+06
iter: 5 error: 1.154533e+02 gradnorm: 6.254297e+05
iter: 6 error: 8.904624e+01 gradnorm: 6.570967e+05
iter: 7 error: 7.659835e+01 gradnorm: 1.012807e+06
iter: 8 error: 7.124022e+01 gradnorm: 5.287712e+05
iter: 9 error: 5.778370e+01 gradnorm: 2.258879e+05
iter: 10 error: 4.873890e+01 gradnorm: 1.924524e+05
iter: 11 error: 4.171445e+01 gradnorm: 1.086280e+05
iter: 12 error: 3.749575e+01 gradnorm: 1.864515e+05
iter: 13 error: 3.463794e+01 gradnorm: 1.070835e+05
iter: 14 error: 3.170964e+01 gradnorm: 1.320871e+05
iter: 15 error: 3.102244e+01 gradnorm: 8.920559e+04
iter: 16 error: 2.842521e+01 gradnorm: 5.475230e+04
iter: 17 error: 2.682885e+01 gradnorm: 4.562701e+04
iter: 18 error: 2.524190e+01 gradnorm: 2.666379e+04
iter: 19 error: 2.394856e+01 gradnorm: 2.565593e+04
iter: 20 error: 2.289829e+01 gradnorm: 1.839785e+04
iter: 21 error: 2.266784e+01 gradnorm: 5.269486e+04
iter: 22 error: 2.188856e+01 gradnorm: 1.208187e+04
iter: 23 error: 2.120972e+01 gradnorm: 9.775206e+03
iter: 24 error: 2.078471e+01 gradnorm: 1.717128e+04
recon: 1.847378e+00 proj: 1.036375e+00 (8.813383e-01 3.643517e-02 1.185681e-01) backproj: 4.224374e-01 (6.696430e-02 1.108175e-02 3.443723e-01) ctime: 3.884474e-01 wtime: 5.170300e-05
numproj: 49 numback: 25
proj: 8.813383e-01 s (26.131964 GFLOPS) backproj: 3.443723e-01 s (34.121679 GFLOPS) avGFLOPS: 28.376733 totGFLOPS: 28.376733
proj: 81.110174 GB/s back: 105.562855 GB/s av: 87.980333 GB/s tot: 87.980333 GB/s
Total Time: 3.948572e+00
