Using mpirun from /opt/hpcx-v2.7.0-gcc-MLNX_OFED_LINUX-5.1-0.6.6.0-redhat7.7-x86_64/ompi/bin/mpirun
mpirun (Open MPI) 4.0.4rc3

Report bugs to http://www.open-mpi.org/community/help/
NUM. THETA             : 750
NUM. RHO               : 512
NUM. X PIXELS          : 512
NUM. Y PIXELS          : 512

NUM. OF PIXELS         : 262144
NUM. OF RAYS           : 384000

NUM. ITERATIONS        : 24

SPATIAL TILE SIZE      : 32
SPECTRAL TILE SIZE     : 32

NUMBER OF X TILES      : 16
NUMBER OF Y TILES      : 16
NUM. OF THETA TILES    : 24
NUM. OF RHO TILES      : 16

NUM. SPATIAL TILES     : 256
NUM. SPECTRAL TILES    : 384

NUM. OF X PIXELS (EXT) : 512
NUM. OF Y PIXELS (EXT) : 512
NUM. OF ANGLES (EXT)   : 768
NUM. OF RHOS (EXT)     : 512

NUM. OF PIXELS (EXT)   : 262144
NUM. OF RAYS (EXT)     : 393216

NUMBER OF PROCESSES    : 1
NUMBER OF THRD./PROC.  : 60

INTEGER: 4, FLOAT: 4, LONG: 8, SHORT: 2, POINTER: 8
APPROX. MEMORY     TOTAL: 4.394531e+00 GB
APPROX. MEMORY PER PROC.: 4.394531e+00 GB

X START       : -2.560000e+02
Y START       : -2.560000e+02
PIXEL SIZE    : 1.000000e+00
RHO START     : -2.560000e+02
RAY LENGTH    : 1.024000e+03

SPATIAL INDEXING       : 5
SPECTRAL INDEXING      : 5
 1: CARTESIAN, NATURAL
 2: CARTESIAN, TRANSPOSED
 3: MORTON, NATURAL
 4: MORTON, TRANSPOSED
 5: HILBERT
PROJECTION BLOCK SIZE      : 512
BACKPROJECTION BLOCK SIZE  : 512
PROJECTION BUFFER SIZE      : 8 KB
BACKPROJECTION BUFFER SIZE  : 8 KB

SINOGRAM FILE : /shared/scratch/MemXCT/data/CDS1_sinogram.bin
   THETA FILE : /shared/scratch/MemXCT/data/CDS1_theta.bin
  OUTPUT FILE : /shared/scratch/MemXCT/recon_CDS1.bin


PLACE TILES
lspat 16 lspatdim 16
lspec 24 lspecdim 32
MPI PARTITIONING
proc: 0 numspats: 256 numpixs: 262144 numspecs: 384 numrays: 393216
maxnumpix: 262144 maxnumray: 393216
FILL PIXELS AND RAYS
INPUT THETA DATA
DOMAIN PARTITIONING

CONSTRUCT PROJECTION MATRIX
CSR STORAGE: 235011239 (1.750970 GB) rownzmax 1022
RAY-TRACING TIME: 3.205054e-01
CONSTRUCT BACKPROJECTION MATRIX
CSR STORAGE: 235011239 (1.750970 GB) rownzmax 1092
TRANSPOSITION TIME: 2.603298e-01

BLOCKING PROJECTION MATRIX
NUMBER OF BLOCKS: 750 BUFFSIZE: 2048
NUMBER OF BUFFERS: 6342 AVERAGE BUFF/BLOCK: 8.456000 MAX BUFF/BLOCK: 15
BUFFER MAP: 12205108 (0.045468 GB)
CSR STORAGE: 235011239 (1.313228 GB) buffnzmax: 270 STORAGE EFFICIENCY: 1.500000 DATA REUSE: 19.255154
BLOCKING TIME: 1.109298e-01
BLOCKING BACKPROJECTION MATRIX
NUMBER OF BLOCKS: 512 BUFFSIZE: 2048
NUMBER OF BUFFERS: 5760 AVERAGE BUFF/BLOCK: 11.250000 MAX BUFF/BLOCK: 12
BUFFER MAP: 11012397 (0.041024 GB)
CSR STORAGE: 235011239 (1.313228 GB) buffnzmax: 294 STORAGE EFFICIENCY: 1.500000 DATA REUSE: 21.340607
BLOCKING TIME: 2.433913e-01

FILL PROJECTION MATRIX
TIME: 1.782636e-01
FILL BACKPROJECTION MATRIX
TIME: 1.934701e-01
REDUCTION MAPPINGS
PREPROCESSING TIME: 1.352688e+00
INPUT MEASUREMENT DATA
INPUT ENDS
GRADIENT-DESCENT OPTIMIZATION
iter: 0 error: 4.959038e+04 gradnorm: 1.560967e+10
iter: 1 error: 5.316521e+03 gradnorm: 4.760836e+08
iter: 2 error: 5.074596e+02 gradnorm: 1.604486e+07
iter: 3 error: 2.940097e+02 gradnorm: 8.082406e+06
iter: 4 error: 1.716273e+02 gradnorm: 1.353849e+06
iter: 5 error: 1.154540e+02 gradnorm: 6.256773e+05
iter: 6 error: 8.918661e+01 gradnorm: 7.009079e+05
iter: 7 error: 7.943958e+01 gradnorm: 1.301411e+06
iter: 8 error: 7.149627e+01 gradnorm: 4.541907e+05
iter: 9 error: 5.778434e+01 gradnorm: 2.256761e+05
iter: 10 error: 4.873887e+01 gradnorm: 1.924498e+05
iter: 11 error: 4.171424e+01 gradnorm: 1.086088e+05
iter: 12 error: 3.749539e+01 gradnorm: 1.873089e+05
iter: 13 error: 3.469302e+01 gradnorm: 1.220291e+05
iter: 14 error: 3.307463e+01 gradnorm: 2.670534e+05
iter: 15 error: 3.111170e+01 gradnorm: 6.186906e+04
iter: 16 error: 2.842564e+01 gradnorm: 5.463654e+04
iter: 17 error: 2.682888e+01 gradnorm: 4.562556e+04
iter: 18 error: 2.524192e+01 gradnorm: 2.667057e+04
iter: 19 error: 2.395388e+01 gradnorm: 2.738197e+04
iter: 20 error: 2.335649e+01 gradnorm: 9.449545e+04
iter: 21 error: 2.280129e+01 gradnorm: 1.546535e+04
iter: 22 error: 2.188875e+01 gradnorm: 1.199496e+04
iter: 23 error: 2.120721e+01 gradnorm: 9.472522e+03
iter: 24 error: 2.070784e+01 gradnorm: 1.122373e+04
recon: 1.576983e+00 proj: 9.066415e-01 (8.433016e-01 8.355693e-03 5.495059e-02) backproj: 4.536209e-01 (2.514598e-02 3.160753e-03 4.252963e-01) ctime: 2.166273e-01 wtime: 4.600100e-05
numproj: 49 numback: 25
proj: 8.433016e-01 s (27.310635 GFLOPS) backproj: 4.252963e-01 s (27.629119 GFLOPS) avGFLOPS: 27.417407 totGFLOPS: 27.417407
proj: 84.768615 GB/s back: 85.476703 GB/s av: 85.006001 GB/s tot: 85.006001 GB/s
Total Time: 3.559428e+00
