Using mpirun from /opt/hpcx-v2.7.0-gcc-MLNX_OFED_LINUX-5.1-0.6.6.0-redhat7.7-x86_64/ompi/bin/mpirun
mpirun (Open MPI) 4.0.4rc3

Report bugs to http://www.open-mpi.org/community/help/
Using hosts: hpc-pg0-1:120,hpc-pg0-2:120,hpc-pg0-3:120,hpc-pg0-4:120
PKEY: 0x001b
NUM. THETA             : 750
NUM. RHO               : 512
NUM. X PIXELS          : 512
NUM. Y PIXELS          : 512

NUM. OF PIXELS         : 262144
NUM. OF RAYS           : 384000

NUM. ITERATIONS        : 24

SPATIAL TILE SIZE      : 32
SPECTRAL TILE SIZE     : 32

NUMBER OF X TILES      : 16
NUMBER OF Y TILES      : 16
NUM. OF THETA TILES    : 24
NUM. OF RHO TILES      : 16

NUM. SPATIAL TILES     : 256
NUM. SPECTRAL TILES    : 384

NUM. OF X PIXELS (EXT) : 512
NUM. OF Y PIXELS (EXT) : 512
NUM. OF ANGLES (EXT)   : 768
NUM. OF RHOS (EXT)     : 512

NUM. OF PIXELS (EXT)   : 262144
NUM. OF RAYS (EXT)     : 393216

NUMBER OF PROCESSES    : 8
NUMBER OF THRD./PROC.  : 60

INTEGER: 4, FLOAT: 4, LONG: 8, SHORT: 2, POINTER: 8
APPROX. MEMORY     TOTAL: 4.394531e+00 GB
APPROX. MEMORY PER PROC.: 5.493164e-01 GB

X START       : -2.560000e+02
Y START       : -2.560000e+02
PIXEL SIZE    : 1.000000e+00
RHO START     : -2.560000e+02
RAY LENGTH    : 1.024000e+03

SPATIAL INDEXING       : 5
SPECTRAL INDEXING      : 5
 1: CARTESIAN, NATURAL
 2: CARTESIAN, TRANSPOSED
 3: MORTON, NATURAL
 4: MORTON, TRANSPOSED
 5: HILBERT
PROJECTION BLOCK SIZE      : 512
BACKPROJECTION BLOCK SIZE  : 512
PROJECTION BUFFER SIZE      : 8 KB
BACKPROJECTION BUFFER SIZE  : 8 KB

SINOGRAM FILE : /shared/scratch/MemXCT/data/CDS1_sinogram.bin
   THETA FILE : /shared/scratch/MemXCT/data/CDS1_theta.bin
  OUTPUT FILE : /shared/scratch/MemXCT/recon_CDS1-1.bin


PLACE TILES
lspat 16 lspatdim 16
lspec 24 lspecdim 32
MPI PARTITIONING
proc: 0 numspats: 32 numpixs: 32768 numspecs: 48 numrays: 49152
proc: 1 numspats: 32 numpixs: 32768 numspecs: 48 numrays: 49152
proc: 2 numspats: 32 numpixs: 32768 numspecs: 48 numrays: 49152
proc: 3 numspats: 32 numpixs: 32768 numspecs: 48 numrays: 49152
proc: 4 numspats: 32 numpixs: 32768 numspecs: 48 numrays: 49152
proc: 5 numspats: 32 numpixs: 32768 numspecs: 48 numrays: 49152
proc: 6 numspats: 32 numpixs: 32768 numspecs: 48 numrays: 49152
proc: 7 numspats: 32 numpixs: 32768 numspecs: 48 numrays: 49152
maxnumpix: 32768 maxnumray: 49152
FILL PIXELS AND RAYS
INPUT THETA DATA
DOMAIN PARTITIONING

CONSTRUCT PROJECTION MATRIX
CSR STORAGE: 235011243 (1.750970 GB) rownzmax 383
RAY-TRACING TIME: 4.373426e-02
CONSTRUCT BACKPROJECTION MATRIX
CSR STORAGE: 235011243 (1.750970 GB) rownzmax 1042
TRANSPOSITION TIME: 9.100750e-02

BLOCKING PROJECTION MATRIX
NUMBER OF BLOCKS: 307 BUFFSIZE: 2048
NUMBER OF BUFFERS: 992 AVERAGE BUFF/BLOCK: 3.231270 MAX BUFF/BLOCK: 8
BUFFER MAP: 14068772 (0.052410 GB)
CSR STORAGE: 235011243 (1.313228 GB) buffnzmax: 252 STORAGE EFFICIENCY: 0.176621 DATA REUSE: 16.131771
BLOCKING TIME: 2.139842e-01
BLOCKING BACKPROJECTION MATRIX
NUMBER OF BLOCKS: 64 BUFFSIZE: 2048
NUMBER OF BUFFERS: 677 AVERAGE BUFF/BLOCK: 10.578125 MAX BUFF/BLOCK: 12
BUFFER MAP: 11012397 (0.041024 GB)
CSR STORAGE: 235011243 (1.313228 GB) buffnzmax: 266 STORAGE EFFICIENCY: 0.176621 DATA REUSE: 21.364128
BLOCKING TIME: 2.747982e-02

FILL PROJECTION MATRIX
TIME: 3.576635e-02
FILL BACKPROJECTION MATRIX
TIME: 6.343588e-02
REDUCTION MAPPINGS
PREPROCESSING TIME: 6.680347e-01
INPUT MEASUREMENT DATA
INPUT ENDS
GRADIENT-DESCENT OPTIMIZATION
iter: 0 error: 4.959038e+04 gradnorm: 1.560967e+10
iter: 1 error: 5.316522e+03 gradnorm: 4.760837e+08
iter: 2 error: 5.074598e+02 gradnorm: 1.604489e+07
iter: 3 error: 2.940097e+02 gradnorm: 8.082407e+06
iter: 4 error: 1.716274e+02 gradnorm: 1.353846e+06
iter: 5 error: 1.154531e+02 gradnorm: 6.253851e+05
iter: 6 error: 8.902049e+01 gradnorm: 6.489949e+05
iter: 7 error: 7.575953e+01 gradnorm: 8.480520e+05
iter: 8 error: 7.100710e+01 gradnorm: 5.937549e+05
iter: 9 error: 5.778306e+01 gradnorm: 2.260885e+05
iter: 10 error: 4.873891e+01 gradnorm: 1.924544e+05
iter: 11 error: 4.171459e+01 gradnorm: 1.086428e+05
iter: 12 error: 3.749786e+01 gradnorm: 1.864882e+05
iter: 13 error: 3.463506e+01 gradnorm: 1.061012e+05
iter: 14 error: 3.148214e+01 gradnorm: 6.535995e+04
iter: 15 error: 3.009678e+01 gradnorm: 2.447906e+05
iter: 16 error: 2.841797e+01 gradnorm: 5.686704e+04
iter: 17 error: 2.682880e+01 gradnorm: 4.564605e+04
iter: 18 error: 2.524191e+01 gradnorm: 2.666368e+04
iter: 19 error: 2.394850e+01 gradnorm: 2.563708e+04
iter: 20 error: 2.288815e+01 gradnorm: 1.501923e+04
iter: 21 error: 2.195791e+01 gradnorm: 1.230823e+04
iter: 22 error: 2.126770e+01 gradnorm: 1.204000e+04
iter: 23 error: 2.113084e+01 gradnorm: 3.042746e+04
iter: 24 error: 2.067449e+01 gradnorm: 7.696146e+03
recon: 6.704664e+00 proj: 2.389880e+00 (1.327210e+00 9.720032e-02 9.654190e-01) backproj: 2.126428e+00 (1.336226e+00 3.004065e-02 7.601464e-01) ctime: 2.155808e+00 wtime: 1.959371e-02
numproj: 49 numback: 25
proj: 1.062766e+01 s (2.167091 GFLOPS) backproj: 6.082844e+00 s (1.931755 GFLOPS) avGFLOPS: 2.081425 totGFLOPS: 16.651403
proj: 6.760736 GB/s back: 5.976304 GB/s av: 6.475192 GB/s tot: 51.801537 GB/s
Total Time: 8.362983e+00
