Using mpirun from /opt/hpcx-v2.7.0-gcc-MLNX_OFED_LINUX-5.1-0.6.6.0-redhat7.7-x86_64/ompi/bin/mpirun
mpirun (Open MPI) 4.0.4rc3

Report bugs to http://www.open-mpi.org/community/help/
Using hosts: hpc-pg0-1:120,hpc-pg0-2:120,hpc-pg0-3:120,hpc-pg0-4:120
PKEY: 0x001b
NUM. THETA             : 750
NUM. RHO               : 512
NUM. X PIXELS          : 512
NUM. Y PIXELS          : 512

NUM. OF PIXELS         : 262144
NUM. OF RAYS           : 384000

NUM. ITERATIONS        : 24

SPATIAL TILE SIZE      : 32
SPECTRAL TILE SIZE     : 32

NUMBER OF X TILES      : 16
NUMBER OF Y TILES      : 16
NUM. OF THETA TILES    : 24
NUM. OF RHO TILES      : 16

NUM. SPATIAL TILES     : 256
NUM. SPECTRAL TILES    : 384

NUM. OF X PIXELS (EXT) : 512
NUM. OF Y PIXELS (EXT) : 512
NUM. OF ANGLES (EXT)   : 768
NUM. OF RHOS (EXT)     : 512

NUM. OF PIXELS (EXT)   : 262144
NUM. OF RAYS (EXT)     : 393216

NUMBER OF PROCESSES    : 8
NUMBER OF THRD./PROC.  : 60

INTEGER: 4, FLOAT: 4, LONG: 8, SHORT: 2, POINTER: 8
APPROX. MEMORY     TOTAL: 4.394531e+00 GB
APPROX. MEMORY PER PROC.: 5.493164e-01 GB

X START       : -2.560000e+02
Y START       : -2.560000e+02
PIXEL SIZE    : 1.000000e+00
RHO START     : -2.560000e+02
RAY LENGTH    : 1.024000e+03

SPATIAL INDEXING       : 5
SPECTRAL INDEXING      : 5
 1: CARTESIAN, NATURAL
 2: CARTESIAN, TRANSPOSED
 3: MORTON, NATURAL
 4: MORTON, TRANSPOSED
 5: HILBERT
PROJECTION BLOCK SIZE      : 512
BACKPROJECTION BLOCK SIZE  : 512
PROJECTION BUFFER SIZE      : 8 KB
BACKPROJECTION BUFFER SIZE  : 8 KB

SINOGRAM FILE : /shared/scratch/MemXCT/data/CDS1_sinogram.bin
   THETA FILE : /shared/scratch/MemXCT/data/CDS1_theta.bin
  OUTPUT FILE : /shared/scratch/MemXCT/recon_CDS1-1.bin


PLACE TILES
lspat 16 lspatdim 16
lspec 24 lspecdim 32
MPI PARTITIONING
proc: 0 numspats: 32 numpixs: 32768 numspecs: 48 numrays: 49152
proc: 1 numspats: 32 numpixs: 32768 numspecs: 48 numrays: 49152
proc: 2 numspats: 32 numpixs: 32768 numspecs: 48 numrays: 49152
proc: 3 numspats: 32 numpixs: 32768 numspecs: 48 numrays: 49152
proc: 4 numspats: 32 numpixs: 32768 numspecs: 48 numrays: 49152
proc: 5 numspats: 32 numpixs: 32768 numspecs: 48 numrays: 49152
proc: 6 numspats: 32 numpixs: 32768 numspecs: 48 numrays: 49152
proc: 7 numspats: 32 numpixs: 32768 numspecs: 48 numrays: 49152
maxnumpix: 32768 maxnumray: 49152
FILL PIXELS AND RAYS
INPUT THETA DATA
DOMAIN PARTITIONING

CONSTRUCT PROJECTION MATRIX
CSR STORAGE: 235011243 (1.750970 GB) rownzmax 383
RAY-TRACING TIME: 5.496324e-02
CONSTRUCT BACKPROJECTION MATRIX
CSR STORAGE: 235011243 (1.750970 GB) rownzmax 1042
TRANSPOSITION TIME: 1.330324e-01

BLOCKING PROJECTION MATRIX
NUMBER OF BLOCKS: 307 BUFFSIZE: 2048
NUMBER OF BUFFERS: 992 AVERAGE BUFF/BLOCK: 3.231270 MAX BUFF/BLOCK: 8
BUFFER MAP: 14068772 (0.052410 GB)
CSR STORAGE: 235011243 (1.313228 GB) buffnzmax: 252 STORAGE EFFICIENCY: 0.176621 DATA REUSE: 16.131771
BLOCKING TIME: 8.416845e-02
BLOCKING BACKPROJECTION MATRIX
NUMBER OF BLOCKS: 64 BUFFSIZE: 2048
NUMBER OF BUFFERS: 677 AVERAGE BUFF/BLOCK: 10.578125 MAX BUFF/BLOCK: 12
BUFFER MAP: 11012397 (0.041024 GB)
CSR STORAGE: 235011243 (1.313228 GB) buffnzmax: 266 STORAGE EFFICIENCY: 0.176621 DATA REUSE: 21.364128
BLOCKING TIME: 1.814826e-01

FILL PROJECTION MATRIX
TIME: 1.271725e-01
FILL BACKPROJECTION MATRIX
TIME: 4.779267e-02
REDUCTION MAPPINGS
PREPROCESSING TIME: 7.067477e-01
INPUT MEASUREMENT DATA
INPUT ENDS
GRADIENT-DESCENT OPTIMIZATION
iter: 0 error: 4.959038e+04 gradnorm: 1.560967e+10
iter: 1 error: 5.316521e+03 gradnorm: 4.760838e+08
iter: 2 error: 5.074597e+02 gradnorm: 1.604489e+07
iter: 3 error: 2.940097e+02 gradnorm: 8.082406e+06
iter: 4 error: 1.716274e+02 gradnorm: 1.353846e+06
iter: 5 error: 1.154529e+02 gradnorm: 6.253164e+05
iter: 6 error: 8.898104e+01 gradnorm: 6.365574e+05
iter: 7 error: 7.411688e+01 gradnorm: 4.203816e+05
iter: 8 error: 6.140385e+01 gradnorm: 8.634824e+05
iter: 9 error: 5.764560e+01 gradnorm: 2.684899e+05
iter: 10 error: 4.873829e+01 gradnorm: 1.926495e+05
iter: 11 error: 4.171464e+01 gradnorm: 1.086481e+05
iter: 12 error: 3.749860e+01 gradnorm: 1.865164e+05
iter: 13 error: 3.463505e+01 gradnorm: 1.060330e+05
iter: 14 error: 3.146747e+01 gradnorm: 6.062367e+04
iter: 15 error: 2.876464e+01 gradnorm: 5.962044e+04
iter: 16 error: 2.709946e+01 gradnorm: 4.555982e+04
iter: 17 error: 2.549482e+01 gradnorm: 5.766144e+04
iter: 18 error: 2.519296e+01 gradnorm: 4.182229e+04
iter: 19 error: 2.394831e+01 gradnorm: 2.569837e+04
iter: 20 error: 2.288815e+01 gradnorm: 1.501936e+04
iter: 21 error: 2.195789e+01 gradnorm: 1.230196e+04
iter: 22 error: 2.126062e+01 gradnorm: 9.619133e+03
iter: 23 error: 2.073198e+01 gradnorm: 9.771431e+03
iter: 24 error: 2.056520e+01 gradnorm: 2.528776e+04
recon: 5.529988e+00 proj: 2.046503e+00 (1.131602e+00 1.071156e-01 8.077556e-01) backproj: 1.788715e+00 (1.175172e+00 5.978199e-02 5.537498e-01) ctime: 1.655895e+00 wtime: 6.754548e-03
numproj: 49 numback: 25
proj: 9.051476e+00 s (2.544458 GFLOPS) backproj: 4.428381e+00 s (2.653467 GFLOPS) avGFLOPS: 2.580269 totGFLOPS: 20.642156
proj: 7.938018 GB/s back: 8.209079 GB/s av: 8.027066 GB/s tot: 64.216532 GB/s
Total Time: 7.090513e+00
