Using mpirun from /opt/hpcx-v2.7.0-gcc-MLNX_OFED_LINUX-5.1-0.6.6.0-redhat7.7-x86_64/ompi/bin/mpirun
mpirun (Open MPI) 4.0.4rc3

Report bugs to http://www.open-mpi.org/community/help/
Using hosts: hpc-pg0-1:120
PKEY: 0x003d
NUM. THETA             : 375
NUM. RHO               : 1024
NUM. X PIXELS          : 1024
NUM. Y PIXELS          : 1024

NUM. OF PIXELS         : 1048576
NUM. OF RAYS           : 384000

NUM. ITERATIONS        : 24

SPATIAL TILE SIZE      : 32
SPECTRAL TILE SIZE     : 32

NUMBER OF X TILES      : 32
NUMBER OF Y TILES      : 32
NUM. OF THETA TILES    : 12
NUM. OF RHO TILES      : 32

NUM. SPATIAL TILES     : 1024
NUM. SPECTRAL TILES    : 384

NUM. OF X PIXELS (EXT) : 1024
NUM. OF Y PIXELS (EXT) : 1024
NUM. OF ANGLES (EXT)   : 384
NUM. OF RHOS (EXT)     : 1024

NUM. OF PIXELS (EXT)   : 1048576
NUM. OF RAYS (EXT)     : 393216

NUMBER OF PROCESSES    : 1
NUMBER OF THRD./PROC.  : 120

INTEGER: 4, FLOAT: 4, LONG: 8, SHORT: 2, POINTER: 8
APPROX. MEMORY     TOTAL: 8.789062e+00 GB
APPROX. MEMORY PER PROC.: 8.789062e+00 GB

X START       : -5.120000e+02
Y START       : -5.120000e+02
PIXEL SIZE    : 1.000000e+00
RHO START     : -5.120000e+02
RAY LENGTH    : 2.048000e+03

SPATIAL INDEXING       : 5
SPECTRAL INDEXING      : 5
 1: CARTESIAN, NATURAL
 2: CARTESIAN, TRANSPOSED
 3: MORTON, NATURAL
 4: MORTON, TRANSPOSED
 5: HILBERT
PROJECTION BLOCK SIZE      : 512
BACKPROJECTION BLOCK SIZE  : 512
PROJECTION BUFFER SIZE      : 8 KB
BACKPROJECTION BUFFER SIZE  : 8 KB

SINOGRAM FILE : /shared/scratch/MemXCT/data/CDS2_sinogram.bin
   THETA FILE : /shared/scratch/MemXCT/data/CDS2_theta.bin
  OUTPUT FILE : /shared/scratch/MemXCT/recon_CDS2-1.bin


PLACE TILES
lspat 32 lspatdim 32
lspec 32 lspecdim 32
MPI PARTITIONING
proc: 0 numspats: 1024 numpixs: 1048576 numspecs: 384 numrays: 393216
maxnumpix: 1048576 maxnumray: 393216
FILL PIXELS AND RAYS
INPUT THETA DATA
DOMAIN PARTITIONING

CONSTRUCT PROJECTION MATRIX
CSR STORAGE: 470024162 (3.501953 GB) rownzmax 2046
RAY-TRACING TIME: 4.578908e-01
CONSTRUCT BACKPROJECTION MATRIX
CSR STORAGE: 470024162 (3.501953 GB) rownzmax 607
TRANSPOSITION TIME: 4.500904e-01

BLOCKING PROJECTION MATRIX
NUMBER OF BLOCKS: 750 BUFFSIZE: 2048
NUMBER OF BUFFERS: 18280 AVERAGE BUFF/BLOCK: 24.373333 MAX BUFF/BLOCK: 42
BUFFER MAP: 36702739 (0.136728 GB)
CSR STORAGE: 470024162 (2.626465 GB) buffnzmax: 284 STORAGE EFFICIENCY: 1.500000 DATA REUSE: 12.806242
BLOCKING TIME: 5.021692e-01
BLOCKING BACKPROJECTION MATRIX
NUMBER OF BLOCKS: 2048 BUFFSIZE: 2048
NUMBER OF BUFFERS: 11604 AVERAGE BUFF/BLOCK: 5.666016 MAX BUFF/BLOCK: 6
BUFFER MAP: 22022777 (0.082041 GB)
CSR STORAGE: 470024162 (2.626465 GB) buffnzmax: 321 STORAGE EFFICIENCY: 1.500000 DATA REUSE: 21.342640
BLOCKING TIME: 4.097930e-01

FILL PROJECTION MATRIX
TIME: 3.648948e-01
FILL BACKPROJECTION MATRIX
TIME: 2.002255e-01
REDUCTION MAPPINGS
PREPROCESSING TIME: 2.422739e+00
INPUT MEASUREMENT DATA
INPUT ENDS
GRADIENT-DESCENT OPTIMIZATION
iter: 0 error: 5.498394e+04 gradnorm: 5.780559e+09
iter: 1 error: 2.713759e+04 gradnorm: 4.174671e+08
iter: 2 error: 2.306866e+04 gradnorm: 9.086841e+07
iter: 3 error: 2.127431e+04 gradnorm: 3.168982e+07
iter: 4 error: 2.032669e+04 gradnorm: 1.557750e+07
iter: 5 error: 1.975909e+04 gradnorm: 1.008936e+07
iter: 6 error: 1.938425e+04 gradnorm: 8.237612e+06
iter: 7 error: 1.911242e+04 gradnorm: 6.110144e+06
iter: 8 error: 1.886855e+04 gradnorm: 5.374421e+06
iter: 9 error: 1.867224e+04 gradnorm: 4.834606e+06
iter: 10 error: 1.855123e+04 gradnorm: 1.072027e+07
iter: 11 error: 1.844487e+04 gradnorm: 4.607704e+06
iter: 12 error: 1.828186e+04 gradnorm: 3.284092e+06
iter: 13 error: 1.811535e+04 gradnorm: 2.897504e+06
iter: 14 error: 1.798115e+04 gradnorm: 2.757009e+06
iter: 15 error: 1.784868e+04 gradnorm: 2.237752e+06
iter: 16 error: 1.774984e+04 gradnorm: 4.156753e+06
iter: 17 error: 1.767742e+04 gradnorm: 1.991347e+06
iter: 18 error: 1.756107e+04 gradnorm: 2.333265e+06
iter: 19 error: 1.752519e+04 gradnorm: 4.308560e+06
iter: 20 error: 1.744982e+04 gradnorm: 1.966325e+06
iter: 21 error: 1.736016e+04 gradnorm: 1.587306e+06
iter: 22 error: 1.726249e+04 gradnorm: 1.342174e+06
iter: 23 error: 1.716981e+04 gradnorm: 1.258249e+06
iter: 24 error: 1.708010e+04 gradnorm: 1.304445e+06
recon: 3.354321e+00 proj: 1.717438e+00 (1.419158e+00 2.217119e-02 2.760529e-01) backproj: 9.667960e-01 (5.425918e-02 5.910936e-03 9.066029e-01) ctime: 6.699416e-01 wtime: 7.320300e-05
numproj: 49 numback: 25
proj: 1.419158e+00 s (32.457533 GFLOPS) backproj: 9.066029e-01 s (25.922274 GFLOPS) avGFLOPS: 29.910029 totGFLOPS: 29.910029
proj: 102.441616 GB/s back: 80.195977 GB/s av: 93.770062 GB/s tot: 93.770062 GB/s
Total Time: 6.400123e+00
