Using mpirun from /opt/hpcx-v2.7.0-gcc-MLNX_OFED_LINUX-5.1-0.6.6.0-redhat7.7-x86_64/ompi/bin/mpirun
mpirun (Open MPI) 4.0.4rc3

Report bugs to http://www.open-mpi.org/community/help/
Using hosts: hpc-pg0-1:120,hpc-pg0-4:120
PKEY: 0x001b
NUM. THETA             : 375
NUM. RHO               : 1024
NUM. X PIXELS          : 1024
NUM. Y PIXELS          : 1024

NUM. OF PIXELS         : 1048576
NUM. OF RAYS           : 384000

NUM. ITERATIONS        : 24

SPATIAL TILE SIZE      : 32
SPECTRAL TILE SIZE     : 32

NUMBER OF X TILES      : 32
NUMBER OF Y TILES      : 32
NUM. OF THETA TILES    : 12
NUM. OF RHO TILES      : 32

NUM. SPATIAL TILES     : 1024
NUM. SPECTRAL TILES    : 384

NUM. OF X PIXELS (EXT) : 1024
NUM. OF Y PIXELS (EXT) : 1024
NUM. OF ANGLES (EXT)   : 384
NUM. OF RHOS (EXT)     : 1024

NUM. OF PIXELS (EXT)   : 1048576
NUM. OF RAYS (EXT)     : 393216

NUMBER OF PROCESSES    : 4
NUMBER OF THRD./PROC.  : 60

INTEGER: 4, FLOAT: 4, LONG: 8, SHORT: 2, POINTER: 8
APPROX. MEMORY     TOTAL: 8.789062e+00 GB
APPROX. MEMORY PER PROC.: 2.197266e+00 GB

X START       : -5.120000e+02
Y START       : -5.120000e+02
PIXEL SIZE    : 1.000000e+00
RHO START     : -5.120000e+02
RAY LENGTH    : 2.048000e+03

SPATIAL INDEXING       : 5
SPECTRAL INDEXING      : 5
 1: CARTESIAN, NATURAL
 2: CARTESIAN, TRANSPOSED
 3: MORTON, NATURAL
 4: MORTON, TRANSPOSED
 5: HILBERT
PROJECTION BLOCK SIZE      : 512
BACKPROJECTION BLOCK SIZE  : 512
PROJECTION BUFFER SIZE      : 8 KB
BACKPROJECTION BUFFER SIZE  : 8 KB

SINOGRAM FILE : /shared/scratch/MemXCT/data/CDS2_sinogram.bin
   THETA FILE : /shared/scratch/MemXCT/data/CDS2_theta.bin
  OUTPUT FILE : /shared/scratch/MemXCT/recon_CDS2-1.bin


PLACE TILES
lspat 32 lspatdim 32
lspec 32 lspecdim 32
MPI PARTITIONING
proc: 0 numspats: 256 numpixs: 262144 numspecs: 96 numrays: 98304
proc: 1 numspats: 256 numpixs: 262144 numspecs: 96 numrays: 98304
proc: 2 numspats: 256 numpixs: 262144 numspecs: 96 numrays: 98304
proc: 3 numspats: 256 numpixs: 262144 numspecs: 96 numrays: 98304
maxnumpix: 262144 maxnumray: 98304
FILL PIXELS AND RAYS
INPUT THETA DATA
DOMAIN PARTITIONING

CONSTRUCT PROJECTION MATRIX
CSR STORAGE: 470024236 (3.501953 GB) rownzmax 1022
RAY-TRACING TIME: 1.897852e-01
CONSTRUCT BACKPROJECTION MATRIX
CSR STORAGE: 470024236 (3.501953 GB) rownzmax 607
TRANSPOSITION TIME: 1.460619e-01

BLOCKING PROJECTION MATRIX
NUMBER OF BLOCKS: 375 BUFFSIZE: 2048
NUMBER OF BUFFERS: 3577 AVERAGE BUFF/BLOCK: 9.538667 MAX BUFF/BLOCK: 17
BUFFER MAP: 38188871 (0.142265 GB)
CSR STORAGE: 470024236 (2.626465 GB) buffnzmax: 263 STORAGE EFFICIENCY: 0.350560 DATA REUSE: 15.842276
BLOCKING TIME: 9.720072e-02
BLOCKING BACKPROJECTION MATRIX
NUMBER OF BLOCKS: 512 BUFFSIZE: 2048
NUMBER OF BUFFERS: 2730 AVERAGE BUFF/BLOCK: 5.332031 MAX BUFF/BLOCK: 6
BUFFER MAP: 22022779 (0.082041 GB)
CSR STORAGE: 470024236 (2.626465 GB) buffnzmax: 276 STORAGE EFFICIENCY: 0.350560 DATA REUSE: 21.345243
BLOCKING TIME: 1.136380e-01

FILL PROJECTION MATRIX
TIME: 9.882071e-02
FILL BACKPROJECTION MATRIX
TIME: 9.198765e-02
REDUCTION MAPPINGS
PREPROCESSING TIME: 1.179121e+00
INPUT MEASUREMENT DATA
INPUT ENDS
GRADIENT-DESCENT OPTIMIZATION
iter: 0 error: 5.498395e+04 gradnorm: 1.750595e+10
iter: 1 error: 3.365970e+03 gradnorm: 1.974254e+08
iter: 2 error: 1.351252e+03 gradnorm: 4.437239e+07
iter: 3 error: 7.837161e+02 gradnorm: 2.147929e+07
iter: 4 error: 5.386423e+02 gradnorm: 9.271476e+06
iter: 5 error: 4.053621e+02 gradnorm: 3.663758e+06
iter: 6 error: 3.067814e+02 gradnorm: 1.739915e+06
iter: 7 error: 2.429409e+02 gradnorm: 1.570868e+06
iter: 8 error: 2.102696e+02 gradnorm: 1.296997e+06
iter: 9 error: 1.859407e+02 gradnorm: 2.440561e+06
iter: 10 error: 1.722998e+02 gradnorm: 8.071204e+05
iter: 11 error: 1.512742e+02 gradnorm: 6.447812e+05
iter: 12 error: 1.355706e+02 gradnorm: 4.700635e+05
iter: 13 error: 1.199982e+02 gradnorm: 3.553841e+05
iter: 14 error: 1.093432e+02 gradnorm: 2.737464e+05
iter: 15 error: 9.935241e+01 gradnorm: 2.187810e+05
iter: 16 error: 9.416319e+01 gradnorm: 2.388687e+05
iter: 17 error: 8.845933e+01 gradnorm: 2.835059e+05
iter: 18 error: 8.627670e+01 gradnorm: 2.474625e+05
iter: 19 error: 8.352016e+01 gradnorm: 2.350504e+05
iter: 20 error: 8.067834e+01 gradnorm: 1.431437e+05
iter: 21 error: 7.606400e+01 gradnorm: 8.279541e+04
iter: 22 error: 7.266037e+01 gradnorm: 8.561402e+04
iter: 23 error: 6.938701e+01 gradnorm: 6.675798e+04
iter: 24 error: 6.663327e+01 gradnorm: 6.211181e+04
recon: 4.990861e+00 proj: 1.925218e+00 (1.235910e+00 7.766611e-02 6.116067e-01) backproj: 1.409161e+00 (6.028992e-01 5.084393e-02 7.553999e-01) ctime: 1.605921e+00 wtime: 1.888788e-02
numproj: 49 numback: 25
proj: 4.943979e+00 s (9.316863 GFLOPS) backproj: 3.022721e+00 s (7.774854 GFLOPS) avGFLOPS: 8.731795 totGFLOPS: 34.927180
proj: 29.464556 GB/s back: 24.053137 GB/s av: 27.411359 GB/s tot: 109.645435 GB/s
Total Time: 6.981759e+00
