Using mpirun from /opt/hpcx-v2.7.0-gcc-MLNX_OFED_LINUX-5.1-0.6.6.0-redhat7.7-x86_64/ompi/bin/mpirun
mpirun (Open MPI) 4.0.4rc3

Report bugs to http://www.open-mpi.org/community/help/
Using hosts: hpc-pg0-1:120,hpc-pg0-2:120,hpc-pg0-3:120,hpc-pg0-4:120
PKEY: 0x001b
NUM. THETA             : 375
NUM. RHO               : 1024
NUM. X PIXELS          : 1024
NUM. Y PIXELS          : 1024

NUM. OF PIXELS         : 1048576
NUM. OF RAYS           : 384000

NUM. ITERATIONS        : 24

SPATIAL TILE SIZE      : 32
SPECTRAL TILE SIZE     : 32

NUMBER OF X TILES      : 32
NUMBER OF Y TILES      : 32
NUM. OF THETA TILES    : 12
NUM. OF RHO TILES      : 32

NUM. SPATIAL TILES     : 1024
NUM. SPECTRAL TILES    : 384

NUM. OF X PIXELS (EXT) : 1024
NUM. OF Y PIXELS (EXT) : 1024
NUM. OF ANGLES (EXT)   : 384
NUM. OF RHOS (EXT)     : 1024

NUM. OF PIXELS (EXT)   : 1048576
NUM. OF RAYS (EXT)     : 393216

NUMBER OF PROCESSES    : 8
NUMBER OF THRD./PROC.  : 60

INTEGER: 4, FLOAT: 4, LONG: 8, SHORT: 2, POINTER: 8
APPROX. MEMORY     TOTAL: 8.789062e+00 GB
APPROX. MEMORY PER PROC.: 1.098633e+00 GB

X START       : -5.120000e+02
Y START       : -5.120000e+02
PIXEL SIZE    : 1.000000e+00
RHO START     : -5.120000e+02
RAY LENGTH    : 2.048000e+03

SPATIAL INDEXING       : 5
SPECTRAL INDEXING      : 5
 1: CARTESIAN, NATURAL
 2: CARTESIAN, TRANSPOSED
 3: MORTON, NATURAL
 4: MORTON, TRANSPOSED
 5: HILBERT
PROJECTION BLOCK SIZE      : 512
BACKPROJECTION BLOCK SIZE  : 512
PROJECTION BUFFER SIZE      : 8 KB
BACKPROJECTION BUFFER SIZE  : 8 KB

SINOGRAM FILE : /shared/scratch/MemXCT/data/CDS2_sinogram.bin
   THETA FILE : /shared/scratch/MemXCT/data/CDS2_theta.bin
  OUTPUT FILE : /shared/scratch/MemXCT/recon_CDS2-1.bin


PLACE TILES
lspat 32 lspatdim 32
lspec 32 lspecdim 32
MPI PARTITIONING
proc: 0 numspats: 128 numpixs: 131072 numspecs: 48 numrays: 49152
proc: 1 numspats: 128 numpixs: 131072 numspecs: 48 numrays: 49152
proc: 2 numspats: 128 numpixs: 131072 numspecs: 48 numrays: 49152
proc: 3 numspats: 128 numpixs: 131072 numspecs: 48 numrays: 49152
proc: 4 numspats: 128 numpixs: 131072 numspecs: 48 numrays: 49152
proc: 5 numspats: 128 numpixs: 131072 numspecs: 48 numrays: 49152
proc: 6 numspats: 128 numpixs: 131072 numspecs: 48 numrays: 49152
proc: 7 numspats: 128 numpixs: 131072 numspecs: 48 numrays: 49152
maxnumpix: 131072 maxnumray: 49152
FILL PIXELS AND RAYS
INPUT THETA DATA
DOMAIN PARTITIONING

CONSTRUCT PROJECTION MATRIX
CSR STORAGE: 470024236 (3.501953 GB) rownzmax 766
RAY-TRACING TIME: 1.133954e-01
CONSTRUCT BACKPROJECTION MATRIX
CSR STORAGE: 470024236 (3.501953 GB) rownzmax 516
TRANSPOSITION TIME: 1.914756e-01

BLOCKING PROJECTION MATRIX
NUMBER OF BLOCKS: 256 BUFFSIZE: 2048
NUMBER OF BUFFERS: 1825 AVERAGE BUFF/BLOCK: 7.128906 MAX BUFF/BLOCK: 18
BUFFER MAP: 37824787 (0.140908 GB)
CSR STORAGE: 470024236 (2.626465 GB) buffnzmax: 277 STORAGE EFFICIENCY: 0.153526 DATA REUSE: 13.805751
BLOCKING TIME: 1.965589e-01
BLOCKING BACKPROJECTION MATRIX
NUMBER OF BLOCKS: 256 BUFFSIZE: 2048
NUMBER OF BUFFERS: 1212 AVERAGE BUFF/BLOCK: 4.734375 MAX BUFF/BLOCK: 6
BUFFER MAP: 22022779 (0.082041 GB)
CSR STORAGE: 470024236 (2.626465 GB) buffnzmax: 245 STORAGE EFFICIENCY: 0.153526 DATA REUSE: 21.398462
BLOCKING TIME: 4.378586e-02

FILL PROJECTION MATRIX
TIME: 3.510521e-02
FILL BACKPROJECTION MATRIX
TIME: 5.172987e-02
REDUCTION MAPPINGS
PREPROCESSING TIME: 1.049721e+00
INPUT MEASUREMENT DATA
INPUT ENDS
GRADIENT-DESCENT OPTIMIZATION
iter: 0 error: 5.498394e+04 gradnorm: 1.963648e+10
iter: 1 error: 3.374780e+03 gradnorm: 2.929366e+08
iter: 2 error: 1.128223e+03 gradnorm: 5.683258e+07
iter: 3 error: 4.706064e+02 gradnorm: 1.898364e+07
iter: 4 error: 3.070879e+02 gradnorm: 8.966635e+06
iter: 5 error: 2.100158e+02 gradnorm: 2.582903e+06
iter: 6 error: 1.481384e+02 gradnorm: 1.225736e+06
iter: 7 error: 1.194308e+02 gradnorm: 1.049700e+06
iter: 8 error: 9.808885e+01 gradnorm: 6.943144e+05
iter: 9 error: 8.041255e+01 gradnorm: 9.068106e+05
iter: 10 error: 7.555683e+01 gradnorm: 6.991675e+05
iter: 11 error: 6.295235e+01 gradnorm: 3.340997e+05
iter: 12 error: 5.229757e+01 gradnorm: 2.608254e+05
iter: 13 error: 4.618293e+01 gradnorm: 2.699520e+05
iter: 14 error: 4.019224e+01 gradnorm: 1.283314e+05
iter: 15 error: 3.502830e+01 gradnorm: 1.334547e+05
iter: 16 error: 3.241693e+01 gradnorm: 1.866929e+05
iter: 17 error: 3.075272e+01 gradnorm: 9.224874e+04
iter: 18 error: 2.825154e+01 gradnorm: 1.611436e+05
iter: 19 error: 2.752404e+01 gradnorm: 7.124688e+04
iter: 20 error: 2.619143e+01 gradnorm: 6.300868e+04
iter: 21 error: 2.479432e+01 gradnorm: 3.792438e+04
iter: 22 error: 2.371611e+01 gradnorm: 2.779223e+04
iter: 23 error: 2.304606e+01 gradnorm: 4.146932e+04
iter: 24 error: 2.244628e+01 gradnorm: 1.794807e+04
recon: 5.316071e+00 proj: 2.008454e+00 (1.203250e+00 1.362219e-01 6.689372e-01) backproj: 1.615592e+00 (8.365125e-01 4.135923e-02 7.377028e-01) ctime: 1.641349e+00 wtime: 2.888119e-02
numproj: 49 numback: 25
proj: 9.600081e+00 s (4.798123 GFLOPS) backproj: 5.895246e+00 s (3.986469 GFLOPS) avGFLOPS: 4.489327 totGFLOPS: 35.914615
proj: 15.166620 GB/s back: 12.332974 GB/s av: 14.088551 GB/s tot: 112.708404 GB/s
Total Time: 7.304163e+00
