Using mpirun from /opt/hpcx-v2.7.0-gcc-MLNX_OFED_LINUX-5.1-0.6.6.0-redhat7.7-x86_64/ompi/bin/mpirun
mpirun (Open MPI) 4.0.4rc3

Report bugs to http://www.open-mpi.org/community/help/
Using hosts: hpc-pg0-1:120
PKEY: 0x001b
NUM. THETA             : 750
NUM. RHO               : 512
NUM. X PIXELS          : 512
NUM. Y PIXELS          : 512

NUM. OF PIXELS         : 262144
NUM. OF RAYS           : 384000

NUM. ITERATIONS        : 24

SPATIAL TILE SIZE      : 32
SPECTRAL TILE SIZE     : 32

NUMBER OF X TILES      : 16
NUMBER OF Y TILES      : 16
NUM. OF THETA TILES    : 24
NUM. OF RHO TILES      : 16

NUM. SPATIAL TILES     : 256
NUM. SPECTRAL TILES    : 384

NUM. OF X PIXELS (EXT) : 512
NUM. OF Y PIXELS (EXT) : 512
NUM. OF ANGLES (EXT)   : 768
NUM. OF RHOS (EXT)     : 512

NUM. OF PIXELS (EXT)   : 262144
NUM. OF RAYS (EXT)     : 393216

NUMBER OF PROCESSES    : 2
NUMBER OF THRD./PROC.  : 60

INTEGER: 4, FLOAT: 4, LONG: 8, SHORT: 2, POINTER: 8
APPROX. MEMORY     TOTAL: 4.394531e+00 GB
APPROX. MEMORY PER PROC.: 2.197266e+00 GB

X START       : -2.560000e+02
Y START       : -2.560000e+02
PIXEL SIZE    : 1.000000e+00
RHO START     : -2.560000e+02
RAY LENGTH    : 1.024000e+03

SPATIAL INDEXING       : 5
SPECTRAL INDEXING      : 5
 1: CARTESIAN, NATURAL
 2: CARTESIAN, TRANSPOSED
 3: MORTON, NATURAL
 4: MORTON, TRANSPOSED
 5: HILBERT
PROJECTION BLOCK SIZE      : 512
BACKPROJECTION BLOCK SIZE  : 512
PROJECTION BUFFER SIZE      : 8 KB
BACKPROJECTION BUFFER SIZE  : 8 KB

SINOGRAM FILE : /shared/scratch/MemXCT/data/CDS1_sinogram.bin
   THETA FILE : /shared/scratch/MemXCT/data/CDS1_theta.bin
  OUTPUT FILE : /shared/scratch/MemXCT/recon_CDS1-1.bin


PLACE TILES
lspat 16 lspatdim 16
lspec 24 lspecdim 32
MPI PARTITIONING
proc: 0 numspats: 128 numpixs: 131072 numspecs: 192 numrays: 196608
proc: 1 numspats: 128 numpixs: 131072 numspecs: 192 numrays: 196608
maxnumpix: 131072 maxnumray: 196608
FILL PIXELS AND RAYS
INPUT THETA DATA
DOMAIN PARTITIONING

CONSTRUCT PROJECTION MATRIX
CSR STORAGE: 235011243 (1.750970 GB) rownzmax 767
RAY-TRACING TIME: 1.666199e-01
CONSTRUCT BACKPROJECTION MATRIX
CSR STORAGE: 235011243 (1.750970 GB) rownzmax 1092
TRANSPOSITION TIME: 1.507992e-01

BLOCKING PROJECTION MATRIX
NUMBER OF BLOCKS: 614 BUFFSIZE: 2048
NUMBER OF BUFFERS: 3634 AVERAGE BUFF/BLOCK: 5.918567 MAX BUFF/BLOCK: 15
BUFFER MAP: 13795621 (0.051393 GB)
CSR STORAGE: 235011243 (1.313228 GB) buffnzmax: 256 STORAGE EFFICIENCY: 0.749998 DATA REUSE: 17.367939
BLOCKING TIME: 6.102915e-02
BLOCKING BACKPROJECTION MATRIX
NUMBER OF BLOCKS: 256 BUFFSIZE: 2048
NUMBER OF BUFFERS: 2880 AVERAGE BUFF/BLOCK: 11.250000 MAX BUFF/BLOCK: 12
BUFFER MAP: 11012397 (0.041024 GB)
CSR STORAGE: 235011243 (1.313228 GB) buffnzmax: 286 STORAGE EFFICIENCY: 0.749998 DATA REUSE: 21.340567
BLOCKING TIME: 6.416531e-02

FILL PROJECTION MATRIX
TIME: 8.074077e-02
FILL BACKPROJECTION MATRIX
TIME: 1.266799e-01
REDUCTION MAPPINGS
PREPROCESSING TIME: 7.129817e-01
INPUT MEASUREMENT DATA
INPUT ENDS
GRADIENT-DESCENT OPTIMIZATION
iter: 0 error: 4.959037e+04 gradnorm: 1.560967e+10
iter: 1 error: 5.316521e+03 gradnorm: 4.760840e+08
iter: 2 error: 5.074597e+02 gradnorm: 1.604488e+07
iter: 3 error: 2.940096e+02 gradnorm: 8.082409e+06
iter: 4 error: 1.716274e+02 gradnorm: 1.353846e+06
iter: 5 error: 1.154532e+02 gradnorm: 6.254252e+05
iter: 6 error: 8.904341e+01 gradnorm: 6.561956e+05
iter: 7 error: 7.651221e+01 gradnorm: 9.975592e+05
iter: 8 error: 7.122342e+01 gradnorm: 5.335428e+05
iter: 9 error: 5.778364e+01 gradnorm: 2.259022e+05
iter: 10 error: 4.873891e+01 gradnorm: 1.924533e+05
iter: 11 error: 4.171459e+01 gradnorm: 1.086421e+05
iter: 12 error: 3.749776e+01 gradnorm: 1.864874e+05
iter: 13 error: 3.463525e+01 gradnorm: 1.061615e+05
iter: 14 error: 3.149753e+01 gradnorm: 7.027505e+04
iter: 15 error: 3.048026e+01 gradnorm: 2.086157e+05
iter: 16 error: 2.842191e+01 gradnorm: 5.571951e+04
iter: 17 error: 2.682882e+01 gradnorm: 4.563584e+04
iter: 18 error: 2.524190e+01 gradnorm: 2.666375e+04
iter: 19 error: 2.394851e+01 gradnorm: 2.563877e+04
iter: 20 error: 2.288905e+01 gradnorm: 1.532016e+04
iter: 21 error: 2.222359e+01 gradnorm: 7.442498e+04
iter: 22 error: 2.188594e+01 gradnorm: 1.291402e+04
iter: 23 error: 2.120683e+01 gradnorm: 9.434766e+03
iter: 24 error: 2.069602e+01 gradnorm: 1.005093e+04
recon: 3.489361e+00 proj: 1.500018e+00 (1.116269e+00 6.200200e-02 3.216244e-01) backproj: 1.129367e+00 (5.350083e-01 2.306079e-02 5.712833e-01) ctime: 8.542934e-01 wtime: 5.026290e-04
numproj: 49 numback: 25
proj: 2.232541e+00 s (10.316095 GFLOPS) backproj: 1.142564e+00 s (10.284382 GFLOPS) avGFLOPS: 10.305359 totGFLOPS: 20.610718
proj: 32.159435 GB/s back: 31.816977 GB/s av: 32.043503 GB/s tot: 64.087007 GB/s
Total Time: 4.767116e+00
