Using mpirun from /opt/hpcx-v2.7.0-gcc-MLNX_OFED_LINUX-5.1-0.6.6.0-redhat7.7-x86_64/ompi/bin/mpirun
mpirun (Open MPI) 4.0.4rc3

Report bugs to http://www.open-mpi.org/community/help/
NUM. THETA             : 1501
NUM. RHO               : 2048
NUM. X PIXELS          : 2048
NUM. Y PIXELS          : 2048

NUM. OF PIXELS         : 4194304
NUM. OF RAYS           : 3074048

NUM. ITERATIONS        : 24

SPATIAL TILE SIZE      : 32
SPECTRAL TILE SIZE     : 32

NUMBER OF X TILES      : 64
NUMBER OF Y TILES      : 64
NUM. OF THETA TILES    : 47
NUM. OF RHO TILES      : 64

NUM. SPATIAL TILES     : 4096
NUM. SPECTRAL TILES    : 3008

NUM. OF X PIXELS (EXT) : 2048
NUM. OF Y PIXELS (EXT) : 2048
NUM. OF ANGLES (EXT)   : 1504
NUM. OF RHOS (EXT)     : 2048

NUM. OF PIXELS (EXT)   : 4194304
NUM. OF RAYS (EXT)     : 3080192

NUMBER OF PROCESSES    : 1
NUMBER OF THRD./PROC.  : 60

INTEGER: 4, FLOAT: 4, LONG: 8, SHORT: 2, POINTER: 8
APPROX. MEMORY     TOTAL: 1.407188e+02 GB
APPROX. MEMORY PER PROC.: 1.407188e+02 GB

X START       : -1.024000e+03
Y START       : -1.024000e+03
PIXEL SIZE    : 1.000000e+00
RHO START     : -1.024000e+03
RAY LENGTH    : 4.096000e+03

SPATIAL INDEXING       : 5
SPECTRAL INDEXING      : 5
 1: CARTESIAN, NATURAL
 2: CARTESIAN, TRANSPOSED
 3: MORTON, NATURAL
 4: MORTON, TRANSPOSED
 5: HILBERT
PROJECTION BLOCK SIZE      : 512
BACKPROJECTION BLOCK SIZE  : 512
PROJECTION BUFFER SIZE      : 8 KB
BACKPROJECTION BUFFER SIZE  : 8 KB

SINOGRAM FILE : /shared/scratch/MemXCT/data/CDS3_sinogram.bin
   THETA FILE : /shared/scratch/MemXCT/data/CDS3_theta.bin
  OUTPUT FILE : /shared/scratch/MemXCT/recon_CDS3.bin


PLACE TILES
lspat 64 lspatdim 64
lspec 64 lspecdim 64
MPI PARTITIONING
proc: 0 numspats: 4096 numpixs: 4194304 numspecs: 3008 numrays: 3080192
maxnumpix: 4194304 maxnumray: 3080192
FILL PIXELS AND RAYS
INPUT THETA DATA
DOMAIN PARTITIONING

CONSTRUCT PROJECTION MATRIX
CSR STORAGE: 7524332523 (56.060646 GB) rownzmax 4095
RAY-TRACING TIME: 2.026182e+01
CONSTRUCT BACKPROJECTION MATRIX
CSR STORAGE: 7524332523 (56.060646 GB) rownzmax 2185
TRANSPOSITION TIME: 6.500176e+00

BLOCKING PROJECTION MATRIX
NUMBER OF BLOCKS: 6004 BUFFSIZE: 2048
NUMBER OF BUFFERS: 285060 AVERAGE BUFF/BLOCK: 47.478348 MAX BUFF/BLOCK: 87
BUFFER MAP: 577669667 (2.151987 GB)
CSR STORAGE: 7524332523 (42.045484 GB) buffnzmax: 515 STORAGE EFFICIENCY: 1.500000 DATA REUSE: 13.025320
BLOCKING TIME: 8.158869e+00
BLOCKING BACKPROJECTION MATRIX
NUMBER OF BLOCKS: 8192 BUFFSIZE: 2048
NUMBER OF BUFFERS: 177002 AVERAGE BUFF/BLOCK: 21.606689 MAX BUFF/BLOCK: 23
BUFFER MAP: 352645526 (1.313707 GB)
CSR STORAGE: 7524332523 (42.045484 GB) buffnzmax: 408 STORAGE EFFICIENCY: 1.500000 DATA REUSE: 21.336815
BLOCKING TIME: 7.990059e+00

FILL PROJECTION MATRIX
TIME: 5.313260e+00
FILL BACKPROJECTION MATRIX
TIME: 5.868321e+00
REDUCTION MAPPINGS
PREPROCESSING TIME: 5.410805e+01
INPUT MEASUREMENT DATA
INPUT ENDS
GRADIENT-DESCENT OPTIMIZATION
iter: 0 error: 4.635889e+05 gradnorm: 8.585365e+11
iter: 1 error: 9.154316e+04 gradnorm: 2.934980e+10
iter: 2 error: 5.150745e+04 gradnorm: 1.497940e+09
iter: 3 error: 4.825329e+04 gradnorm: 6.414484e+08
iter: 4 error: 4.665311e+04 gradnorm: 1.800305e+08
iter: 5 error: 4.586107e+04 gradnorm: 9.440808e+07
iter: 6 error: 4.545108e+04 gradnorm: 9.416609e+07
iter: 7 error: 4.526789e+04 gradnorm: 6.143232e+07
iter: 8 error: 4.504794e+04 gradnorm: 5.352075e+07
iter: 9 error: 4.498617e+04 gradnorm: 6.989358e+07
iter: 10 error: 4.483865e+04 gradnorm: 2.800365e+07
iter: 11 error: 4.469207e+04 gradnorm: 1.828524e+07
iter: 12 error: 4.457891e+04 gradnorm: 2.106149e+07
iter: 13 error: 4.449182e+04 gradnorm: 1.671944e+07
iter: 14 error: 4.440391e+04 gradnorm: 1.607857e+07
iter: 15 error: 4.438463e+04 gradnorm: 2.542039e+07
iter: 16 error: 4.429618e+04 gradnorm: 1.021245e+07
iter: 17 error: 4.422811e+04 gradnorm: 9.665014e+06
iter: 18 error: 4.416171e+04 gradnorm: 1.232155e+07
iter: 19 error: 4.412413e+04 gradnorm: 1.621400e+07
iter: 20 error: 4.407586e+04 gradnorm: 1.302492e+07
iter: 21 error: 4.405771e+04 gradnorm: 2.023090e+07
iter: 22 error: 4.402157e+04 gradnorm: 1.624380e+07
iter: 23 error: 4.397996e+04 gradnorm: 1.023309e+07
iter: 24 error: 4.392336e+04 gradnorm: 7.093654e+06
recon: 5.276301e+01 proj: 3.299697e+01 (3.272590e+01 7.155806e-02 1.994642e-01) backproj: 1.903560e+01 (7.458630e-02 3.688773e-02 1.892410e+01) ctime: 7.302467e-01 wtime: 1.488060e-04
numproj: 49 numback: 25
proj: 3.272590e+01 s (22.532141 GFLOPS) backproj: 1.892410e+01 s (19.880292 GFLOPS) avGFLOPS: 21.560527 totGFLOPS: 21.560527
proj: 71.056168 GB/s back: 61.504349 GB/s av: 67.556467 GB/s tot: 67.556467 GB/s
Total Time: 1.156183e+02
