Using mpirun from /opt/hpcx-v2.7.0-gcc-MLNX_OFED_LINUX-5.1-0.6.6.0-redhat7.7-x86_64/ompi/bin/mpirun
mpirun (Open MPI) 4.0.4rc3

Report bugs to http://www.open-mpi.org/community/help/
Using hosts: hpc-pg0-1:120
PKEY: 0x001b
NUM. THETA             : 375
NUM. RHO               : 1024
NUM. X PIXELS          : 1024
NUM. Y PIXELS          : 1024

NUM. OF PIXELS         : 1048576
NUM. OF RAYS           : 384000

NUM. ITERATIONS        : 24

SPATIAL TILE SIZE      : 32
SPECTRAL TILE SIZE     : 32

NUMBER OF X TILES      : 32
NUMBER OF Y TILES      : 32
NUM. OF THETA TILES    : 12
NUM. OF RHO TILES      : 32

NUM. SPATIAL TILES     : 1024
NUM. SPECTRAL TILES    : 384

NUM. OF X PIXELS (EXT) : 1024
NUM. OF Y PIXELS (EXT) : 1024
NUM. OF ANGLES (EXT)   : 384
NUM. OF RHOS (EXT)     : 1024

NUM. OF PIXELS (EXT)   : 1048576
NUM. OF RAYS (EXT)     : 393216

NUMBER OF PROCESSES    : 2
NUMBER OF THRD./PROC.  : 60

INTEGER: 4, FLOAT: 4, LONG: 8, SHORT: 2, POINTER: 8
APPROX. MEMORY     TOTAL: 8.789062e+00 GB
APPROX. MEMORY PER PROC.: 4.394531e+00 GB

X START       : -5.120000e+02
Y START       : -5.120000e+02
PIXEL SIZE    : 1.000000e+00
RHO START     : -5.120000e+02
RAY LENGTH    : 2.048000e+03

SPATIAL INDEXING       : 5
SPECTRAL INDEXING      : 5
 1: CARTESIAN, NATURAL
 2: CARTESIAN, TRANSPOSED
 3: MORTON, NATURAL
 4: MORTON, TRANSPOSED
 5: HILBERT
PROJECTION BLOCK SIZE      : 512
BACKPROJECTION BLOCK SIZE  : 512
PROJECTION BUFFER SIZE      : 8 KB
BACKPROJECTION BUFFER SIZE  : 8 KB

SINOGRAM FILE : /shared/scratch/MemXCT/data/CDS2_sinogram.bin
   THETA FILE : /shared/scratch/MemXCT/data/CDS2_theta.bin
  OUTPUT FILE : /shared/scratch/MemXCT/recon_CDS2-1.bin


PLACE TILES
lspat 32 lspatdim 32
lspec 32 lspecdim 32
MPI PARTITIONING
proc: 0 numspats: 512 numpixs: 524288 numspecs: 192 numrays: 196608
proc: 1 numspats: 512 numpixs: 524288 numspecs: 192 numrays: 196608
maxnumpix: 524288 maxnumray: 196608
FILL PIXELS AND RAYS
INPUT THETA DATA
DOMAIN PARTITIONING

CONSTRUCT PROJECTION MATRIX
CSR STORAGE: 470024236 (3.501953 GB) rownzmax 1534
RAY-TRACING TIME: 4.112324e-01
CONSTRUCT BACKPROJECTION MATRIX
CSR STORAGE: 470024236 (3.501953 GB) rownzmax 607
TRANSPOSITION TIME: 2.801372e-01

BLOCKING PROJECTION MATRIX
NUMBER OF BLOCKS: 614 BUFFSIZE: 2048
NUMBER OF BUFFERS: 9333 AVERAGE BUFF/BLOCK: 15.200326 MAX BUFF/BLOCK: 29
BUFFER MAP: 37877669 (0.141105 GB)
CSR STORAGE: 470024236 (2.626465 GB) buffnzmax: 297 STORAGE EFFICIENCY: 0.749997 DATA REUSE: 12.688091
BLOCKING TIME: 2.593116e-01
BLOCKING BACKPROJECTION MATRIX
NUMBER OF BLOCKS: 1024 BUFFSIZE: 2048
NUMBER OF BUFFERS: 5802 AVERAGE BUFF/BLOCK: 5.666016 MAX BUFF/BLOCK: 6
BUFFER MAP: 22022779 (0.082041 GB)
CSR STORAGE: 470024236 (2.626465 GB) buffnzmax: 321 STORAGE EFFICIENCY: 0.749997 DATA REUSE: 21.342545
BLOCKING TIME: 2.632191e-01

FILL PROJECTION MATRIX
TIME: 5.872410e-01
FILL BACKPROJECTION MATRIX
TIME: 2.331115e-01
REDUCTION MAPPINGS
PREPROCESSING TIME: 2.057977e+00
INPUT MEASUREMENT DATA
INPUT ENDS
GRADIENT-DESCENT OPTIMIZATION
iter: 0 error: 5.498395e+04 gradnorm: 8.391548e+09
iter: 1 error: 1.188449e+04 gradnorm: 6.091305e+08
iter: 2 error: 6.055097e+03 gradnorm: 1.332262e+08
iter: 3 error: 3.391537e+03 gradnorm: 4.188791e+07
iter: 4 error: 2.293080e+03 gradnorm: 2.377324e+07
iter: 5 error: 1.950904e+03 gradnorm: 2.627668e+07
iter: 6 error: 1.553682e+03 gradnorm: 1.184650e+07
iter: 7 error: 1.298077e+03 gradnorm: 8.968640e+06
iter: 8 error: 1.044906e+03 gradnorm: 5.329433e+06
iter: 9 error: 8.758328e+02 gradnorm: 3.791881e+06
iter: 10 error: 7.404819e+02 gradnorm: 2.376830e+06
iter: 11 error: 6.498987e+02 gradnorm: 1.814008e+06
iter: 12 error: 5.923776e+02 gradnorm: 3.541916e+06
iter: 13 error: 5.622219e+02 gradnorm: 1.350464e+06
iter: 14 error: 5.104938e+02 gradnorm: 1.019256e+06
iter: 15 error: 4.722674e+02 gradnorm: 8.330411e+05
iter: 16 error: 4.416108e+02 gradnorm: 1.488764e+06
iter: 17 error: 4.281180e+02 gradnorm: 6.547372e+05
iter: 18 error: 4.000255e+02 gradnorm: 4.979633e+05
iter: 19 error: 3.799722e+02 gradnorm: 4.371394e+05
iter: 20 error: 3.612284e+02 gradnorm: 4.146002e+05
iter: 21 error: 3.508011e+02 gradnorm: 5.159053e+05
iter: 22 error: 3.375470e+02 gradnorm: 3.101218e+05
iter: 23 error: 3.283074e+02 gradnorm: 8.070054e+05
iter: 24 error: 3.203059e+02 gradnorm: 2.523188e+05
recon: 2.430243e+00 proj: 1.495033e+00 (1.371073e+00 6.010041e-02 6.381959e-02) backproj: 7.617947e-01 (2.654757e-02 8.613844e-03 7.266184e-01) ctime: 1.728474e-01 wtime: 4.600280e-04
numproj: 49 numback: 25
proj: 2.743214e+00 s (16.791387 GFLOPS) backproj: 1.453234e+00 s (16.171667 GFLOPS) avGFLOPS: 16.576778 totGFLOPS: 33.153555
proj: 53.080484 GB/s back: 50.030435 GB/s av: 52.024249 GB/s tot: 104.048499 GB/s
Total Time: 5.163315e+00
