Using mpirun from /opt/hpcx-v2.7.0-gcc-MLNX_OFED_LINUX-5.1-0.6.6.0-redhat7.7-x86_64/ompi/bin/mpirun
mpirun (Open MPI) 4.0.4rc3

Report bugs to http://www.open-mpi.org/community/help/
Using hosts: hpc-pg0-1:120
PKEY: 0x001b
NUM. THETA             : 750
NUM. RHO               : 512
NUM. X PIXELS          : 512
NUM. Y PIXELS          : 512

NUM. OF PIXELS         : 262144
NUM. OF RAYS           : 384000

NUM. ITERATIONS        : 24

SPATIAL TILE SIZE      : 32
SPECTRAL TILE SIZE     : 32

NUMBER OF X TILES      : 16
NUMBER OF Y TILES      : 16
NUM. OF THETA TILES    : 24
NUM. OF RHO TILES      : 16

NUM. SPATIAL TILES     : 256
NUM. SPECTRAL TILES    : 384

NUM. OF X PIXELS (EXT) : 512
NUM. OF Y PIXELS (EXT) : 512
NUM. OF ANGLES (EXT)   : 768
NUM. OF RHOS (EXT)     : 512

NUM. OF PIXELS (EXT)   : 262144
NUM. OF RAYS (EXT)     : 393216

NUMBER OF PROCESSES    : 2
NUMBER OF THRD./PROC.  : 60

INTEGER: 4, FLOAT: 4, LONG: 8, SHORT: 2, POINTER: 8
APPROX. MEMORY     TOTAL: 4.394531e+00 GB
APPROX. MEMORY PER PROC.: 2.197266e+00 GB

X START       : -2.560000e+02
Y START       : -2.560000e+02
PIXEL SIZE    : 1.000000e+00
RHO START     : -2.560000e+02
RAY LENGTH    : 1.024000e+03

SPATIAL INDEXING       : 5
SPECTRAL INDEXING      : 5
 1: CARTESIAN, NATURAL
 2: CARTESIAN, TRANSPOSED
 3: MORTON, NATURAL
 4: MORTON, TRANSPOSED
 5: HILBERT
PROJECTION BLOCK SIZE      : 512
BACKPROJECTION BLOCK SIZE  : 512
PROJECTION BUFFER SIZE      : 8 KB
BACKPROJECTION BUFFER SIZE  : 8 KB

SINOGRAM FILE : /shared/scratch/MemXCT/data/CDS1_sinogram.bin
   THETA FILE : /shared/scratch/MemXCT/data/CDS1_theta.bin
  OUTPUT FILE : /shared/scratch/MemXCT/recon_CDS1-1.bin


PLACE TILES
lspat 16 lspatdim 16
lspec 24 lspecdim 32
MPI PARTITIONING
proc: 0 numspats: 128 numpixs: 131072 numspecs: 192 numrays: 196608
proc: 1 numspats: 128 numpixs: 131072 numspecs: 192 numrays: 196608
maxnumpix: 131072 maxnumray: 196608
FILL PIXELS AND RAYS
INPUT THETA DATA
DOMAIN PARTITIONING

CONSTRUCT PROJECTION MATRIX
CSR STORAGE: 235011243 (1.750970 GB) rownzmax 767
RAY-TRACING TIME: 1.504420e-01
CONSTRUCT BACKPROJECTION MATRIX
CSR STORAGE: 235011243 (1.750970 GB) rownzmax 1092
TRANSPOSITION TIME: 1.452156e-01

BLOCKING PROJECTION MATRIX
NUMBER OF BLOCKS: 614 BUFFSIZE: 2048
NUMBER OF BUFFERS: 3634 AVERAGE BUFF/BLOCK: 5.918567 MAX BUFF/BLOCK: 15
BUFFER MAP: 13795621 (0.051393 GB)
CSR STORAGE: 235011243 (1.313228 GB) buffnzmax: 256 STORAGE EFFICIENCY: 0.749998 DATA REUSE: 17.367939
BLOCKING TIME: 8.150732e-02
BLOCKING BACKPROJECTION MATRIX
NUMBER OF BLOCKS: 256 BUFFSIZE: 2048
NUMBER OF BUFFERS: 2880 AVERAGE BUFF/BLOCK: 11.250000 MAX BUFF/BLOCK: 12
BUFFER MAP: 11012397 (0.041024 GB)
CSR STORAGE: 235011243 (1.313228 GB) buffnzmax: 286 STORAGE EFFICIENCY: 0.749998 DATA REUSE: 21.340567
BLOCKING TIME: 9.407016e-02

FILL PROJECTION MATRIX
TIME: 8.425926e-02
FILL BACKPROJECTION MATRIX
TIME: 1.489965e-01
REDUCTION MAPPINGS
PREPROCESSING TIME: 8.231139e-01
INPUT MEASUREMENT DATA
INPUT ENDS
GRADIENT-DESCENT OPTIMIZATION
iter: 0 error: 4.959037e+04 gradnorm: 1.560967e+10
iter: 1 error: 5.316521e+03 gradnorm: 4.760840e+08
iter: 2 error: 5.074598e+02 gradnorm: 1.604488e+07
iter: 3 error: 2.940096e+02 gradnorm: 8.082408e+06
iter: 4 error: 1.716273e+02 gradnorm: 1.353846e+06
iter: 5 error: 1.154532e+02 gradnorm: 6.254269e+05
iter: 6 error: 8.904444e+01 gradnorm: 6.565222e+05
iter: 7 error: 7.654364e+01 gradnorm: 1.003168e+06
iter: 8 error: 7.122971e+01 gradnorm: 5.317659e+05
iter: 9 error: 5.778366e+01 gradnorm: 2.258969e+05
iter: 10 error: 4.873890e+01 gradnorm: 1.924532e+05
iter: 11 error: 4.171455e+01 gradnorm: 1.086380e+05
iter: 12 error: 3.749720e+01 gradnorm: 1.864900e+05
iter: 13 error: 3.463679e+01 gradnorm: 1.066389e+05
iter: 14 error: 3.161409e+01 gradnorm: 1.055999e+05
iter: 15 error: 3.095841e+01 gradnorm: 1.074761e+05
iter: 16 error: 2.842491e+01 gradnorm: 5.484181e+04
iter: 17 error: 2.682883e+01 gradnorm: 4.562800e+04
iter: 18 error: 2.524190e+01 gradnorm: 2.666374e+04
iter: 19 error: 2.394852e+01 gradnorm: 2.564024e+04
iter: 20 error: 2.288987e+01 gradnorm: 1.559783e+04
iter: 21 error: 2.235425e+01 gradnorm: 8.435145e+04
iter: 22 error: 2.188729e+01 gradnorm: 1.247383e+04
iter: 23 error: 2.120705e+01 gradnorm: 9.460951e+03
iter: 24 error: 2.070488e+01 gradnorm: 1.096925e+04
recon: 3.889564e+00 proj: 1.618657e+00 (1.171357e+00 4.437100e-02 4.028893e-01) backproj: 1.076497e+00 (4.962755e-01 2.616625e-02 5.540420e-01) ctime: 1.193045e+00 wtime: 1.010357e-03
numproj: 49 numback: 25
proj: 2.342698e+00 s (9.831016 GFLOPS) backproj: 1.108105e+00 s (10.604195 GFLOPS) avGFLOPS: 10.079295 totGFLOPS: 20.158590
proj: 30.647247 GB/s back: 32.806388 GB/s av: 31.340580 GB/s tot: 62.681159 GB/s
Total Time: 5.262639e+00
