Using mpirun from /opt/hpcx-v2.7.0-gcc-MLNX_OFED_LINUX-5.1-0.6.6.0-redhat7.7-x86_64/ompi/bin/mpirun
mpirun (Open MPI) 4.0.4rc3

Report bugs to http://www.open-mpi.org/community/help/
Using hosts: hpc-pg0-1:120,hpc-pg0-2:120,hpc-pg0-3:120,hpc-pg0-4:120
PKEY: 0x0054
NUM. THETA             : 375
NUM. RHO               : 1024
NUM. X PIXELS          : 1024
NUM. Y PIXELS          : 1024

NUM. OF PIXELS         : 1048576
NUM. OF RAYS           : 384000

NUM. ITERATIONS        : 24

SPATIAL TILE SIZE      : 32
SPECTRAL TILE SIZE     : 32

NUMBER OF X TILES      : 32
NUMBER OF Y TILES      : 32
NUM. OF THETA TILES    : 12
NUM. OF RHO TILES      : 32

NUM. SPATIAL TILES     : 1024
NUM. SPECTRAL TILES    : 384

NUM. OF X PIXELS (EXT) : 1024
NUM. OF Y PIXELS (EXT) : 1024
NUM. OF ANGLES (EXT)   : 384
NUM. OF RHOS (EXT)     : 1024

NUM. OF PIXELS (EXT)   : 1048576
NUM. OF RAYS (EXT)     : 393216

NUMBER OF PROCESSES    : 4
NUMBER OF THRD./PROC.  : 120

INTEGER: 4, FLOAT: 4, LONG: 8, SHORT: 2, POINTER: 8
APPROX. MEMORY     TOTAL: 8.789062e+00 GB
APPROX. MEMORY PER PROC.: 2.197266e+00 GB

X START       : -5.120000e+02
Y START       : -5.120000e+02
PIXEL SIZE    : 1.000000e+00
RHO START     : -5.120000e+02
RAY LENGTH    : 2.048000e+03

SPATIAL INDEXING       : 5
SPECTRAL INDEXING      : 5
 1: CARTESIAN, NATURAL
 2: CARTESIAN, TRANSPOSED
 3: MORTON, NATURAL
 4: MORTON, TRANSPOSED
 5: HILBERT
PROJECTION BLOCK SIZE      : 512
BACKPROJECTION BLOCK SIZE  : 512
PROJECTION BUFFER SIZE      : 8 KB
BACKPROJECTION BUFFER SIZE  : 8 KB

SINOGRAM FILE : /shared/scratch/MemXCT/data/CDS2_sinogram.bin
   THETA FILE : /shared/scratch/MemXCT/data/CDS2_theta.bin
  OUTPUT FILE : /shared/scratch/MemXCT/recon_CDS2-4.bin


PLACE TILES
lspat 32 lspatdim 32
lspec 32 lspecdim 32
MPI PARTITIONING
proc: 0 numspats: 256 numpixs: 262144 numspecs: 96 numrays: 98304
proc: 1 numspats: 256 numpixs: 262144 numspecs: 96 numrays: 98304
proc: 2 numspats: 256 numpixs: 262144 numspecs: 96 numrays: 98304
proc: 3 numspats: 256 numpixs: 262144 numspecs: 96 numrays: 98304
maxnumpix: 262144 maxnumray: 98304
FILL PIXELS AND RAYS
INPUT THETA DATA
DOMAIN PARTITIONING

CONSTRUCT PROJECTION MATRIX
CSR STORAGE: 470024162 (3.501953 GB) rownzmax 1022
RAY-TRACING TIME: 1.249163e-01
CONSTRUCT BACKPROJECTION MATRIX
CSR STORAGE: 470024162 (3.501953 GB) rownzmax 607
TRANSPOSITION TIME: 2.060973e-01

BLOCKING PROJECTION MATRIX
NUMBER OF BLOCKS: 375 BUFFSIZE: 2048
NUMBER OF BUFFERS: 3577 AVERAGE BUFF/BLOCK: 9.538667 MAX BUFF/BLOCK: 17
BUFFER MAP: 38188871 (0.142265 GB)
CSR STORAGE: 470024162 (2.626465 GB) buffnzmax: 263 STORAGE EFFICIENCY: 0.350560 DATA REUSE: 15.842276
BLOCKING TIME: 1.631362e-01
BLOCKING BACKPROJECTION MATRIX
NUMBER OF BLOCKS: 512 BUFFSIZE: 2048
NUMBER OF BUFFERS: 2730 AVERAGE BUFF/BLOCK: 5.332031 MAX BUFF/BLOCK: 6
BUFFER MAP: 22022777 (0.082041 GB)
CSR STORAGE: 470024162 (2.626465 GB) buffnzmax: 276 STORAGE EFFICIENCY: 0.350560 DATA REUSE: 21.345243
BLOCKING TIME: 1.774873e-01

FILL PROJECTION MATRIX
TIME: 8.069803e-02
FILL BACKPROJECTION MATRIX
TIME: 4.944886e-01
REDUCTION MAPPINGS
PREPROCESSING TIME: 2.106924e+00
INPUT MEASUREMENT DATA
INPUT ENDS
GRADIENT-DESCENT OPTIMIZATION
iter: 0 error: 5.498394e+04 gradnorm: 1.750595e+10
iter: 1 error: 3.365970e+03 gradnorm: 1.974254e+08
iter: 2 error: 1.351252e+03 gradnorm: 4.437233e+07
iter: 3 error: 7.837162e+02 gradnorm: 2.147930e+07
iter: 4 error: 5.386423e+02 gradnorm: 9.271476e+06
iter: 5 error: 4.053621e+02 gradnorm: 3.663758e+06
iter: 6 error: 3.067815e+02 gradnorm: 1.739916e+06
iter: 7 error: 2.429416e+02 gradnorm: 1.571080e+06
iter: 8 error: 2.102925e+02 gradnorm: 1.302738e+06
iter: 9 error: 1.864088e+02 gradnorm: 2.485086e+06
iter: 10 error: 1.723262e+02 gradnorm: 8.002668e+05
iter: 11 error: 1.512745e+02 gradnorm: 6.446939e+05
iter: 12 error: 1.355706e+02 gradnorm: 4.700625e+05
iter: 13 error: 1.199982e+02 gradnorm: 3.553857e+05
iter: 14 error: 1.093434e+02 gradnorm: 2.737752e+05
iter: 15 error: 9.935847e+01 gradnorm: 2.197876e+05
iter: 16 error: 9.424548e+01 gradnorm: 2.499231e+05
iter: 17 error: 8.946497e+01 gradnorm: 4.239638e+05
iter: 18 error: 8.676357e+01 gradnorm: 2.137142e+05
iter: 19 error: 8.399109e+01 gradnorm: 2.183900e+05
iter: 20 error: 8.073180e+01 gradnorm: 1.354359e+05
iter: 21 error: 7.606465e+01 gradnorm: 8.269694e+04
iter: 22 error: 7.266043e+01 gradnorm: 8.561461e+04
iter: 23 error: 6.938746e+01 gradnorm: 6.679605e+04
iter: 24 error: 6.663940e+01 gradnorm: 6.266637e+04
recon: 8.143541e+00 proj: 3.320442e+00 (1.900154e+00 9.023351e-02 1.330023e+00) backproj: 1.833644e+00 (8.346884e-01 3.533676e-02 9.636003e-01) ctime: 2.934097e+00 wtime: 4.129525e-02
numproj: 49 numback: 25
proj: 7.587161e+00 s (6.071094 GFLOPS) backproj: 3.843017e+00 s (6.115302 GFLOPS) avGFLOPS: 6.085958 totGFLOPS: 24.343831
proj: 19.199820 GB/s back: 18.918966 GB/s av: 19.105393 GB/s tot: 76.421570 GB/s
Total Time: 1.120391e+01
