Using mpirun from /opt/hpcx-v2.7.0-gcc-MLNX_OFED_LINUX-5.1-0.6.6.0-redhat7.7-x86_64/ompi/bin/mpirun
mpirun (Open MPI) 4.0.4rc3

Report bugs to http://www.open-mpi.org/community/help/
Using hosts: hpc-pg0-1:120,hpc-pg0-2:120,hpc-pg0-3:120,hpc-pg0-4:120
PKEY: 0x001b
NUM. THETA             : 375
NUM. RHO               : 1024
NUM. X PIXELS          : 1024
NUM. Y PIXELS          : 1024

NUM. OF PIXELS         : 1048576
NUM. OF RAYS           : 384000

NUM. ITERATIONS        : 24

SPATIAL TILE SIZE      : 32
SPECTRAL TILE SIZE     : 32

NUMBER OF X TILES      : 32
NUMBER OF Y TILES      : 32
NUM. OF THETA TILES    : 12
NUM. OF RHO TILES      : 32

NUM. SPATIAL TILES     : 1024
NUM. SPECTRAL TILES    : 384

NUM. OF X PIXELS (EXT) : 1024
NUM. OF Y PIXELS (EXT) : 1024
NUM. OF ANGLES (EXT)   : 384
NUM. OF RHOS (EXT)     : 1024

NUM. OF PIXELS (EXT)   : 1048576
NUM. OF RAYS (EXT)     : 393216

NUMBER OF PROCESSES    : 8
NUMBER OF THRD./PROC.  : 60

INTEGER: 4, FLOAT: 4, LONG: 8, SHORT: 2, POINTER: 8
APPROX. MEMORY     TOTAL: 8.789062e+00 GB
APPROX. MEMORY PER PROC.: 1.098633e+00 GB

X START       : -5.120000e+02
Y START       : -5.120000e+02
PIXEL SIZE    : 1.000000e+00
RHO START     : -5.120000e+02
RAY LENGTH    : 2.048000e+03

SPATIAL INDEXING       : 5
SPECTRAL INDEXING      : 5
 1: CARTESIAN, NATURAL
 2: CARTESIAN, TRANSPOSED
 3: MORTON, NATURAL
 4: MORTON, TRANSPOSED
 5: HILBERT
PROJECTION BLOCK SIZE      : 512
BACKPROJECTION BLOCK SIZE  : 512
PROJECTION BUFFER SIZE      : 8 KB
BACKPROJECTION BUFFER SIZE  : 8 KB

SINOGRAM FILE : /shared/scratch/MemXCT/data/CDS2_sinogram.bin
   THETA FILE : /shared/scratch/MemXCT/data/CDS2_theta.bin
  OUTPUT FILE : /shared/scratch/MemXCT/recon_CDS2-1.bin


PLACE TILES
lspat 32 lspatdim 32
lspec 32 lspecdim 32
MPI PARTITIONING
proc: 0 numspats: 128 numpixs: 131072 numspecs: 48 numrays: 49152
proc: 1 numspats: 128 numpixs: 131072 numspecs: 48 numrays: 49152
proc: 2 numspats: 128 numpixs: 131072 numspecs: 48 numrays: 49152
proc: 3 numspats: 128 numpixs: 131072 numspecs: 48 numrays: 49152
proc: 4 numspats: 128 numpixs: 131072 numspecs: 48 numrays: 49152
proc: 5 numspats: 128 numpixs: 131072 numspecs: 48 numrays: 49152
proc: 6 numspats: 128 numpixs: 131072 numspecs: 48 numrays: 49152
proc: 7 numspats: 128 numpixs: 131072 numspecs: 48 numrays: 49152
maxnumpix: 131072 maxnumray: 49152
FILL PIXELS AND RAYS
INPUT THETA DATA
DOMAIN PARTITIONING

CONSTRUCT PROJECTION MATRIX
CSR STORAGE: 470024236 (3.501953 GB) rownzmax 766
RAY-TRACING TIME: 9.444878e-02
CONSTRUCT BACKPROJECTION MATRIX
CSR STORAGE: 470024236 (3.501953 GB) rownzmax 516
TRANSPOSITION TIME: 1.520101e-01

BLOCKING PROJECTION MATRIX
NUMBER OF BLOCKS: 256 BUFFSIZE: 2048
NUMBER OF BUFFERS: 1825 AVERAGE BUFF/BLOCK: 7.128906 MAX BUFF/BLOCK: 18
BUFFER MAP: 37824787 (0.140908 GB)
CSR STORAGE: 470024236 (2.626465 GB) buffnzmax: 277 STORAGE EFFICIENCY: 0.153526 DATA REUSE: 13.805751
BLOCKING TIME: 8.540641e-02
BLOCKING BACKPROJECTION MATRIX
NUMBER OF BLOCKS: 256 BUFFSIZE: 2048
NUMBER OF BUFFERS: 1212 AVERAGE BUFF/BLOCK: 4.734375 MAX BUFF/BLOCK: 6
BUFFER MAP: 22022779 (0.082041 GB)
CSR STORAGE: 470024236 (2.626465 GB) buffnzmax: 245 STORAGE EFFICIENCY: 0.153526 DATA REUSE: 21.398462
BLOCKING TIME: 3.440628e-02

FILL PROJECTION MATRIX
TIME: 3.791046e-02
FILL BACKPROJECTION MATRIX
TIME: 5.100153e-02
REDUCTION MAPPINGS
PREPROCESSING TIME: 5.645294e-01
INPUT MEASUREMENT DATA
INPUT ENDS
GRADIENT-DESCENT OPTIMIZATION
iter: 0 error: 5.498394e+04 gradnorm: 1.963648e+10
iter: 1 error: 3.374780e+03 gradnorm: 2.929366e+08
iter: 2 error: 1.128223e+03 gradnorm: 5.683259e+07
iter: 3 error: 4.706064e+02 gradnorm: 1.898364e+07
iter: 4 error: 3.070878e+02 gradnorm: 8.966634e+06
iter: 5 error: 2.100157e+02 gradnorm: 2.582903e+06
iter: 6 error: 1.481384e+02 gradnorm: 1.225736e+06
iter: 7 error: 1.194308e+02 gradnorm: 1.049701e+06
iter: 8 error: 9.808894e+01 gradnorm: 6.943379e+05
iter: 9 error: 8.041728e+01 gradnorm: 9.081038e+05
iter: 10 error: 7.555966e+01 gradnorm: 6.984029e+05
iter: 11 error: 6.295237e+01 gradnorm: 3.340937e+05
iter: 12 error: 5.229756e+01 gradnorm: 2.608249e+05
iter: 13 error: 4.618289e+01 gradnorm: 2.699483e+05
iter: 14 error: 4.019196e+01 gradnorm: 1.282777e+05
iter: 15 error: 3.501125e+01 gradnorm: 1.302602e+05
iter: 16 error: 3.221649e+01 gradnorm: 1.720199e+05
iter: 17 error: 3.071963e+01 gradnorm: 9.744604e+04
iter: 18 error: 2.815282e+01 gradnorm: 1.355085e+05
iter: 19 error: 2.749739e+01 gradnorm: 7.779997e+04
iter: 20 error: 2.619053e+01 gradnorm: 6.323021e+04
iter: 21 error: 2.479428e+01 gradnorm: 3.792375e+04
iter: 22 error: 2.371585e+01 gradnorm: 2.776519e+04
iter: 23 error: 2.304459e+01 gradnorm: 4.146845e+04
iter: 24 error: 2.244617e+01 gradnorm: 1.795842e+04
recon: 8.110136e+00 proj: 3.301842e+00 (1.850164e+00 1.222817e-01 1.329345e+00) backproj: 2.207462e+00 (1.321999e+00 3.139442e-02 8.540519e-01) ctime: 2.568991e+00 wtime: 1.147609e-02
numproj: 49 numback: 25
proj: 1.481693e+01 s (3.108766 GFLOPS) backproj: 6.816939e+00 s (3.447473 GFLOPS) avGFLOPS: 3.215494 totGFLOPS: 25.723951
proj: 9.826647 GB/s back: 10.665478 GB/s av: 10.090967 GB/s tot: 80.727735 GB/s
Total Time: 9.881371e+00
