Using mpirun from /opt/hpcx-v2.7.0-gcc-MLNX_OFED_LINUX-5.1-0.6.6.0-redhat7.7-x86_64/ompi/bin/mpirun
mpirun (Open MPI) 4.0.4rc3

Report bugs to http://www.open-mpi.org/community/help/
Using hosts: hpc-pg0-1:120
PKEY: 0x001b
NUM. THETA             : 750
NUM. RHO               : 512
NUM. X PIXELS          : 512
NUM. Y PIXELS          : 512

NUM. OF PIXELS         : 262144
NUM. OF RAYS           : 384000

NUM. ITERATIONS        : 24

SPATIAL TILE SIZE      : 32
SPECTRAL TILE SIZE     : 32

NUMBER OF X TILES      : 16
NUMBER OF Y TILES      : 16
NUM. OF THETA TILES    : 24
NUM. OF RHO TILES      : 16

NUM. SPATIAL TILES     : 256
NUM. SPECTRAL TILES    : 384

NUM. OF X PIXELS (EXT) : 512
NUM. OF Y PIXELS (EXT) : 512
NUM. OF ANGLES (EXT)   : 768
NUM. OF RHOS (EXT)     : 512

NUM. OF PIXELS (EXT)   : 262144
NUM. OF RAYS (EXT)     : 393216

NUMBER OF PROCESSES    : 2
NUMBER OF THRD./PROC.  : 60

INTEGER: 4, FLOAT: 4, LONG: 8, SHORT: 2, POINTER: 8
APPROX. MEMORY     TOTAL: 4.394531e+00 GB
APPROX. MEMORY PER PROC.: 2.197266e+00 GB

X START       : -2.560000e+02
Y START       : -2.560000e+02
PIXEL SIZE    : 1.000000e+00
RHO START     : -2.560000e+02
RAY LENGTH    : 1.024000e+03

SPATIAL INDEXING       : 5
SPECTRAL INDEXING      : 5
 1: CARTESIAN, NATURAL
 2: CARTESIAN, TRANSPOSED
 3: MORTON, NATURAL
 4: MORTON, TRANSPOSED
 5: HILBERT
PROJECTION BLOCK SIZE      : 512
BACKPROJECTION BLOCK SIZE  : 512
PROJECTION BUFFER SIZE      : 8 KB
BACKPROJECTION BUFFER SIZE  : 8 KB

SINOGRAM FILE : /shared/scratch/MemXCT/data/CDS1_sinogram.bin
   THETA FILE : /shared/scratch/MemXCT/data/CDS1_theta.bin
  OUTPUT FILE : /shared/scratch/MemXCT/recon_CDS1-1.bin


PLACE TILES
lspat 16 lspatdim 16
lspec 24 lspecdim 32
MPI PARTITIONING
proc: 0 numspats: 128 numpixs: 131072 numspecs: 192 numrays: 196608
proc: 1 numspats: 128 numpixs: 131072 numspecs: 192 numrays: 196608
maxnumpix: 131072 maxnumray: 196608
FILL PIXELS AND RAYS
INPUT THETA DATA
DOMAIN PARTITIONING

CONSTRUCT PROJECTION MATRIX
CSR STORAGE: 235011243 (1.750970 GB) rownzmax 767
RAY-TRACING TIME: 1.869946e-01
CONSTRUCT BACKPROJECTION MATRIX
CSR STORAGE: 235011243 (1.750970 GB) rownzmax 1092
TRANSPOSITION TIME: 1.283446e-01

BLOCKING PROJECTION MATRIX
NUMBER OF BLOCKS: 614 BUFFSIZE: 2048
NUMBER OF BUFFERS: 3634 AVERAGE BUFF/BLOCK: 5.918567 MAX BUFF/BLOCK: 15
BUFFER MAP: 13795621 (0.051393 GB)
CSR STORAGE: 235011243 (1.313228 GB) buffnzmax: 256 STORAGE EFFICIENCY: 0.749998 DATA REUSE: 17.367939
BLOCKING TIME: 9.628307e-02
BLOCKING BACKPROJECTION MATRIX
NUMBER OF BLOCKS: 256 BUFFSIZE: 2048
NUMBER OF BUFFERS: 2880 AVERAGE BUFF/BLOCK: 11.250000 MAX BUFF/BLOCK: 12
BUFFER MAP: 11012397 (0.041024 GB)
CSR STORAGE: 235011243 (1.313228 GB) buffnzmax: 286 STORAGE EFFICIENCY: 0.749998 DATA REUSE: 21.340567
BLOCKING TIME: 5.031650e-02

FILL PROJECTION MATRIX
TIME: 8.073777e-02
FILL BACKPROJECTION MATRIX
TIME: 1.257239e-01
REDUCTION MAPPINGS
PREPROCESSING TIME: 1.108138e+00
INPUT MEASUREMENT DATA
INPUT ENDS
GRADIENT-DESCENT OPTIMIZATION
iter: 0 error: 4.959038e+04 gradnorm: 1.560967e+10
iter: 1 error: 5.316521e+03 gradnorm: 4.760841e+08
iter: 2 error: 5.074598e+02 gradnorm: 1.604488e+07
iter: 3 error: 2.940096e+02 gradnorm: 8.082410e+06
iter: 4 error: 1.716273e+02 gradnorm: 1.353846e+06
iter: 5 error: 1.154532e+02 gradnorm: 6.254204e+05
iter: 6 error: 8.904059e+01 gradnorm: 6.553144e+05
iter: 7 error: 7.642630e+01 gradnorm: 9.819685e+05
iter: 8 error: 7.120551e+01 gradnorm: 5.386236e+05
iter: 9 error: 5.778358e+01 gradnorm: 2.259175e+05
iter: 10 error: 4.873892e+01 gradnorm: 1.924538e+05
iter: 11 error: 4.171461e+01 gradnorm: 1.086441e+05
iter: 12 error: 3.749804e+01 gradnorm: 1.864947e+05
iter: 13 error: 3.463499e+01 gradnorm: 1.060648e+05
iter: 14 error: 3.147339e+01 gradnorm: 6.254277e+04
iter: 15 error: 2.957485e+01 gradnorm: 2.297583e+05
iter: 16 error: 2.840668e+01 gradnorm: 6.009422e+04
iter: 17 error: 2.682868e+01 gradnorm: 4.567679e+04
iter: 18 error: 2.524190e+01 gradnorm: 2.666388e+04
iter: 19 error: 2.394851e+01 gradnorm: 2.563721e+04
iter: 20 error: 2.288823e+01 gradnorm: 1.504243e+04
iter: 21 error: 2.198672e+01 gradnorm: 2.175991e+04
iter: 22 error: 2.185425e+01 gradnorm: 2.276403e+04
iter: 23 error: 2.120633e+01 gradnorm: 9.400203e+03
iter: 24 error: 2.067717e+01 gradnorm: 7.938386e+03
recon: 1.505015e+00 proj: 9.085458e-01 (8.292939e-01 4.146404e-02 3.775165e-02) backproj: 4.925437e-01 (1.209463e-01 1.130649e-02 3.602769e-01) ctime: 1.032865e-01 wtime: 5.227260e-04
numproj: 49 numback: 25
proj: 1.658558e+00 s (13.886223 GFLOPS) backproj: 7.205517e-01 s (16.307729 GFLOPS) avGFLOPS: 14.619615 totGFLOPS: 29.239230
proj: 43.288965 GB/s back: 50.451517 GB/s av: 45.458259 GB/s tot: 90.916519 GB/s
Total Time: 3.140919e+00
