Using mpirun from /opt/hpcx-v2.7.0-gcc-MLNX_OFED_LINUX-5.1-0.6.6.0-redhat7.7-x86_64/ompi/bin/mpirun
mpirun (Open MPI) 4.0.4rc3

Report bugs to http://www.open-mpi.org/community/help/
NUM. THETA             : 750
NUM. RHO               : 512
NUM. X PIXELS          : 512
NUM. Y PIXELS          : 512

NUM. OF PIXELS         : 262144
NUM. OF RAYS           : 384000

NUM. ITERATIONS        : 24

SPATIAL TILE SIZE      : 32
SPECTRAL TILE SIZE     : 32

NUMBER OF X TILES      : 16
NUMBER OF Y TILES      : 16
NUM. OF THETA TILES    : 24
NUM. OF RHO TILES      : 16

NUM. SPATIAL TILES     : 256
NUM. SPECTRAL TILES    : 384

NUM. OF X PIXELS (EXT) : 512
NUM. OF Y PIXELS (EXT) : 512
NUM. OF ANGLES (EXT)   : 768
NUM. OF RHOS (EXT)     : 512

NUM. OF PIXELS (EXT)   : 262144
NUM. OF RAYS (EXT)     : 393216

NUMBER OF PROCESSES    : 1
NUMBER OF THRD./PROC.  : 60

INTEGER: 4, FLOAT: 4, LONG: 8, SHORT: 2, POINTER: 8
APPROX. MEMORY     TOTAL: 4.394531e+00 GB
APPROX. MEMORY PER PROC.: 4.394531e+00 GB

X START       : -2.560000e+02
Y START       : -2.560000e+02
PIXEL SIZE    : 1.000000e+00
RHO START     : -2.560000e+02
RAY LENGTH    : 1.024000e+03

SPATIAL INDEXING       : 5
SPECTRAL INDEXING      : 5
 1: CARTESIAN, NATURAL
 2: CARTESIAN, TRANSPOSED
 3: MORTON, NATURAL
 4: MORTON, TRANSPOSED
 5: HILBERT
PROJECTION BLOCK SIZE      : 512
BACKPROJECTION BLOCK SIZE  : 512
PROJECTION BUFFER SIZE      : 8 KB
BACKPROJECTION BUFFER SIZE  : 8 KB

SINOGRAM FILE : /shared/scratch/MemXCT/data/CDS1_sinogram.bin
   THETA FILE : /shared/scratch/MemXCT/data/CDS1_theta.bin
  OUTPUT FILE : /shared/scratch/MemXCT/recon_CDS1.bin


PLACE TILES
lspat 16 lspatdim 16
lspec 24 lspecdim 32
MPI PARTITIONING
proc: 0 numspats: 256 numpixs: 262144 numspecs: 384 numrays: 393216
maxnumpix: 262144 maxnumray: 393216
FILL PIXELS AND RAYS
INPUT THETA DATA
DOMAIN PARTITIONING

CONSTRUCT PROJECTION MATRIX
CSR STORAGE: 235011239 (1.750970 GB) rownzmax 1022
RAY-TRACING TIME: 3.037737e-01
CONSTRUCT BACKPROJECTION MATRIX
CSR STORAGE: 235011239 (1.750970 GB) rownzmax 1092
TRANSPOSITION TIME: 1.450458e-01

BLOCKING PROJECTION MATRIX
NUMBER OF BLOCKS: 750 BUFFSIZE: 2048
NUMBER OF BUFFERS: 6342 AVERAGE BUFF/BLOCK: 8.456000 MAX BUFF/BLOCK: 15
BUFFER MAP: 12205108 (0.045468 GB)
CSR STORAGE: 235011239 (1.313228 GB) buffnzmax: 270 STORAGE EFFICIENCY: 1.500000 DATA REUSE: 19.255154
BLOCKING TIME: 8.388978e-02
BLOCKING BACKPROJECTION MATRIX
NUMBER OF BLOCKS: 512 BUFFSIZE: 2048
NUMBER OF BUFFERS: 5760 AVERAGE BUFF/BLOCK: 11.250000 MAX BUFF/BLOCK: 12
BUFFER MAP: 11012397 (0.041024 GB)
CSR STORAGE: 235011239 (1.313228 GB) buffnzmax: 294 STORAGE EFFICIENCY: 1.500000 DATA REUSE: 21.340607
BLOCKING TIME: 1.072857e-01

FILL PROJECTION MATRIX
TIME: 1.613625e-01
FILL BACKPROJECTION MATRIX
TIME: 2.149104e-01
REDUCTION MAPPINGS
PREPROCESSING TIME: 1.078195e+00
INPUT MEASUREMENT DATA
INPUT ENDS
GRADIENT-DESCENT OPTIMIZATION
iter: 0 error: 4.959039e+04 gradnorm: 1.560967e+10
iter: 1 error: 5.316523e+03 gradnorm: 4.760840e+08
iter: 2 error: 5.074596e+02 gradnorm: 1.604487e+07
iter: 3 error: 2.940097e+02 gradnorm: 8.082409e+06
iter: 4 error: 1.716273e+02 gradnorm: 1.353847e+06
iter: 5 error: 1.154532e+02 gradnorm: 6.254194e+05
iter: 6 error: 8.903935e+01 gradnorm: 6.549286e+05
iter: 7 error: 7.638822e+01 gradnorm: 9.749433e+05
iter: 8 error: 7.119711e+01 gradnorm: 5.409836e+05
iter: 9 error: 5.778354e+01 gradnorm: 2.259244e+05
iter: 10 error: 4.873888e+01 gradnorm: 1.924530e+05
iter: 11 error: 4.171452e+01 gradnorm: 1.086354e+05
iter: 12 error: 3.749675e+01 gradnorm: 1.864443e+05
iter: 13 error: 3.463497e+01 gradnorm: 1.061683e+05
iter: 14 error: 3.149464e+01 gradnorm: 6.936020e+04
iter: 15 error: 3.043176e+01 gradnorm: 2.154000e+05
iter: 16 error: 2.842151e+01 gradnorm: 5.583677e+04
iter: 17 error: 2.682884e+01 gradnorm: 4.563664e+04
iter: 18 error: 2.524190e+01 gradnorm: 2.666368e+04
iter: 19 error: 2.394850e+01 gradnorm: 2.563737e+04
iter: 20 error: 2.288828e+01 gradnorm: 1.506475e+04
iter: 21 error: 2.201263e+01 gradnorm: 2.969823e+04
iter: 22 error: 2.187067e+01 gradnorm: 1.779505e+04
iter: 23 error: 2.120651e+01 gradnorm: 9.407191e+03
iter: 24 error: 2.068302e+01 gradnorm: 8.593883e+03
recon: 4.411973e+00 proj: 1.888369e+00 (1.443685e+00 1.329543e-02 4.313516e-01) backproj: 9.562222e-01 (2.376435e-01 3.228562e-03 7.153350e-01) ctime: 1.567185e+00 wtime: 1.497070e-04
numproj: 49 numback: 25
proj: 1.443685e+00 s (15.952995 GFLOPS) backproj: 7.153350e-01 s (16.426656 GFLOPS) avGFLOPS: 16.109930 totGFLOPS: 16.109930
proj: 49.515995 GB/s back: 50.819441 GB/s av: 49.947858 GB/s tot: 49.947858 GB/s
Total Time: 5.972364e+00
