Using mpirun from /opt/hpcx-v2.7.0-gcc-MLNX_OFED_LINUX-5.1-0.6.6.0-redhat7.7-x86_64/ompi/bin/mpirun
mpirun (Open MPI) 4.0.4rc3

Report bugs to http://www.open-mpi.org/community/help/
Using hosts: hpc-pg0-2:120,hpc-pg0-3:120
PKEY: 0x001b
NUM. THETA             : 750
NUM. RHO               : 512
NUM. X PIXELS          : 512
NUM. Y PIXELS          : 512

NUM. OF PIXELS         : 262144
NUM. OF RAYS           : 384000

NUM. ITERATIONS        : 24

SPATIAL TILE SIZE      : 32
SPECTRAL TILE SIZE     : 32

NUMBER OF X TILES      : 16
NUMBER OF Y TILES      : 16
NUM. OF THETA TILES    : 24
NUM. OF RHO TILES      : 16

NUM. SPATIAL TILES     : 256
NUM. SPECTRAL TILES    : 384

NUM. OF X PIXELS (EXT) : 512
NUM. OF Y PIXELS (EXT) : 512
NUM. OF ANGLES (EXT)   : 768
NUM. OF RHOS (EXT)     : 512

NUM. OF PIXELS (EXT)   : 262144
NUM. OF RAYS (EXT)     : 393216

NUMBER OF PROCESSES    : 4
NUMBER OF THRD./PROC.  : 60

INTEGER: 4, FLOAT: 4, LONG: 8, SHORT: 2, POINTER: 8
APPROX. MEMORY     TOTAL: 4.394531e+00 GB
APPROX. MEMORY PER PROC.: 1.098633e+00 GB

X START       : -2.560000e+02
Y START       : -2.560000e+02
PIXEL SIZE    : 1.000000e+00
RHO START     : -2.560000e+02
RAY LENGTH    : 1.024000e+03

SPATIAL INDEXING       : 5
SPECTRAL INDEXING      : 5
 1: CARTESIAN, NATURAL
 2: CARTESIAN, TRANSPOSED
 3: MORTON, NATURAL
 4: MORTON, TRANSPOSED
 5: HILBERT
PROJECTION BLOCK SIZE      : 512
BACKPROJECTION BLOCK SIZE  : 512
PROJECTION BUFFER SIZE      : 8 KB
BACKPROJECTION BUFFER SIZE  : 8 KB

SINOGRAM FILE : /shared/scratch/MemXCT/data/CDS1_sinogram.bin
   THETA FILE : /shared/scratch/MemXCT/data/CDS1_theta.bin
  OUTPUT FILE : /shared/scratch/MemXCT/recon_CDS1-1.bin


PLACE TILES
lspat 16 lspatdim 16
lspec 24 lspecdim 32
MPI PARTITIONING
proc: 0 numspats: 64 numpixs: 65536 numspecs: 96 numrays: 98304
proc: 1 numspats: 64 numpixs: 65536 numspecs: 96 numrays: 98304
proc: 2 numspats: 64 numpixs: 65536 numspecs: 96 numrays: 98304
proc: 3 numspats: 64 numpixs: 65536 numspecs: 96 numrays: 98304
maxnumpix: 65536 maxnumray: 98304
FILL PIXELS AND RAYS
INPUT THETA DATA
DOMAIN PARTITIONING

CONSTRUCT PROJECTION MATRIX
CSR STORAGE: 235011243 (1.750970 GB) rownzmax 511
RAY-TRACING TIME: 9.594516e-02
CONSTRUCT BACKPROJECTION MATRIX
CSR STORAGE: 235011243 (1.750970 GB) rownzmax 1092
TRANSPOSITION TIME: 1.169353e-01

BLOCKING PROJECTION MATRIX
NUMBER OF BLOCKS: 427 BUFFSIZE: 2048
NUMBER OF BUFFERS: 1762 AVERAGE BUFF/BLOCK: 4.126464 MAX BUFF/BLOCK: 9
BUFFER MAP: 13563317 (0.050527 GB)
CSR STORAGE: 235011243 (1.313228 GB) buffnzmax: 334 STORAGE EFFICIENCY: 0.374999 DATA REUSE: 18.369753
BLOCKING TIME: 1.554520e-01
BLOCKING BACKPROJECTION MATRIX
NUMBER OF BLOCKS: 128 BUFFSIZE: 2048
NUMBER OF BUFFERS: 1440 AVERAGE BUFF/BLOCK: 11.250000 MAX BUFF/BLOCK: 12
BUFFER MAP: 11012397 (0.041024 GB)
CSR STORAGE: 235011243 (1.313228 GB) buffnzmax: 286 STORAGE EFFICIENCY: 0.374999 DATA REUSE: 21.340942
BLOCKING TIME: 4.345819e-02

FILL PROJECTION MATRIX
TIME: 4.865177e-02
FILL BACKPROJECTION MATRIX
TIME: 7.782780e-02
REDUCTION MAPPINGS
PREPROCESSING TIME: 7.451387e-01
INPUT MEASUREMENT DATA
INPUT ENDS
GRADIENT-DESCENT OPTIMIZATION
iter: 0 error: 4.959038e+04 gradnorm: 1.560967e+10
iter: 1 error: 5.316521e+03 gradnorm: 4.760839e+08
iter: 2 error: 5.074598e+02 gradnorm: 1.604489e+07
iter: 3 error: 2.940097e+02 gradnorm: 8.082406e+06
iter: 4 error: 1.716273e+02 gradnorm: 1.353847e+06
iter: 5 error: 1.154529e+02 gradnorm: 6.253175e+05
iter: 6 error: 8.898150e+01 gradnorm: 6.366979e+05
iter: 7 error: 7.413840e+01 gradnorm: 4.268824e+05
iter: 8 error: 6.293249e+01 gradnorm: 1.135095e+06
iter: 9 error: 5.771329e+01 gradnorm: 2.477947e+05
iter: 10 error: 4.873859e+01 gradnorm: 1.925518e+05
iter: 11 error: 4.171451e+01 gradnorm: 1.086335e+05
iter: 12 error: 3.749641e+01 gradnorm: 1.864247e+05
iter: 13 error: 3.463453e+01 gradnorm: 1.060761e+05
iter: 14 error: 3.146875e+01 gradnorm: 6.104595e+04
iter: 15 error: 2.900672e+01 gradnorm: 1.291580e+05
iter: 16 error: 2.834304e+01 gradnorm: 7.725979e+04
iter: 17 error: 2.682810e+01 gradnorm: 4.585749e+04
iter: 18 error: 2.524190e+01 gradnorm: 2.666428e+04
iter: 19 error: 2.394850e+01 gradnorm: 2.563712e+04
iter: 20 error: 2.288818e+01 gradnorm: 1.502669e+04
iter: 21 error: 2.196737e+01 gradnorm: 1.548517e+04
iter: 22 error: 2.179254e+01 gradnorm: 3.888055e+04
iter: 23 error: 2.120628e+01 gradnorm: 9.452395e+03
iter: 24 error: 2.068054e+01 gradnorm: 8.330867e+03
recon: 4.211355e+00 proj: 1.555775e+00 (1.032498e+00 3.554388e-02 4.877023e-01) backproj: 1.328078e+00 (7.153234e-01 1.739092e-02 5.952295e-01) ctime: 1.324732e+00 wtime: 2.113712e-03
numproj: 49 numback: 25
proj: 4.130992e+00 s (5.575199 GFLOPS) backproj: 2.380976e+00 s (4.935188 GFLOPS) avGFLOPS: 5.341191 totGFLOPS: 21.364766
proj: 17.369126 GB/s back: 15.268080 GB/s av: 16.600919 GB/s tot: 66.403677 GB/s
Total Time: 5.773049e+00
