Using mpirun from /opt/hpcx-v2.7.0-gcc-MLNX_OFED_LINUX-5.1-0.6.6.0-redhat7.7-x86_64/ompi/bin/mpirun
mpirun (Open MPI) 4.0.4rc3

Report bugs to http://www.open-mpi.org/community/help/
NUM. THETA             : 1501
NUM. RHO               : 2048
NUM. X PIXELS          : 2048
NUM. Y PIXELS          : 2048

NUM. OF PIXELS         : 4194304
NUM. OF RAYS           : 3074048

NUM. ITERATIONS        : 24

SPATIAL TILE SIZE      : 32
SPECTRAL TILE SIZE     : 32

NUMBER OF X TILES      : 64
NUMBER OF Y TILES      : 64
NUM. OF THETA TILES    : 47
NUM. OF RHO TILES      : 64

NUM. SPATIAL TILES     : 4096
NUM. SPECTRAL TILES    : 3008

NUM. OF X PIXELS (EXT) : 2048
NUM. OF Y PIXELS (EXT) : 2048
NUM. OF ANGLES (EXT)   : 1504
NUM. OF RHOS (EXT)     : 2048

NUM. OF PIXELS (EXT)   : 4194304
NUM. OF RAYS (EXT)     : 3080192

NUMBER OF PROCESSES    : 1
NUMBER OF THRD./PROC.  : 60

INTEGER: 4, FLOAT: 4, LONG: 8, SHORT: 2, POINTER: 8
APPROX. MEMORY     TOTAL: 1.407188e+02 GB
APPROX. MEMORY PER PROC.: 1.407188e+02 GB

X START       : -1.024000e+03
Y START       : -1.024000e+03
PIXEL SIZE    : 1.000000e+00
RHO START     : -1.024000e+03
RAY LENGTH    : 4.096000e+03

SPATIAL INDEXING       : 5
SPECTRAL INDEXING      : 5
 1: CARTESIAN, NATURAL
 2: CARTESIAN, TRANSPOSED
 3: MORTON, NATURAL
 4: MORTON, TRANSPOSED
 5: HILBERT
PROJECTION BLOCK SIZE      : 512
BACKPROJECTION BLOCK SIZE  : 512
PROJECTION BUFFER SIZE      : 8 KB
BACKPROJECTION BUFFER SIZE  : 8 KB

SINOGRAM FILE : /shared/scratch/MemXCT/data/CDS3_sinogram.bin
   THETA FILE : /shared/scratch/MemXCT/data/CDS3_theta.bin
  OUTPUT FILE : /shared/scratch/MemXCT/recon_CDS3.bin


PLACE TILES
lspat 64 lspatdim 64
lspec 64 lspecdim 64
MPI PARTITIONING
proc: 0 numspats: 4096 numpixs: 4194304 numspecs: 3008 numrays: 3080192
maxnumpix: 4194304 maxnumray: 3080192
FILL PIXELS AND RAYS
INPUT THETA DATA
DOMAIN PARTITIONING

CONSTRUCT PROJECTION MATRIX
CSR STORAGE: 7524332523 (56.060646 GB) rownzmax 4095
RAY-TRACING TIME: 1.998807e+01
CONSTRUCT BACKPROJECTION MATRIX
CSR STORAGE: 7524332523 (56.060646 GB) rownzmax 2185
TRANSPOSITION TIME: 6.193365e+00

BLOCKING PROJECTION MATRIX
NUMBER OF BLOCKS: 6004 BUFFSIZE: 2048
NUMBER OF BUFFERS: 285060 AVERAGE BUFF/BLOCK: 47.478348 MAX BUFF/BLOCK: 87
BUFFER MAP: 577669667 (2.151987 GB)
CSR STORAGE: 7524332523 (42.045484 GB) buffnzmax: 515 STORAGE EFFICIENCY: 1.500000 DATA REUSE: 13.025320
BLOCKING TIME: 7.897706e+00
BLOCKING BACKPROJECTION MATRIX
NUMBER OF BLOCKS: 8192 BUFFSIZE: 2048
NUMBER OF BUFFERS: 177002 AVERAGE BUFF/BLOCK: 21.606689 MAX BUFF/BLOCK: 23
BUFFER MAP: 352645526 (1.313707 GB)
CSR STORAGE: 7524332523 (42.045484 GB) buffnzmax: 408 STORAGE EFFICIENCY: 1.500000 DATA REUSE: 21.336815
BLOCKING TIME: 7.752313e+00

FILL PROJECTION MATRIX
TIME: 5.114640e+00
FILL BACKPROJECTION MATRIX
TIME: 5.643174e+00
REDUCTION MAPPINGS
PREPROCESSING TIME: 5.260252e+01
INPUT MEASUREMENT DATA
INPUT ENDS
GRADIENT-DESCENT OPTIMIZATION
iter: 0 error: 4.635888e+05 gradnorm: 8.585367e+11
iter: 1 error: 9.154318e+04 gradnorm: 2.934978e+10
iter: 2 error: 5.150745e+04 gradnorm: 1.497939e+09
iter: 3 error: 4.825328e+04 gradnorm: 6.414485e+08
iter: 4 error: 4.665307e+04 gradnorm: 1.800311e+08
iter: 5 error: 4.586108e+04 gradnorm: 9.440846e+07
iter: 6 error: 4.545112e+04 gradnorm: 9.419254e+07
iter: 7 error: 4.526806e+04 gradnorm: 6.164800e+07
iter: 8 error: 4.505298e+04 gradnorm: 6.254909e+07
iter: 9 error: 4.499342e+04 gradnorm: 5.914237e+07
iter: 10 error: 4.483873e+04 gradnorm: 2.788314e+07
iter: 11 error: 4.469209e+04 gradnorm: 1.828458e+07
iter: 12 error: 4.457889e+04 gradnorm: 2.106122e+07
iter: 13 error: 4.449180e+04 gradnorm: 1.667662e+07
iter: 14 error: 4.440138e+04 gradnorm: 1.088586e+07
iter: 15 error: 4.430679e+04 gradnorm: 1.364377e+07
iter: 16 error: 4.428577e+04 gradnorm: 2.830390e+07
iter: 17 error: 4.422838e+04 gradnorm: 1.007821e+07
iter: 18 error: 4.417060e+04 gradnorm: 1.708512e+07
iter: 19 error: 4.413406e+04 gradnorm: 1.233250e+07
iter: 20 error: 4.407826e+04 gradnorm: 1.134896e+07
iter: 21 error: 4.404465e+04 gradnorm: 1.278866e+07
iter: 22 error: 4.399820e+04 gradnorm: 2.343720e+07
iter: 23 error: 4.397988e+04 gradnorm: 1.213172e+07
iter: 24 error: 4.392339e+04 gradnorm: 7.076322e+06
recon: 5.173975e+01 proj: 3.262361e+01 (3.245237e+01 7.056375e-02 1.006168e-01) backproj: 1.881432e+01 (2.992231e-02 3.679419e-02 1.874757e+01) ctime: 3.016635e-01 wtime: 9.240500e-05
numproj: 49 numback: 25
proj: 3.245237e+01 s (22.722055 GFLOPS) backproj: 1.874757e+01 s (20.067484 GFLOPS) avGFLOPS: 21.750047 totGFLOPS: 21.750047
proj: 71.655072 GB/s back: 62.083471 GB/s av: 68.150297 GB/s tot: 68.150297 GB/s
Total Time: 1.126955e+02
