Using mpirun from /opt/hpcx-v2.7.0-gcc-MLNX_OFED_LINUX-5.1-0.6.6.0-redhat7.7-x86_64/ompi/bin/mpirun
mpirun (Open MPI) 4.0.4rc3

Report bugs to http://www.open-mpi.org/community/help/
NUM. THETA             : 375
NUM. RHO               : 1024
NUM. X PIXELS          : 1024
NUM. Y PIXELS          : 1024

NUM. OF PIXELS         : 1048576
NUM. OF RAYS           : 384000

NUM. ITERATIONS        : 24

SPATIAL TILE SIZE      : 32
SPECTRAL TILE SIZE     : 32

NUMBER OF X TILES      : 32
NUMBER OF Y TILES      : 32
NUM. OF THETA TILES    : 12
NUM. OF RHO TILES      : 32

NUM. SPATIAL TILES     : 1024
NUM. SPECTRAL TILES    : 384

NUM. OF X PIXELS (EXT) : 1024
NUM. OF Y PIXELS (EXT) : 1024
NUM. OF ANGLES (EXT)   : 384
NUM. OF RHOS (EXT)     : 1024

NUM. OF PIXELS (EXT)   : 1048576
NUM. OF RAYS (EXT)     : 393216

NUMBER OF PROCESSES    : 1
NUMBER OF THRD./PROC.  : 60

INTEGER: 4, FLOAT: 4, LONG: 8, SHORT: 2, POINTER: 8
APPROX. MEMORY     TOTAL: 8.789062e+00 GB
APPROX. MEMORY PER PROC.: 8.789062e+00 GB

X START       : -5.120000e+02
Y START       : -5.120000e+02
PIXEL SIZE    : 1.000000e+00
RHO START     : -5.120000e+02
RAY LENGTH    : 2.048000e+03

SPATIAL INDEXING       : 5
SPECTRAL INDEXING      : 5
 1: CARTESIAN, NATURAL
 2: CARTESIAN, TRANSPOSED
 3: MORTON, NATURAL
 4: MORTON, TRANSPOSED
 5: HILBERT
PROJECTION BLOCK SIZE      : 512
BACKPROJECTION BLOCK SIZE  : 512
PROJECTION BUFFER SIZE      : 8 KB
BACKPROJECTION BUFFER SIZE  : 8 KB

SINOGRAM FILE : /shared/scratch/MemXCT/data/CDS2_sinogram.bin
   THETA FILE : /shared/scratch/MemXCT/data/CDS2_theta.bin
  OUTPUT FILE : /shared/scratch/MemXCT/recon_CDS2.bin


PLACE TILES
lspat 32 lspatdim 32
lspec 32 lspecdim 32
MPI PARTITIONING
proc: 0 numspats: 1024 numpixs: 1048576 numspecs: 384 numrays: 393216
maxnumpix: 1048576 maxnumray: 393216
FILL PIXELS AND RAYS
INPUT THETA DATA
DOMAIN PARTITIONING

CONSTRUCT PROJECTION MATRIX
CSR STORAGE: 470024162 (3.501953 GB) rownzmax 2046
RAY-TRACING TIME: 8.182470e-01
CONSTRUCT BACKPROJECTION MATRIX
CSR STORAGE: 470024162 (3.501953 GB) rownzmax 607
TRANSPOSITION TIME: 3.944993e-01

BLOCKING PROJECTION MATRIX
NUMBER OF BLOCKS: 750 BUFFSIZE: 2048
NUMBER OF BUFFERS: 18280 AVERAGE BUFF/BLOCK: 24.373333 MAX BUFF/BLOCK: 42
BUFFER MAP: 36702739 (0.136728 GB)
CSR STORAGE: 470024162 (2.626465 GB) buffnzmax: 284 STORAGE EFFICIENCY: 1.500000 DATA REUSE: 12.806242
BLOCKING TIME: 3.380084e-01
BLOCKING BACKPROJECTION MATRIX
NUMBER OF BLOCKS: 2048 BUFFSIZE: 2048
NUMBER OF BUFFERS: 11604 AVERAGE BUFF/BLOCK: 5.666016 MAX BUFF/BLOCK: 6
BUFFER MAP: 22022777 (0.082041 GB)
CSR STORAGE: 470024162 (2.626465 GB) buffnzmax: 321 STORAGE EFFICIENCY: 1.500000 DATA REUSE: 21.342640
BLOCKING TIME: 1.798754e-01

FILL PROJECTION MATRIX
TIME: 3.143783e-01
FILL BACKPROJECTION MATRIX
TIME: 3.545793e-01
REDUCTION MAPPINGS
PREPROCESSING TIME: 2.418866e+00
INPUT MEASUREMENT DATA
INPUT ENDS
GRADIENT-DESCENT OPTIMIZATION
iter: 0 error: 5.498392e+04 gradnorm: 5.780557e+09
iter: 1 error: 2.713759e+04 gradnorm: 4.174669e+08
iter: 2 error: 2.306866e+04 gradnorm: 9.086837e+07
iter: 3 error: 2.127430e+04 gradnorm: 3.168984e+07
iter: 4 error: 2.032669e+04 gradnorm: 1.557752e+07
iter: 5 error: 1.975908e+04 gradnorm: 1.008936e+07
iter: 6 error: 1.938425e+04 gradnorm: 8.237710e+06
iter: 7 error: 1.911244e+04 gradnorm: 6.114188e+06
iter: 8 error: 1.886974e+04 gradnorm: 5.596623e+06
iter: 9 error: 1.871210e+04 gradnorm: 1.009265e+07
iter: 10 error: 1.862247e+04 gradnorm: 5.390780e+06
iter: 11 error: 1.844731e+04 gradnorm: 4.173612e+06
iter: 12 error: 1.828188e+04 gradnorm: 3.279317e+06
iter: 13 error: 1.811538e+04 gradnorm: 2.900696e+06
iter: 14 error: 1.798174e+04 gradnorm: 2.803166e+06
iter: 15 error: 1.785720e+04 gradnorm: 2.908114e+06
iter: 16 error: 1.779096e+04 gradnorm: 3.462136e+06
iter: 17 error: 1.767966e+04 gradnorm: 1.778161e+06
iter: 18 error: 1.755910e+04 gradnorm: 1.927461e+06
iter: 19 error: 1.749689e+04 gradnorm: 5.256100e+06
iter: 20 error: 1.744874e+04 gradnorm: 2.165717e+06
iter: 21 error: 1.736015e+04 gradnorm: 1.588960e+06
iter: 22 error: 1.726249e+04 gradnorm: 1.342182e+06
iter: 23 error: 1.716980e+04 gradnorm: 1.258330e+06
iter: 24 error: 1.708012e+04 gradnorm: 1.305085e+06
recon: 4.313073e+00 proj: 2.256317e+00 (1.919424e+00 1.002567e-02 3.268054e-01) backproj: 1.094304e+00 (6.982378e-02 3.476865e-03 1.020979e+00) ctime: 9.622272e-01 wtime: 1.391060e-04
numproj: 49 numback: 25
proj: 1.919424e+00 s (23.998015 GFLOPS) backproj: 1.020979e+00 s (23.018309 GFLOPS) avGFLOPS: 23.657837 totGFLOPS: 23.657837
proj: 75.741906 GB/s back: 71.211954 GB/s av: 74.168997 GB/s tot: 74.168997 GB/s
Total Time: 7.527299e+00
