Using mpirun from /opt/hpcx-v2.7.0-gcc-MLNX_OFED_LINUX-5.1-0.6.6.0-redhat7.7-x86_64/ompi/bin/mpirun
mpirun (Open MPI) 4.0.4rc3

Report bugs to http://www.open-mpi.org/community/help/
NUM. THETA             : 1501
NUM. RHO               : 2048
NUM. X PIXELS          : 2048
NUM. Y PIXELS          : 2048

NUM. OF PIXELS         : 4194304
NUM. OF RAYS           : 3074048

NUM. ITERATIONS        : 24

SPATIAL TILE SIZE      : 32
SPECTRAL TILE SIZE     : 32

NUMBER OF X TILES      : 64
NUMBER OF Y TILES      : 64
NUM. OF THETA TILES    : 47
NUM. OF RHO TILES      : 64

NUM. SPATIAL TILES     : 4096
NUM. SPECTRAL TILES    : 3008

NUM. OF X PIXELS (EXT) : 2048
NUM. OF Y PIXELS (EXT) : 2048
NUM. OF ANGLES (EXT)   : 1504
NUM. OF RHOS (EXT)     : 2048

NUM. OF PIXELS (EXT)   : 4194304
NUM. OF RAYS (EXT)     : 3080192

NUMBER OF PROCESSES    : 1
NUMBER OF THRD./PROC.  : 60

INTEGER: 4, FLOAT: 4, LONG: 8, SHORT: 2, POINTER: 8
APPROX. MEMORY     TOTAL: 1.407188e+02 GB
APPROX. MEMORY PER PROC.: 1.407188e+02 GB

X START       : -1.024000e+03
Y START       : -1.024000e+03
PIXEL SIZE    : 1.000000e+00
RHO START     : -1.024000e+03
RAY LENGTH    : 4.096000e+03

SPATIAL INDEXING       : 5
SPECTRAL INDEXING      : 5
 1: CARTESIAN, NATURAL
 2: CARTESIAN, TRANSPOSED
 3: MORTON, NATURAL
 4: MORTON, TRANSPOSED
 5: HILBERT
PROJECTION BLOCK SIZE      : 512
BACKPROJECTION BLOCK SIZE  : 512
PROJECTION BUFFER SIZE      : 8 KB
BACKPROJECTION BUFFER SIZE  : 8 KB

SINOGRAM FILE : /shared/scratch/MemXCT/data/CDS3_sinogram.bin
   THETA FILE : /shared/scratch/MemXCT/data/CDS3_theta.bin
  OUTPUT FILE : /shared/scratch/MemXCT/recon_CDS3.bin


PLACE TILES
lspat 64 lspatdim 64
lspec 64 lspecdim 64
MPI PARTITIONING
proc: 0 numspats: 4096 numpixs: 4194304 numspecs: 3008 numrays: 3080192
maxnumpix: 4194304 maxnumray: 3080192
FILL PIXELS AND RAYS
INPUT THETA DATA
DOMAIN PARTITIONING

CONSTRUCT PROJECTION MATRIX
CSR STORAGE: 7524332523 (56.060646 GB) rownzmax 4095
RAY-TRACING TIME: 2.041951e+01
CONSTRUCT BACKPROJECTION MATRIX
CSR STORAGE: 7524332523 (56.060646 GB) rownzmax 2185
TRANSPOSITION TIME: 6.487866e+00

BLOCKING PROJECTION MATRIX
NUMBER OF BLOCKS: 6004 BUFFSIZE: 2048
NUMBER OF BUFFERS: 285060 AVERAGE BUFF/BLOCK: 47.478348 MAX BUFF/BLOCK: 87
BUFFER MAP: 577669667 (2.151987 GB)
CSR STORAGE: 7524332523 (42.045484 GB) buffnzmax: 515 STORAGE EFFICIENCY: 1.500000 DATA REUSE: 13.025320
BLOCKING TIME: 8.540225e+00
BLOCKING BACKPROJECTION MATRIX
NUMBER OF BLOCKS: 8192 BUFFSIZE: 2048
NUMBER OF BUFFERS: 177002 AVERAGE BUFF/BLOCK: 21.606689 MAX BUFF/BLOCK: 23
BUFFER MAP: 352645526 (1.313707 GB)
CSR STORAGE: 7524332523 (42.045484 GB) buffnzmax: 408 STORAGE EFFICIENCY: 1.500000 DATA REUSE: 21.336815
BLOCKING TIME: 8.259300e+00

FILL PROJECTION MATRIX
TIME: 5.216570e+00
FILL BACKPROJECTION MATRIX
TIME: 5.745778e+00
REDUCTION MAPPINGS
PREPROCESSING TIME: 5.471489e+01
INPUT MEASUREMENT DATA
INPUT ENDS
GRADIENT-DESCENT OPTIMIZATION
iter: 0 error: 4.635888e+05 gradnorm: 8.585365e+11
iter: 1 error: 9.154318e+04 gradnorm: 2.934981e+10
iter: 2 error: 5.150746e+04 gradnorm: 1.497939e+09
iter: 3 error: 4.825328e+04 gradnorm: 6.414492e+08
iter: 4 error: 4.665310e+04 gradnorm: 1.800310e+08
iter: 5 error: 4.586109e+04 gradnorm: 9.441521e+07
iter: 6 error: 4.545132e+04 gradnorm: 9.462878e+07
iter: 7 error: 4.527034e+04 gradnorm: 6.511608e+07
iter: 8 error: 4.510614e+04 gradnorm: 1.231821e+08
iter: 9 error: 4.500475e+04 gradnorm: 3.925218e+07
iter: 10 error: 4.483881e+04 gradnorm: 2.771829e+07
iter: 11 error: 4.469209e+04 gradnorm: 1.828465e+07
iter: 12 error: 4.457894e+04 gradnorm: 2.110044e+07
iter: 13 error: 4.449314e+04 gradnorm: 1.915280e+07
iter: 14 error: 4.445211e+04 gradnorm: 4.934454e+07
iter: 15 error: 4.439171e+04 gradnorm: 1.129021e+07
iter: 16 error: 4.429622e+04 gradnorm: 1.017014e+07
iter: 17 error: 4.422800e+04 gradnorm: 9.613135e+06
iter: 18 error: 4.415993e+04 gradnorm: 1.137460e+07
iter: 19 error: 4.412099e+04 gradnorm: 1.970259e+07
iter: 20 error: 4.408596e+04 gradnorm: 2.422880e+07
iter: 21 error: 4.406386e+04 gradnorm: 1.107383e+07
iter: 22 error: 4.401426e+04 gradnorm: 1.359034e+07
iter: 23 error: 4.397679e+04 gradnorm: 1.170451e+07
iter: 24 error: 4.392323e+04 gradnorm: 7.170268e+06
recon: 5.035064e+01 proj: 3.179448e+01 (3.159155e+01 6.995591e-02 1.329014e-01) backproj: 1.807399e+01 (8.532843e-03 3.912567e-02 1.802630e+01) ctime: 4.819055e-01 wtime: 1.594070e-04
numproj: 49 numback: 25
proj: 3.159155e+01 s (23.341199 GFLOPS) backproj: 1.802630e+01 s (20.870431 GFLOPS) avGFLOPS: 22.443562 totGFLOPS: 22.443562
proj: 73.607571 GB/s back: 64.567576 GB/s av: 70.323316 GB/s tot: 70.323316 GB/s
Total Time: 1.137651e+02
