Using mpirun from /opt/hpcx-v2.7.0-gcc-MLNX_OFED_LINUX-5.1-0.6.6.0-redhat7.7-x86_64/ompi/bin/mpirun
mpirun (Open MPI) 4.0.4rc3

Report bugs to http://www.open-mpi.org/community/help/
Using hosts: ip-0a00000a:120
NUM. THETA             : 1501
NUM. RHO               : 2048
NUM. X PIXELS          : 2048
NUM. Y PIXELS          : 2048

NUM. OF PIXELS         : 4194304
NUM. OF RAYS           : 3074048

NUM. ITERATIONS        : 24

SPATIAL TILE SIZE      : 128
SPECTRAL TILE SIZE     : 128

NUMBER OF X TILES      : 16
NUMBER OF Y TILES      : 16
NUM. OF THETA TILES    : 12
NUM. OF RHO TILES      : 16

NUM. SPATIAL TILES     : 256
NUM. SPECTRAL TILES    : 192

NUM. OF X PIXELS (EXT) : 2048
NUM. OF Y PIXELS (EXT) : 2048
NUM. OF ANGLES (EXT)   : 1536
NUM. OF RHOS (EXT)     : 2048

NUM. OF PIXELS (EXT)   : 4194304
NUM. OF RAYS (EXT)     : 3145728

NUMBER OF PROCESSES    : 1
NUMBER OF THRD./PROC.  : 120

INTEGER: 4, FLOAT: 4, LONG: 8, SHORT: 2, POINTER: 8
APPROX. MEMORY     TOTAL: 1.407188e+02 GB
APPROX. MEMORY PER PROC.: 1.407188e+02 GB

X START       : -1.024000e+03
Y START       : -1.024000e+03
PIXEL SIZE    : 1.000000e+00
RHO START     : -1.024000e+03
RAY LENGTH    : 4.096000e+03

SPATIAL INDEXING       : 5
SPECTRAL INDEXING      : 5
 1: CARTESIAN, NATURAL
 2: CARTESIAN, TRANSPOSED
 3: MORTON, NATURAL
 4: MORTON, TRANSPOSED
 5: HILBERT
PROJECTION BLOCK SIZE      : 128
BACKPROJECTION BLOCK SIZE  : 128
PROJECTION BUFFER SIZE      : 8 KB
BACKPROJECTION BUFFER SIZE  : 8 KB

SINOGRAM FILE : /shared/scratch/MemXCT/data/CDS3_sinogram.bin
   THETA FILE : /shared/scratch/MemXCT/data/CDS3_theta.bin
  OUTPUT FILE : /shared/scratch/MemXCT/recon_CDS3.bin


PLACE TILES
lspat 16 lspatdim 16
lspec 16 lspecdim 16
MPI PARTITIONING
proc: 0 numspats: 256 numpixs: 4194304 numspecs: 192 numrays: 3145728
maxnumpix: 4194304 maxnumray: 3145728
FILL PIXELS AND RAYS
INPUT THETA DATA
DOMAIN PARTITIONING

CONSTRUCT PROJECTION MATRIX
CSR STORAGE: 7524339715 (56.060699 GB) rownzmax 4095
RAY-TRACING TIME: 1.051007e+01
CONSTRUCT BACKPROJECTION MATRIX
CSR STORAGE: 7524339715 (56.060699 GB) rownzmax 2185
TRANSPOSITION TIME: 9.112720e+00

BLOCKING PROJECTION MATRIX
NUMBER OF BLOCKS: 24016 BUFFSIZE: 2048
NUMBER OF BUFFERS: 556191 AVERAGE BUFF/BLOCK: 23.159185 MAX BUFF/BLOCK: 44
BUFFER MAP: 1114200200 (4.150719 GB)
CSR STORAGE: 7524339715 (42.045525 GB) buffnzmax: 787 STORAGE EFFICIENCY: 1.500000 DATA REUSE: 6.753131
BLOCKING TIME: 2.915784e+01
BLOCKING BACKPROJECTION MATRIX
NUMBER OF BLOCKS: 32768 BUFFSIZE: 2048
NUMBER OF BUFFERS: 368562 AVERAGE BUFF/BLOCK: 11.247620 MAX BUFF/BLOCK: 12
BUFFER MAP: 705432187 (2.627940 GB)
CSR STORAGE: 7524339715 (42.045525 GB) buffnzmax: 642 STORAGE EFFICIENCY: 1.500000 DATA REUSE: 10.666284
BLOCKING TIME: 2.636093e+01

FILL PROJECTION MATRIX
TIME: 4.968798e+00
FILL BACKPROJECTION MATRIX
TIME: 5.652302e+00
REDUCTION MAPPINGS
PREPROCESSING TIME: 8.578155e+01
INPUT MEASUREMENT DATA
INPUT ENDS
GRADIENT-DESCENT OPTIMIZATION
iter: 0 error: 4.635889e+05 gradnorm: 8.585394e+11
iter: 1 error: 9.154332e+04 gradnorm: 2.934986e+10
iter: 2 error: 5.150761e+04 gradnorm: 1.497954e+09
iter: 3 error: 4.825333e+04 gradnorm: 6.414476e+08
iter: 4 error: 4.665323e+04 gradnorm: 1.800336e+08
iter: 5 error: 4.586121e+04 gradnorm: 9.444354e+07
iter: 6 error: 4.545248e+04 gradnorm: 9.660628e+07
iter: 7 error: 4.527973e+04 gradnorm: 7.764604e+07
iter: 8 error: 4.516648e+04 gradnorm: 1.144901e+08
iter: 9 error: 4.500640e+04 gradnorm: 3.632185e+07
iter: 10 error: 4.483896e+04 gradnorm: 2.769723e+07
iter: 11 error: 4.469216e+04 gradnorm: 1.828374e+07
iter: 12 error: 4.457904e+04 gradnorm: 2.106109e+07
iter: 13 error: 4.449199e+04 gradnorm: 1.669762e+07
iter: 14 error: 4.440279e+04 gradnorm: 1.356476e+07
iter: 15 error: 4.437868e+04 gradnorm: 3.555484e+07
iter: 16 error: 4.429630e+04 gradnorm: 1.025169e+07
iter: 17 error: 4.422817e+04 gradnorm: 9.694255e+06
iter: 18 error: 4.416356e+04 gradnorm: 1.395543e+07
iter: 19 error: 4.413054e+04 gradnorm: 1.483822e+07
iter: 20 error: 4.407400e+04 gradnorm: 8.951896e+06
iter: 21 error: 4.404216e+04 gradnorm: 3.525649e+07
iter: 22 error: 4.400679e+04 gradnorm: 1.044228e+07
iter: 23 error: 4.396056e+04 gradnorm: 1.450348e+07
iter: 24 error: 4.392220e+04 gradnorm: 7.922732e+06
recon: 6.081778e+01 proj: 3.964568e+01 (3.937697e+01 1.133009e-01 1.553355e-01) backproj: 2.066175e+01 (7.440531e-02 4.099689e-02 2.054632e+01) ctime: 5.100621e-01 wtime: 1.788240e-04
numproj: 49 numback: 25
proj: 3.937697e+01 s (18.726308 GFLOPS) backproj: 2.054632e+01 s (18.310676 GFLOPS) avGFLOPS: 18.583797 totGFLOPS: 18.583797
proj: 61.724887 GB/s back: 58.365403 GB/s av: 60.572997 GB/s tot: 60.572997 GB/s
Total Time: 1.479414e+02
