Using mpirun from /opt/hpcx-v2.7.0-gcc-MLNX_OFED_LINUX-5.1-0.6.6.0-redhat7.7-x86_64/ompi/bin/mpirun
mpirun (Open MPI) 4.0.4rc3

Report bugs to http://www.open-mpi.org/community/help/
NUM. THETA             : 750
NUM. RHO               : 512
NUM. X PIXELS          : 512
NUM. Y PIXELS          : 512

NUM. OF PIXELS         : 262144
NUM. OF RAYS           : 384000

NUM. ITERATIONS        : 24

SPATIAL TILE SIZE      : 32
SPECTRAL TILE SIZE     : 32

NUMBER OF X TILES      : 16
NUMBER OF Y TILES      : 16
NUM. OF THETA TILES    : 24
NUM. OF RHO TILES      : 16

NUM. SPATIAL TILES     : 256
NUM. SPECTRAL TILES    : 384

NUM. OF X PIXELS (EXT) : 512
NUM. OF Y PIXELS (EXT) : 512
NUM. OF ANGLES (EXT)   : 768
NUM. OF RHOS (EXT)     : 512

NUM. OF PIXELS (EXT)   : 262144
NUM. OF RAYS (EXT)     : 393216

NUMBER OF PROCESSES    : 1
NUMBER OF THRD./PROC.  : 60

INTEGER: 4, FLOAT: 4, LONG: 8, SHORT: 2, POINTER: 8
APPROX. MEMORY     TOTAL: 4.394531e+00 GB
APPROX. MEMORY PER PROC.: 4.394531e+00 GB

X START       : -2.560000e+02
Y START       : -2.560000e+02
PIXEL SIZE    : 1.000000e+00
RHO START     : -2.560000e+02
RAY LENGTH    : 1.024000e+03

SPATIAL INDEXING       : 5
SPECTRAL INDEXING      : 5
 1: CARTESIAN, NATURAL
 2: CARTESIAN, TRANSPOSED
 3: MORTON, NATURAL
 4: MORTON, TRANSPOSED
 5: HILBERT
PROJECTION BLOCK SIZE      : 512
BACKPROJECTION BLOCK SIZE  : 512
PROJECTION BUFFER SIZE      : 8 KB
BACKPROJECTION BUFFER SIZE  : 8 KB

SINOGRAM FILE : /shared/scratch/MemXCT/data/CDS1_sinogram.bin
   THETA FILE : /shared/scratch/MemXCT/data/CDS1_theta.bin
  OUTPUT FILE : /shared/scratch/MemXCT/recon_CDS1.bin


PLACE TILES
lspat 16 lspatdim 16
lspec 24 lspecdim 32
MPI PARTITIONING
proc: 0 numspats: 256 numpixs: 262144 numspecs: 384 numrays: 393216
maxnumpix: 262144 maxnumray: 393216
FILL PIXELS AND RAYS
INPUT THETA DATA
DOMAIN PARTITIONING

CONSTRUCT PROJECTION MATRIX
CSR STORAGE: 235011239 (1.750970 GB) rownzmax 1022
RAY-TRACING TIME: 3.814770e-01
CONSTRUCT BACKPROJECTION MATRIX
CSR STORAGE: 235011239 (1.750970 GB) rownzmax 1092
TRANSPOSITION TIME: 2.590851e-01

BLOCKING PROJECTION MATRIX
NUMBER OF BLOCKS: 750 BUFFSIZE: 2048
NUMBER OF BUFFERS: 6342 AVERAGE BUFF/BLOCK: 8.456000 MAX BUFF/BLOCK: 15
BUFFER MAP: 12205108 (0.045468 GB)
CSR STORAGE: 235011239 (1.313228 GB) buffnzmax: 270 STORAGE EFFICIENCY: 1.500000 DATA REUSE: 19.255154
BLOCKING TIME: 2.680968e-01
BLOCKING BACKPROJECTION MATRIX
NUMBER OF BLOCKS: 512 BUFFSIZE: 2048
NUMBER OF BUFFERS: 5760 AVERAGE BUFF/BLOCK: 11.250000 MAX BUFF/BLOCK: 12
BUFFER MAP: 11012397 (0.041024 GB)
CSR STORAGE: 235011239 (1.313228 GB) buffnzmax: 294 STORAGE EFFICIENCY: 1.500000 DATA REUSE: 21.340607
BLOCKING TIME: 2.759367e-01

FILL PROJECTION MATRIX
TIME: 2.597095e-01
FILL BACKPROJECTION MATRIX
TIME: 2.025818e-01
REDUCTION MAPPINGS
PREPROCESSING TIME: 1.676802e+00
INPUT MEASUREMENT DATA
INPUT ENDS
GRADIENT-DESCENT OPTIMIZATION
iter: 0 error: 4.959039e+04 gradnorm: 1.560967e+10
iter: 1 error: 5.316522e+03 gradnorm: 4.760839e+08
iter: 2 error: 5.074596e+02 gradnorm: 1.604488e+07
iter: 3 error: 2.940097e+02 gradnorm: 8.082404e+06
iter: 4 error: 1.716273e+02 gradnorm: 1.353845e+06
iter: 5 error: 1.154529e+02 gradnorm: 6.253152e+05
iter: 6 error: 8.898074e+01 gradnorm: 6.364559e+05
iter: 7 error: 7.410126e+01 gradnorm: 4.156488e+05
iter: 8 error: 5.991362e+01 gradnorm: 4.840606e+05
iter: 9 error: 5.734145e+01 gradnorm: 3.569134e+05
iter: 10 error: 4.873679e+01 gradnorm: 1.931060e+05
iter: 11 error: 4.171461e+01 gradnorm: 1.086481e+05
iter: 12 error: 3.749842e+01 gradnorm: 1.865100e+05
iter: 13 error: 3.463500e+01 gradnorm: 1.060359e+05
iter: 14 error: 3.146749e+01 gradnorm: 6.062986e+04
iter: 15 error: 2.876852e+01 gradnorm: 6.086218e+04
iter: 16 error: 2.733599e+01 gradnorm: 1.053720e+05
iter: 17 error: 2.677844e+01 gradnorm: 6.052982e+04
iter: 18 error: 2.524176e+01 gradnorm: 2.670787e+04
iter: 19 error: 2.394850e+01 gradnorm: 2.563723e+04
iter: 20 error: 2.288814e+01 gradnorm: 1.501937e+04
iter: 21 error: 2.195801e+01 gradnorm: 1.233522e+04
iter: 22 error: 2.129238e+01 gradnorm: 1.961060e+04
iter: 23 error: 2.118686e+01 gradnorm: 1.570732e+04
iter: 24 error: 2.069824e+01 gradnorm: 1.032336e+04
recon: 3.154499e+00 proj: 1.485115e+00 (1.147096e+00 2.287862e-02 3.151037e-01) backproj: 6.701019e-01 (1.306450e-01 3.269431e-03 5.361739e-01) ctime: 9.991357e-01 wtime: 9.080500e-05
numproj: 49 numback: 25
proj: 1.147096e+00 s (20.077742 GFLOPS) backproj: 5.361739e-01 s (21.915579 GFLOPS) avGFLOPS: 20.663150 totGFLOPS: 20.663150
proj: 62.318668 GB/s back: 67.800622 GB/s av: 64.064841 GB/s tot: 64.064841 GB/s
Total Time: 5.397576e+00
