Using mpirun from /opt/hpcx-v2.7.0-gcc-MLNX_OFED_LINUX-5.1-0.6.6.0-redhat7.7-x86_64/ompi/bin/mpirun
mpirun (Open MPI) 4.0.4rc3

Report bugs to http://www.open-mpi.org/community/help/
Using hosts: ip-0a00000e:120
PKEY: 0x003c
NUM. THETA             : 750
NUM. RHO               : 512
NUM. X PIXELS          : 512
NUM. Y PIXELS          : 512

NUM. OF PIXELS         : 262144
NUM. OF RAYS           : 384000

NUM. ITERATIONS        : 24

SPATIAL TILE SIZE      : 128
SPECTRAL TILE SIZE     : 128

NUMBER OF X TILES      : 4
NUMBER OF Y TILES      : 4
NUM. OF THETA TILES    : 6
NUM. OF RHO TILES      : 4

NUM. SPATIAL TILES     : 16
NUM. SPECTRAL TILES    : 24

NUM. OF X PIXELS (EXT) : 512
NUM. OF Y PIXELS (EXT) : 512
NUM. OF ANGLES (EXT)   : 768
NUM. OF RHOS (EXT)     : 512

NUM. OF PIXELS (EXT)   : 262144
NUM. OF RAYS (EXT)     : 393216

NUMBER OF PROCESSES    : 1
NUMBER OF THRD./PROC.  : 60

INTEGER: 4, FLOAT: 4, LONG: 8, SHORT: 2, POINTER: 8
APPROX. MEMORY     TOTAL: 4.394531e+00 GB
APPROX. MEMORY PER PROC.: 4.394531e+00 GB

X START       : -2.560000e+02
Y START       : -2.560000e+02
PIXEL SIZE    : 1.000000e+00
RHO START     : -2.560000e+02
RAY LENGTH    : 1.024000e+03

SPATIAL INDEXING       : 5
SPECTRAL INDEXING      : 5
 1: CARTESIAN, NATURAL
 2: CARTESIAN, TRANSPOSED
 3: MORTON, NATURAL
 4: MORTON, TRANSPOSED
 5: HILBERT
PROJECTION BLOCK SIZE      : 256
BACKPROJECTION BLOCK SIZE  : 256
PROJECTION BUFFER SIZE      : 16 KB
BACKPROJECTION BUFFER SIZE  : 16 KB

SINOGRAM FILE : /shared/scratch/MemXCT/data/CDS1_sinogram.bin
   THETA FILE : /shared/scratch/MemXCT/data/CDS1_theta.bin
  OUTPUT FILE : /shared/scratch/MemXCT/recon_CDS1.bin


PLACE TILES
lspat 4 lspatdim 4
lspec 6 lspecdim 8
MPI PARTITIONING
proc: 0 numspats: 16 numpixs: 262144 numspecs: 24 numrays: 393216
maxnumpix: 262144 maxnumray: 393216
FILL PIXELS AND RAYS
INPUT THETA DATA
DOMAIN PARTITIONING

CONSTRUCT PROJECTION MATRIX
CSR STORAGE: 235011123 (1.750969 GB) rownzmax 1022
RAY-TRACING TIME: 2.617273e-01
CONSTRUCT BACKPROJECTION MATRIX
CSR STORAGE: 235011123 (1.750969 GB) rownzmax 1092
TRANSPOSITION TIME: 2.248234e-01

BLOCKING PROJECTION MATRIX
NUMBER OF BLOCKS: 1500 BUFFSIZE: 4096
NUMBER OF BUFFERS: 5252 AVERAGE BUFF/BLOCK: 3.501333 MAX BUFF/BLOCK: 5
BUFFER MAP: 17711553 (0.065981 GB)
CSR STORAGE: 235011123 (1.313227 GB) buffnzmax: 394 STORAGE EFFICIENCY: 1.500000 DATA REUSE: 13.268805
BLOCKING TIME: 2.162218e-01
BLOCKING BACKPROJECTION MATRIX
NUMBER OF BLOCKS: 1024 BUFFSIZE: 4096
NUMBER OF BUFFERS: 3926 AVERAGE BUFF/BLOCK: 3.833984 MAX BUFF/BLOCK: 4
BUFFER MAP: 14685737 (0.054709 GB)
CSR STORAGE: 235011123 (1.313227 GB) buffnzmax: 449 STORAGE EFFICIENCY: 1.500000 DATA REUSE: 16.002678
BLOCKING TIME: 2.833209e-01

FILL PROJECTION MATRIX
TIME: 1.933235e-01
FILL BACKPROJECTION MATRIX
TIME: 1.702677e-01
REDUCTION MAPPINGS
PREPROCESSING TIME: 1.366627e+00
INPUT MEASUREMENT DATA
INPUT ENDS
GRADIENT-DESCENT OPTIMIZATION
iter: 0 error: 4.959038e+04 gradnorm: 1.560966e+10
iter: 1 error: 5.316522e+03 gradnorm: 4.760849e+08
iter: 2 error: 5.074579e+02 gradnorm: 1.604495e+07
iter: 3 error: 2.940089e+02 gradnorm: 8.082352e+06
iter: 4 error: 1.716262e+02 gradnorm: 1.353838e+06
iter: 5 error: 1.154529e+02 gradnorm: 6.256461e+05
iter: 6 error: 8.916956e+01 gradnorm: 6.961566e+05
iter: 7 error: 7.922150e+01 gradnorm: 1.294031e+06
iter: 8 error: 7.148505e+01 gradnorm: 4.571039e+05
iter: 9 error: 5.778316e+01 gradnorm: 2.256920e+05
iter: 10 error: 4.873901e+01 gradnorm: 1.925918e+05
iter: 11 error: 4.173141e+01 gradnorm: 1.106507e+05
iter: 12 error: 3.777177e+01 gradnorm: 1.959331e+05
iter: 13 error: 3.468924e+01 gradnorm: 1.022114e+05
iter: 14 error: 3.154406e+01 gradnorm: 8.441959e+04
iter: 15 error: 3.082372e+01 gradnorm: 1.426705e+05
iter: 16 error: 2.842522e+01 gradnorm: 5.513541e+04
iter: 17 error: 2.682942e+01 gradnorm: 4.558535e+04
iter: 18 error: 2.524042e+01 gradnorm: 2.665438e+04
iter: 19 error: 2.394677e+01 gradnorm: 2.563833e+04
iter: 20 error: 2.288766e+01 gradnorm: 1.544376e+04
iter: 21 error: 2.228809e+01 gradnorm: 8.115476e+04
iter: 22 error: 2.188501e+01 gradnorm: 1.265083e+04
iter: 23 error: 2.120607e+01 gradnorm: 9.554778e+03
iter: 24 error: 2.073100e+01 gradnorm: 1.357124e+04
recon: 2.431889e+00 proj: 1.258401e+00 (1.076264e+00 1.175382e-02 1.703267e-01) backproj: 6.363650e-01 (5.175122e-02 3.578189e-03 5.810132e-01) ctime: 5.369806e-01 wtime: 5.870600e-05
numproj: 49 numback: 25
proj: 1.076264e+00 s (21.399103 GFLOPS) backproj: 5.810132e-01 s (20.224249 GFLOPS) avGFLOPS: 20.987219 totGFLOPS: 20.987219
proj: 67.422785 GB/s back: 63.200354 GB/s av: 65.942473 GB/s tot: 65.942473 GB/s
Total Time: 4.126210e+00
