Using mpirun from /opt/hpcx-v2.6.0-gcc-MLNX_OFED_LINUX-5.0-1.0.0.0-redhat7.7-x86_64/ompi/bin/mpirun
mpirun (Open MPI) 4.0.3rc4

Report bugs to http://www.open-mpi.org/community/help/
Using hosts: hpc-pg0-1,hpc-pg0-2,hpc-pg0-3,hpc-pg0-4
PKEY: 0x0008
NUM. THETA             : 375
NUM. RHO               : 1024
NUM. X PIXELS          : 1024
NUM. Y PIXELS          : 1024

NUM. OF PIXELS         : 1048576
NUM. OF RAYS           : 384000

NUM. ITERATIONS        : 24

SPATIAL TILE SIZE      : 128
SPECTRAL TILE SIZE     : 128

NUMBER OF X TILES      : 8
NUMBER OF Y TILES      : 8
NUM. OF THETA TILES    : 3
NUM. OF RHO TILES      : 8

NUM. SPATIAL TILES     : 64
NUM. SPECTRAL TILES    : 24

NUM. OF X PIXELS (EXT) : 1024
NUM. OF Y PIXELS (EXT) : 1024
NUM. OF ANGLES (EXT)   : 384
NUM. OF RHOS (EXT)     : 1024

NUM. OF PIXELS (EXT)   : 1048576
NUM. OF RAYS (EXT)     : 393216

NUMBER OF PROCESSES    : 4
NUMBER OF THRD./PROC.  : 1

INTEGER: 4, FLOAT: 4, LONG: 8, SHORT: 2, POINTER: 8
APPROX. MEMORY     TOTAL: 8.789062e+00 GB
APPROX. MEMORY PER PROC.: 2.197266e+00 GB

X START       : -5.120000e+02
Y START       : -5.120000e+02
PIXEL SIZE    : 1.000000e+00
RHO START     : -5.120000e+02
RAY LENGTH    : 2.048000e+03

SPATIAL INDEXING       : 5
SPECTRAL INDEXING      : 5
 1: CARTESIAN, NATURAL
 2: CARTESIAN, TRANSPOSED
 3: MORTON, NATURAL
 4: MORTON, TRANSPOSED
PROJECTION BLOCK SIZE      : 512
BACKPROJECTION BLOCK SIZE  : 512
PROJECTION BUFFER SIZE      : 48 KB
BACKPROJECTION BUFFER SIZE  : 48 KB

SINOGRAM FILE : /shared/scratch/MemXCT/data/CDS2_sinogram.bin
   THETA FILE : /shared/scratch/MemXCT/data/CDS2_theta.bin
  OUTPUT FILE : /shared/scratch/MemXCT/recon_CDS2-4.bin


PLACE TILES
lspat 8 lspatdim 8
lspec 8 lspecdim 8
MPI PARTITIONING
proc: 0 numspats: 16 numpixs: 262144 numspecs: 6 numrays: 98304
proc: 1 numspats: 16 numpixs: 262144 numspecs: 6 numrays: 98304
proc: 2 numspats: 16 numpixs: 262144 numspecs: 6 numrays: 98304
proc: 3 numspats: 16 numpixs: 262144 numspecs: 6 numrays: 98304
maxnumpix: 262144 maxnumray: 98304
FILL PIXELS AND RAYS
INPUT THETA DATA
DOMAIN PARTITIONING
myid 3 raynuminc 203907/872942 raynumout 244471/872942
myid 2 raynuminc 232564/872942 raynumout 192000/872942
myid 0 raynuminc 203907/872942 raynumout 192000/872942
myid 1 raynuminc 232564/872942 raynumout 244471/872942

CONSTRUCT PROJECTION MATRIX
CSR STORAGE: 470024250 (3.501954 GB) rownzmax 1022
RAY-TRACING TIME: 6.696380e+00
CONSTRUCT BACKPROJECTION MATRIX
CSR STORAGE: 470024250 (3.501954 GB) rownzmax 607
TRANSPOSITION TIME: 1.683055e+00

BLOCKING PROJECTION MATRIX
NUMBER OF BLOCKS: 1706 BUFFSIZE: 12288
NUMBER OF BUFFERS: 3811 AVERAGE BUFF/BLOCK: 2.233881 MAX BUFF/BLOCK: 3
BUFF MAP: 46829568 (0.174454 GB)
ELLPACK STORAGE: 611264000 (3.415704 GB) buffnzmax: 667 STORAGE EFFICIENCY: 1.153407 DATA REUSE: 12.791389
BLOCKING TIME: 3.571885e+00
BLOCKING BACKPROJECTION MATRIX
NUMBER OF BLOCKS: 2048 BUFFSIZE: 12288
NUMBER OF BUFFERS: 2048 AVERAGE BUFF/BLOCK: 1.000000 MAX BUFF/BLOCK: 1
BUFF MAP: 25165824 (0.093750 GB)
ELLPACK STORAGE: 499561984 (2.791520 GB) buffnzmax: 607 STORAGE EFFICIENCY: 1.411309 DATA REUSE: 21.334793
BLOCKING TIME: 3.556816e+00

FILL PROJECTION MATRIX
TIME: 5.416937e+00
FILL BACKPROJECTION MATRIX
TIME: 7.098972e+00
REDUCTION MAPPINGS
myid: 2 device: 2
PREPROCESSING TIME: 2.802554e+01
myid: 0 device: 0
myid: 3 device: 3
myid: 1 device: 1

Device Count: 4
Device 0 name: 2065187744
Computational Capabilities: 7, 0
Maximum global memory size: 16945512448
Maximum constant memory size: 65536
Maximum shared memory size per block: 49152
Maximum block dimensions: 1024x1024x64
Maximum grid dimensions: 2147483647x65535x65535
Maximum threads per block: 1024
Warp size: 32

PROC 0 TOTAL GPU MEMORY: 2.060051 GB
INPUT MEASUREMENT DATA
PROC 2 TOTAL GPU MEMORY: 2.059772 GB
INPUT ENDS
GRADIENT-DESCENT OPTIMIZATION
PROC 3 TOTAL GPU MEMORY: 2.514099 GB
PROC 1 TOTAL GPU MEMORY: 2.540706 GB
iter: 0 error: 5.497422e+04 gradnorm: 1.963784e+10
iter: 1 error: 3.375332e+03 gradnorm: 2.933066e+08
iter: 2 error: 1.127899e+03 gradnorm: 5.687590e+07
iter: 3 error: 4.702528e+02 gradnorm: 1.895871e+07
iter: 4 error: 3.071270e+02 gradnorm: 8.957125e+06
iter: 5 error: 2.100900e+02 gradnorm: 2.580526e+06
iter: 6 error: 1.483541e+02 gradnorm: 1.255700e+06
iter: 7 error: 1.235812e+02 gradnorm: 2.076512e+06
iter: 8 error: 1.123936e+02 gradnorm: 1.270522e+06
iter: 9 error: 9.418671e+01 gradnorm: 6.864549e+05
iter: 10 error: 7.640559e+01 gradnorm: 4.548586e+05
iter: 11 error: 6.296059e+01 gradnorm: 3.333873e+05
iter: 12 error: 5.229454e+01 gradnorm: 2.654393e+05
iter: 13 error: 4.652491e+01 gradnorm: 3.380663e+05
iter: 14 error: 4.300534e+01 gradnorm: 4.776022e+05
iter: 15 error: 3.974106e+01 gradnorm: 2.046468e+05
iter: 16 error: 3.765132e+01 gradnorm: 2.211030e+05
iter: 17 error: 3.324607e+01 gradnorm: 1.080821e+05
iter: 18 error: 3.073312e+01 gradnorm: 1.150939e+05
iter: 19 error: 2.891688e+01 gradnorm: 9.716753e+04
iter: 20 error: 2.676389e+01 gradnorm: 4.496384e+04
iter: 21 error: 2.519338e+01 gradnorm: 9.037453e+04
iter: 22 error: 2.471552e+01 gradnorm: 6.213091e+04
iter: 23 error: 2.384422e+01 gradnorm: 3.625793e+04
iter: 24 error: 2.305477e+01 gradnorm: 2.562013e+04
recon: 1.843563e-01 proj: 1.086721e-01 (5.158806e-02 4.359789e-02 3.841913e-03) backproj: 4.532401e-02 (2.421782e-03 1.749235e-02 2.275693e-02) ctime: 3.002754e-02 wtime: 2.271930e-04
numproj: 49 numback: 25
proj: 2.373118e-01 s (194.100626 GFLOPS) backproj: 9.586976e-02 s (245.136865 GFLOPS) avGFLOPS: 208.785807 totGFLOPS: 835.143226
proj: 795.957808 GB/s back: 807.876015 GB/s av: 799.387156 GB/s tot: 3197.548624 GB/s
Total Time: 3.477560e+01
