Using mpirun from /opt/hpcx-v2.7.0-gcc-MLNX_OFED_LINUX-5.1-0.6.6.0-redhat7.7-x86_64/ompi/bin/mpirun
mpirun (Open MPI) 4.0.4rc3

Report bugs to http://www.open-mpi.org/community/help/
Using hosts: hpc-pg0-3:120
PKEY: 0x001b
NUM. THETA             : 750
NUM. RHO               : 512
NUM. X PIXELS          : 512
NUM. Y PIXELS          : 512

NUM. OF PIXELS         : 262144
NUM. OF RAYS           : 384000

NUM. ITERATIONS        : 24

SPATIAL TILE SIZE      : 32
SPECTRAL TILE SIZE     : 32

NUMBER OF X TILES      : 16
NUMBER OF Y TILES      : 16
NUM. OF THETA TILES    : 24
NUM. OF RHO TILES      : 16

NUM. SPATIAL TILES     : 256
NUM. SPECTRAL TILES    : 384

NUM. OF X PIXELS (EXT) : 512
NUM. OF Y PIXELS (EXT) : 512
NUM. OF ANGLES (EXT)   : 768
NUM. OF RHOS (EXT)     : 512

NUM. OF PIXELS (EXT)   : 262144
NUM. OF RAYS (EXT)     : 393216

NUMBER OF PROCESSES    : 2
NUMBER OF THRD./PROC.  : 60

INTEGER: 4, FLOAT: 4, LONG: 8, SHORT: 2, POINTER: 8
APPROX. MEMORY     TOTAL: 4.394531e+00 GB
APPROX. MEMORY PER PROC.: 2.197266e+00 GB

X START       : -2.560000e+02
Y START       : -2.560000e+02
PIXEL SIZE    : 1.000000e+00
RHO START     : -2.560000e+02
RAY LENGTH    : 1.024000e+03

SPATIAL INDEXING       : 5
SPECTRAL INDEXING      : 5
 1: CARTESIAN, NATURAL
 2: CARTESIAN, TRANSPOSED
 3: MORTON, NATURAL
 4: MORTON, TRANSPOSED
 5: HILBERT
PROJECTION BLOCK SIZE      : 32
BACKPROJECTION BLOCK SIZE  : 32
PROJECTION BUFFER SIZE      : 8 KB
BACKPROJECTION BUFFER SIZE  : 8 KB

SINOGRAM FILE : /shared/scratch/MemXCT/data/CDS1_sinogram.bin
   THETA FILE : /shared/scratch/MemXCT/data/CDS1_theta.bin
  OUTPUT FILE : /shared/scratch/MemXCT/recon_CDS1-1.bin


PLACE TILES
lspat 16 lspatdim 16
lspec 24 lspecdim 32
MPI PARTITIONING
proc: 0 numspats: 128 numpixs: 131072 numspecs: 192 numrays: 196608
proc: 1 numspats: 128 numpixs: 131072 numspecs: 192 numrays: 196608
maxnumpix: 131072 maxnumray: 196608
FILL PIXELS AND RAYS
INPUT THETA DATA
DOMAIN PARTITIONING

CONSTRUCT PROJECTION MATRIX
CSR STORAGE: 235011243 (1.750970 GB) rownzmax 767
RAY-TRACING TIME: 1.521275e-01
CONSTRUCT BACKPROJECTION MATRIX
CSR STORAGE: 235011243 (1.750970 GB) rownzmax 1092
TRANSPOSITION TIME: 1.604631e-01

BLOCKING PROJECTION MATRIX
NUMBER OF BLOCKS: 9820 BUFFSIZE: 2048
NUMBER OF BUFFERS: 19041 AVERAGE BUFF/BLOCK: 1.939002 MAX BUFF/BLOCK: 4
BUFFER MAP: 55181578 (0.205567 GB)
CSR STORAGE: 235011243 (1.313228 GB) buffnzmax: 454 STORAGE EFFICIENCY: 0.749998 DATA REUSE: 4.307003
BLOCKING TIME: 1.798598e-01
BLOCKING BACKPROJECTION MATRIX
NUMBER OF BLOCKS: 4096 BUFFSIZE: 2048
NUMBER OF BUFFERS: 11826 AVERAGE BUFF/BLOCK: 2.887207 MAX BUFF/BLOCK: 3
BUFFER MAP: 44064181 (0.164152 GB)
CSR STORAGE: 235011243 (1.313228 GB) buffnzmax: 479 STORAGE EFFICIENCY: 0.749998 DATA REUSE: 5.333327
BLOCKING TIME: 2.191640e-01

FILL PROJECTION MATRIX
TIME: 1.152907e-01
FILL BACKPROJECTION MATRIX
TIME: 4.631327e-01
REDUCTION MAPPINGS
PREPROCESSING TIME: 1.404550e+00
INPUT MEASUREMENT DATA
INPUT ENDS
GRADIENT-DESCENT OPTIMIZATION
iter: 0 error: 4.959038e+04 gradnorm: 1.560967e+10
iter: 1 error: 5.316521e+03 gradnorm: 4.760840e+08
iter: 2 error: 5.074597e+02 gradnorm: 1.604488e+07
iter: 3 error: 2.940096e+02 gradnorm: 8.082406e+06
iter: 4 error: 1.716273e+02 gradnorm: 1.353847e+06
iter: 5 error: 1.154529e+02 gradnorm: 6.253155e+05
iter: 6 error: 8.898069e+01 gradnorm: 6.364388e+05
iter: 7 error: 7.409850e+01 gradnorm: 4.148042e+05
iter: 8 error: 5.960213e+01 gradnorm: 3.904385e+05
iter: 9 error: 5.705973e+01 gradnorm: 4.321887e+05
iter: 10 error: 4.873534e+01 gradnorm: 1.935634e+05
iter: 11 error: 4.171465e+01 gradnorm: 1.086532e+05
iter: 12 error: 3.749905e+01 gradnorm: 1.865357e+05
iter: 13 error: 3.463515e+01 gradnorm: 1.060257e+05
iter: 14 error: 3.146765e+01 gradnorm: 6.068227e+04
iter: 15 error: 2.880185e+01 gradnorm: 7.135158e+04
iter: 16 error: 2.799924e+01 gradnorm: 1.383394e+05
iter: 17 error: 2.682348e+01 gradnorm: 4.726706e+04
iter: 18 error: 2.524189e+01 gradnorm: 2.666825e+04
iter: 19 error: 2.394850e+01 gradnorm: 2.563713e+04
iter: 20 error: 2.288816e+01 gradnorm: 1.502086e+04
iter: 21 error: 2.195994e+01 gradnorm: 1.299670e+04
iter: 22 error: 2.160117e+01 gradnorm: 6.303921e+04
iter: 23 error: 2.120573e+01 gradnorm: 9.706604e+03
iter: 24 error: 2.068822e+01 gradnorm: 9.202869e+03
recon: 3.202542e+00 proj: 1.630173e+00 (1.295412e+00 5.809273e-02 2.766161e-01) backproj: 8.803143e-01 (2.092392e-01 1.586153e-02 6.550756e-01) ctime: 6.908832e-01 wtime: 7.409320e-04
numproj: 49 numback: 25
proj: 2.592738e+00 s (8.882928 GFLOPS) backproj: 1.310095e+00 s (8.969247 GFLOPS) avGFLOPS: 8.911904 totGFLOPS: 17.823807
proj: 30.820279 GB/s back: 30.271177 GB/s av: 30.635957 GB/s tot: 61.271915 GB/s
Total Time: 5.243570e+00
