Using mpirun from /opt/hpcx-v2.7.0-gcc-MLNX_OFED_LINUX-5.1-0.6.6.0-redhat7.7-x86_64/ompi/bin/mpirun
mpirun (Open MPI) 4.0.4rc3

Report bugs to http://www.open-mpi.org/community/help/
Using hosts: hpc-pg0-1:120,hpc-pg0-2:120,hpc-pg0-3:120,hpc-pg0-4:120
PKEY: 0x001b
NUM. THETA             : 375
NUM. RHO               : 1024
NUM. X PIXELS          : 1024
NUM. Y PIXELS          : 1024

NUM. OF PIXELS         : 1048576
NUM. OF RAYS           : 384000

NUM. ITERATIONS        : 24

SPATIAL TILE SIZE      : 32
SPECTRAL TILE SIZE     : 32

NUMBER OF X TILES      : 32
NUMBER OF Y TILES      : 32
NUM. OF THETA TILES    : 12
NUM. OF RHO TILES      : 32

NUM. SPATIAL TILES     : 1024
NUM. SPECTRAL TILES    : 384

NUM. OF X PIXELS (EXT) : 1024
NUM. OF Y PIXELS (EXT) : 1024
NUM. OF ANGLES (EXT)   : 384
NUM. OF RHOS (EXT)     : 1024

NUM. OF PIXELS (EXT)   : 1048576
NUM. OF RAYS (EXT)     : 393216

NUMBER OF PROCESSES    : 8
NUMBER OF THRD./PROC.  : 60

INTEGER: 4, FLOAT: 4, LONG: 8, SHORT: 2, POINTER: 8
APPROX. MEMORY     TOTAL: 8.789062e+00 GB
APPROX. MEMORY PER PROC.: 1.098633e+00 GB

X START       : -5.120000e+02
Y START       : -5.120000e+02
PIXEL SIZE    : 1.000000e+00
RHO START     : -5.120000e+02
RAY LENGTH    : 2.048000e+03

SPATIAL INDEXING       : 5
SPECTRAL INDEXING      : 5
 1: CARTESIAN, NATURAL
 2: CARTESIAN, TRANSPOSED
 3: MORTON, NATURAL
 4: MORTON, TRANSPOSED
 5: HILBERT
PROJECTION BLOCK SIZE      : 32
BACKPROJECTION BLOCK SIZE  : 32
PROJECTION BUFFER SIZE      : 8 KB
BACKPROJECTION BUFFER SIZE  : 8 KB

SINOGRAM FILE : /shared/scratch/MemXCT/data/CDS2_sinogram.bin
   THETA FILE : /shared/scratch/MemXCT/data/CDS2_theta.bin
  OUTPUT FILE : /shared/scratch/MemXCT/recon_CDS2-1.bin


PLACE TILES
lspat 32 lspatdim 32
lspec 32 lspecdim 32
MPI PARTITIONING
proc: 0 numspats: 128 numpixs: 131072 numspecs: 48 numrays: 49152
proc: 1 numspats: 128 numpixs: 131072 numspecs: 48 numrays: 49152
proc: 2 numspats: 128 numpixs: 131072 numspecs: 48 numrays: 49152
proc: 3 numspats: 128 numpixs: 131072 numspecs: 48 numrays: 49152
proc: 4 numspats: 128 numpixs: 131072 numspecs: 48 numrays: 49152
proc: 5 numspats: 128 numpixs: 131072 numspecs: 48 numrays: 49152
proc: 6 numspats: 128 numpixs: 131072 numspecs: 48 numrays: 49152
proc: 7 numspats: 128 numpixs: 131072 numspecs: 48 numrays: 49152
maxnumpix: 131072 maxnumray: 49152
FILL PIXELS AND RAYS
INPUT THETA DATA
DOMAIN PARTITIONING

CONSTRUCT PROJECTION MATRIX
CSR STORAGE: 470024236 (3.501953 GB) rownzmax 766
RAY-TRACING TIME: 7.179220e-02
CONSTRUCT BACKPROJECTION MATRIX
CSR STORAGE: 470024236 (3.501953 GB) rownzmax 516
TRANSPOSITION TIME: 1.859181e-01

BLOCKING PROJECTION MATRIX
NUMBER OF BLOCKS: 4093 BUFFSIZE: 2048
NUMBER OF BUFFERS: 8136 AVERAGE BUFF/BLOCK: 1.987784 MAX BUFF/BLOCK: 5
BUFFER MAP: 136494557 (0.508482 GB)
CSR STORAGE: 470024236 (2.626465 GB) buffnzmax: 460 STORAGE EFFICIENCY: 0.153526 DATA REUSE: 3.700013
BLOCKING TIME: 1.144472e-01
BLOCKING BACKPROJECTION MATRIX
NUMBER OF BLOCKS: 4096 BUFFSIZE: 2048
NUMBER OF BUFFERS: 6793 AVERAGE BUFF/BLOCK: 1.658447 MAX BUFF/BLOCK: 2
BUFFER MAP: 88130041 (0.328310 GB)
CSR STORAGE: 470024236 (2.626465 GB) buffnzmax: 433 STORAGE EFFICIENCY: 0.153526 DATA REUSE: 5.331103
BLOCKING TIME: 1.690522e-01

FILL PROJECTION MATRIX
TIME: 1.296605e-01
FILL BACKPROJECTION MATRIX
TIME: 3.560153e-02
REDUCTION MAPPINGS
PREPROCESSING TIME: 1.024731e+00
INPUT MEASUREMENT DATA
INPUT ENDS
GRADIENT-DESCENT OPTIMIZATION
iter: 0 error: 5.498393e+04 gradnorm: 1.963648e+10
iter: 1 error: 3.374780e+03 gradnorm: 2.929366e+08
iter: 2 error: 1.128224e+03 gradnorm: 5.683259e+07
iter: 3 error: 4.706064e+02 gradnorm: 1.898364e+07
iter: 4 error: 3.070878e+02 gradnorm: 8.966635e+06
iter: 5 error: 2.100157e+02 gradnorm: 2.582904e+06
iter: 6 error: 1.481384e+02 gradnorm: 1.225736e+06
iter: 7 error: 1.194308e+02 gradnorm: 1.049700e+06
iter: 8 error: 9.808875e+01 gradnorm: 6.942809e+05
iter: 9 error: 8.040577e+01 gradnorm: 9.049466e+05
iter: 10 error: 7.555271e+01 gradnorm: 7.002767e+05
iter: 11 error: 6.295233e+01 gradnorm: 3.341082e+05
iter: 12 error: 5.229757e+01 gradnorm: 2.608254e+05
iter: 13 error: 4.618292e+01 gradnorm: 2.699520e+05
iter: 14 error: 4.019224e+01 gradnorm: 1.283314e+05
iter: 15 error: 3.502827e+01 gradnorm: 1.334436e+05
iter: 16 error: 3.241544e+01 gradnorm: 1.863174e+05
iter: 17 error: 3.074747e+01 gradnorm: 9.110151e+04
iter: 18 error: 2.793353e+01 gradnorm: 6.941793e+04
iter: 19 error: 2.699755e+01 gradnorm: 1.318490e+05
iter: 20 error: 2.616211e+01 gradnorm: 7.132006e+04
iter: 21 error: 2.479402e+01 gradnorm: 3.798229e+04
iter: 22 error: 2.371541e+01 gradnorm: 2.771977e+04
iter: 23 error: 2.304207e+01 gradnorm: 4.146523e+04
iter: 24 error: 2.244598e+01 gradnorm: 1.797796e+04
recon: 6.624028e+00 proj: 2.611344e+00 (1.573560e+00 1.272409e-01 9.105058e-01) backproj: 2.179235e+00 (1.123499e+00 3.569479e-02 1.020022e+00) ctime: 1.789797e+00 wtime: 1.714958e-02
numproj: 49 numback: 25
proj: 1.261638e+01 s (3.650997 GFLOPS) backproj: 8.160502e+00 s (2.879873 GFLOPS) avGFLOPS: 3.348124 totGFLOPS: 26.784991
proj: 13.073482 GB/s back: 9.719579 GB/s av: 11.756175 GB/s tot: 94.049399 GB/s
Total Time: 8.518312e+00
