Using mpirun from /opt/hpcx-v2.7.0-gcc-MLNX_OFED_LINUX-5.1-0.6.6.0-redhat7.7-x86_64/ompi/bin/mpirun
mpirun (Open MPI) 4.0.4rc3

Report bugs to http://www.open-mpi.org/community/help/
Using hosts: hpc-pg0-3:120
PKEY: 0x001b
NUM. THETA             : 375
NUM. RHO               : 1024
NUM. X PIXELS          : 1024
NUM. Y PIXELS          : 1024

NUM. OF PIXELS         : 1048576
NUM. OF RAYS           : 384000

NUM. ITERATIONS        : 24

SPATIAL TILE SIZE      : 32
SPECTRAL TILE SIZE     : 32

NUMBER OF X TILES      : 32
NUMBER OF Y TILES      : 32
NUM. OF THETA TILES    : 12
NUM. OF RHO TILES      : 32

NUM. SPATIAL TILES     : 1024
NUM. SPECTRAL TILES    : 384

NUM. OF X PIXELS (EXT) : 1024
NUM. OF Y PIXELS (EXT) : 1024
NUM. OF ANGLES (EXT)   : 384
NUM. OF RHOS (EXT)     : 1024

NUM. OF PIXELS (EXT)   : 1048576
NUM. OF RAYS (EXT)     : 393216

NUMBER OF PROCESSES    : 2
NUMBER OF THRD./PROC.  : 60

INTEGER: 4, FLOAT: 4, LONG: 8, SHORT: 2, POINTER: 8
APPROX. MEMORY     TOTAL: 8.789062e+00 GB
APPROX. MEMORY PER PROC.: 4.394531e+00 GB

X START       : -5.120000e+02
Y START       : -5.120000e+02
PIXEL SIZE    : 1.000000e+00
RHO START     : -5.120000e+02
RAY LENGTH    : 2.048000e+03

SPATIAL INDEXING       : 5
SPECTRAL INDEXING      : 5
 1: CARTESIAN, NATURAL
 2: CARTESIAN, TRANSPOSED
 3: MORTON, NATURAL
 4: MORTON, TRANSPOSED
 5: HILBERT
PROJECTION BLOCK SIZE      : 32
BACKPROJECTION BLOCK SIZE  : 32
PROJECTION BUFFER SIZE      : 8 KB
BACKPROJECTION BUFFER SIZE  : 8 KB

SINOGRAM FILE : /shared/scratch/MemXCT/data/CDS2_sinogram.bin
   THETA FILE : /shared/scratch/MemXCT/data/CDS2_theta.bin
  OUTPUT FILE : /shared/scratch/MemXCT/recon_CDS2-1.bin


PLACE TILES
lspat 32 lspatdim 32
lspec 32 lspecdim 32
MPI PARTITIONING
proc: 0 numspats: 512 numpixs: 524288 numspecs: 192 numrays: 196608
proc: 1 numspats: 512 numpixs: 524288 numspecs: 192 numrays: 196608
maxnumpix: 524288 maxnumray: 196608
FILL PIXELS AND RAYS
INPUT THETA DATA
DOMAIN PARTITIONING

CONSTRUCT PROJECTION MATRIX
CSR STORAGE: 470024236 (3.501953 GB) rownzmax 1534
RAY-TRACING TIME: 3.834275e-01
CONSTRUCT BACKPROJECTION MATRIX
CSR STORAGE: 470024236 (3.501953 GB) rownzmax 607
TRANSPOSITION TIME: 2.482472e-01

BLOCKING PROJECTION MATRIX
NUMBER OF BLOCKS: 9817 BUFFSIZE: 2048
NUMBER OF BUFFERS: 37293 AVERAGE BUFF/BLOCK: 3.798818 MAX BUFF/BLOCK: 8
BUFFER MAP: 134650591 (0.501613 GB)
CSR STORAGE: 470024236 (2.626465 GB) buffnzmax: 515 STORAGE EFFICIENCY: 0.749997 DATA REUSE: 3.500019
BLOCKING TIME: 4.134448e-01
BLOCKING BACKPROJECTION MATRIX
NUMBER OF BLOCKS: 16384 BUFFSIZE: 2048
NUMBER OF BUFFERS: 31270 AVERAGE BUFF/BLOCK: 1.908569 MAX BUFF/BLOCK: 2
BUFFER MAP: 88130041 (0.328310 GB)
CSR STORAGE: 470024236 (2.626465 GB) buffnzmax: 488 STORAGE EFFICIENCY: 0.749997 DATA REUSE: 5.332753
BLOCKING TIME: 5.205203e-01

FILL PROJECTION MATRIX
TIME: 5.209774e-01
FILL BACKPROJECTION MATRIX
TIME: 1.741796e-01
REDUCTION MAPPINGS
PREPROCESSING TIME: 2.290826e+00
INPUT MEASUREMENT DATA
INPUT ENDS
GRADIENT-DESCENT OPTIMIZATION
iter: 0 error: 5.498395e+04 gradnorm: 8.391548e+09
iter: 1 error: 1.188449e+04 gradnorm: 6.091306e+08
iter: 2 error: 6.055097e+03 gradnorm: 1.332261e+08
iter: 3 error: 3.391537e+03 gradnorm: 4.188791e+07
iter: 4 error: 2.293080e+03 gradnorm: 2.377324e+07
iter: 5 error: 1.950904e+03 gradnorm: 2.627670e+07
iter: 6 error: 1.553682e+03 gradnorm: 1.184650e+07
iter: 7 error: 1.298077e+03 gradnorm: 8.968636e+06
iter: 8 error: 1.044906e+03 gradnorm: 5.329436e+06
iter: 9 error: 8.758328e+02 gradnorm: 3.791890e+06
iter: 10 error: 7.404838e+02 gradnorm: 2.377196e+06
iter: 11 error: 6.499907e+02 gradnorm: 1.830464e+06
iter: 12 error: 5.949047e+02 gradnorm: 3.722266e+06
iter: 13 error: 5.624161e+02 gradnorm: 1.317877e+06
iter: 14 error: 5.104924e+02 gradnorm: 1.018165e+06
iter: 15 error: 4.721166e+02 gradnorm: 8.092024e+05
iter: 16 error: 4.352882e+02 gradnorm: 6.672126e+05
iter: 17 error: 4.215585e+02 gradnorm: 1.368416e+06
iter: 18 error: 3.999131e+02 gradnorm: 5.143950e+05
iter: 19 error: 3.799488e+02 gradnorm: 4.359065e+05
iter: 20 error: 3.609856e+02 gradnorm: 3.966183e+05
iter: 21 error: 3.501146e+02 gradnorm: 5.335501e+05
iter: 22 error: 3.373782e+02 gradnorm: 2.939189e+05
iter: 23 error: 3.233126e+02 gradnorm: 3.472832e+05
iter: 24 error: 3.189004e+02 gradnorm: 4.633619e+05
recon: 5.617106e+00 proj: 2.873180e+00 (2.322922e+00 1.137818e-01 4.362611e-01) backproj: 1.611278e+00 (2.583861e-01 1.669868e-02 1.336169e+00) ctime: 1.129569e+00 wtime: 1.131760e-03
numproj: 49 numback: 25
proj: 4.645522e+00 s (9.915435 GFLOPS) backproj: 2.672411e+00 s (8.794012 GFLOPS) avGFLOPS: 9.505906 totGFLOPS: 19.011813
proj: 35.427370 GB/s back: 29.679809 GB/s av: 33.328438 GB/s tot: 66.656876 GB/s
Total Time: 8.751147e+00
