Using mpirun from /opt/hpcx-v2.7.0-gcc-MLNX_OFED_LINUX-5.1-0.6.6.0-redhat7.7-x86_64/ompi/bin/mpirun
mpirun (Open MPI) 4.0.4rc3

Report bugs to http://www.open-mpi.org/community/help/
Using hosts: hpc-pg0-1:120,hpc-pg0-2:120,hpc-pg0-3:120,hpc-pg0-4:120
PKEY: 0x001b
NUM. THETA             : 750
NUM. RHO               : 512
NUM. X PIXELS          : 512
NUM. Y PIXELS          : 512

NUM. OF PIXELS         : 262144
NUM. OF RAYS           : 384000

NUM. ITERATIONS        : 24

SPATIAL TILE SIZE      : 32
SPECTRAL TILE SIZE     : 32

NUMBER OF X TILES      : 16
NUMBER OF Y TILES      : 16
NUM. OF THETA TILES    : 24
NUM. OF RHO TILES      : 16

NUM. SPATIAL TILES     : 256
NUM. SPECTRAL TILES    : 384

NUM. OF X PIXELS (EXT) : 512
NUM. OF Y PIXELS (EXT) : 512
NUM. OF ANGLES (EXT)   : 768
NUM. OF RHOS (EXT)     : 512

NUM. OF PIXELS (EXT)   : 262144
NUM. OF RAYS (EXT)     : 393216

NUMBER OF PROCESSES    : 8
NUMBER OF THRD./PROC.  : 60

INTEGER: 4, FLOAT: 4, LONG: 8, SHORT: 2, POINTER: 8
APPROX. MEMORY     TOTAL: 4.394531e+00 GB
APPROX. MEMORY PER PROC.: 5.493164e-01 GB

X START       : -2.560000e+02
Y START       : -2.560000e+02
PIXEL SIZE    : 1.000000e+00
RHO START     : -2.560000e+02
RAY LENGTH    : 1.024000e+03

SPATIAL INDEXING       : 5
SPECTRAL INDEXING      : 5
 1: CARTESIAN, NATURAL
 2: CARTESIAN, TRANSPOSED
 3: MORTON, NATURAL
 4: MORTON, TRANSPOSED
 5: HILBERT
PROJECTION BLOCK SIZE      : 32
BACKPROJECTION BLOCK SIZE  : 32
PROJECTION BUFFER SIZE      : 8 KB
BACKPROJECTION BUFFER SIZE  : 8 KB

SINOGRAM FILE : /shared/scratch/MemXCT/data/CDS1_sinogram.bin
   THETA FILE : /shared/scratch/MemXCT/data/CDS1_theta.bin
  OUTPUT FILE : /shared/scratch/MemXCT/recon_CDS1-1.bin


PLACE TILES
lspat 16 lspatdim 16
lspec 24 lspecdim 32
MPI PARTITIONING
proc: 0 numspats: 32 numpixs: 32768 numspecs: 48 numrays: 49152
proc: 1 numspats: 32 numpixs: 32768 numspecs: 48 numrays: 49152
proc: 2 numspats: 32 numpixs: 32768 numspecs: 48 numrays: 49152
proc: 3 numspats: 32 numpixs: 32768 numspecs: 48 numrays: 49152
proc: 4 numspats: 32 numpixs: 32768 numspecs: 48 numrays: 49152
proc: 5 numspats: 32 numpixs: 32768 numspecs: 48 numrays: 49152
proc: 6 numspats: 32 numpixs: 32768 numspecs: 48 numrays: 49152
proc: 7 numspats: 32 numpixs: 32768 numspecs: 48 numrays: 49152
maxnumpix: 32768 maxnumray: 49152
FILL PIXELS AND RAYS
INPUT THETA DATA
DOMAIN PARTITIONING

CONSTRUCT PROJECTION MATRIX
CSR STORAGE: 235011243 (1.750970 GB) rownzmax 383
RAY-TRACING TIME: 7.146600e-02
CONSTRUCT BACKPROJECTION MATRIX
CSR STORAGE: 235011243 (1.750970 GB) rownzmax 1042
TRANSPOSITION TIME: 9.575906e-02

BLOCKING PROJECTION MATRIX
NUMBER OF BLOCKS: 4910 BUFFSIZE: 2048
NUMBER OF BUFFERS: 5712 AVERAGE BUFF/BLOCK: 1.163340 MAX BUFF/BLOCK: 2
BUFFER MAP: 54037732 (0.201306 GB)
CSR STORAGE: 235011243 (1.313228 GB) buffnzmax: 381 STORAGE EFFICIENCY: 0.176621 DATA REUSE: 4.141162
BLOCKING TIME: 1.547356e-01
BLOCKING BACKPROJECTION MATRIX
NUMBER OF BLOCKS: 1024 BUFFSIZE: 2048
NUMBER OF BUFFERS: 2844 AVERAGE BUFF/BLOCK: 2.777344 MAX BUFF/BLOCK: 3
BUFFER MAP: 44064181 (0.164152 GB)
CSR STORAGE: 235011243 (1.313228 GB) buffnzmax: 461 STORAGE EFFICIENCY: 0.176621 DATA REUSE: 5.331449
BLOCKING TIME: 7.394913e-02

FILL PROJECTION MATRIX
TIME: 4.068091e-02
FILL BACKPROJECTION MATRIX
TIME: 3.578485e-02
REDUCTION MAPPINGS
PREPROCESSING TIME: 5.627277e-01
INPUT MEASUREMENT DATA
INPUT ENDS
GRADIENT-DESCENT OPTIMIZATION
iter: 0 error: 4.959038e+04 gradnorm: 1.560967e+10
iter: 1 error: 5.316521e+03 gradnorm: 4.760838e+08
iter: 2 error: 5.074598e+02 gradnorm: 1.604489e+07
iter: 3 error: 2.940097e+02 gradnorm: 8.082410e+06
iter: 4 error: 1.716274e+02 gradnorm: 1.353846e+06
iter: 5 error: 1.154530e+02 gradnorm: 6.253290e+05
iter: 6 error: 8.898836e+01 gradnorm: 6.388649e+05
iter: 7 error: 7.446180e+01 gradnorm: 5.217182e+05
iter: 8 error: 6.900267e+01 gradnorm: 1.038203e+06
iter: 9 error: 5.777632e+01 gradnorm: 2.281985e+05
iter: 10 error: 4.873888e+01 gradnorm: 1.924629e+05
iter: 11 error: 4.171448e+01 gradnorm: 1.086301e+05
iter: 12 error: 3.749593e+01 gradnorm: 1.864048e+05
iter: 13 error: 3.463447e+01 gradnorm: 1.060993e+05
iter: 14 error: 3.147263e+01 gradnorm: 6.230278e+04
iter: 15 error: 2.950451e+01 gradnorm: 2.220599e+05
iter: 16 error: 2.840399e+01 gradnorm: 6.086241e+04
iter: 17 error: 2.682868e+01 gradnorm: 4.568374e+04
iter: 18 error: 2.524191e+01 gradnorm: 2.666377e+04
iter: 19 error: 2.394850e+01 gradnorm: 2.563723e+04
iter: 20 error: 2.288823e+01 gradnorm: 1.504500e+04
iter: 21 error: 2.198974e+01 gradnorm: 2.271093e+04
iter: 22 error: 2.185746e+01 gradnorm: 2.181682e+04
iter: 23 error: 2.120667e+01 gradnorm: 9.438771e+03
iter: 24 error: 2.069163e+01 gradnorm: 9.577516e+03
recon: 7.738793e+00 proj: 3.476600e+00 (2.204552e+00 1.194720e-01 1.152546e+00) backproj: 2.270939e+00 (1.462321e+00 3.224547e-02 7.762809e-01) ctime: 1.957038e+00 wtime: 1.261435e-02
numproj: 49 numback: 25
proj: 1.764289e+01 s (1.305404 GFLOPS) backproj: 6.193635e+00 s (1.897200 GFLOPS) avGFLOPS: 1.459175 totGFLOPS: 11.673399
proj: 4.516532 GB/s back: 6.403042 GB/s av: 5.006719 GB/s tot: 40.053754 GB/s
Total Time: 9.308993e+00
