Using mpirun from /opt/hpcx-v2.7.0-gcc-MLNX_OFED_LINUX-5.1-0.6.6.0-redhat7.7-x86_64/ompi/bin/mpirun
mpirun (Open MPI) 4.0.4rc3

Report bugs to http://www.open-mpi.org/community/help/
Using hosts: hpc-pg0-1:120,hpc-pg0-2:120
PKEY: 0x001b
NUM. THETA             : 375
NUM. RHO               : 1024
NUM. X PIXELS          : 1024
NUM. Y PIXELS          : 1024

NUM. OF PIXELS         : 1048576
NUM. OF RAYS           : 384000

NUM. ITERATIONS        : 24

SPATIAL TILE SIZE      : 32
SPECTRAL TILE SIZE     : 32

NUMBER OF X TILES      : 32
NUMBER OF Y TILES      : 32
NUM. OF THETA TILES    : 12
NUM. OF RHO TILES      : 32

NUM. SPATIAL TILES     : 1024
NUM. SPECTRAL TILES    : 384

NUM. OF X PIXELS (EXT) : 1024
NUM. OF Y PIXELS (EXT) : 1024
NUM. OF ANGLES (EXT)   : 384
NUM. OF RHOS (EXT)     : 1024

NUM. OF PIXELS (EXT)   : 1048576
NUM. OF RAYS (EXT)     : 393216

NUMBER OF PROCESSES    : 4
NUMBER OF THRD./PROC.  : 60

INTEGER: 4, FLOAT: 4, LONG: 8, SHORT: 2, POINTER: 8
APPROX. MEMORY     TOTAL: 8.789062e+00 GB
APPROX. MEMORY PER PROC.: 2.197266e+00 GB

X START       : -5.120000e+02
Y START       : -5.120000e+02
PIXEL SIZE    : 1.000000e+00
RHO START     : -5.120000e+02
RAY LENGTH    : 2.048000e+03

SPATIAL INDEXING       : 5
SPECTRAL INDEXING      : 5
 1: CARTESIAN, NATURAL
 2: CARTESIAN, TRANSPOSED
 3: MORTON, NATURAL
 4: MORTON, TRANSPOSED
 5: HILBERT
PROJECTION BLOCK SIZE      : 32
BACKPROJECTION BLOCK SIZE  : 32
PROJECTION BUFFER SIZE      : 8 KB
BACKPROJECTION BUFFER SIZE  : 8 KB

SINOGRAM FILE : /shared/scratch/MemXCT/data/CDS2_sinogram.bin
   THETA FILE : /shared/scratch/MemXCT/data/CDS2_theta.bin
  OUTPUT FILE : /shared/scratch/MemXCT/recon_CDS2-1.bin


PLACE TILES
lspat 32 lspatdim 32
lspec 32 lspecdim 32
MPI PARTITIONING
proc: 0 numspats: 256 numpixs: 262144 numspecs: 96 numrays: 98304
proc: 1 numspats: 256 numpixs: 262144 numspecs: 96 numrays: 98304
proc: 2 numspats: 256 numpixs: 262144 numspecs: 96 numrays: 98304
proc: 3 numspats: 256 numpixs: 262144 numspecs: 96 numrays: 98304
maxnumpix: 262144 maxnumray: 98304
FILL PIXELS AND RAYS
INPUT THETA DATA
DOMAIN PARTITIONING

CONSTRUCT PROJECTION MATRIX
CSR STORAGE: 470024236 (3.501953 GB) rownzmax 1022
RAY-TRACING TIME: 1.822560e-01
CONSTRUCT BACKPROJECTION MATRIX
CSR STORAGE: 470024236 (3.501953 GB) rownzmax 607
TRANSPOSITION TIME: 1.763704e-01

BLOCKING PROJECTION MATRIX
NUMBER OF BLOCKS: 6000 BUFFSIZE: 2048
NUMBER OF BUFFERS: 15732 AVERAGE BUFF/BLOCK: 2.622000 MAX BUFF/BLOCK: 4
BUFFER MAP: 135823575 (0.505982 GB)
CSR STORAGE: 470024236 (2.626465 GB) buffnzmax: 515 STORAGE EFFICIENCY: 0.350560 DATA REUSE: 4.061126
BLOCKING TIME: 1.853438e-01
BLOCKING BACKPROJECTION MATRIX
NUMBER OF BLOCKS: 8192 BUFFSIZE: 2048
NUMBER OF BUFFERS: 14886 AVERAGE BUFF/BLOCK: 1.817139 MAX BUFF/BLOCK: 2
BUFFER MAP: 88130041 (0.328310 GB)
CSR STORAGE: 470024236 (2.626465 GB) buffnzmax: 488 STORAGE EFFICIENCY: 0.350560 DATA REUSE: 5.332206
BLOCKING TIME: 1.673222e-01

FILL PROJECTION MATRIX
TIME: 3.853884e-01
FILL BACKPROJECTION MATRIX
TIME: 3.001095e-01
REDUCTION MAPPINGS
PREPROCESSING TIME: 1.583748e+00
INPUT MEASUREMENT DATA
INPUT ENDS
GRADIENT-DESCENT OPTIMIZATION
iter: 0 error: 5.498394e+04 gradnorm: 1.750595e+10
iter: 1 error: 3.365971e+03 gradnorm: 1.974255e+08
iter: 2 error: 1.351252e+03 gradnorm: 4.437239e+07
iter: 3 error: 7.837161e+02 gradnorm: 2.147930e+07
iter: 4 error: 5.386423e+02 gradnorm: 9.271472e+06
iter: 5 error: 4.053620e+02 gradnorm: 3.663756e+06
iter: 6 error: 3.067814e+02 gradnorm: 1.739902e+06
iter: 7 error: 2.429361e+02 gradnorm: 1.569463e+06
iter: 8 error: 2.101168e+02 gradnorm: 1.258362e+06
iter: 9 error: 1.819376e+02 gradnorm: 1.860362e+06
iter: 10 error: 1.718643e+02 gradnorm: 9.169516e+05
iter: 11 error: 1.512684e+02 gradnorm: 6.462595e+05
iter: 12 error: 1.355706e+02 gradnorm: 4.700817e+05
iter: 13 error: 1.199982e+02 gradnorm: 3.553860e+05
iter: 14 error: 1.093435e+02 gradnorm: 2.737829e+05
iter: 15 error: 9.935968e+01 gradnorm: 2.198860e+05
iter: 16 error: 9.423840e+01 gradnorm: 2.454908e+05
iter: 17 error: 8.893906e+01 gradnorm: 3.270502e+05
iter: 18 error: 8.645711e+01 gradnorm: 2.436253e+05
iter: 19 error: 8.399936e+01 gradnorm: 2.301319e+05
iter: 20 error: 8.073844e+01 gradnorm: 1.347608e+05
iter: 21 error: 7.606474e+01 gradnorm: 8.268288e+04
iter: 22 error: 7.266039e+01 gradnorm: 8.561091e+04
iter: 23 error: 6.938704e+01 gradnorm: 6.675916e+04
iter: 24 error: 6.663374e+01 gradnorm: 6.224365e+04
recon: 6.393380e+00 proj: 2.945482e+00 (1.815740e+00 6.187970e-02 1.067823e+00) backproj: 1.647856e+00 (6.006354e-01 2.309046e-02 1.024107e+00) ctime: 1.788432e+00 wtime: 5.435840e-03
numproj: 49 numback: 25
proj: 7.259918e+00 s (6.344752 GFLOPS) backproj: 4.096352e+00 s (5.737108 GFLOPS) avGFLOPS: 6.125567 totGFLOPS: 24.502268
proj: 22.701159 GB/s back: 19.362752 GB/s av: 21.496953 GB/s tot: 85.987813 GB/s
Total Time: 8.683631e+00
