Using mpirun from /opt/hpcx-v2.7.0-gcc-MLNX_OFED_LINUX-5.1-0.6.6.0-redhat7.7-x86_64/ompi/bin/mpirun
mpirun (Open MPI) 4.0.4rc3

Report bugs to http://www.open-mpi.org/community/help/
Using hosts: hpc-pg0-4:120
PKEY: 0x001b
NUM. THETA             : 750
NUM. RHO               : 512
NUM. X PIXELS          : 512
NUM. Y PIXELS          : 512

NUM. OF PIXELS         : 262144
NUM. OF RAYS           : 384000

NUM. ITERATIONS        : 24

SPATIAL TILE SIZE      : 32
SPECTRAL TILE SIZE     : 32

NUMBER OF X TILES      : 16
NUMBER OF Y TILES      : 16
NUM. OF THETA TILES    : 24
NUM. OF RHO TILES      : 16

NUM. SPATIAL TILES     : 256
NUM. SPECTRAL TILES    : 384

NUM. OF X PIXELS (EXT) : 512
NUM. OF Y PIXELS (EXT) : 512
NUM. OF ANGLES (EXT)   : 768
NUM. OF RHOS (EXT)     : 512

NUM. OF PIXELS (EXT)   : 262144
NUM. OF RAYS (EXT)     : 393216

NUMBER OF PROCESSES    : 2
NUMBER OF THRD./PROC.  : 60

INTEGER: 4, FLOAT: 4, LONG: 8, SHORT: 2, POINTER: 8
APPROX. MEMORY     TOTAL: 4.394531e+00 GB
APPROX. MEMORY PER PROC.: 2.197266e+00 GB

X START       : -2.560000e+02
Y START       : -2.560000e+02
PIXEL SIZE    : 1.000000e+00
RHO START     : -2.560000e+02
RAY LENGTH    : 1.024000e+03

SPATIAL INDEXING       : 5
SPECTRAL INDEXING      : 5
 1: CARTESIAN, NATURAL
 2: CARTESIAN, TRANSPOSED
 3: MORTON, NATURAL
 4: MORTON, TRANSPOSED
 5: HILBERT
PROJECTION BLOCK SIZE      : 32
BACKPROJECTION BLOCK SIZE  : 32
PROJECTION BUFFER SIZE      : 8 KB
BACKPROJECTION BUFFER SIZE  : 8 KB

SINOGRAM FILE : /shared/scratch/MemXCT/data/CDS1_sinogram.bin
   THETA FILE : /shared/scratch/MemXCT/data/CDS1_theta.bin
  OUTPUT FILE : /shared/scratch/MemXCT/recon_CDS1-1.bin


PLACE TILES
lspat 16 lspatdim 16
lspec 24 lspecdim 32
MPI PARTITIONING
proc: 0 numspats: 128 numpixs: 131072 numspecs: 192 numrays: 196608
proc: 1 numspats: 128 numpixs: 131072 numspecs: 192 numrays: 196608
maxnumpix: 131072 maxnumray: 196608
FILL PIXELS AND RAYS
INPUT THETA DATA
DOMAIN PARTITIONING

CONSTRUCT PROJECTION MATRIX
CSR STORAGE: 235011243 (1.750970 GB) rownzmax 767
RAY-TRACING TIME: 1.608636e-01
CONSTRUCT BACKPROJECTION MATRIX
CSR STORAGE: 235011243 (1.750970 GB) rownzmax 1092
TRANSPOSITION TIME: 1.351549e-01

BLOCKING PROJECTION MATRIX
NUMBER OF BLOCKS: 9820 BUFFSIZE: 2048
NUMBER OF BUFFERS: 19041 AVERAGE BUFF/BLOCK: 1.939002 MAX BUFF/BLOCK: 4
BUFFER MAP: 55181578 (0.205567 GB)
CSR STORAGE: 235011243 (1.313228 GB) buffnzmax: 454 STORAGE EFFICIENCY: 0.749998 DATA REUSE: 4.307003
BLOCKING TIME: 1.480011e-01
BLOCKING BACKPROJECTION MATRIX
NUMBER OF BLOCKS: 4096 BUFFSIZE: 2048
NUMBER OF BUFFERS: 11826 AVERAGE BUFF/BLOCK: 2.887207 MAX BUFF/BLOCK: 3
BUFFER MAP: 44064181 (0.164152 GB)
CSR STORAGE: 235011243 (1.313228 GB) buffnzmax: 479 STORAGE EFFICIENCY: 0.749998 DATA REUSE: 5.333327
BLOCKING TIME: 1.011819e-01

FILL PROJECTION MATRIX
TIME: 8.481926e-02
FILL BACKPROJECTION MATRIX
TIME: 1.141923e-01
REDUCTION MAPPINGS
PREPROCESSING TIME: 8.014709e-01
INPUT MEASUREMENT DATA
INPUT ENDS
GRADIENT-DESCENT OPTIMIZATION
iter: 0 error: 4.959037e+04 gradnorm: 1.560967e+10
iter: 1 error: 5.316521e+03 gradnorm: 4.760840e+08
iter: 2 error: 5.074598e+02 gradnorm: 1.604489e+07
iter: 3 error: 2.940097e+02 gradnorm: 8.082408e+06
iter: 4 error: 1.716273e+02 gradnorm: 1.353846e+06
iter: 5 error: 1.154530e+02 gradnorm: 6.253432e+05
iter: 6 error: 8.899638e+01 gradnorm: 6.414019e+05
iter: 7 error: 7.481786e+01 gradnorm: 6.198951e+05
iter: 8 error: 7.018048e+01 gradnorm: 8.018525e+05
iter: 9 error: 5.778058e+01 gradnorm: 2.268669e+05
iter: 10 error: 4.873890e+01 gradnorm: 1.924577e+05
iter: 11 error: 4.171456e+01 gradnorm: 1.086402e+05
iter: 12 error: 3.749747e+01 gradnorm: 1.864719e+05
iter: 13 error: 3.463495e+01 gradnorm: 1.061042e+05
iter: 14 error: 3.148116e+01 gradnorm: 6.504946e+04
iter: 15 error: 3.005695e+01 gradnorm: 2.462549e+05
iter: 16 error: 2.841741e+01 gradnorm: 5.702333e+04
iter: 17 error: 2.682878e+01 gradnorm: 4.564786e+04
iter: 18 error: 2.524190e+01 gradnorm: 2.666377e+04
iter: 19 error: 2.394851e+01 gradnorm: 2.563768e+04
iter: 20 error: 2.288847e+01 gradnorm: 1.512652e+04
iter: 21 error: 2.207646e+01 gradnorm: 4.696531e+04
iter: 22 error: 2.188095e+01 gradnorm: 1.454217e+04
iter: 23 error: 2.120729e+01 gradnorm: 9.494262e+03
iter: 24 error: 2.071424e+01 gradnorm: 1.189486e+04
recon: 3.326763e+00 proj: 1.813879e+00 (1.444765e+00 6.666340e-02 3.023951e-01) backproj: 1.147829e+00 (3.168503e-01 1.359690e-02 8.173656e-01) ctime: 3.619984e-01 wtime: 1.245166e-03
numproj: 49 numback: 25
proj: 2.889663e+00 s (7.970169 GFLOPS) backproj: 1.638544e+00 s (7.171344 GFLOPS) avGFLOPS: 7.681112 totGFLOPS: 15.362224
proj: 27.653363 GB/s back: 24.203259 GB/s av: 26.404933 GB/s tot: 52.809867 GB/s
Total Time: 4.576259e+00
