Using mpirun from /opt/hpcx-v2.7.0-gcc-MLNX_OFED_LINUX-5.1-0.6.6.0-redhat7.7-x86_64/ompi/bin/mpirun
mpirun (Open MPI) 4.0.4rc3

Report bugs to http://www.open-mpi.org/community/help/
Using hosts: hpc-pg0-1:120
PKEY: 0x001b
NUM. THETA             : 750
NUM. RHO               : 512
NUM. X PIXELS          : 512
NUM. Y PIXELS          : 512

NUM. OF PIXELS         : 262144
NUM. OF RAYS           : 384000

NUM. ITERATIONS        : 24

SPATIAL TILE SIZE      : 32
SPECTRAL TILE SIZE     : 32

NUMBER OF X TILES      : 16
NUMBER OF Y TILES      : 16
NUM. OF THETA TILES    : 24
NUM. OF RHO TILES      : 16

NUM. SPATIAL TILES     : 256
NUM. SPECTRAL TILES    : 384

NUM. OF X PIXELS (EXT) : 512
NUM. OF Y PIXELS (EXT) : 512
NUM. OF ANGLES (EXT)   : 768
NUM. OF RHOS (EXT)     : 512

NUM. OF PIXELS (EXT)   : 262144
NUM. OF RAYS (EXT)     : 393216

NUMBER OF PROCESSES    : 2
NUMBER OF THRD./PROC.  : 60

INTEGER: 4, FLOAT: 4, LONG: 8, SHORT: 2, POINTER: 8
APPROX. MEMORY     TOTAL: 4.394531e+00 GB
APPROX. MEMORY PER PROC.: 2.197266e+00 GB

X START       : -2.560000e+02
Y START       : -2.560000e+02
PIXEL SIZE    : 1.000000e+00
RHO START     : -2.560000e+02
RAY LENGTH    : 1.024000e+03

SPATIAL INDEXING       : 5
SPECTRAL INDEXING      : 5
 1: CARTESIAN, NATURAL
 2: CARTESIAN, TRANSPOSED
 3: MORTON, NATURAL
 4: MORTON, TRANSPOSED
 5: HILBERT
PROJECTION BLOCK SIZE      : 32
BACKPROJECTION BLOCK SIZE  : 32
PROJECTION BUFFER SIZE      : 8 KB
BACKPROJECTION BUFFER SIZE  : 8 KB

SINOGRAM FILE : /shared/scratch/MemXCT/data/CDS1_sinogram.bin
   THETA FILE : /shared/scratch/MemXCT/data/CDS1_theta.bin
  OUTPUT FILE : /shared/scratch/MemXCT/recon_CDS1-1.bin


PLACE TILES
lspat 16 lspatdim 16
lspec 24 lspecdim 32
MPI PARTITIONING
proc: 0 numspats: 128 numpixs: 131072 numspecs: 192 numrays: 196608
proc: 1 numspats: 128 numpixs: 131072 numspecs: 192 numrays: 196608
maxnumpix: 131072 maxnumray: 196608
FILL PIXELS AND RAYS
INPUT THETA DATA
DOMAIN PARTITIONING

CONSTRUCT PROJECTION MATRIX
CSR STORAGE: 235011243 (1.750970 GB) rownzmax 767
RAY-TRACING TIME: 1.514367e-01
CONSTRUCT BACKPROJECTION MATRIX
CSR STORAGE: 235011243 (1.750970 GB) rownzmax 1092
TRANSPOSITION TIME: 1.711399e-01

BLOCKING PROJECTION MATRIX
NUMBER OF BLOCKS: 9820 BUFFSIZE: 2048
NUMBER OF BUFFERS: 19041 AVERAGE BUFF/BLOCK: 1.939002 MAX BUFF/BLOCK: 4
BUFFER MAP: 55181578 (0.205567 GB)
CSR STORAGE: 235011243 (1.313228 GB) buffnzmax: 454 STORAGE EFFICIENCY: 0.749998 DATA REUSE: 4.307003
BLOCKING TIME: 1.554442e-01
BLOCKING BACKPROJECTION MATRIX
NUMBER OF BLOCKS: 4096 BUFFSIZE: 2048
NUMBER OF BUFFERS: 11826 AVERAGE BUFF/BLOCK: 2.887207 MAX BUFF/BLOCK: 3
BUFFER MAP: 44064181 (0.164152 GB)
CSR STORAGE: 235011243 (1.313228 GB) buffnzmax: 479 STORAGE EFFICIENCY: 0.749998 DATA REUSE: 5.333327
BLOCKING TIME: 9.470293e-02

FILL PROJECTION MATRIX
TIME: 1.063818e-01
FILL BACKPROJECTION MATRIX
TIME: 1.161344e-01
REDUCTION MAPPINGS
PREPROCESSING TIME: 1.085568e+00
INPUT MEASUREMENT DATA
INPUT ENDS
GRADIENT-DESCENT OPTIMIZATION
iter: 0 error: 4.959038e+04 gradnorm: 1.560967e+10
iter: 1 error: 5.316521e+03 gradnorm: 4.760841e+08
iter: 2 error: 5.074597e+02 gradnorm: 1.604489e+07
iter: 3 error: 2.940096e+02 gradnorm: 8.082407e+06
iter: 4 error: 1.716273e+02 gradnorm: 1.353846e+06
iter: 5 error: 1.154532e+02 gradnorm: 6.254182e+05
iter: 6 error: 8.903956e+01 gradnorm: 6.549919e+05
iter: 7 error: 7.639445e+01 gradnorm: 9.760977e+05
iter: 8 error: 7.119854e+01 gradnorm: 5.405933e+05
iter: 9 error: 5.778357e+01 gradnorm: 2.259234e+05
iter: 10 error: 4.873892e+01 gradnorm: 1.924538e+05
iter: 11 error: 4.171461e+01 gradnorm: 1.086453e+05
iter: 12 error: 3.749825e+01 gradnorm: 1.865088e+05
iter: 13 error: 3.463542e+01 gradnorm: 1.061675e+05
iter: 14 error: 3.150135e+01 gradnorm: 7.148089e+04
iter: 15 error: 3.053481e+01 gradnorm: 2.002209e+05
iter: 16 error: 2.842233e+01 gradnorm: 5.559587e+04
iter: 17 error: 2.682882e+01 gradnorm: 4.563470e+04
iter: 18 error: 2.524191e+01 gradnorm: 2.666374e+04
iter: 19 error: 2.394851e+01 gradnorm: 2.563797e+04
iter: 20 error: 2.288863e+01 gradnorm: 1.518090e+04
iter: 21 error: 2.212483e+01 gradnorm: 5.790106e+04
iter: 22 error: 2.188355e+01 gradnorm: 1.369435e+04
iter: 23 error: 2.120645e+01 gradnorm: 9.391307e+03
iter: 24 error: 2.068029e+01 gradnorm: 8.303265e+03
recon: 2.729742e+00 proj: 1.582107e+00 (1.284558e+00 7.487259e-02 2.226286e-01) backproj: 8.271615e-01 (1.483128e-01 1.664207e-02 6.621852e-01) ctime: 3.181040e-01 wtime: 2.009807e-03
numproj: 49 numback: 25
proj: 2.569114e+00 s (8.964608 GFLOPS) backproj: 1.324404e+00 s (8.872339 GFLOPS) avGFLOPS: 8.933222 totGFLOPS: 17.866445
proj: 31.103677 GB/s back: 29.944111 GB/s av: 30.709244 GB/s tot: 61.418487 GB/s
Total Time: 4.460706e+00
