Using mpirun from /opt/hpcx-v2.7.0-gcc-MLNX_OFED_LINUX-5.1-0.6.6.0-redhat7.7-x86_64/ompi/bin/mpirun
mpirun (Open MPI) 4.0.4rc3

Report bugs to http://www.open-mpi.org/community/help/
Using hosts: hpc-pg0-1:120
PKEY: 0x001b
NUM. THETA             : 375
NUM. RHO               : 1024
NUM. X PIXELS          : 1024
NUM. Y PIXELS          : 1024

NUM. OF PIXELS         : 1048576
NUM. OF RAYS           : 384000

NUM. ITERATIONS        : 24

SPATIAL TILE SIZE      : 32
SPECTRAL TILE SIZE     : 32

NUMBER OF X TILES      : 32
NUMBER OF Y TILES      : 32
NUM. OF THETA TILES    : 12
NUM. OF RHO TILES      : 32

NUM. SPATIAL TILES     : 1024
NUM. SPECTRAL TILES    : 384

NUM. OF X PIXELS (EXT) : 1024
NUM. OF Y PIXELS (EXT) : 1024
NUM. OF ANGLES (EXT)   : 384
NUM. OF RHOS (EXT)     : 1024

NUM. OF PIXELS (EXT)   : 1048576
NUM. OF RAYS (EXT)     : 393216

NUMBER OF PROCESSES    : 2
NUMBER OF THRD./PROC.  : 60

INTEGER: 4, FLOAT: 4, LONG: 8, SHORT: 2, POINTER: 8
APPROX. MEMORY     TOTAL: 8.789062e+00 GB
APPROX. MEMORY PER PROC.: 4.394531e+00 GB

X START       : -5.120000e+02
Y START       : -5.120000e+02
PIXEL SIZE    : 1.000000e+00
RHO START     : -5.120000e+02
RAY LENGTH    : 2.048000e+03

SPATIAL INDEXING       : 5
SPECTRAL INDEXING      : 5
 1: CARTESIAN, NATURAL
 2: CARTESIAN, TRANSPOSED
 3: MORTON, NATURAL
 4: MORTON, TRANSPOSED
 5: HILBERT
PROJECTION BLOCK SIZE      : 32
BACKPROJECTION BLOCK SIZE  : 32
PROJECTION BUFFER SIZE      : 8 KB
BACKPROJECTION BUFFER SIZE  : 8 KB

SINOGRAM FILE : /shared/scratch/MemXCT/data/CDS2_sinogram.bin
   THETA FILE : /shared/scratch/MemXCT/data/CDS2_theta.bin
  OUTPUT FILE : /shared/scratch/MemXCT/recon_CDS2-1.bin


PLACE TILES
lspat 32 lspatdim 32
lspec 32 lspecdim 32
MPI PARTITIONING
proc: 0 numspats: 512 numpixs: 524288 numspecs: 192 numrays: 196608
proc: 1 numspats: 512 numpixs: 524288 numspecs: 192 numrays: 196608
maxnumpix: 524288 maxnumray: 196608
FILL PIXELS AND RAYS
INPUT THETA DATA
DOMAIN PARTITIONING

CONSTRUCT PROJECTION MATRIX
CSR STORAGE: 470024236 (3.501953 GB) rownzmax 1534
RAY-TRACING TIME: 3.907819e-01
CONSTRUCT BACKPROJECTION MATRIX
CSR STORAGE: 470024236 (3.501953 GB) rownzmax 607
TRANSPOSITION TIME: 3.389305e-01

BLOCKING PROJECTION MATRIX
NUMBER OF BLOCKS: 9817 BUFFSIZE: 2048
NUMBER OF BUFFERS: 37293 AVERAGE BUFF/BLOCK: 3.798818 MAX BUFF/BLOCK: 8
BUFFER MAP: 134650591 (0.501613 GB)
CSR STORAGE: 470024236 (2.626465 GB) buffnzmax: 515 STORAGE EFFICIENCY: 0.749997 DATA REUSE: 3.500019
BLOCKING TIME: 4.488819e-01
BLOCKING BACKPROJECTION MATRIX
NUMBER OF BLOCKS: 16384 BUFFSIZE: 2048
NUMBER OF BUFFERS: 31270 AVERAGE BUFF/BLOCK: 1.908569 MAX BUFF/BLOCK: 2
BUFFER MAP: 88130041 (0.328310 GB)
CSR STORAGE: 470024236 (2.626465 GB) buffnzmax: 488 STORAGE EFFICIENCY: 0.749997 DATA REUSE: 5.332753
BLOCKING TIME: 4.192327e-01

FILL PROJECTION MATRIX
TIME: 5.045424e-01
FILL BACKPROJECTION MATRIX
TIME: 1.990907e-01
REDUCTION MAPPINGS
PREPROCESSING TIME: 2.340239e+00
INPUT MEASUREMENT DATA
INPUT ENDS
GRADIENT-DESCENT OPTIMIZATION
iter: 0 error: 5.498395e+04 gradnorm: 8.391548e+09
iter: 1 error: 1.188449e+04 gradnorm: 6.091303e+08
iter: 2 error: 6.055097e+03 gradnorm: 1.332261e+08
iter: 3 error: 3.391537e+03 gradnorm: 4.188792e+07
iter: 4 error: 2.293080e+03 gradnorm: 2.377326e+07
iter: 5 error: 1.950904e+03 gradnorm: 2.627670e+07
iter: 6 error: 1.553682e+03 gradnorm: 1.184649e+07
iter: 7 error: 1.298077e+03 gradnorm: 8.968634e+06
iter: 8 error: 1.044906e+03 gradnorm: 5.329433e+06
iter: 9 error: 8.758324e+02 gradnorm: 3.791840e+06
iter: 10 error: 7.404731e+02 gradnorm: 2.375208e+06
iter: 11 error: 6.494889e+02 gradnorm: 1.740120e+06
iter: 12 error: 5.754045e+02 gradnorm: 1.293563e+06
iter: 13 error: 5.351021e+02 gradnorm: 2.781446e+06
iter: 14 error: 5.095221e+02 gradnorm: 1.173603e+06
iter: 15 error: 4.721041e+02 gradnorm: 8.119658e+05
iter: 16 error: 4.353989e+02 gradnorm: 6.857005e+05
iter: 17 error: 4.223655e+02 gradnorm: 1.314022e+06
iter: 18 error: 3.999312e+02 gradnorm: 5.116560e+05
iter: 19 error: 3.799462e+02 gradnorm: 4.356238e+05
iter: 20 error: 3.609488e+02 gradnorm: 3.938248e+05
iter: 21 error: 3.499899e+02 gradnorm: 5.362164e+05
iter: 22 error: 3.373672e+02 gradnorm: 2.945168e+05
iter: 23 error: 3.232209e+02 gradnorm: 3.313314e+05
iter: 24 error: 3.186511e+02 gradnorm: 4.928412e+05
recon: 5.350234e+00 proj: 2.895884e+00 (2.345436e+00 8.785836e-02 4.625563e-01) backproj: 1.451978e+00 (2.790710e-01 1.536200e-02 1.157527e+00) ctime: 9.993890e-01 wtime: 1.157164e-03
numproj: 49 numback: 25
proj: 4.690940e+00 s (9.819435 GFLOPS) backproj: 2.316217e+00 s (10.146379 GFLOPS) avGFLOPS: 9.927506 totGFLOPS: 19.855012
proj: 35.084366 GB/s back: 34.244049 GB/s av: 34.806599 GB/s tot: 69.613198 GB/s
Total Time: 8.389014e+00
