Using mpirun from /opt/hpcx-v2.7.0-gcc-MLNX_OFED_LINUX-5.1-0.6.6.0-redhat7.7-x86_64/ompi/bin/mpirun
mpirun (Open MPI) 4.0.4rc3

Report bugs to http://www.open-mpi.org/community/help/
Using hosts: hpc-pg0-1:120,hpc-pg0-2:120,hpc-pg0-3:120,hpc-pg0-4:120
PKEY: 0x001b
NUM. THETA             : 750
NUM. RHO               : 512
NUM. X PIXELS          : 512
NUM. Y PIXELS          : 512

NUM. OF PIXELS         : 262144
NUM. OF RAYS           : 384000

NUM. ITERATIONS        : 24

SPATIAL TILE SIZE      : 32
SPECTRAL TILE SIZE     : 32

NUMBER OF X TILES      : 16
NUMBER OF Y TILES      : 16
NUM. OF THETA TILES    : 24
NUM. OF RHO TILES      : 16

NUM. SPATIAL TILES     : 256
NUM. SPECTRAL TILES    : 384

NUM. OF X PIXELS (EXT) : 512
NUM. OF Y PIXELS (EXT) : 512
NUM. OF ANGLES (EXT)   : 768
NUM. OF RHOS (EXT)     : 512

NUM. OF PIXELS (EXT)   : 262144
NUM. OF RAYS (EXT)     : 393216

NUMBER OF PROCESSES    : 8
NUMBER OF THRD./PROC.  : 60

INTEGER: 4, FLOAT: 4, LONG: 8, SHORT: 2, POINTER: 8
APPROX. MEMORY     TOTAL: 4.394531e+00 GB
APPROX. MEMORY PER PROC.: 5.493164e-01 GB

X START       : -2.560000e+02
Y START       : -2.560000e+02
PIXEL SIZE    : 1.000000e+00
RHO START     : -2.560000e+02
RAY LENGTH    : 1.024000e+03

SPATIAL INDEXING       : 5
SPECTRAL INDEXING      : 5
 1: CARTESIAN, NATURAL
 2: CARTESIAN, TRANSPOSED
 3: MORTON, NATURAL
 4: MORTON, TRANSPOSED
 5: HILBERT
PROJECTION BLOCK SIZE      : 32
BACKPROJECTION BLOCK SIZE  : 32
PROJECTION BUFFER SIZE      : 8 KB
BACKPROJECTION BUFFER SIZE  : 8 KB

SINOGRAM FILE : /shared/scratch/MemXCT/data/CDS1_sinogram.bin
   THETA FILE : /shared/scratch/MemXCT/data/CDS1_theta.bin
  OUTPUT FILE : /shared/scratch/MemXCT/recon_CDS1-1.bin


PLACE TILES
lspat 16 lspatdim 16
lspec 24 lspecdim 32
MPI PARTITIONING
proc: 0 numspats: 32 numpixs: 32768 numspecs: 48 numrays: 49152
proc: 1 numspats: 32 numpixs: 32768 numspecs: 48 numrays: 49152
proc: 2 numspats: 32 numpixs: 32768 numspecs: 48 numrays: 49152
proc: 3 numspats: 32 numpixs: 32768 numspecs: 48 numrays: 49152
proc: 4 numspats: 32 numpixs: 32768 numspecs: 48 numrays: 49152
proc: 5 numspats: 32 numpixs: 32768 numspecs: 48 numrays: 49152
proc: 6 numspats: 32 numpixs: 32768 numspecs: 48 numrays: 49152
proc: 7 numspats: 32 numpixs: 32768 numspecs: 48 numrays: 49152
maxnumpix: 32768 maxnumray: 49152
FILL PIXELS AND RAYS
INPUT THETA DATA
DOMAIN PARTITIONING

CONSTRUCT PROJECTION MATRIX
CSR STORAGE: 235011243 (1.750970 GB) rownzmax 383
RAY-TRACING TIME: 6.066764e-02
CONSTRUCT BACKPROJECTION MATRIX
CSR STORAGE: 235011243 (1.750970 GB) rownzmax 1042
TRANSPOSITION TIME: 7.298028e-02

BLOCKING PROJECTION MATRIX
NUMBER OF BLOCKS: 4910 BUFFSIZE: 2048
NUMBER OF BUFFERS: 5712 AVERAGE BUFF/BLOCK: 1.163340 MAX BUFF/BLOCK: 2
BUFFER MAP: 54037732 (0.201306 GB)
CSR STORAGE: 235011243 (1.313228 GB) buffnzmax: 381 STORAGE EFFICIENCY: 0.176621 DATA REUSE: 4.141162
BLOCKING TIME: 1.486844e-01
BLOCKING BACKPROJECTION MATRIX
NUMBER OF BLOCKS: 1024 BUFFSIZE: 2048
NUMBER OF BUFFERS: 2844 AVERAGE BUFF/BLOCK: 2.777344 MAX BUFF/BLOCK: 3
BUFFER MAP: 44064181 (0.164152 GB)
CSR STORAGE: 235011243 (1.313228 GB) buffnzmax: 461 STORAGE EFFICIENCY: 0.176621 DATA REUSE: 5.331449
BLOCKING TIME: 1.240549e-01

FILL PROJECTION MATRIX
TIME: 8.078518e-02
FILL BACKPROJECTION MATRIX
TIME: 3.608437e-02
REDUCTION MAPPINGS
PREPROCESSING TIME: 5.737154e-01
INPUT MEASUREMENT DATA
INPUT ENDS
GRADIENT-DESCENT OPTIMIZATION
iter: 0 error: 4.959038e+04 gradnorm: 1.560967e+10
iter: 1 error: 5.316522e+03 gradnorm: 4.760839e+08
iter: 2 error: 5.074598e+02 gradnorm: 1.604489e+07
iter: 3 error: 2.940097e+02 gradnorm: 8.082406e+06
iter: 4 error: 1.716273e+02 gradnorm: 1.353846e+06
iter: 5 error: 1.154530e+02 gradnorm: 6.253481e+05
iter: 6 error: 8.899925e+01 gradnorm: 6.423050e+05
iter: 7 error: 7.493923e+01 gradnorm: 6.518681e+05
iter: 8 error: 7.037939e+01 gradnorm: 7.549601e+05
iter: 9 error: 5.778120e+01 gradnorm: 2.266689e+05
iter: 10 error: 4.873890e+01 gradnorm: 1.924562e+05
iter: 11 error: 4.171449e+01 gradnorm: 1.086317e+05
iter: 12 error: 3.749618e+01 gradnorm: 1.864165e+05
iter: 13 error: 3.463459e+01 gradnorm: 1.061124e+05
iter: 14 error: 3.147729e+01 gradnorm: 6.380813e+04
iter: 15 error: 2.986179e+01 gradnorm: 2.471906e+05
iter: 16 error: 2.841419e+01 gradnorm: 5.795263e+04
iter: 17 error: 2.682876e+01 gradnorm: 4.565630e+04
iter: 18 error: 2.524191e+01 gradnorm: 2.666375e+04
iter: 19 error: 2.394850e+01 gradnorm: 2.563714e+04
iter: 20 error: 2.288818e+01 gradnorm: 1.502791e+04
iter: 21 error: 2.196891e+01 gradnorm: 1.599863e+04
iter: 22 error: 2.180439e+01 gradnorm: 3.610288e+04
iter: 23 error: 2.120619e+01 gradnorm: 9.429323e+03
iter: 24 error: 2.067544e+01 gradnorm: 7.735292e+03
recon: 6.457194e+00 proj: 2.937761e+00 (1.938385e+00 9.908955e-02 9.002472e-01) backproj: 1.649249e+00 (8.804698e-01 4.893204e-02 7.198261e-01) ctime: 1.784976e+00 wtime: 1.993234e-02
numproj: 49 numback: 25
proj: 1.551342e+01 s (1.484592 GFLOPS) backproj: 5.741173e+00 s (2.046718 GFLOPS) avGFLOPS: 1.636430 totGFLOPS: 13.091444
proj: 5.136501 GB/s back: 6.907666 GB/s av: 5.614918 GB/s tot: 44.919346 GB/s
Total Time: 7.972721e+00
