Using mpirun from /opt/hpcx-v2.7.0-gcc-MLNX_OFED_LINUX-5.1-0.6.6.0-redhat7.7-x86_64/ompi/bin/mpirun
mpirun (Open MPI) 4.0.4rc3

Report bugs to http://www.open-mpi.org/community/help/
Using hosts: hpc-pg0-1:120,hpc-pg0-2:120,hpc-pg0-3:120,hpc-pg0-4:120
PKEY: 0x001b
NUM. THETA             : 750
NUM. RHO               : 512
NUM. X PIXELS          : 512
NUM. Y PIXELS          : 512

NUM. OF PIXELS         : 262144
NUM. OF RAYS           : 384000

NUM. ITERATIONS        : 24

SPATIAL TILE SIZE      : 32
SPECTRAL TILE SIZE     : 32

NUMBER OF X TILES      : 16
NUMBER OF Y TILES      : 16
NUM. OF THETA TILES    : 24
NUM. OF RHO TILES      : 16

NUM. SPATIAL TILES     : 256
NUM. SPECTRAL TILES    : 384

NUM. OF X PIXELS (EXT) : 512
NUM. OF Y PIXELS (EXT) : 512
NUM. OF ANGLES (EXT)   : 768
NUM. OF RHOS (EXT)     : 512

NUM. OF PIXELS (EXT)   : 262144
NUM. OF RAYS (EXT)     : 393216

NUMBER OF PROCESSES    : 8
NUMBER OF THRD./PROC.  : 60

INTEGER: 4, FLOAT: 4, LONG: 8, SHORT: 2, POINTER: 8
APPROX. MEMORY     TOTAL: 4.394531e+00 GB
APPROX. MEMORY PER PROC.: 5.493164e-01 GB

X START       : -2.560000e+02
Y START       : -2.560000e+02
PIXEL SIZE    : 1.000000e+00
RHO START     : -2.560000e+02
RAY LENGTH    : 1.024000e+03

SPATIAL INDEXING       : 5
SPECTRAL INDEXING      : 5
 1: CARTESIAN, NATURAL
 2: CARTESIAN, TRANSPOSED
 3: MORTON, NATURAL
 4: MORTON, TRANSPOSED
 5: HILBERT
PROJECTION BLOCK SIZE      : 32
BACKPROJECTION BLOCK SIZE  : 32
PROJECTION BUFFER SIZE      : 8 KB
BACKPROJECTION BUFFER SIZE  : 8 KB

SINOGRAM FILE : /shared/scratch/MemXCT/data/CDS1_sinogram.bin
   THETA FILE : /shared/scratch/MemXCT/data/CDS1_theta.bin
  OUTPUT FILE : /shared/scratch/MemXCT/recon_CDS1-1.bin


PLACE TILES
lspat 16 lspatdim 16
lspec 24 lspecdim 32
MPI PARTITIONING
proc: 0 numspats: 32 numpixs: 32768 numspecs: 48 numrays: 49152
proc: 1 numspats: 32 numpixs: 32768 numspecs: 48 numrays: 49152
proc: 2 numspats: 32 numpixs: 32768 numspecs: 48 numrays: 49152
proc: 3 numspats: 32 numpixs: 32768 numspecs: 48 numrays: 49152
proc: 4 numspats: 32 numpixs: 32768 numspecs: 48 numrays: 49152
proc: 5 numspats: 32 numpixs: 32768 numspecs: 48 numrays: 49152
proc: 6 numspats: 32 numpixs: 32768 numspecs: 48 numrays: 49152
proc: 7 numspats: 32 numpixs: 32768 numspecs: 48 numrays: 49152
maxnumpix: 32768 maxnumray: 49152
FILL PIXELS AND RAYS
INPUT THETA DATA
DOMAIN PARTITIONING

CONSTRUCT PROJECTION MATRIX
CSR STORAGE: 235011243 (1.750970 GB) rownzmax 383
RAY-TRACING TIME: 5.270013e-02
CONSTRUCT BACKPROJECTION MATRIX
CSR STORAGE: 235011243 (1.750970 GB) rownzmax 1042
TRANSPOSITION TIME: 1.314254e-01

BLOCKING PROJECTION MATRIX
NUMBER OF BLOCKS: 4910 BUFFSIZE: 2048
NUMBER OF BUFFERS: 5712 AVERAGE BUFF/BLOCK: 1.163340 MAX BUFF/BLOCK: 2
BUFFER MAP: 54037732 (0.201306 GB)
CSR STORAGE: 235011243 (1.313228 GB) buffnzmax: 381 STORAGE EFFICIENCY: 0.176621 DATA REUSE: 4.141162
BLOCKING TIME: 1.012800e-01
BLOCKING BACKPROJECTION MATRIX
NUMBER OF BLOCKS: 1024 BUFFSIZE: 2048
NUMBER OF BUFFERS: 2844 AVERAGE BUFF/BLOCK: 2.777344 MAX BUFF/BLOCK: 3
BUFFER MAP: 44064181 (0.164152 GB)
CSR STORAGE: 235011243 (1.313228 GB) buffnzmax: 461 STORAGE EFFICIENCY: 0.176621 DATA REUSE: 5.331449
BLOCKING TIME: 1.120818e-01

FILL PROJECTION MATRIX
TIME: 8.938237e-02
FILL BACKPROJECTION MATRIX
TIME: 3.120163e-02
REDUCTION MAPPINGS
PREPROCESSING TIME: 6.138533e-01
INPUT MEASUREMENT DATA
INPUT ENDS
GRADIENT-DESCENT OPTIMIZATION
iter: 0 error: 4.959038e+04 gradnorm: 1.560967e+10
iter: 1 error: 5.316521e+03 gradnorm: 4.760838e+08
iter: 2 error: 5.074598e+02 gradnorm: 1.604489e+07
iter: 3 error: 2.940097e+02 gradnorm: 8.082409e+06
iter: 4 error: 1.716274e+02 gradnorm: 1.353846e+06
iter: 5 error: 1.154532e+02 gradnorm: 6.254000e+05
iter: 6 error: 8.902888e+01 gradnorm: 6.516328e+05
iter: 7 error: 7.604929e+01 gradnorm: 9.090681e+05
iter: 8 error: 7.110913e+01 gradnorm: 5.656524e+05
iter: 9 error: 5.778334e+01 gradnorm: 2.259997e+05
iter: 10 error: 4.873890e+01 gradnorm: 1.924531e+05
iter: 11 error: 4.171448e+01 gradnorm: 1.086294e+05
iter: 12 error: 3.749584e+01 gradnorm: 1.864096e+05
iter: 13 error: 3.463501e+01 gradnorm: 1.062585e+05
iter: 14 error: 3.151387e+01 gradnorm: 7.542953e+04
iter: 15 error: 3.066357e+01 gradnorm: 1.771897e+05
iter: 16 error: 2.842325e+01 gradnorm: 5.533251e+04
iter: 17 error: 2.682885e+01 gradnorm: 4.563207e+04
iter: 18 error: 2.524191e+01 gradnorm: 2.666362e+04
iter: 19 error: 2.394850e+01 gradnorm: 2.563766e+04
iter: 20 error: 2.288847e+01 gradnorm: 1.512735e+04
iter: 21 error: 2.207732e+01 gradnorm: 4.718268e+04
iter: 22 error: 2.188100e+01 gradnorm: 1.451729e+04
iter: 23 error: 2.120639e+01 gradnorm: 9.385687e+03
iter: 24 error: 2.067770e+01 gradnorm: 8.000751e+03
recon: 6.524128e+00 proj: 2.692689e+00 (1.741602e+00 1.279463e-01 8.231059e-01) backproj: 2.171119e+00 (1.440442e+00 5.338617e-02 6.772774e-01) ctime: 1.605672e+00 wtime: 2.375572e-02
numproj: 49 numback: 25
proj: 1.392211e+01 s (1.654283 GFLOPS) backproj: 5.429605e+00 s (2.164165 GFLOPS) avGFLOPS: 1.797343 totGFLOPS: 14.378745
proj: 5.723610 GB/s back: 7.304049 GB/s av: 6.167042 GB/s tot: 49.336332 GB/s
Total Time: 8.213199e+00
