Using mpirun from /opt/hpcx-v2.7.0-gcc-MLNX_OFED_LINUX-5.1-0.6.6.0-redhat7.7-x86_64/ompi/bin/mpirun
mpirun (Open MPI) 4.0.4rc3

Report bugs to http://www.open-mpi.org/community/help/
Using hosts: hpc-pg0-3:120
PKEY: 0x001b
NUM. THETA             : 375
NUM. RHO               : 1024
NUM. X PIXELS          : 1024
NUM. Y PIXELS          : 1024

NUM. OF PIXELS         : 1048576
NUM. OF RAYS           : 384000

NUM. ITERATIONS        : 24

SPATIAL TILE SIZE      : 32
SPECTRAL TILE SIZE     : 32

NUMBER OF X TILES      : 32
NUMBER OF Y TILES      : 32
NUM. OF THETA TILES    : 12
NUM. OF RHO TILES      : 32

NUM. SPATIAL TILES     : 1024
NUM. SPECTRAL TILES    : 384

NUM. OF X PIXELS (EXT) : 1024
NUM. OF Y PIXELS (EXT) : 1024
NUM. OF ANGLES (EXT)   : 384
NUM. OF RHOS (EXT)     : 1024

NUM. OF PIXELS (EXT)   : 1048576
NUM. OF RAYS (EXT)     : 393216

NUMBER OF PROCESSES    : 2
NUMBER OF THRD./PROC.  : 60

INTEGER: 4, FLOAT: 4, LONG: 8, SHORT: 2, POINTER: 8
APPROX. MEMORY     TOTAL: 8.789062e+00 GB
APPROX. MEMORY PER PROC.: 4.394531e+00 GB

X START       : -5.120000e+02
Y START       : -5.120000e+02
PIXEL SIZE    : 1.000000e+00
RHO START     : -5.120000e+02
RAY LENGTH    : 2.048000e+03

SPATIAL INDEXING       : 5
SPECTRAL INDEXING      : 5
 1: CARTESIAN, NATURAL
 2: CARTESIAN, TRANSPOSED
 3: MORTON, NATURAL
 4: MORTON, TRANSPOSED
 5: HILBERT
PROJECTION BLOCK SIZE      : 32
BACKPROJECTION BLOCK SIZE  : 32
PROJECTION BUFFER SIZE      : 8 KB
BACKPROJECTION BUFFER SIZE  : 8 KB

SINOGRAM FILE : /shared/scratch/MemXCT/data/CDS2_sinogram.bin
   THETA FILE : /shared/scratch/MemXCT/data/CDS2_theta.bin
  OUTPUT FILE : /shared/scratch/MemXCT/recon_CDS2-1.bin


PLACE TILES
lspat 32 lspatdim 32
lspec 32 lspecdim 32
MPI PARTITIONING
proc: 0 numspats: 512 numpixs: 524288 numspecs: 192 numrays: 196608
proc: 1 numspats: 512 numpixs: 524288 numspecs: 192 numrays: 196608
maxnumpix: 524288 maxnumray: 196608
FILL PIXELS AND RAYS
INPUT THETA DATA
DOMAIN PARTITIONING

CONSTRUCT PROJECTION MATRIX
CSR STORAGE: 470024236 (3.501953 GB) rownzmax 1534
RAY-TRACING TIME: 3.914249e-01
CONSTRUCT BACKPROJECTION MATRIX
CSR STORAGE: 470024236 (3.501953 GB) rownzmax 607
TRANSPOSITION TIME: 3.218436e-01

BLOCKING PROJECTION MATRIX
NUMBER OF BLOCKS: 9817 BUFFSIZE: 2048
NUMBER OF BUFFERS: 37293 AVERAGE BUFF/BLOCK: 3.798818 MAX BUFF/BLOCK: 8
BUFFER MAP: 134650591 (0.501613 GB)
CSR STORAGE: 470024236 (2.626465 GB) buffnzmax: 515 STORAGE EFFICIENCY: 0.749997 DATA REUSE: 3.500019
BLOCKING TIME: 3.386924e-01
BLOCKING BACKPROJECTION MATRIX
NUMBER OF BLOCKS: 16384 BUFFSIZE: 2048
NUMBER OF BUFFERS: 31270 AVERAGE BUFF/BLOCK: 1.908569 MAX BUFF/BLOCK: 2
BUFFER MAP: 88130041 (0.328310 GB)
CSR STORAGE: 470024236 (2.626465 GB) buffnzmax: 488 STORAGE EFFICIENCY: 0.749997 DATA REUSE: 5.332753
BLOCKING TIME: 4.824736e-01

FILL PROJECTION MATRIX
TIME: 4.990072e-01
FILL BACKPROJECTION MATRIX
TIME: 1.649804e-01
REDUCTION MAPPINGS
PREPROCESSING TIME: 2.237821e+00
INPUT MEASUREMENT DATA
INPUT ENDS
GRADIENT-DESCENT OPTIMIZATION
iter: 0 error: 5.498395e+04 gradnorm: 8.391548e+09
iter: 1 error: 1.188449e+04 gradnorm: 6.091305e+08
iter: 2 error: 6.055097e+03 gradnorm: 1.332261e+08
iter: 3 error: 3.391537e+03 gradnorm: 4.188792e+07
iter: 4 error: 2.293080e+03 gradnorm: 2.377325e+07
iter: 5 error: 1.950904e+03 gradnorm: 2.627667e+07
iter: 6 error: 1.553682e+03 gradnorm: 1.184650e+07
iter: 7 error: 1.298077e+03 gradnorm: 8.968639e+06
iter: 8 error: 1.044906e+03 gradnorm: 5.329440e+06
iter: 9 error: 8.758325e+02 gradnorm: 3.791873e+06
iter: 10 error: 7.404789e+02 gradnorm: 2.376292e+06
iter: 11 error: 6.497640e+02 gradnorm: 1.789768e+06
iter: 12 error: 5.880021e+02 gradnorm: 3.134890e+06
iter: 13 error: 5.617144e+02 gradnorm: 1.434068e+06
iter: 14 error: 5.104952e+02 gradnorm: 1.021741e+06
iter: 15 error: 4.725713e+02 gradnorm: 8.802751e+05
iter: 16 error: 4.484610e+02 gradnorm: 1.858254e+06
iter: 17 error: 4.285853e+02 gradnorm: 5.803060e+05
iter: 18 error: 4.000278e+02 gradnorm: 4.968485e+05
iter: 19 error: 3.799353e+02 gradnorm: 4.343957e+05
iter: 20 error: 3.607952e+02 gradnorm: 3.819662e+05
iter: 21 error: 3.493914e+02 gradnorm: 5.467057e+05
iter: 22 error: 3.373684e+02 gradnorm: 3.072222e+05
iter: 23 error: 3.258540e+02 gradnorm: 6.745345e+05
iter: 24 error: 3.201468e+02 gradnorm: 2.793855e+05
recon: 5.663774e+00 proj: 2.891373e+00 (2.387986e+00 8.090040e-02 4.224414e-01) backproj: 1.690807e+00 (2.966920e-01 1.366079e-02 1.380355e+00) ctime: 1.080812e+00 wtime: 6.183360e-04
numproj: 49 numback: 25
proj: 4.775922e+00 s (9.644709 GFLOPS) backproj: 2.760491e+00 s (8.513417 GFLOPS) avGFLOPS: 9.230331 totGFLOPS: 18.460662
proj: 34.460078 GB/s back: 28.732799 GB/s av: 32.362250 GB/s tot: 64.724499 GB/s
Total Time: 8.652971e+00
