Using mpirun from /opt/hpcx-v2.7.0-gcc-MLNX_OFED_LINUX-5.1-0.6.6.0-redhat7.7-x86_64/ompi/bin/mpirun
mpirun (Open MPI) 4.0.4rc3

Report bugs to http://www.open-mpi.org/community/help/
Using hosts: hpc-pg0-1:120
PKEY: 0x001b
NUM. THETA             : 375
NUM. RHO               : 1024
NUM. X PIXELS          : 1024
NUM. Y PIXELS          : 1024

NUM. OF PIXELS         : 1048576
NUM. OF RAYS           : 384000

NUM. ITERATIONS        : 24

SPATIAL TILE SIZE      : 32
SPECTRAL TILE SIZE     : 32

NUMBER OF X TILES      : 32
NUMBER OF Y TILES      : 32
NUM. OF THETA TILES    : 12
NUM. OF RHO TILES      : 32

NUM. SPATIAL TILES     : 1024
NUM. SPECTRAL TILES    : 384

NUM. OF X PIXELS (EXT) : 1024
NUM. OF Y PIXELS (EXT) : 1024
NUM. OF ANGLES (EXT)   : 384
NUM. OF RHOS (EXT)     : 1024

NUM. OF PIXELS (EXT)   : 1048576
NUM. OF RAYS (EXT)     : 393216

NUMBER OF PROCESSES    : 2
NUMBER OF THRD./PROC.  : 60

INTEGER: 4, FLOAT: 4, LONG: 8, SHORT: 2, POINTER: 8
APPROX. MEMORY     TOTAL: 8.789062e+00 GB
APPROX. MEMORY PER PROC.: 4.394531e+00 GB

X START       : -5.120000e+02
Y START       : -5.120000e+02
PIXEL SIZE    : 1.000000e+00
RHO START     : -5.120000e+02
RAY LENGTH    : 2.048000e+03

SPATIAL INDEXING       : 5
SPECTRAL INDEXING      : 5
 1: CARTESIAN, NATURAL
 2: CARTESIAN, TRANSPOSED
 3: MORTON, NATURAL
 4: MORTON, TRANSPOSED
 5: HILBERT
PROJECTION BLOCK SIZE      : 32
BACKPROJECTION BLOCK SIZE  : 32
PROJECTION BUFFER SIZE      : 8 KB
BACKPROJECTION BUFFER SIZE  : 8 KB

SINOGRAM FILE : /shared/scratch/MemXCT/data/CDS2_sinogram.bin
   THETA FILE : /shared/scratch/MemXCT/data/CDS2_theta.bin
  OUTPUT FILE : /shared/scratch/MemXCT/recon_CDS2-1.bin


PLACE TILES
lspat 32 lspatdim 32
lspec 32 lspecdim 32
MPI PARTITIONING
proc: 0 numspats: 512 numpixs: 524288 numspecs: 192 numrays: 196608
proc: 1 numspats: 512 numpixs: 524288 numspecs: 192 numrays: 196608
maxnumpix: 524288 maxnumray: 196608
FILL PIXELS AND RAYS
INPUT THETA DATA
DOMAIN PARTITIONING

CONSTRUCT PROJECTION MATRIX
CSR STORAGE: 470024236 (3.501953 GB) rownzmax 1534
RAY-TRACING TIME: 3.870619e-01
CONSTRUCT BACKPROJECTION MATRIX
CSR STORAGE: 470024236 (3.501953 GB) rownzmax 607
TRANSPOSITION TIME: 2.861211e-01

BLOCKING PROJECTION MATRIX
NUMBER OF BLOCKS: 9817 BUFFSIZE: 2048
NUMBER OF BUFFERS: 37293 AVERAGE BUFF/BLOCK: 3.798818 MAX BUFF/BLOCK: 8
BUFFER MAP: 134650591 (0.501613 GB)
CSR STORAGE: 470024236 (2.626465 GB) buffnzmax: 515 STORAGE EFFICIENCY: 0.749997 DATA REUSE: 3.500019
BLOCKING TIME: 2.909379e-01
BLOCKING BACKPROJECTION MATRIX
NUMBER OF BLOCKS: 16384 BUFFSIZE: 2048
NUMBER OF BUFFERS: 31270 AVERAGE BUFF/BLOCK: 1.908569 MAX BUFF/BLOCK: 2
BUFFER MAP: 88130041 (0.328310 GB)
CSR STORAGE: 470024236 (2.626465 GB) buffnzmax: 488 STORAGE EFFICIENCY: 0.749997 DATA REUSE: 5.332753
BLOCKING TIME: 4.452676e-01

FILL PROJECTION MATRIX
TIME: 5.131494e-01
FILL BACKPROJECTION MATRIX
TIME: 1.752532e-01
REDUCTION MAPPINGS
PREPROCESSING TIME: 2.177828e+00
INPUT MEASUREMENT DATA
INPUT ENDS
GRADIENT-DESCENT OPTIMIZATION
iter: 0 error: 5.498395e+04 gradnorm: 8.391548e+09
iter: 1 error: 1.188449e+04 gradnorm: 6.091306e+08
iter: 2 error: 6.055097e+03 gradnorm: 1.332261e+08
iter: 3 error: 3.391537e+03 gradnorm: 4.188791e+07
iter: 4 error: 2.293080e+03 gradnorm: 2.377323e+07
iter: 5 error: 1.950904e+03 gradnorm: 2.627669e+07
iter: 6 error: 1.553682e+03 gradnorm: 1.184650e+07
iter: 7 error: 1.298077e+03 gradnorm: 8.968636e+06
iter: 8 error: 1.044906e+03 gradnorm: 5.329440e+06
iter: 9 error: 8.758328e+02 gradnorm: 3.791927e+06
iter: 10 error: 7.404910e+02 gradnorm: 2.378501e+06
iter: 11 error: 6.503160e+02 gradnorm: 1.888294e+06
iter: 12 error: 6.017854e+02 gradnorm: 4.010119e+06
iter: 13 error: 5.627627e+02 gradnorm: 1.258904e+06
iter: 14 error: 5.104975e+02 gradnorm: 1.017615e+06
iter: 15 error: 4.721514e+02 gradnorm: 8.147029e+05
iter: 16 error: 4.370438e+02 gradnorm: 9.416176e+05
iter: 17 error: 4.264807e+02 gradnorm: 8.907201e+05
iter: 18 error: 4.000027e+02 gradnorm: 5.010217e+05
iter: 19 error: 3.799534e+02 gradnorm: 4.358661e+05
iter: 20 error: 3.610239e+02 gradnorm: 4.001711e+05
iter: 21 error: 3.503462e+02 gradnorm: 5.445742e+05
iter: 22 error: 3.383894e+02 gradnorm: 4.376118e+05
iter: 23 error: 3.329798e+02 gradnorm: 5.206853e+05
iter: 24 error: 3.203898e+02 gradnorm: 2.365612e+05
recon: 4.382890e+00 proj: 2.513014e+00 (2.208924e+00 7.020754e-02 2.338302e-01) backproj: 1.340549e+00 (1.287359e-01 1.530609e-02 1.196467e+00) ctime: 5.283053e-01 wtime: 8.889450e-04
numproj: 49 numback: 25
proj: 4.417735e+00 s (10.426695 GFLOPS) backproj: 2.392915e+00 s (9.821165 GFLOPS) avGFLOPS: 10.213943 totGFLOPS: 20.427886
proj: 37.254079 GB/s back: 33.146454 GB/s av: 35.810869 GB/s tot: 71.621739 GB/s
Total Time: 7.292832e+00
