Using mpirun from /opt/hpcx-v2.7.0-gcc-MLNX_OFED_LINUX-5.1-0.6.6.0-redhat7.7-x86_64/ompi/bin/mpirun
mpirun (Open MPI) 4.0.4rc3

Report bugs to http://www.open-mpi.org/community/help/
Using hosts: hpc-pg0-4:120
PKEY: 0x001b
NUM. THETA             : 750
NUM. RHO               : 512
NUM. X PIXELS          : 512
NUM. Y PIXELS          : 512

NUM. OF PIXELS         : 262144
NUM. OF RAYS           : 384000

NUM. ITERATIONS        : 24

SPATIAL TILE SIZE      : 32
SPECTRAL TILE SIZE     : 32

NUMBER OF X TILES      : 16
NUMBER OF Y TILES      : 16
NUM. OF THETA TILES    : 24
NUM. OF RHO TILES      : 16

NUM. SPATIAL TILES     : 256
NUM. SPECTRAL TILES    : 384

NUM. OF X PIXELS (EXT) : 512
NUM. OF Y PIXELS (EXT) : 512
NUM. OF ANGLES (EXT)   : 768
NUM. OF RHOS (EXT)     : 512

NUM. OF PIXELS (EXT)   : 262144
NUM. OF RAYS (EXT)     : 393216

NUMBER OF PROCESSES    : 2
NUMBER OF THRD./PROC.  : 60

INTEGER: 4, FLOAT: 4, LONG: 8, SHORT: 2, POINTER: 8
APPROX. MEMORY     TOTAL: 4.394531e+00 GB
APPROX. MEMORY PER PROC.: 2.197266e+00 GB

X START       : -2.560000e+02
Y START       : -2.560000e+02
PIXEL SIZE    : 1.000000e+00
RHO START     : -2.560000e+02
RAY LENGTH    : 1.024000e+03

SPATIAL INDEXING       : 5
SPECTRAL INDEXING      : 5
 1: CARTESIAN, NATURAL
 2: CARTESIAN, TRANSPOSED
 3: MORTON, NATURAL
 4: MORTON, TRANSPOSED
 5: HILBERT
PROJECTION BLOCK SIZE      : 32
BACKPROJECTION BLOCK SIZE  : 32
PROJECTION BUFFER SIZE      : 8 KB
BACKPROJECTION BUFFER SIZE  : 8 KB

SINOGRAM FILE : /shared/scratch/MemXCT/data/CDS1_sinogram.bin
   THETA FILE : /shared/scratch/MemXCT/data/CDS1_theta.bin
  OUTPUT FILE : /shared/scratch/MemXCT/recon_CDS1-1.bin


PLACE TILES
lspat 16 lspatdim 16
lspec 24 lspecdim 32
MPI PARTITIONING
proc: 0 numspats: 128 numpixs: 131072 numspecs: 192 numrays: 196608
proc: 1 numspats: 128 numpixs: 131072 numspecs: 192 numrays: 196608
maxnumpix: 131072 maxnumray: 196608
FILL PIXELS AND RAYS
INPUT THETA DATA
DOMAIN PARTITIONING

CONSTRUCT PROJECTION MATRIX
CSR STORAGE: 235011243 (1.750970 GB) rownzmax 767
RAY-TRACING TIME: 1.456612e-01
CONSTRUCT BACKPROJECTION MATRIX
CSR STORAGE: 235011243 (1.750970 GB) rownzmax 1092
TRANSPOSITION TIME: 1.329596e-01

BLOCKING PROJECTION MATRIX
NUMBER OF BLOCKS: 9820 BUFFSIZE: 2048
NUMBER OF BUFFERS: 19041 AVERAGE BUFF/BLOCK: 1.939002 MAX BUFF/BLOCK: 4
BUFFER MAP: 55181578 (0.205567 GB)
CSR STORAGE: 235011243 (1.313228 GB) buffnzmax: 454 STORAGE EFFICIENCY: 0.749998 DATA REUSE: 4.307003
BLOCKING TIME: 1.759641e-01
BLOCKING BACKPROJECTION MATRIX
NUMBER OF BLOCKS: 4096 BUFFSIZE: 2048
NUMBER OF BUFFERS: 11826 AVERAGE BUFF/BLOCK: 2.887207 MAX BUFF/BLOCK: 3
BUFFER MAP: 44064181 (0.164152 GB)
CSR STORAGE: 235011243 (1.313228 GB) buffnzmax: 479 STORAGE EFFICIENCY: 0.749998 DATA REUSE: 5.333327
BLOCKING TIME: 1.499935e-01

FILL PROJECTION MATRIX
TIME: 8.855290e-02
FILL BACKPROJECTION MATRIX
TIME: 9.952176e-02
REDUCTION MAPPINGS
PREPROCESSING TIME: 8.992032e-01
INPUT MEASUREMENT DATA
INPUT ENDS
GRADIENT-DESCENT OPTIMIZATION
iter: 0 error: 4.959038e+04 gradnorm: 1.560967e+10
iter: 1 error: 5.316521e+03 gradnorm: 4.760840e+08
iter: 2 error: 5.074598e+02 gradnorm: 1.604488e+07
iter: 3 error: 2.940096e+02 gradnorm: 8.082411e+06
iter: 4 error: 1.716273e+02 gradnorm: 1.353846e+06
iter: 5 error: 1.154533e+02 gradnorm: 6.254345e+05
iter: 6 error: 8.904825e+01 gradnorm: 6.577276e+05
iter: 7 error: 7.665777e+01 gradnorm: 1.023100e+06
iter: 8 error: 7.125114e+01 gradnorm: 5.256521e+05
iter: 9 error: 5.778372e+01 gradnorm: 2.258787e+05
iter: 10 error: 4.873890e+01 gradnorm: 1.924530e+05
iter: 11 error: 4.171455e+01 gradnorm: 1.086378e+05
iter: 12 error: 3.749711e+01 gradnorm: 1.864614e+05
iter: 13 error: 3.463518e+01 gradnorm: 1.061980e+05
iter: 14 error: 3.150406e+01 gradnorm: 7.234469e+04
iter: 15 error: 3.056859e+01 gradnorm: 1.946153e+05
iter: 16 error: 2.842258e+01 gradnorm: 5.552320e+04
iter: 17 error: 2.682882e+01 gradnorm: 4.563401e+04
iter: 18 error: 2.524190e+01 gradnorm: 2.666372e+04
iter: 19 error: 2.394851e+01 gradnorm: 2.563877e+04
iter: 20 error: 2.288907e+01 gradnorm: 1.532982e+04
iter: 21 error: 2.222938e+01 gradnorm: 7.515432e+04
iter: 22 error: 2.188604e+01 gradnorm: 1.288529e+04
iter: 23 error: 2.120674e+01 gradnorm: 9.424064e+03
iter: 24 error: 2.069240e+01 gradnorm: 9.661189e+03
recon: 3.429086e+00 proj: 1.727188e+00 (1.425138e+00 6.350850e-02 2.384909e-01) backproj: 1.255057e+00 (5.346851e-01 1.677951e-02 7.035728e-01) ctime: 4.448912e-01 wtime: 1.641701e-03
numproj: 49 numback: 25
proj: 2.850506e+00 s (8.079654 GFLOPS) backproj: 1.407362e+00 s (8.349355 GFLOPS) avGFLOPS: 8.168799 totGFLOPS: 16.337597
proj: 28.033231 GB/s back: 28.179042 GB/s av: 28.081426 GB/s tot: 56.162852 GB/s
Total Time: 4.738400e+00
