Using mpirun from /opt/hpcx-v2.7.0-gcc-MLNX_OFED_LINUX-5.1-0.6.6.0-redhat7.7-x86_64/ompi/bin/mpirun
mpirun (Open MPI) 4.0.4rc3

Report bugs to http://www.open-mpi.org/community/help/
Using hosts: hpc-pg0-4:120
PKEY: 0x001b
NUM. THETA             : 375
NUM. RHO               : 1024
NUM. X PIXELS          : 1024
NUM. Y PIXELS          : 1024

NUM. OF PIXELS         : 1048576
NUM. OF RAYS           : 384000

NUM. ITERATIONS        : 24

SPATIAL TILE SIZE      : 32
SPECTRAL TILE SIZE     : 32

NUMBER OF X TILES      : 32
NUMBER OF Y TILES      : 32
NUM. OF THETA TILES    : 12
NUM. OF RHO TILES      : 32

NUM. SPATIAL TILES     : 1024
NUM. SPECTRAL TILES    : 384

NUM. OF X PIXELS (EXT) : 1024
NUM. OF Y PIXELS (EXT) : 1024
NUM. OF ANGLES (EXT)   : 384
NUM. OF RHOS (EXT)     : 1024

NUM. OF PIXELS (EXT)   : 1048576
NUM. OF RAYS (EXT)     : 393216

NUMBER OF PROCESSES    : 2
NUMBER OF THRD./PROC.  : 60

INTEGER: 4, FLOAT: 4, LONG: 8, SHORT: 2, POINTER: 8
APPROX. MEMORY     TOTAL: 8.789062e+00 GB
APPROX. MEMORY PER PROC.: 4.394531e+00 GB

X START       : -5.120000e+02
Y START       : -5.120000e+02
PIXEL SIZE    : 1.000000e+00
RHO START     : -5.120000e+02
RAY LENGTH    : 2.048000e+03

SPATIAL INDEXING       : 5
SPECTRAL INDEXING      : 5
 1: CARTESIAN, NATURAL
 2: CARTESIAN, TRANSPOSED
 3: MORTON, NATURAL
 4: MORTON, TRANSPOSED
 5: HILBERT
PROJECTION BLOCK SIZE      : 32
BACKPROJECTION BLOCK SIZE  : 32
PROJECTION BUFFER SIZE      : 8 KB
BACKPROJECTION BUFFER SIZE  : 8 KB

SINOGRAM FILE : /shared/scratch/MemXCT/data/CDS2_sinogram.bin
   THETA FILE : /shared/scratch/MemXCT/data/CDS2_theta.bin
  OUTPUT FILE : /shared/scratch/MemXCT/recon_CDS2-1.bin


PLACE TILES
lspat 32 lspatdim 32
lspec 32 lspecdim 32
MPI PARTITIONING
proc: 0 numspats: 512 numpixs: 524288 numspecs: 192 numrays: 196608
proc: 1 numspats: 512 numpixs: 524288 numspecs: 192 numrays: 196608
maxnumpix: 524288 maxnumray: 196608
FILL PIXELS AND RAYS
INPUT THETA DATA
DOMAIN PARTITIONING

CONSTRUCT PROJECTION MATRIX
CSR STORAGE: 470024236 (3.501953 GB) rownzmax 1534
RAY-TRACING TIME: 4.235494e-01
CONSTRUCT BACKPROJECTION MATRIX
CSR STORAGE: 470024236 (3.501953 GB) rownzmax 607
TRANSPOSITION TIME: 2.967547e-01

BLOCKING PROJECTION MATRIX
NUMBER OF BLOCKS: 9817 BUFFSIZE: 2048
NUMBER OF BUFFERS: 37293 AVERAGE BUFF/BLOCK: 3.798818 MAX BUFF/BLOCK: 8
BUFFER MAP: 134650591 (0.501613 GB)
CSR STORAGE: 470024236 (2.626465 GB) buffnzmax: 515 STORAGE EFFICIENCY: 0.749997 DATA REUSE: 3.500019
BLOCKING TIME: 4.149257e-01
BLOCKING BACKPROJECTION MATRIX
NUMBER OF BLOCKS: 16384 BUFFSIZE: 2048
NUMBER OF BUFFERS: 31270 AVERAGE BUFF/BLOCK: 1.908569 MAX BUFF/BLOCK: 2
BUFFER MAP: 88130041 (0.328310 GB)
CSR STORAGE: 470024236 (2.626465 GB) buffnzmax: 488 STORAGE EFFICIENCY: 0.749997 DATA REUSE: 5.332753
BLOCKING TIME: 4.604470e-01

FILL PROJECTION MATRIX
TIME: 5.153991e-01
FILL BACKPROJECTION MATRIX
TIME: 2.023751e-01
REDUCTION MAPPINGS
PREPROCESSING TIME: 2.328463e+00
INPUT MEASUREMENT DATA
INPUT ENDS
GRADIENT-DESCENT OPTIMIZATION
iter: 0 error: 5.498395e+04 gradnorm: 8.391548e+09
iter: 1 error: 1.188449e+04 gradnorm: 6.091308e+08
iter: 2 error: 6.055098e+03 gradnorm: 1.332261e+08
iter: 3 error: 3.391536e+03 gradnorm: 4.188789e+07
iter: 4 error: 2.293080e+03 gradnorm: 2.377326e+07
iter: 5 error: 1.950904e+03 gradnorm: 2.627670e+07
iter: 6 error: 1.553682e+03 gradnorm: 1.184650e+07
iter: 7 error: 1.298077e+03 gradnorm: 8.968642e+06
iter: 8 error: 1.044906e+03 gradnorm: 5.329440e+06
iter: 9 error: 8.758331e+02 gradnorm: 3.791991e+06
iter: 10 error: 7.405055e+02 gradnorm: 2.381150e+06
iter: 11 error: 6.509675e+02 gradnorm: 2.002573e+06
iter: 12 error: 6.101200e+02 gradnorm: 3.961256e+06
iter: 13 error: 5.630037e+02 gradnorm: 1.217314e+06
iter: 14 error: 5.105001e+02 gradnorm: 1.017070e+06
iter: 15 error: 4.721383e+02 gradnorm: 8.126154e+05
iter: 16 error: 4.364059e+02 gradnorm: 8.459619e+05
iter: 17 error: 4.256686e+02 gradnorm: 9.934514e+05
iter: 18 error: 3.999946e+02 gradnorm: 5.031271e+05
iter: 19 error: 3.799954e+02 gradnorm: 4.389745e+05
iter: 20 error: 3.614890e+02 gradnorm: 4.329351e+05
iter: 21 error: 3.513319e+02 gradnorm: 4.959182e+05
iter: 22 error: 3.375773e+02 gradnorm: 3.074986e+05
iter: 23 error: 3.284092e+02 gradnorm: 8.112036e+05
iter: 24 error: 3.203124e+02 gradnorm: 2.515205e+05
recon: 4.258324e+00 proj: 2.351154e+00 (2.091073e+00 6.856342e-02 1.914720e-01) backproj: 1.372470e+00 (1.822157e-01 1.621985e-02 1.174016e+00) ctime: 5.330796e-01 wtime: 6.617370e-04
numproj: 49 numback: 25
proj: 4.182127e+00 s (11.014102 GFLOPS) backproj: 2.348026e+00 s (10.008924 GFLOPS) avGFLOPS: 10.652673 totGFLOPS: 21.305347
proj: 39.352853 GB/s back: 33.780141 GB/s av: 37.349091 GB/s tot: 74.698183 GB/s
Total Time: 7.279347e+00
