Using mpirun from /opt/hpcx-v2.7.0-gcc-MLNX_OFED_LINUX-5.1-0.6.6.0-redhat7.7-x86_64/ompi/bin/mpirun
mpirun (Open MPI) 4.0.4rc3

Report bugs to http://www.open-mpi.org/community/help/
Using hosts: hpc-pg0-2:120,hpc-pg0-3:120
PKEY: 0x001b
NUM. THETA             : 375
NUM. RHO               : 1024
NUM. X PIXELS          : 1024
NUM. Y PIXELS          : 1024

NUM. OF PIXELS         : 1048576
NUM. OF RAYS           : 384000

NUM. ITERATIONS        : 24

SPATIAL TILE SIZE      : 32
SPECTRAL TILE SIZE     : 32

NUMBER OF X TILES      : 32
NUMBER OF Y TILES      : 32
NUM. OF THETA TILES    : 12
NUM. OF RHO TILES      : 32

NUM. SPATIAL TILES     : 1024
NUM. SPECTRAL TILES    : 384

NUM. OF X PIXELS (EXT) : 1024
NUM. OF Y PIXELS (EXT) : 1024
NUM. OF ANGLES (EXT)   : 384
NUM. OF RHOS (EXT)     : 1024

NUM. OF PIXELS (EXT)   : 1048576
NUM. OF RAYS (EXT)     : 393216

NUMBER OF PROCESSES    : 4
NUMBER OF THRD./PROC.  : 60

INTEGER: 4, FLOAT: 4, LONG: 8, SHORT: 2, POINTER: 8
APPROX. MEMORY     TOTAL: 8.789062e+00 GB
APPROX. MEMORY PER PROC.: 2.197266e+00 GB

X START       : -5.120000e+02
Y START       : -5.120000e+02
PIXEL SIZE    : 1.000000e+00
RHO START     : -5.120000e+02
RAY LENGTH    : 2.048000e+03

SPATIAL INDEXING       : 5
SPECTRAL INDEXING      : 5
 1: CARTESIAN, NATURAL
 2: CARTESIAN, TRANSPOSED
 3: MORTON, NATURAL
 4: MORTON, TRANSPOSED
 5: HILBERT
PROJECTION BLOCK SIZE      : 32
BACKPROJECTION BLOCK SIZE  : 32
PROJECTION BUFFER SIZE      : 8 KB
BACKPROJECTION BUFFER SIZE  : 8 KB

SINOGRAM FILE : /shared/scratch/MemXCT/data/CDS2_sinogram.bin
   THETA FILE : /shared/scratch/MemXCT/data/CDS2_theta.bin
  OUTPUT FILE : /shared/scratch/MemXCT/recon_CDS2-1.bin


PLACE TILES
lspat 32 lspatdim 32
lspec 32 lspecdim 32
MPI PARTITIONING
proc: 0 numspats: 256 numpixs: 262144 numspecs: 96 numrays: 98304
proc: 1 numspats: 256 numpixs: 262144 numspecs: 96 numrays: 98304
proc: 2 numspats: 256 numpixs: 262144 numspecs: 96 numrays: 98304
proc: 3 numspats: 256 numpixs: 262144 numspecs: 96 numrays: 98304
maxnumpix: 262144 maxnumray: 98304
FILL PIXELS AND RAYS
INPUT THETA DATA
DOMAIN PARTITIONING

CONSTRUCT PROJECTION MATRIX
CSR STORAGE: 470024236 (3.501953 GB) rownzmax 1022
RAY-TRACING TIME: 1.669057e-01
CONSTRUCT BACKPROJECTION MATRIX
CSR STORAGE: 470024236 (3.501953 GB) rownzmax 607
TRANSPOSITION TIME: 1.686213e-01

BLOCKING PROJECTION MATRIX
NUMBER OF BLOCKS: 6000 BUFFSIZE: 2048
NUMBER OF BUFFERS: 15732 AVERAGE BUFF/BLOCK: 2.622000 MAX BUFF/BLOCK: 4
BUFFER MAP: 135823575 (0.505982 GB)
CSR STORAGE: 470024236 (2.626465 GB) buffnzmax: 515 STORAGE EFFICIENCY: 0.350560 DATA REUSE: 4.061126
BLOCKING TIME: 1.875063e-01
BLOCKING BACKPROJECTION MATRIX
NUMBER OF BLOCKS: 8192 BUFFSIZE: 2048
NUMBER OF BUFFERS: 14886 AVERAGE BUFF/BLOCK: 1.817139 MAX BUFF/BLOCK: 2
BUFFER MAP: 88130041 (0.328310 GB)
CSR STORAGE: 470024236 (2.626465 GB) buffnzmax: 488 STORAGE EFFICIENCY: 0.350560 DATA REUSE: 5.332206
BLOCKING TIME: 1.786628e-01

FILL PROJECTION MATRIX
TIME: 3.550532e-01
FILL BACKPROJECTION MATRIX
TIME: 1.897347e-01
REDUCTION MAPPINGS
PREPROCESSING TIME: 1.497203e+00
INPUT MEASUREMENT DATA
INPUT ENDS
GRADIENT-DESCENT OPTIMIZATION
iter: 0 error: 5.498395e+04 gradnorm: 1.750595e+10
iter: 1 error: 3.365971e+03 gradnorm: 1.974254e+08
iter: 2 error: 1.351252e+03 gradnorm: 4.437237e+07
iter: 3 error: 7.837161e+02 gradnorm: 2.147930e+07
iter: 4 error: 5.386423e+02 gradnorm: 9.271478e+06
iter: 5 error: 4.053621e+02 gradnorm: 3.663755e+06
iter: 6 error: 3.067813e+02 gradnorm: 1.739893e+06
iter: 7 error: 2.429327e+02 gradnorm: 1.568482e+06
iter: 8 error: 2.100087e+02 gradnorm: 1.230739e+06
iter: 9 error: 1.776815e+02 gradnorm: 8.519139e+05
iter: 10 error: 1.645626e+02 gradnorm: 1.854490e+06
iter: 11 error: 1.510885e+02 gradnorm: 6.911844e+05
iter: 12 error: 1.355685e+02 gradnorm: 4.706558e+05
iter: 13 error: 1.199982e+02 gradnorm: 3.553856e+05
iter: 14 error: 1.093430e+02 gradnorm: 2.737140e+05
iter: 15 error: 9.934598e+01 gradnorm: 2.177878e+05
iter: 16 error: 9.409102e+01 gradnorm: 2.317030e+05
iter: 17 error: 8.769951e+01 gradnorm: 1.622105e+05
iter: 18 error: 8.420543e+01 gradnorm: 3.390195e+05
iter: 19 error: 8.219868e+01 gradnorm: 1.515651e+05
iter: 20 error: 7.876686e+01 gradnorm: 2.524289e+05
iter: 21 error: 7.601256e+01 gradnorm: 9.015063e+04
iter: 22 error: 7.265884e+01 gradnorm: 8.583180e+04
iter: 23 error: 6.938702e+01 gradnorm: 6.676415e+04
iter: 24 error: 6.663360e+01 gradnorm: 6.212714e+04
recon: 6.463280e+00 proj: 2.771059e+00 (1.914893e+00 7.071794e-02 7.854135e-01) backproj: 1.683836e+00 (6.737772e-01 2.243959e-02 9.875970e-01) ctime: 1.997717e+00 wtime: 5.468388e-03
numproj: 49 numback: 25
proj: 7.658905e+00 s (6.014225 GFLOPS) backproj: 3.952182e+00 s (5.946389 GFLOPS) avGFLOPS: 5.991135 totGFLOPS: 23.964540
proj: 21.518553 GB/s back: 20.069075 GB/s av: 21.025180 GB/s tot: 84.100719 GB/s
Total Time: 8.766392e+00
