Using mpirun from /opt/hpcx-v2.7.0-gcc-MLNX_OFED_LINUX-5.1-0.6.6.0-redhat7.7-x86_64/ompi/bin/mpirun
mpirun (Open MPI) 4.0.4rc3

Report bugs to http://www.open-mpi.org/community/help/
Using hosts: hpc-pg0-1:120,hpc-pg0-2:120
PKEY: 0x001b
NUM. THETA             : 375
NUM. RHO               : 1024
NUM. X PIXELS          : 1024
NUM. Y PIXELS          : 1024

NUM. OF PIXELS         : 1048576
NUM. OF RAYS           : 384000

NUM. ITERATIONS        : 24

SPATIAL TILE SIZE      : 32
SPECTRAL TILE SIZE     : 32

NUMBER OF X TILES      : 32
NUMBER OF Y TILES      : 32
NUM. OF THETA TILES    : 12
NUM. OF RHO TILES      : 32

NUM. SPATIAL TILES     : 1024
NUM. SPECTRAL TILES    : 384

NUM. OF X PIXELS (EXT) : 1024
NUM. OF Y PIXELS (EXT) : 1024
NUM. OF ANGLES (EXT)   : 384
NUM. OF RHOS (EXT)     : 1024

NUM. OF PIXELS (EXT)   : 1048576
NUM. OF RAYS (EXT)     : 393216

NUMBER OF PROCESSES    : 4
NUMBER OF THRD./PROC.  : 60

INTEGER: 4, FLOAT: 4, LONG: 8, SHORT: 2, POINTER: 8
APPROX. MEMORY     TOTAL: 8.789062e+00 GB
APPROX. MEMORY PER PROC.: 2.197266e+00 GB

X START       : -5.120000e+02
Y START       : -5.120000e+02
PIXEL SIZE    : 1.000000e+00
RHO START     : -5.120000e+02
RAY LENGTH    : 2.048000e+03

SPATIAL INDEXING       : 5
SPECTRAL INDEXING      : 5
 1: CARTESIAN, NATURAL
 2: CARTESIAN, TRANSPOSED
 3: MORTON, NATURAL
 4: MORTON, TRANSPOSED
 5: HILBERT
PROJECTION BLOCK SIZE      : 32
BACKPROJECTION BLOCK SIZE  : 32
PROJECTION BUFFER SIZE      : 8 KB
BACKPROJECTION BUFFER SIZE  : 8 KB

SINOGRAM FILE : /shared/scratch/MemXCT/data/CDS2_sinogram.bin
   THETA FILE : /shared/scratch/MemXCT/data/CDS2_theta.bin
  OUTPUT FILE : /shared/scratch/MemXCT/recon_CDS2-1.bin


PLACE TILES
lspat 32 lspatdim 32
lspec 32 lspecdim 32
MPI PARTITIONING
proc: 0 numspats: 256 numpixs: 262144 numspecs: 96 numrays: 98304
proc: 1 numspats: 256 numpixs: 262144 numspecs: 96 numrays: 98304
proc: 2 numspats: 256 numpixs: 262144 numspecs: 96 numrays: 98304
proc: 3 numspats: 256 numpixs: 262144 numspecs: 96 numrays: 98304
maxnumpix: 262144 maxnumray: 98304
FILL PIXELS AND RAYS
INPUT THETA DATA
DOMAIN PARTITIONING

CONSTRUCT PROJECTION MATRIX
CSR STORAGE: 470024236 (3.501953 GB) rownzmax 1022
RAY-TRACING TIME: 1.726952e-01
CONSTRUCT BACKPROJECTION MATRIX
CSR STORAGE: 470024236 (3.501953 GB) rownzmax 607
TRANSPOSITION TIME: 2.390287e-01

BLOCKING PROJECTION MATRIX
NUMBER OF BLOCKS: 6000 BUFFSIZE: 2048
NUMBER OF BUFFERS: 15732 AVERAGE BUFF/BLOCK: 2.622000 MAX BUFF/BLOCK: 4
BUFFER MAP: 135823575 (0.505982 GB)
CSR STORAGE: 470024236 (2.626465 GB) buffnzmax: 515 STORAGE EFFICIENCY: 0.350560 DATA REUSE: 4.061126
BLOCKING TIME: 1.920331e-01
BLOCKING BACKPROJECTION MATRIX
NUMBER OF BLOCKS: 8192 BUFFSIZE: 2048
NUMBER OF BUFFERS: 14886 AVERAGE BUFF/BLOCK: 1.817139 MAX BUFF/BLOCK: 2
BUFFER MAP: 88130041 (0.328310 GB)
CSR STORAGE: 470024236 (2.626465 GB) buffnzmax: 488 STORAGE EFFICIENCY: 0.350560 DATA REUSE: 5.332206
BLOCKING TIME: 2.260959e-01

FILL PROJECTION MATRIX
TIME: 3.566999e-01
FILL BACKPROJECTION MATRIX
TIME: 6.989514e-02
REDUCTION MAPPINGS
PREPROCESSING TIME: 1.531809e+00
INPUT MEASUREMENT DATA
INPUT ENDS
GRADIENT-DESCENT OPTIMIZATION
iter: 0 error: 5.498394e+04 gradnorm: 1.750596e+10
iter: 1 error: 3.365970e+03 gradnorm: 1.974254e+08
iter: 2 error: 1.351252e+03 gradnorm: 4.437239e+07
iter: 3 error: 7.837161e+02 gradnorm: 2.147930e+07
iter: 4 error: 5.386423e+02 gradnorm: 9.271473e+06
iter: 5 error: 4.053621e+02 gradnorm: 3.663756e+06
iter: 6 error: 3.067814e+02 gradnorm: 1.739904e+06
iter: 7 error: 2.429367e+02 gradnorm: 1.569658e+06
iter: 8 error: 2.101381e+02 gradnorm: 1.263794e+06
iter: 9 error: 1.826110e+02 gradnorm: 1.982936e+06
iter: 10 error: 1.719819e+02 gradnorm: 8.878670e+05
iter: 11 error: 1.512700e+02 gradnorm: 6.458526e+05
iter: 12 error: 1.355706e+02 gradnorm: 4.700766e+05
iter: 13 error: 1.199982e+02 gradnorm: 3.553821e+05
iter: 14 error: 1.093430e+02 gradnorm: 2.737131e+05
iter: 15 error: 9.934583e+01 gradnorm: 2.177638e+05
iter: 16 error: 9.408932e+01 gradnorm: 2.315607e+05
iter: 17 error: 8.768616e+01 gradnorm: 1.607871e+05
iter: 18 error: 8.417913e+01 gradnorm: 3.565942e+05
iter: 19 error: 8.216438e+01 gradnorm: 1.368673e+05
iter: 20 error: 7.719374e+01 gradnorm: 1.151794e+05
iter: 21 error: 7.531172e+01 gradnorm: 1.583967e+05
iter: 22 error: 7.262905e+01 gradnorm: 9.003833e+04
iter: 23 error: 6.938642e+01 gradnorm: 6.683530e+04
iter: 24 error: 6.663257e+01 gradnorm: 6.204196e+04
recon: 4.616325e+00 proj: 2.441616e+00 (1.691921e+00 6.127527e-02 6.883764e-01) backproj: 1.131032e+00 (2.864564e-01 1.656945e-02 8.279847e-01) ctime: 1.016803e+00 wtime: 1.574152e-02
numproj: 49 numback: 25
proj: 6.772708e+00 s (6.801175 GFLOPS) backproj: 3.311892e+00 s (7.096009 GFLOPS) avGFLOPS: 6.898002 totGFLOPS: 27.592008
proj: 24.334217 GB/s back: 23.949045 GB/s av: 24.207722 GB/s tot: 96.830889 GB/s
Total Time: 7.062190e+00
