Using mpirun from /opt/hpcx-v2.7.0-gcc-MLNX_OFED_LINUX-5.1-0.6.6.0-redhat7.7-x86_64/ompi/bin/mpirun
mpirun (Open MPI) 4.0.4rc3

Report bugs to http://www.open-mpi.org/community/help/
Using hosts: hpc-pg0-1:120,hpc-pg0-2:120,hpc-pg0-3:120,hpc-pg0-4:120
PKEY: 0x001b
NUM. THETA             : 375
NUM. RHO               : 1024
NUM. X PIXELS          : 1024
NUM. Y PIXELS          : 1024

NUM. OF PIXELS         : 1048576
NUM. OF RAYS           : 384000

NUM. ITERATIONS        : 24

SPATIAL TILE SIZE      : 32
SPECTRAL TILE SIZE     : 32

NUMBER OF X TILES      : 32
NUMBER OF Y TILES      : 32
NUM. OF THETA TILES    : 12
NUM. OF RHO TILES      : 32

NUM. SPATIAL TILES     : 1024
NUM. SPECTRAL TILES    : 384

NUM. OF X PIXELS (EXT) : 1024
NUM. OF Y PIXELS (EXT) : 1024
NUM. OF ANGLES (EXT)   : 384
NUM. OF RHOS (EXT)     : 1024

NUM. OF PIXELS (EXT)   : 1048576
NUM. OF RAYS (EXT)     : 393216

NUMBER OF PROCESSES    : 8
NUMBER OF THRD./PROC.  : 60

INTEGER: 4, FLOAT: 4, LONG: 8, SHORT: 2, POINTER: 8
APPROX. MEMORY     TOTAL: 8.789062e+00 GB
APPROX. MEMORY PER PROC.: 1.098633e+00 GB

X START       : -5.120000e+02
Y START       : -5.120000e+02
PIXEL SIZE    : 1.000000e+00
RHO START     : -5.120000e+02
RAY LENGTH    : 2.048000e+03

SPATIAL INDEXING       : 5
SPECTRAL INDEXING      : 5
 1: CARTESIAN, NATURAL
 2: CARTESIAN, TRANSPOSED
 3: MORTON, NATURAL
 4: MORTON, TRANSPOSED
 5: HILBERT
PROJECTION BLOCK SIZE      : 32
BACKPROJECTION BLOCK SIZE  : 32
PROJECTION BUFFER SIZE      : 8 KB
BACKPROJECTION BUFFER SIZE  : 8 KB

SINOGRAM FILE : /shared/scratch/MemXCT/data/CDS2_sinogram.bin
   THETA FILE : /shared/scratch/MemXCT/data/CDS2_theta.bin
  OUTPUT FILE : /shared/scratch/MemXCT/recon_CDS2-1.bin


PLACE TILES
lspat 32 lspatdim 32
lspec 32 lspecdim 32
MPI PARTITIONING
proc: 0 numspats: 128 numpixs: 131072 numspecs: 48 numrays: 49152
proc: 1 numspats: 128 numpixs: 131072 numspecs: 48 numrays: 49152
proc: 2 numspats: 128 numpixs: 131072 numspecs: 48 numrays: 49152
proc: 3 numspats: 128 numpixs: 131072 numspecs: 48 numrays: 49152
proc: 4 numspats: 128 numpixs: 131072 numspecs: 48 numrays: 49152
proc: 5 numspats: 128 numpixs: 131072 numspecs: 48 numrays: 49152
proc: 6 numspats: 128 numpixs: 131072 numspecs: 48 numrays: 49152
proc: 7 numspats: 128 numpixs: 131072 numspecs: 48 numrays: 49152
maxnumpix: 131072 maxnumray: 49152
FILL PIXELS AND RAYS
INPUT THETA DATA
DOMAIN PARTITIONING

CONSTRUCT PROJECTION MATRIX
CSR STORAGE: 470024236 (3.501953 GB) rownzmax 766
RAY-TRACING TIME: 7.858564e-02
CONSTRUCT BACKPROJECTION MATRIX
CSR STORAGE: 470024236 (3.501953 GB) rownzmax 516
TRANSPOSITION TIME: 1.191198e-01

BLOCKING PROJECTION MATRIX
NUMBER OF BLOCKS: 4093 BUFFSIZE: 2048
NUMBER OF BUFFERS: 8136 AVERAGE BUFF/BLOCK: 1.987784 MAX BUFF/BLOCK: 5
BUFFER MAP: 136494557 (0.508482 GB)
CSR STORAGE: 470024236 (2.626465 GB) buffnzmax: 460 STORAGE EFFICIENCY: 0.153526 DATA REUSE: 3.700013
BLOCKING TIME: 1.813148e-01
BLOCKING BACKPROJECTION MATRIX
NUMBER OF BLOCKS: 4096 BUFFSIZE: 2048
NUMBER OF BUFFERS: 6793 AVERAGE BUFF/BLOCK: 1.658447 MAX BUFF/BLOCK: 2
BUFFER MAP: 88130041 (0.328310 GB)
CSR STORAGE: 470024236 (2.626465 GB) buffnzmax: 433 STORAGE EFFICIENCY: 0.153526 DATA REUSE: 5.331103
BLOCKING TIME: 8.551378e-02

FILL PROJECTION MATRIX
TIME: 1.213613e-01
FILL BACKPROJECTION MATRIX
TIME: 3.209421e-02
REDUCTION MAPPINGS
PREPROCESSING TIME: 7.434780e-01
INPUT MEASUREMENT DATA
INPUT ENDS
GRADIENT-DESCENT OPTIMIZATION
iter: 0 error: 5.498395e+04 gradnorm: 1.963648e+10
iter: 1 error: 3.374780e+03 gradnorm: 2.929366e+08
iter: 2 error: 1.128224e+03 gradnorm: 5.683259e+07
iter: 3 error: 4.706064e+02 gradnorm: 1.898364e+07
iter: 4 error: 3.070878e+02 gradnorm: 8.966632e+06
iter: 5 error: 2.100158e+02 gradnorm: 2.582904e+06
iter: 6 error: 1.481384e+02 gradnorm: 1.225751e+06
iter: 7 error: 1.194332e+02 gradnorm: 1.050444e+06
iter: 8 error: 9.817789e+01 gradnorm: 7.220905e+05
iter: 9 error: 8.442224e+01 gradnorm: 1.665576e+06
iter: 10 error: 7.622683e+01 gradnorm: 5.058750e+05
iter: 11 error: 6.295644e+01 gradnorm: 3.327822e+05
iter: 12 error: 5.229761e+01 gradnorm: 2.608195e+05
iter: 13 error: 4.618304e+01 gradnorm: 2.699684e+05
iter: 14 error: 4.019351e+01 gradnorm: 1.285694e+05
iter: 15 error: 3.510217e+01 gradnorm: 1.469745e+05
iter: 16 error: 3.292661e+01 gradnorm: 1.963868e+05
iter: 17 error: 3.079507e+01 gradnorm: 8.562720e+04
iter: 18 error: 2.846297e+01 gradnorm: 2.081182e+05
iter: 19 error: 2.755029e+01 gradnorm: 6.443828e+04
iter: 20 error: 2.619081e+01 gradnorm: 6.271399e+04
iter: 21 error: 2.479067e+01 gradnorm: 3.760083e+04
iter: 22 error: 2.368726e+01 gradnorm: 2.460233e+04
iter: 23 error: 2.271968e+01 gradnorm: 2.152961e+04
iter: 24 error: 2.223878e+01 gradnorm: 2.710919e+04
recon: 7.217786e+00 proj: 2.987684e+00 (1.895176e+00 1.139027e-01 9.784629e-01) backproj: 2.155349e+00 (1.113010e+00 3.262852e-02 1.009653e+00) ctime: 2.052870e+00 wtime: 1.096697e-02
numproj: 49 numback: 25
proj: 1.516786e+01 s (3.036840 GFLOPS) backproj: 8.080864e+00 s (2.908255 GFLOPS) avGFLOPS: 2.992146 totGFLOPS: 23.937170
proj: 10.874312 GB/s back: 9.815367 GB/s av: 10.506240 GB/s tot: 84.049922 GB/s
Total Time: 8.888955e+00
